-----------------------------------------------------------------------------------------
      name:  <unnamed>
       log:  /share/home/clafuent/MCVL/UVD_ABS_code/descriptive_stats_stu_occ_07.log
  log type:  text
 opened on:   1 Dec 2021, 18:40:30

. tab grcot

      grcot |      Freq.     Percent        Cum.
------------+-----------------------------------
          0 |     19,547        6.48        6.48
          1 |      7,262        2.41        8.89
          2 |      8,068        2.68       11.57
          3 |      5,507        1.83       13.40
          4 |      5,241        1.74       15.13
          5 |     20,959        6.95       22.09
          6 |      9,113        3.02       25.11
          7 |     36,997       12.27       37.38
          8 |     62,653       20.78       58.16
          9 |     43,284       14.36       72.52
         10 |     82,725       27.44       99.96
         13 |         74        0.02       99.98
         21 |         13        0.00       99.99
         23 |         39        0.01      100.00
------------+-----------------------------------
      Total |    301,482      100.00

. log close
      name:  <unnamed>
       log:  /share/home/clafuent/MCVL/UVD_ABS_code/descriptive_stats_stu_occ_07.log
  log type:  text
 closed on:   1 Dec 2021, 18:40:34
-----------------------------------------------------------------------------------------
