-----------------------------------------------------------------------------------------
      name:  <unnamed>
       log:  /share/home/clafuent/MCVL/UVD_ABS_code/descriptive_stats_stu.log
  log type:  text
 opened on:  29 Nov 2021, 17:12:53

. univar real_days_1 nup days_past age sex_d college year_in past_T past_P past_A quit ma
> drid barcelona sur norte
                                        -------------- Quantiles --------------
Variable       n     Mean     S.D.      Min      .25      Mdn      .75      Max
-------------------------------------------------------------------------------
real_days_1  672456   225.21   413.32     1.00    21.00    84.00   246.00 11668.00
     nup  672456     1.50     0.50     1.00     1.00     1.50     2.00     2.00
days_past  672434   372.54   733.94     1.00    38.00   125.00   347.00 12550.00
     age  672456    32.14     6.76    25.00    26.00    30.00    37.00    50.00
   sex_d  672456     0.45     0.50     0.00     0.00     0.00     1.00     1.00
 college  672456     0.15     0.36     0.00     0.00     0.00     0.00     1.00
 year_in  672456  2003.39     4.93  1996.00  1999.00  2003.00  2007.00  2013.00
  past_T  672456     0.64     0.48     0.00     0.00     1.00     1.00     1.00
  past_P  672456     0.30     0.46     0.00     0.00     0.00     1.00     1.00
  past_A  672456     0.06     0.24     0.00     0.00     0.00     0.00     1.00
    quit  672456     0.32     0.47     0.00     0.00     0.00     1.00     1.00
  madrid  672456     0.14     0.35     0.00     0.00     0.00     0.00     1.00
barcelona  663565     0.12     0.32     0.00     0.00     0.00     0.00     1.00
     sur  663565     0.20     0.40     0.00     0.00     0.00     0.00     1.00
   norte  663565     0.06     0.25     0.00     0.00     0.00     0.00     1.00
-------------------------------------------------------------------------------

. log close
      name:  <unnamed>
       log:  /share/home/clafuent/MCVL/UVD_ABS_code/descriptive_stats_stu.log
  log type:  text
 closed on:  29 Nov 2021, 17:13:29
-----------------------------------------------------------------------------------------
