-----------------------------------------------------------------------------------------
      name:  <unnamed>
       log:  /share/home/clafuent/MCVL/UVD_ABS_code/descriptive_stats_07.log
  log type:  text
 opened on:   1 Dec 2021, 18:40:26

. univar real_days_1 nup days_past age sex_d college year_in past_T past_P past_A quit ma
> drid barcelona sur norte
                                        -------------- Quantiles --------------
Variable       n     Mean     S.D.      Min      .25      Mdn      .75      Max
-------------------------------------------------------------------------------
real_days_1  301482   164.80   296.75     1.00    16.00    63.00   186.00 11384.00
     nup  301482     1.50     0.50     1.00     1.00     1.50     2.00     2.00
days_past  301470   275.66   538.69     1.00    35.00   114.00   275.00 12550.00
     age  301482    33.31     6.92    25.00    27.00    32.00    38.00    50.00
   sex_d  301482     0.45     0.50     0.00     0.00     0.00     1.00     1.00
 college  301482     0.14     0.35     0.00     0.00     0.00     0.00     1.00
 year_in  301482  2003.81     1.76  1982.00  2002.00  2004.00  2005.00  2007.00
  past_T  301482     0.72     0.45     0.00     0.00     1.00     1.00     1.00
  past_P  301482     0.23     0.42     0.00     0.00     0.00     0.00     1.00
  past_A  301482     0.04     0.20     0.00     0.00     0.00     0.00     1.00
    quit  301482     0.35     0.48     0.00     0.00     0.00     1.00     1.00
  madrid  301482     0.14     0.35     0.00     0.00     0.00     0.00     1.00
barcelona  298178     0.12     0.32     0.00     0.00     0.00     0.00     1.00
     sur  298178     0.20     0.40     0.00     0.00     0.00     0.00     1.00
   norte  298178     0.06     0.24     0.00     0.00     0.00     0.00     1.00
-------------------------------------------------------------------------------

. log close
      name:  <unnamed>
       log:  /share/home/clafuent/MCVL/UVD_ABS_code/descriptive_stats_07.log
  log type:  text
 closed on:   1 Dec 2021, 18:40:29
-----------------------------------------------------------------------------------------
