-----------------------------------------------------------------------------------------
      name:  <unnamed>
       log:  /share/home/clafuent/MCVL/UVD_ABS_code/descriptive_stats_stu_occ_13.log
  log type:  text
 opened on:   1 Dec 2021, 18:40:43

. tab grcot

      grcot |      Freq.     Percent        Cum.
------------+-----------------------------------
          0 |     28,214        8.48        8.48
          1 |      8,913        2.68       11.16
          2 |     11,053        3.32       14.48
          3 |      6,604        1.99       16.47
          4 |      6,440        1.94       18.40
          5 |     23,648        7.11       25.51
          6 |      9,332        2.81       28.32
          7 |     36,543       10.98       39.30
          8 |     74,949       22.53       61.83
          9 |     43,576       13.10       74.93
         10 |     83,297       25.04       99.97
         13 |        115        0.03      100.00
------------+-----------------------------------
      Total |    332,684      100.00

. log close
      name:  <unnamed>
       log:  /share/home/clafuent/MCVL/UVD_ABS_code/descriptive_stats_stu_occ_13.log
  log type:  text
 closed on:   1 Dec 2021, 18:40:44
-----------------------------------------------------------------------------------------
