-----------------------------------------------------------------------------------------
      name:  <unnamed>
       log:  /share/home/clafuent/MCVL/UVD_ABS_code/descriptive_stats_13.log
  log type:  text
 opened on:   1 Dec 2021, 18:40:36

. univar real_days_1 nup days_past age sex_d college year_in past_T past_P past_A quit ma
> drid barcelona sur norte
                                        -------------- Quantiles --------------
Variable       n     Mean     S.D.      Min      .25      Mdn      .75      Max
-------------------------------------------------------------------------------
real_days_1  332684   201.55   278.53     1.00    32.00   103.00   258.00 11668.00
     nup  332684     1.50     0.50     1.00     1.00     1.50     2.00     2.00
days_past  332682   324.05   628.00     1.00    36.00   121.00   312.00 11861.00
     age  332684    34.64     7.04    25.00    28.00    34.00    40.00    50.00
   sex_d  332684     0.44     0.50     0.00     0.00     0.00     1.00     1.00
 college  332684     0.13     0.34     0.00     0.00     0.00     0.00     1.00
 year_in  332684  2009.46     1.62  1985.00  2008.00  2009.00  2011.00  2013.00
  past_T  332684     0.66     0.47     0.00     0.00     1.00     1.00     1.00
  past_P  332684     0.27     0.44     0.00     0.00     0.00     1.00     1.00
  past_A  332684     0.06     0.23     0.00     0.00     0.00     0.00     1.00
    quit  332684     0.20     0.40     0.00     0.00     0.00     0.00     1.00
  madrid  332684     0.12     0.32     0.00     0.00     0.00     0.00     1.00
barcelona  330183     0.10     0.30     0.00     0.00     0.00     0.00     1.00
     sur  330183     0.23     0.42     0.00     0.00     0.00     0.00     1.00
   norte  330183     0.06     0.24     0.00     0.00     0.00     0.00     1.00
-------------------------------------------------------------------------------

. log close
      name:  <unnamed>
       log:  /share/home/clafuent/MCVL/UVD_ABS_code/descriptive_stats_13.log
  log type:  text
 closed on:   1 Dec 2021, 18:40:40
-----------------------------------------------------------------------------------------
