-----------------------------------------------------------------------------------------
      name:  <unnamed>
       log:  /share/home/clafuent/MCVL/UVD_ABS_code/descriptive_stats_stu_occ.log
  log type:  text
 opened on:  29 Nov 2021, 17:13:30

. tab grcot

      grcot |      Freq.     Percent        Cum.
------------+-----------------------------------
          0 |     57,632        8.57        8.57
          1 |     19,370        2.88       11.45
          2 |     20,038        2.98       14.43
          3 |     12,980        1.93       16.36
          4 |     12,321        1.83       18.19
          5 |     48,410        7.20       25.39
          6 |     19,336        2.88       28.27
          7 |     82,584       12.28       40.55
          8 |    124,498       18.51       59.06
          9 |     94,564       14.06       73.12
         10 |    180,135       26.79       99.91
         11 |          2        0.00       99.91
         13 |        370        0.06       99.97
         21 |         45        0.01       99.97
         23 |        171        0.03      100.00
------------+-----------------------------------
      Total |    672,456      100.00

. log close
      name:  <unnamed>
       log:  /share/home/clafuent/MCVL/UVD_ABS_code/descriptive_stats_stu_occ.log
  log type:  text
 closed on:  29 Nov 2021, 17:13:30
-----------------------------------------------------------------------------------------
