----------------------------------------------------------------------------------------------------------------------
      name:  <unnamed>
       log:  /share/home/clafuent/MCVL/UVD_ABS_code/results/all_results84.log
  log type:  text
 opened on:  29 Apr 2021, 17:04:44

. // log using ./results/all_results96.log, replace
. log off
      name:  <unnamed>
       log:  /share/home/clafuent/MCVL/UVD_ABS_code/results/all_results84.log
  log type:  text
 paused on:  29 Apr 2021, 17:04:44
----------------------------------------------------------------------------------------------------------------------
----------------------------------------------------------------------------------------------------------------------
      name:  <unnamed>
       log:  /share/home/clafuent/MCVL/UVD_ABS_code/results/all_results84.log
  log type:  text
resumed on:  29 Apr 2021, 17:04:59

. ****** Raw *****************************
. sum mu_y sig_y sig_c sig_e sig_b lsig_y lsig_c lsig_e lsig_b psig_c psig_e psig_b plsig_c plsig_e plsig_b lsig_y2 si
> g_x lsig_c lsig_e2 lsig_b2 lpsig_x lpsig_e lpsig_b

    Variable |        Obs        Mean    Std. Dev.       Min        Max
-------------+---------------------------------------------------------
        mu_y |    551,794    237.4354           0   237.4354   237.4354
       sig_y |    551,794    118798.1           0   118798.1   118798.1
       sig_c |    551,794    69650.79           0   69650.79   69650.79
       sig_e |    551,794    35871.84           0   35871.84   35871.84
       sig_b |    551,794    13275.45           0   13275.45   13275.45
-------------+---------------------------------------------------------
      lsig_y |    551,794    1.353821           0   1.353821   1.353821
      lsig_c |    551,794    1.644934           0   1.644934   1.644934
      lsig_e |    551,794   -.5548788           0  -.5548788  -.5548788
      lsig_b |    551,794    .2637655           0   .2637655   .2637655
      psig_c |    551,794    .5862956           0   .5862956   .5862956
-------------+---------------------------------------------------------
      psig_e |    551,794    .3019564           0   .3019564   .3019564
      psig_b |    551,794     .111748           0    .111748    .111748
     plsig_c |    551,794    1.215031           0   1.215031   1.215031
     plsig_e |    551,794   -.4098614           0  -.4098614  -.4098614
     plsig_b |    551,794    .1948305           0   .1948305   .1948305
-------------+---------------------------------------------------------
     lsig_y2 |    551,794    1.353819           0   1.353819   1.353819
       sig_x |    551,794    .0142642           0   .0142642   .0142642
      lsig_c |    551,794    1.644934           0   1.644934   1.644934
     lsig_e2 |    551,794   -.5834081           0  -.5834081  -.5834081
     lsig_b2 |    551,794    .2780287           0   .2780287   .2780287
-------------+---------------------------------------------------------
     lpsig_x |    551,794    .0105363           0   .0105363   .0105363
     lpsig_e |    551,794   -.4309351           0  -.4309351  -.4309351
     lpsig_b |    551,794    .2053663           0   .2053663   .2053663

. log off
      name:  <unnamed>
       log:  /share/home/clafuent/MCVL/UVD_ABS_code/results/all_results84.log
  log type:  text
 paused on:  29 Apr 2021, 17:04:59
----------------------------------------------------------------------------------------------------------------------
----------------------------------------------------------------------------------------------------------------------
      name:  <unnamed>
       log:  /share/home/clafuent/MCVL/UVD_ABS_code/results/all_results84.log
  log type:  text
resumed on:  29 Apr 2021, 17:05:07

. ****** LTU *****************************
. sum mu_y sig_y sig_c sig_e sig_b lsig_y lsig_c lsig_e lsig_b psig_c psig_e psig_b plsig_c plsig_e plsig_b lsig_y2 si
> g_x lsig_c lsig_e2 lsig_b2 lpsig_x lpsig_e lpsig_b

    Variable |        Obs        Mean    Std. Dev.       Min        Max
-------------+---------------------------------------------------------
        mu_y |    551,794    335.5225           0   335.5225   335.5225
       sig_y |    551,794      325546           0     325546     325546
       sig_c |    551,794    153184.9           0   153184.9   153184.9
       sig_e |    551,794      131751           0     131751     131751
       sig_b |    551,794    40610.15           0   40610.15   40610.15
-------------+---------------------------------------------------------
      lsig_y |    551,794    1.630488           0   1.630488   1.630488
      lsig_c |    551,794    1.644934           0   1.644934   1.644934
      lsig_e |    551,794   -.3928087           0  -.3928087  -.3928087
      lsig_b |    551,794    .3783623           0   .3783623   .3783623
      psig_c |    551,794    .4705476           0   .4705476   .4705476
-------------+---------------------------------------------------------
      psig_e |    551,794    .4047076           0   .4047076   .4047076
      psig_b |    551,794    .1247447           0   .1247447   .1247447
     plsig_c |    551,794     1.00886           0    1.00886    1.00886
     plsig_e |    551,794   -.2409148           0  -.2409148  -.2409148
     plsig_b |    551,794    .2320547           0   .2320547   .2320547
-------------+---------------------------------------------------------
     lsig_y2 |    551,794    1.630486           0   1.630486   1.630486
       sig_x |    551,794     .011139           0    .011139    .011139
      lsig_c |    551,794    1.644934           0   1.644934   1.644934
     lsig_e2 |    551,794   -.4150881           0  -.4150881  -.4150881
     lsig_b2 |    551,794    .3895006           0   .3895006   .3895006
-------------+---------------------------------------------------------
     lpsig_x |    551,794    .0068317           0   .0068317   .0068317
     lpsig_e |    551,794   -.2545794           0  -.2545794  -.2545794
     lpsig_b |    551,794    .2388863           0   .2388863   .2388863

. log off
      name:  <unnamed>
       log:  /share/home/clafuent/MCVL/UVD_ABS_code/results/all_results84.log
  log type:  text
 paused on:  29 Apr 2021, 17:05:08
----------------------------------------------------------------------------------------------------------------------
----------------------------------------------------------------------------------------------------------------------
      name:  <unnamed>
       log:  /share/home/clafuent/MCVL/UVD_ABS_code/results/all_results84.log
  log type:  text
resumed on:  29 Apr 2021, 17:05:22

. ****** STU *****************************
. sum mu_y sig_y sig_c sig_e sig_b lsig_y lsig_c lsig_e lsig_b psig_c psig_e psig_b plsig_c plsig_e plsig_b lsig_y2 si
> g_x lsig_c lsig_e2 lsig_b2 lpsig_x lpsig_e lpsig_b

    Variable |        Obs        Mean    Std. Dev.       Min        Max
-------------+---------------------------------------------------------
        mu_y |    852,006    352.3811           0   352.3811   352.3811
       sig_y |    852,006    419328.9           0   419328.9   419328.9
       sig_c |    852,006    176210.1           0   176210.1   176210.1
       sig_e |    852,006    191080.7           0   191080.7   191080.7
       sig_b |    852,006    52038.13           0   52038.13   52038.13
-------------+---------------------------------------------------------
      lsig_y |    852,006    2.464796           0   2.464796   2.464796
      lsig_c |    852,006    1.644934           0   1.644934   1.644934
      lsig_e |    852,006    .3185865           0   .3185865   .3185865
      lsig_b |    852,006    .5012757           0   .5012757   .5012757
      psig_c |    852,006    .4202192           0   .4202192   .4202192
-------------+---------------------------------------------------------
      psig_e |    852,006    .4556822           0   .4556822   .4556822
      psig_b |    852,006    .1240986           0   .1240986   .1240986
     plsig_c |    852,006    .6673712           0   .6673712   .6673712
     plsig_e |    852,006    .1292547           0   .1292547   .1292547
     plsig_b |    852,006    .2033741           0   .2033741   .2033741
-------------+---------------------------------------------------------
     lsig_y2 |    852,006    2.464797           0   2.464797   2.464797
       sig_x |    852,006    .0036812           0   .0036812   .0036812
      lsig_c |    852,006    1.644934           0   1.644934   1.644934
     lsig_e2 |    852,006     .311223           0    .311223    .311223
     lsig_b2 |    852,006     .504959           0    .504959    .504959
-------------+---------------------------------------------------------
     lpsig_x |    852,006    .0014935           0   .0014935   .0014935
     lpsig_e |    852,006    .1262672           0   .1262672   .1262672
     lpsig_b |    852,006    .2048684           0   .2048684   .2048684

. log off
      name:  <unnamed>
       log:  /share/home/clafuent/MCVL/UVD_ABS_code/results/all_results84.log
  log type:  text
 paused on:  29 Apr 2021, 17:05:24
----------------------------------------------------------------------------------------------------------------------
----------------------------------------------------------------------------------------------------------------------
      name:  <unnamed>
       log:  /share/home/clafuent/MCVL/UVD_ABS_code/results/all_results84.log
  log type:  text
resumed on:  29 Apr 2021, 17:05:37

. ****** STU+Spell Adj *****************************
. sum mu_y sig_y sig_c sig_e sig_b lsig_y lsig_c lsig_e lsig_b psig_c psig_e psig_b plsig_c plsig_e plsig_b lsig_y2 si
> g_x lsig_c lsig_e2 lsig_b2 lpsig_x lpsig_e lpsig_b

    Variable |        Obs        Mean    Std. Dev.       Min        Max
-------------+---------------------------------------------------------
        mu_y |    852,006       322.1           0      322.1      322.1
       sig_y |    852,006    417587.3           0   417587.3   417587.3
       sig_c |    852,006    158350.3           0   158350.3   158350.3
       sig_e |    852,006    204634.5           0   204634.5   204634.5
       sig_b |    852,006    54602.39           0   54602.39   54602.39
-------------+---------------------------------------------------------
      lsig_y |    852,006    3.119545           0   3.119545   3.119545
      lsig_c |    852,006    1.644934           0   1.644934   1.644934
      lsig_e |    852,006     .864396           0    .864396    .864396
      lsig_b |    852,006     .610215           0    .610215    .610215
      psig_c |    852,006     .379203           0    .379203    .379203
-------------+---------------------------------------------------------
      psig_e |    852,006    .4900402           0   .4900402   .4900402
      psig_b |    852,006    .1307568           0   .1307568   .1307568
     plsig_c |    852,006    .5272993           0   .5272993   .5272993
     plsig_e |    852,006    .2770904           0   .2770904   .2770904
     plsig_b |    852,006    .1956103           0   .1956103   .1956103
-------------+---------------------------------------------------------
     lsig_y2 |    852,006    3.119545           0   3.119545   3.119545
       sig_x |    852,006    .0178821           0   .0178821   .0178821
      lsig_c |    852,006    1.644934           0   1.644934   1.644934
     lsig_e2 |    852,006    .8286301           0   .8286301   .8286301
     lsig_b2 |    852,006     .628099           0    .628099    .628099
-------------+---------------------------------------------------------
     lpsig_x |    852,006    .0057323           0   .0057323   .0057323
     lpsig_e |    852,006    .2656253           0   .2656253   .2656253
     lpsig_b |    852,006    .2013431           0   .2013431   .2013431

. log off
      name:  <unnamed>
       log:  /share/home/clafuent/MCVL/UVD_ABS_code/results/all_results84.log
  log type:  text
 paused on:  29 Apr 2021, 17:05:39
----------------------------------------------------------------------------------------------------------------------
----------------------------------------------------------------------------------------------------------------------
      name:  <unnamed>
       log:  /share/home/clafuent/MCVL/UVD_ABS_code/results/all_results84.log
  log type:  text
resumed on:  29 Apr 2021, 17:06:07

. ****** NE (NO Spell Adj) *****************************
. sum mu_y sig_y sig_c sig_e sig_b lsig_y lsig_c lsig_e lsig_b psig_c psig_e psig_b plsig_c plsig_e plsig_b lsig_y2 si
> g_x lsig_c lsig_e2 lsig_b2 lpsig_x lpsig_e lpsig_b

    Variable |        Obs        Mean    Std. Dev.       Min        Max
-------------+---------------------------------------------------------
        mu_y |  1,066,856    327.7262           0   327.7262   327.7262
       sig_y |  1,066,856    423926.6           0   423926.6   423926.6
       sig_c |  1,066,856    150229.1           0   150229.1   150229.1
       sig_e |  1,066,856    231449.4           0   231449.4   231449.4
       sig_b |  1,066,856    42825.03           0   42825.03   42825.03
-------------+---------------------------------------------------------
      lsig_y |  1,066,856    3.230096           0   3.230096   3.230096
      lsig_c |  1,066,856    1.644934           0   1.644934   1.644934
      lsig_e |  1,066,856    .6617807           0   .6617807   .6617807
      lsig_b |  1,066,856    .9233814           0   .9233814   .9233814
      psig_c |  1,066,856    .3543753           0   .3543753   .3543753
-------------+---------------------------------------------------------
      psig_e |  1,066,856    .5459657           0   .5459657   .5459657
      psig_b |  1,066,856    .1010199           0   .1010199   .1010199
     plsig_c |  1,066,856    .5092523           0   .5092523   .5092523
     plsig_e |  1,066,856    .2048796           0   .2048796   .2048796
     plsig_b |  1,066,856    .2858681           0   .2858681   .2858681
-------------+---------------------------------------------------------
     lsig_y2 |  1,066,856    3.230095           0   3.230095   3.230095
       sig_x |  1,066,856   -.0037203           0  -.0037203  -.0037203
      lsig_c |  1,066,856    1.644934           0   1.644934   1.644934
     lsig_e2 |  1,066,856    .6654371           0   .6654371   .6654371
     lsig_b2 |  1,066,856    .9234445           0   .9234445   .9234445
-------------+---------------------------------------------------------
     lpsig_x |  1,066,856   -.0011518           0  -.0011518  -.0011518
     lpsig_e |  1,066,856    .2060116           0   .2060116   .2060116
     lpsig_b |  1,066,856    .2858877           0   .2858877   .2858877

. log off
      name:  <unnamed>
       log:  /share/home/clafuent/MCVL/UVD_ABS_code/results/all_results84.log
  log type:  text
 paused on:  29 Apr 2021, 17:06:09
----------------------------------------------------------------------------------------------------------------------
----------------------------------------------------------------------------------------------------------------------
      name:  <unnamed>
       log:  /share/home/clafuent/MCVL/UVD_ABS_code/results/all_results84.log
  log type:  text
resumed on:  29 Apr 2021, 17:06:24

. ****** NE + Spell Adj *****************************
. sum mu_y sig_y sig_c sig_e sig_b lsig_y lsig_c lsig_e lsig_b psig_c psig_e psig_b plsig_c plsig_e plsig_b lsig_y2 si
> g_x lsig_c lsig_e2 lsig_b2 lpsig_x lpsig_e lpsig_b

    Variable |        Obs        Mean    Std. Dev.       Min        Max
-------------+---------------------------------------------------------
        mu_y |  1,066,856    260.7184           0   260.7184   260.7184
       sig_y |  1,066,856    360727.5           0   360727.5   360727.5
       sig_c |  1,066,856    109190.8           0   109190.8   109190.8
       sig_e |  1,066,856    210319.6           0   210319.6   210319.6
       sig_b |  1,066,856    41217.04           0   41217.04   41217.04
-------------+---------------------------------------------------------
      lsig_y |  1,066,856    3.760946           0   3.760946   3.760946
      lsig_c |  1,066,856    1.644934           0   1.644934   1.644934
      lsig_e |  1,066,856    1.119082           0   1.119082   1.119082
      lsig_b |  1,066,856    .9969298           0   .9969298   .9969298
      psig_c |  1,066,856    .3026961           0   .3026961   .3026961
-------------+---------------------------------------------------------
      psig_e |  1,066,856     .583043           0    .583043    .583043
      psig_b |  1,066,856    .1142609           0   .1142609   .1142609
     plsig_c |  1,066,856    .4373724           0   .4373724   .4373724
     plsig_e |  1,066,856    .2975534           0   .2975534   .2975534
     plsig_b |  1,066,856    .2650742           0   .2650742   .2650742
-------------+---------------------------------------------------------
     lsig_y2 |  1,066,856    3.760946           0   3.760946   3.760946
       sig_x |  1,066,856    .0194609           0   .0194609   .0194609
      lsig_c |  1,066,856    1.644934           0   1.644934   1.644934
     lsig_e2 |  1,066,856    1.080158           0   1.080158   1.080158
     lsig_b2 |  1,066,856    1.016393           0   1.016393   1.016393
-------------+---------------------------------------------------------
     lpsig_x |  1,066,856    .0051745           0   .0051745   .0051745
     lpsig_e |  1,066,856    .2872038           0   .2872038   .2872038
     lpsig_b |  1,066,856    .2702493           0   .2702493   .2702493

. log off
      name:  <unnamed>
       log:  /share/home/clafuent/MCVL/UVD_ABS_code/results/all_results84.log
  log type:  text
 paused on:  29 Apr 2021, 17:06:26
----------------------------------------------------------------------------------------------------------------------
----------------------------------------------------------------------------------------------------------------------
      name:  <unnamed>
       log:  /share/home/clafuent/MCVL/UVD_ABS_code/results/all_results84.log
  log type:  text
resumed on:  29 Apr 2021, 17:06:49

. ****** STU + Recalls + Spell Adj *****************************
. sum mu_y sig_y sig_c sig_e sig_b lsig_y lsig_c lsig_e lsig_b psig_c psig_e psig_b plsig_c plsig_e plsig_b lsig_y2 si
> g_x lsig_c lsig_e2 lsig_b2 lpsig_x lpsig_e lpsig_b

    Variable |        Obs        Mean    Std. Dev.       Min        Max
-------------+---------------------------------------------------------
        mu_y |  1,013,012    259.1763           0   259.1763   259.1763
       sig_y |  1,013,012      346519           0     346519     346519
       sig_c |  1,013,012    105939.8           0   105939.8   105939.8
       sig_e |  1,013,012    201811.3           0   201811.3   201811.3
       sig_b |  1,013,012    38767.83           0   38767.83   38767.83
-------------+---------------------------------------------------------
      lsig_y |  1,013,012    3.756687           0   3.756687   3.756687
      lsig_c |  1,013,012    1.644934           0   1.644934   1.644934
      lsig_e |  1,013,012    1.144089           0   1.144089   1.144089
      lsig_b |  1,013,012    .9676641           0   .9676641   .9676641
      psig_c |  1,013,012    .3057259           0   .3057259   .3057259
-------------+---------------------------------------------------------
      psig_e |  1,013,012    .5823961           0   .5823961   .5823961
      psig_b |  1,013,012    .1118779           0   .1118779   .1118779
     plsig_c |  1,013,012    .4378683           0   .4378683   .4378683
     plsig_e |  1,013,012    .3045473           0   .3045473   .3045473
     plsig_b |  1,013,012    .2575845           0   .2575845   .2575845
-------------+---------------------------------------------------------
     lsig_y2 |  1,013,012    3.756687           0   3.756687   3.756687
       sig_x |  1,013,012    .0211444           0   .0211444   .0211444
      lsig_c |  1,013,012    1.644934           0   1.644934   1.644934
     lsig_e2 |  1,013,012    1.101798           0   1.101798   1.101798
     lsig_b2 |  1,013,012     .988811           0    .988811    .988811
-------------+---------------------------------------------------------
     lpsig_x |  1,013,012    .0056285           0   .0056285   .0056285
     lpsig_e |  1,013,012    .2932897           0   .2932897   .2932897
     lpsig_b |  1,013,012    .2632136           0   .2632136   .2632136

. log off
      name:  <unnamed>
       log:  /share/home/clafuent/MCVL/UVD_ABS_code/results/all_results84.log
  log type:  text
 paused on:  29 Apr 2021, 17:06:51
----------------------------------------------------------------------------------------------------------------------
