----------------------------------------------------------------------------------------------------------------------
      name:  <unnamed>
       log:  /share/home/clafuent/MCVL/UVD_ABS_code/results/all_results.log
  log type:  text
 opened on:  29 Apr 2021, 15:55:08

. log off
      name:  <unnamed>
       log:  /share/home/clafuent/MCVL/UVD_ABS_code/results/all_results.log
  log type:  text
 paused on:  29 Apr 2021, 15:55:08
----------------------------------------------------------------------------------------------------------------------
----------------------------------------------------------------------------------------------------------------------
      name:  <unnamed>
       log:  /share/home/clafuent/MCVL/UVD_ABS_code/results/all_results.log
  log type:  text
resumed on:  29 Apr 2021, 15:55:18

. ****** Raw *****************************
. sum mu_y sig_y sig_c sig_e sig_b lsig_y lsig_c lsig_e lsig_b psig_c psig_e psig_b plsig_c plsig_e plsig_b lsig_y2 si
> g_x lsig_c lsig_e2 lsig_b2 lpsig_x lpsig_e lpsig_b

    Variable |        Obs        Mean    Std. Dev.       Min        Max
-------------+---------------------------------------------------------
        mu_y |    583,378    248.2181           0   248.2181   248.2181
       sig_y |    583,378    131785.1           0   131785.1   131785.1
       sig_c |    583,378    76056.71           0   76056.71   76056.71
       sig_e |    583,378    41283.66           0   41283.66   41283.66
       sig_b |    583,378     14444.7           0    14444.7    14444.7
-------------+---------------------------------------------------------
      lsig_y |    583,378    1.388481           0   1.388481   1.388481
      lsig_c |    583,378    1.644934           0   1.644934   1.644934
      lsig_e |    583,378   -.5374017           0  -.5374017  -.5374017
      lsig_b |    583,378    .2809486           0   .2809486   .2809486
      psig_c |    583,378    .5771269           0   .5771269   .5771269
-------------+---------------------------------------------------------
      psig_e |    583,378    .3132651           0   .3132651   .3132651
      psig_b |    583,378     .109608           0    .109608    .109608
     plsig_c |    583,378      1.1847           0     1.1847     1.1847
     plsig_e |    583,378   -.3870429           0  -.3870429  -.3870429
     plsig_b |    583,378    .2023424           0   .2023424   .2023424
-------------+---------------------------------------------------------
     lsig_y2 |    583,378    1.388483           0   1.388483   1.388483
       sig_x |    583,378    .0141799           0   .0141799   .0141799
      lsig_c |    583,378    1.644934           0   1.644934   1.644934
     lsig_e2 |    583,378   -.5657625           0  -.5657625  -.5657625
     lsig_b2 |    583,378    .2951312           0   .2951312   .2951312
-------------+---------------------------------------------------------
     lpsig_x |    583,378    .0102125           0   .0102125   .0102125
     lpsig_e |    583,378   -.4074682           0  -.4074682  -.4074682
     lpsig_b |    583,378    .2125566           0   .2125566   .2125566

. log off
      name:  <unnamed>
       log:  /share/home/clafuent/MCVL/UVD_ABS_code/results/all_results.log
  log type:  text
 paused on:  29 Apr 2021, 15:55:19
----------------------------------------------------------------------------------------------------------------------
----------------------------------------------------------------------------------------------------------------------
      name:  <unnamed>
       log:  /share/home/clafuent/MCVL/UVD_ABS_code/results/all_results.log
  log type:  text
resumed on:  29 Apr 2021, 15:55:27

. ****** LTU *****************************
. sum mu_y sig_y sig_c sig_e sig_b lsig_y lsig_c lsig_e lsig_b psig_c psig_e psig_b plsig_c plsig_e plsig_b lsig_y2 si
> g_x lsig_c lsig_e2 lsig_b2 lpsig_x lpsig_e lpsig_b

    Variable |        Obs        Mean    Std. Dev.       Min        Max
-------------+---------------------------------------------------------
        mu_y |    583,378     353.977           0    353.977    353.977
       sig_y |    583,378    368092.8           0   368092.8   368092.8
       sig_c |    583,378    171992.7           0   171992.7   171992.7
       sig_e |    583,378    149406.6           0   149406.6   149406.6
       sig_b |    583,378     46693.6           0    46693.6    46693.6
-------------+---------------------------------------------------------
      lsig_y |    583,378    1.674813           0   1.674813   1.674813
      lsig_c |    583,378    1.644934           0   1.644934   1.644934
      lsig_e |    583,378    -.368479           0   -.368479   -.368479
      lsig_b |    583,378    .3983583           0   .3983583   .3983583
      psig_c |    583,378    .4672535           0   .4672535   .4672535
-------------+---------------------------------------------------------
      psig_e |    583,378    .4058937           0   .4058937   .4058937
      psig_b |    583,378    .1268528           0   .1268528   .1268528
     plsig_c |    583,378    .9821596           0   .9821596   .9821596
     plsig_e |    583,378    -.220012           0   -.220012   -.220012
     plsig_b |    583,378    .2378524           0   .2378524   .2378524
-------------+---------------------------------------------------------
     lsig_y2 |    583,378    1.674813           0   1.674813   1.674813
       sig_x |    583,378    .0108898           0   .0108898   .0108898
      lsig_c |    583,378    1.644934           0   1.644934   1.644934
     lsig_e2 |    583,378   -.3902599           0  -.3902599  -.3902599
     lsig_b2 |    583,378    .4092491           0   .4092491   .4092491
-------------+---------------------------------------------------------
     lpsig_x |    583,378    .0065021           0   .0065021   .0065021
     lpsig_e |    583,378    -.233017           0   -.233017   -.233017
     lpsig_b |    583,378    .2443551           0   .2443551   .2443551

. log off
      name:  <unnamed>
       log:  /share/home/clafuent/MCVL/UVD_ABS_code/results/all_results.log
  log type:  text
 paused on:  29 Apr 2021, 15:55:28
----------------------------------------------------------------------------------------------------------------------
----------------------------------------------------------------------------------------------------------------------
      name:  <unnamed>
       log:  /share/home/clafuent/MCVL/UVD_ABS_code/results/all_results.log
  log type:  text
resumed on:  29 Apr 2021, 15:55:43

. ****** STU *****************************
. sum mu_y sig_y sig_c sig_e sig_b lsig_y lsig_c lsig_e lsig_b psig_c psig_e psig_b plsig_c plsig_e plsig_b lsig_y2 si
> g_x lsig_c lsig_e2 lsig_b2 lpsig_x lpsig_e lpsig_b

    Variable |        Obs        Mean    Std. Dev.       Min        Max
-------------+---------------------------------------------------------
        mu_y |    924,208    386.1211           0   386.1211   386.1211
       sig_y |    924,208    547654.5           0   547654.5   547654.5
       sig_c |    924,208      221081           0     221081     221081
       sig_e |    924,208    254581.4           0   254581.4   254581.4
       sig_b |    924,208    71992.07           0   71992.07   71992.07
-------------+---------------------------------------------------------
      lsig_y |    924,208    2.579471           0   2.579471   2.579471
      lsig_c |    924,208    1.644934           0   1.644934   1.644934
      lsig_e |    924,208    .3966678           0   .3966678   .3966678
      lsig_b |    924,208    .5378687           0   .5378687   .5378687
      psig_c |    924,208    .4036869           0   .4036869   .4036869
-------------+---------------------------------------------------------
      psig_e |    924,208    .4648578           0   .4648578   .4648578
      psig_b |    924,208    .1314553           0   .1314553   .1314553
     plsig_c |    924,208    .6377022           0   .6377022   .6377022
     plsig_e |    924,208    .1537788           0   .1537788   .1537788
     plsig_b |    924,208     .208519           0    .208519    .208519
-------------+---------------------------------------------------------
     lsig_y2 |    924,208     2.57947           0    2.57947    2.57947
       sig_x |    924,208    .0029359           0   .0029359   .0029359
      lsig_c |    924,208    1.644934           0   1.644934   1.644934
     lsig_e2 |    924,208    .3907949           0   .3907949   .3907949
     lsig_b2 |    924,208    .5408051           0   .5408051   .5408051
-------------+---------------------------------------------------------
     lpsig_x |    924,208    .0011382           0   .0011382   .0011382
     lpsig_e |    924,208     .151502           0    .151502    .151502
     lpsig_b |    924,208    .2096575           0   .2096575   .2096575

. log off
      name:  <unnamed>
       log:  /share/home/clafuent/MCVL/UVD_ABS_code/results/all_results.log
  log type:  text
 paused on:  29 Apr 2021, 15:55:45
----------------------------------------------------------------------------------------------------------------------
----------------------------------------------------------------------------------------------------------------------
      name:  <unnamed>
       log:  /share/home/clafuent/MCVL/UVD_ABS_code/results/all_results.log
  log type:  text
resumed on:  29 Apr 2021, 15:55:57

. ****** STU+Spell Adj *****************************
. sum mu_y sig_y sig_c sig_e sig_b lsig_y lsig_c lsig_e lsig_b psig_c psig_e psig_b plsig_c plsig_e plsig_b lsig_y2 si
> g_x lsig_c lsig_e2 lsig_b2 lpsig_x lpsig_e lpsig_b

    Variable |        Obs        Mean    Std. Dev.       Min        Max
-------------+---------------------------------------------------------
        mu_y |    924,208    354.1303           0   354.1303   354.1303
       sig_y |    924,208      544839           0     544839     544839
       sig_c |    924,208    199971.8           0   199971.8   199971.8
       sig_e |    924,208    270303.1           0   270303.1   270303.1
       sig_b |    924,208    74564.12           0   74564.12   74564.12
-------------+---------------------------------------------------------
      lsig_y |    924,208    3.255989           0   3.255989   3.255989
      lsig_c |    924,208    1.644934           0   1.644934   1.644934
      lsig_e |    924,208    .9412588           0   .9412588   .9412588
      lsig_b |    924,208    .6697964           0   .6697964   .6697964
      psig_c |    924,208    .3670292           0   .3670292   .3670292
-------------+---------------------------------------------------------
      psig_e |    924,208    .4961155           0   .4961155   .4961155
      psig_b |    924,208    .1368553           0   .1368553   .1368553
     plsig_c |    924,208    .5052025           0   .5052025   .5052025
     plsig_e |    924,208    .2890853           0   .2890853   .2890853
     plsig_b |    924,208    .2057121           0   .2057121   .2057121
-------------+---------------------------------------------------------
     lsig_y2 |    924,208    3.255989           0   3.255989   3.255989
       sig_x |    924,208    .0170894           0   .0170894   .0170894
      lsig_c |    924,208    1.644934           0   1.644934   1.644934
     lsig_e2 |    924,208    .9070784           0   .9070784   .9070784
     lsig_b2 |    924,208    .6868875           0   .6868875   .6868875
-------------+---------------------------------------------------------
     lpsig_x |    924,208    .0052486           0   .0052486   .0052486
     lpsig_e |    924,208    .2785876           0   .2785876   .2785876
     lpsig_b |    924,208    .2109612           0   .2109612   .2109612

. log off
      name:  <unnamed>
       log:  /share/home/clafuent/MCVL/UVD_ABS_code/results/all_results.log
  log type:  text
 paused on:  29 Apr 2021, 15:55:59
----------------------------------------------------------------------------------------------------------------------
----------------------------------------------------------------------------------------------------------------------
      name:  <unnamed>
       log:  /share/home/clafuent/MCVL/UVD_ABS_code/results/all_results.log
  log type:  text
resumed on:  29 Apr 2021, 15:56:17

. ****** NE (NO Spell Adj) *****************************
. sum mu_y sig_y sig_c sig_e sig_b lsig_y lsig_c lsig_e lsig_b psig_c psig_e psig_b plsig_c plsig_e plsig_b lsig_y2 si
> g_x lsig_c lsig_e2 lsig_b2 lpsig_x lpsig_e lpsig_b

    Variable |        Obs        Mean    Std. Dev.       Min        Max
-------------+---------------------------------------------------------
        mu_y |  1,155,700     363.446           0    363.446    363.446
       sig_y |  1,155,700    562876.3           0   562876.3   562876.3
       sig_c |  1,155,700      192692           0     192692     192692
       sig_e |  1,155,700    310667.3           0   310667.3   310667.3
       sig_b |  1,155,700    60599.46           0   60599.46   60599.46
-------------+---------------------------------------------------------
      lsig_y |  1,155,700    3.294245           0   3.294245   3.294245
      lsig_c |  1,155,700    1.644934           0   1.644934   1.644934
      lsig_e |  1,155,700    .7435104           0   .7435104   .7435104
      lsig_b |  1,155,700    .9058003           0   .9058003   .9058003
      psig_c |  1,155,700    .3423345           0   .3423345   .3423345
-------------+---------------------------------------------------------
      psig_e |  1,155,700    .5519281           0   .5519281   .5519281
      psig_b |  1,155,700    .1076604           0   .1076604   .1076604
     plsig_c |  1,155,700    .4993357           0   .4993357   .4993357
     plsig_e |  1,155,700    .2256998           0   .2256998   .2256998
     plsig_b |  1,155,700    .2749645           0   .2749645   .2749645
-------------+---------------------------------------------------------
     lsig_y2 |  1,155,700    3.294243           0   3.294243   3.294243
       sig_x |  1,155,700    -.005275           0   -.005275   -.005275
      lsig_c |  1,155,700    1.644934           0   1.644934   1.644934
     lsig_e2 |  1,155,700    .7486237           0   .7486237   .7486237
     lsig_b2 |  1,155,700    .9059603           0   .9059603   .9059603
-------------+---------------------------------------------------------
     lpsig_x |  1,155,700   -.0016013           0  -.0016013  -.0016013
     lpsig_e |  1,155,700    .2272521           0   .2272521   .2272521
     lpsig_b |  1,155,700    .2750132           0   .2750132   .2750132

. log off
      name:  <unnamed>
       log:  /share/home/clafuent/MCVL/UVD_ABS_code/results/all_results.log
  log type:  text
 paused on:  29 Apr 2021, 15:56:19
----------------------------------------------------------------------------------------------------------------------
----------------------------------------------------------------------------------------------------------------------
      name:  <unnamed>
       log:  /share/home/clafuent/MCVL/UVD_ABS_code/results/all_results.log
  log type:  text
resumed on:  29 Apr 2021, 15:56:39

. ****** NE + Spell Adj *****************************
. sum mu_y sig_y sig_c sig_e sig_b lsig_y lsig_c lsig_e lsig_b psig_c psig_e psig_b plsig_c plsig_e plsig_b lsig_y2 si
> g_x lsig_c lsig_e2 lsig_b2 lpsig_x lpsig_e lpsig_b

    Variable |        Obs        Mean    Std. Dev.       Min        Max
-------------+---------------------------------------------------------
        mu_y |  1,155,700    295.4518           0   295.4518   295.4518
       sig_y |  1,155,700    499527.1           0   499527.1   499527.1
       sig_c |  1,155,700    146546.6           0   146546.6   146546.6
       sig_e |  1,155,700    293725.3           0   293725.3   293725.3
       sig_b |  1,155,700    59255.26           0   59255.26   59255.26
-------------+---------------------------------------------------------
      lsig_y |  1,155,700    3.862121           0   3.862121   3.862121
      lsig_c |  1,155,700    1.644934           0   1.644934   1.644934
      lsig_e |  1,155,700    1.204484           0   1.204484   1.204484
      lsig_b |  1,155,700    1.012703           0   1.012703   1.012703
      psig_c |  1,155,700    .2933706           0   .2933706   .2933706
-------------+---------------------------------------------------------
      psig_e |  1,155,700    .5880067           0   .5880067   .5880067
      psig_b |  1,155,700    .1186227           0   .1186227   .1186227
     plsig_c |  1,155,700    .4259147           0   .4259147   .4259147
     plsig_e |  1,155,700    .3118711           0   .3118711   .3118711
     plsig_b |  1,155,700    .2622142           0   .2622142   .2622142
-------------+---------------------------------------------------------
     lsig_y2 |  1,155,700    3.862121           0   3.862121   3.862121
       sig_x |  1,155,700    .0215716           0   .0215716   .0215716
      lsig_c |  1,155,700    1.644934           0   1.644934   1.644934
     lsig_e2 |  1,155,700    1.161339           0   1.161339   1.161339
     lsig_b2 |  1,155,700    1.034276           0   1.034276   1.034276
-------------+---------------------------------------------------------
     lpsig_x |  1,155,700    .0055854           0   .0055854   .0055854
     lpsig_e |  1,155,700    .3006998           0   .3006998   .3006998
     lpsig_b |  1,155,700    .2678001           0   .2678001   .2678001

. log off
      name:  <unnamed>
       log:  /share/home/clafuent/MCVL/UVD_ABS_code/results/all_results.log
  log type:  text
 paused on:  29 Apr 2021, 15:56:42
----------------------------------------------------------------------------------------------------------------------
----------------------------------------------------------------------------------------------------------------------
      name:  <unnamed>
       log:  /share/home/clafuent/MCVL/UVD_ABS_code/results/all_results.log
  log type:  text
resumed on:  29 Apr 2021, 15:57:08

. ****** STU + Recalls + Spell Adj *****************************
. sum mu_y sig_y sig_c sig_e sig_b lsig_y lsig_c lsig_e lsig_b psig_c psig_e psig_b plsig_c plsig_e plsig_b lsig_y2 si
> g_x lsig_c lsig_e2 lsig_b2 lpsig_x lpsig_e lpsig_b

    Variable |        Obs        Mean    Std. Dev.       Min        Max
-------------+---------------------------------------------------------
        mu_y |  1,095,058    290.4843           0   290.4843   290.4843
       sig_y |  1,095,058    468239.3           0   468239.3   468239.3
       sig_c |  1,095,058    139615.3           0   139615.3   139615.3
       sig_e |  1,095,058    273389.5           0   273389.5   273389.5
       sig_b |  1,095,058    55234.56           0   55234.56   55234.56
-------------+---------------------------------------------------------
      lsig_y |  1,095,058    3.847847           0   3.847847   3.847847
      lsig_c |  1,095,058    1.644934           0   1.644934   1.644934
      lsig_e |  1,095,058    1.222689           0   1.222689   1.222689
      lsig_b |  1,095,058     .980224           0    .980224    .980224
      psig_c |  1,095,058    .2981708           0   .2981708   .2981708
-------------+---------------------------------------------------------
      psig_e |  1,095,058     .583867           0    .583867    .583867
      psig_b |  1,095,058    .1179623           0   .1179623   .1179623
     plsig_c |  1,095,058    .4274947           0   .4274947   .4274947
     plsig_e |  1,095,058    .3177593           0   .3177593   .3177593
     plsig_b |  1,095,058    .2547461           0   .2547461   .2547461
-------------+---------------------------------------------------------
     lsig_y2 |  1,095,058    3.847846           0   3.847846   3.847846
       sig_x |  1,095,058     .022929           0    .022929    .022929
      lsig_c |  1,095,058    1.644934           0   1.644934   1.644934
     lsig_e2 |  1,095,058    1.176829           0   1.176829   1.176829
     lsig_b2 |  1,095,058    1.003154           0   1.003154   1.003154
-------------+---------------------------------------------------------
     lpsig_x |  1,095,058    .0059589           0   .0059589   .0059589
     lpsig_e |  1,095,058     .305841           0    .305841    .305841
     lpsig_b |  1,095,058    .2607053           0   .2607053   .2607053

. log off
      name:  <unnamed>
       log:  /share/home/clafuent/MCVL/UVD_ABS_code/results/all_results.log
  log type:  text
 paused on:  29 Apr 2021, 15:57:11
----------------------------------------------------------------------------------------------------------------------
