----------------------------------------------------------------------------------------------------------------------
      name:  <unnamed>
       log:  /share/home/clafuent/MCVL/UVD_ABS_code/results/all_results84noA.log
  log type:  text
 opened on:  30 Apr 2021, 13:04:59

. // log using ./results/all_results96noA.log, replace
. log off
      name:  <unnamed>
       log:  /share/home/clafuent/MCVL/UVD_ABS_code/results/all_results84noA.log
  log type:  text
 paused on:  30 Apr 2021, 13:04:59
----------------------------------------------------------------------------------------------------------------------
----------------------------------------------------------------------------------------------------------------------
      name:  <unnamed>
       log:  /share/home/clafuent/MCVL/UVD_ABS_code/results/all_results84noA.log
  log type:  text
resumed on:  30 Apr 2021, 13:05:12

. ****** Raw *****************************
. sum mu_y sig_y sig_c sig_e sig_b lsig_y lsig_c lsig_e lsig_b psig_c psig_e psig_b plsig_c plsig_e plsig_b lsig_y2 si
> g_x lsig_c lsig_e2 lsig_b2 lpsig_x lpsig_e lpsig_b

    Variable |        Obs        Mean    Std. Dev.       Min        Max
-------------+---------------------------------------------------------
        mu_y |    551,794    237.4354           0   237.4354   237.4354
       sig_y |    551,794    118798.1           0   118798.1   118798.1
       sig_c |    551,794    69650.79           0   69650.79   69650.79
       sig_e |    551,794    35871.84           0   35871.84   35871.84
       sig_b |    551,794    13275.45           0   13275.45   13275.45
-------------+---------------------------------------------------------
      lsig_y |    551,794    1.353821           0   1.353821   1.353821
      lsig_c |    551,794    1.644934           0   1.644934   1.644934
      lsig_e |    551,794   -.5548788           0  -.5548788  -.5548788
      lsig_b |    551,794    .2637655           0   .2637655   .2637655
      psig_c |    551,794    .5862956           0   .5862956   .5862956
-------------+---------------------------------------------------------
      psig_e |    551,794    .3019564           0   .3019564   .3019564
      psig_b |    551,794     .111748           0    .111748    .111748
     plsig_c |    551,794    1.215031           0   1.215031   1.215031
     plsig_e |    551,794   -.4098614           0  -.4098614  -.4098614
     plsig_b |    551,794    .1948305           0   .1948305   .1948305
-------------+---------------------------------------------------------
     lsig_y2 |    551,794    1.353819           0   1.353819   1.353819
       sig_x |    551,794    .0142642           0   .0142642   .0142642
      lsig_c |    551,794    1.644934           0   1.644934   1.644934
     lsig_e2 |    551,794   -.5834081           0  -.5834081  -.5834081
     lsig_b2 |    551,794    .2780287           0   .2780287   .2780287
-------------+---------------------------------------------------------
     lpsig_x |    551,794    .0105363           0   .0105363   .0105363
     lpsig_e |    551,794   -.4309351           0  -.4309351  -.4309351
     lpsig_b |    551,794    .2053663           0   .2053663   .2053663

. log off
      name:  <unnamed>
       log:  /share/home/clafuent/MCVL/UVD_ABS_code/results/all_results84noA.log
  log type:  text
 paused on:  30 Apr 2021, 13:05:13
----------------------------------------------------------------------------------------------------------------------
----------------------------------------------------------------------------------------------------------------------
      name:  <unnamed>
       log:  /share/home/clafuent/MCVL/UVD_ABS_code/results/all_results84noA.log
  log type:  text
resumed on:  30 Apr 2021, 13:05:20

. ****** LTU *****************************
. sum mu_y sig_y sig_c sig_e sig_b lsig_y lsig_c lsig_e lsig_b psig_c psig_e psig_b plsig_c plsig_e plsig_b lsig_y2 si
> g_x lsig_c lsig_e2 lsig_b2 lpsig_x lpsig_e lpsig_b

    Variable |        Obs        Mean    Std. Dev.       Min        Max
-------------+---------------------------------------------------------
        mu_y |    551,794    335.5225           0   335.5225   335.5225
       sig_y |    551,794      325546           0     325546     325546
       sig_c |    551,794    153184.9           0   153184.9   153184.9
       sig_e |    551,794      131751           0     131751     131751
       sig_b |    551,794    40610.15           0   40610.15   40610.15
-------------+---------------------------------------------------------
      lsig_y |    551,794    1.630488           0   1.630488   1.630488
      lsig_c |    551,794    1.644934           0   1.644934   1.644934
      lsig_e |    551,794   -.3928087           0  -.3928087  -.3928087
      lsig_b |    551,794    .3783623           0   .3783623   .3783623
      psig_c |    551,794    .4705476           0   .4705476   .4705476
-------------+---------------------------------------------------------
      psig_e |    551,794    .4047076           0   .4047076   .4047076
      psig_b |    551,794    .1247447           0   .1247447   .1247447
     plsig_c |    551,794     1.00886           0    1.00886    1.00886
     plsig_e |    551,794   -.2409148           0  -.2409148  -.2409148
     plsig_b |    551,794    .2320547           0   .2320547   .2320547
-------------+---------------------------------------------------------
     lsig_y2 |    551,794    1.630486           0   1.630486   1.630486
       sig_x |    551,794     .011139           0    .011139    .011139
      lsig_c |    551,794    1.644934           0   1.644934   1.644934
     lsig_e2 |    551,794   -.4150881           0  -.4150881  -.4150881
     lsig_b2 |    551,794    .3895006           0   .3895006   .3895006
-------------+---------------------------------------------------------
     lpsig_x |    551,794    .0068317           0   .0068317   .0068317
     lpsig_e |    551,794   -.2545794           0  -.2545794  -.2545794
     lpsig_b |    551,794    .2388863           0   .2388863   .2388863

. log off
      name:  <unnamed>
       log:  /share/home/clafuent/MCVL/UVD_ABS_code/results/all_results84noA.log
  log type:  text
 paused on:  30 Apr 2021, 13:05:22
----------------------------------------------------------------------------------------------------------------------
----------------------------------------------------------------------------------------------------------------------
      name:  <unnamed>
       log:  /share/home/clafuent/MCVL/UVD_ABS_code/results/all_results84noA.log
  log type:  text
resumed on:  30 Apr 2021, 13:05:36

. ****** STU *****************************
. sum mu_y sig_y sig_c sig_e sig_b lsig_y lsig_c lsig_e lsig_b psig_c psig_e psig_b plsig_c plsig_e plsig_b lsig_y2 si
> g_x lsig_c lsig_e2 lsig_b2 lpsig_x lpsig_e lpsig_b

    Variable |        Obs        Mean    Std. Dev.       Min        Max
-------------+---------------------------------------------------------
        mu_y |    806,710     339.005           0    339.005    339.005
       sig_y |    806,710    387443.2           0   387443.2   387443.2
       sig_c |    806,710    161271.8           0   161271.8   161271.8
       sig_e |    806,710    179823.6           0   179823.6   179823.6
       sig_b |    806,710    46347.85           0   46347.85   46347.85
-------------+---------------------------------------------------------
      lsig_y |    806,710    2.433419           0   2.433419   2.433419
      lsig_c |    806,710    1.644934           0   1.644934   1.644934
      lsig_e |    806,710    .3032073           0   .3032073   .3032073
      lsig_b |    806,710    .4852776           0   .4852776   .4852776
      psig_c |    806,710    .4162462           0   .4162462   .4162462
-------------+---------------------------------------------------------
      psig_e |    806,710    .4641289           0   .4641289   .4641289
      psig_b |    806,710    .1196249           0   .1196249   .1196249
     plsig_c |    806,710    .6759765           0   .6759765   .6759765
     plsig_e |    806,710    .1246013           0   .1246013   .1246013
     plsig_b |    806,710    .1994221           0   .1994221   .1994221
-------------+---------------------------------------------------------
     lsig_y2 |    806,710    2.433417           0   2.433417   2.433417
       sig_x |    806,710    .0037713           0   .0037713   .0037713
      lsig_c |    806,710    1.644934           0   1.644934   1.644934
     lsig_e2 |    806,710    .2956636           0   .2956636   .2956636
     lsig_b2 |    806,710    .4890479           0   .4890479   .4890479
-------------+---------------------------------------------------------
     lpsig_x |    806,710    .0015498           0   .0015498   .0015498
     lpsig_e |    806,710    .1215014           0   .1215014   .1215014
     lpsig_b |    806,710    .2009717           0   .2009717   .2009717

. log off
      name:  <unnamed>
       log:  /share/home/clafuent/MCVL/UVD_ABS_code/results/all_results84noA.log
  log type:  text
 paused on:  30 Apr 2021, 13:05:40
----------------------------------------------------------------------------------------------------------------------
----------------------------------------------------------------------------------------------------------------------
      name:  <unnamed>
       log:  /share/home/clafuent/MCVL/UVD_ABS_code/results/all_results84noA.log
  log type:  text
resumed on:  30 Apr 2021, 13:05:49

. ****** STU+Spell Adj *****************************
. sum mu_y sig_y sig_c sig_e sig_b lsig_y lsig_c lsig_e lsig_b psig_c psig_e psig_b plsig_c plsig_e plsig_b lsig_y2 si
> g_x lsig_c lsig_e2 lsig_b2 lpsig_x lpsig_e lpsig_b

    Variable |        Obs        Mean    Std. Dev.       Min        Max
-------------+---------------------------------------------------------
        mu_y |    806,710      306.11           0     306.11     306.11
       sig_y |    806,710    381867.8           0   381867.8   381867.8
       sig_c |    806,710    141887.8           0   141887.8   141887.8
       sig_e |    806,710      191795           0     191795     191795
       sig_b |    806,710    48184.97           0   48184.97   48184.97
-------------+---------------------------------------------------------
      lsig_y |    806,710    3.089872           0   3.089872   3.089872
      lsig_c |    806,710    1.644934           0   1.644934   1.644934
      lsig_e |    806,710    .8677481           0   .8677481   .8677481
      lsig_b |    806,710    .5771892           0   .5771892   .5771892
      psig_c |    806,710    .3715627           0   .3715627   .3715627
-------------+---------------------------------------------------------
      psig_e |    806,710     .502255           0    .502255    .502255
      psig_b |    806,710    .1261823           0   .1261823   .1261823
     plsig_c |    806,710    .5323632           0   .5323632   .5323632
     plsig_e |    806,710    .2808363           0   .2808363   .2808363
     plsig_b |    806,710    .1868004           0   .1868004   .1868004
-------------+---------------------------------------------------------
     lsig_y2 |    806,710    3.089873           0   3.089873   3.089873
       sig_x |    806,710    .0181906           0   .0181906   .0181906
      lsig_c |    806,710    1.644934           0   1.644934   1.644934
     lsig_e2 |    806,710    .8313652           0   .8313652   .8313652
     lsig_b2 |    806,710    .5953832           0   .5953832   .5953832
-------------+---------------------------------------------------------
     lpsig_x |    806,710    .0058872           0   .0058872   .0058872
     lpsig_e |    806,710    .2690613           0   .2690613   .2690613
     lpsig_b |    806,710    .1926886           0   .1926886   .1926886

. log off
      name:  <unnamed>
       log:  /share/home/clafuent/MCVL/UVD_ABS_code/results/all_results84noA.log
  log type:  text
 paused on:  30 Apr 2021, 13:05:51
----------------------------------------------------------------------------------------------------------------------
----------------------------------------------------------------------------------------------------------------------
      name:  <unnamed>
       log:  /share/home/clafuent/MCVL/UVD_ABS_code/results/all_results84noA.log
  log type:  text
resumed on:  30 Apr 2021, 13:06:13

. ****** NE (NO Spell Adj) *****************************
. sum mu_y sig_y sig_c sig_e sig_b lsig_y lsig_c lsig_e lsig_b psig_c psig_e psig_b plsig_c plsig_e plsig_b lsig_y2 si
> g_x lsig_c lsig_e2 lsig_b2 lpsig_x lpsig_e lpsig_b

    Variable |        Obs        Mean    Std. Dev.       Min        Max
-------------+---------------------------------------------------------
        mu_y |  1,033,702    315.1035           0   315.1035   315.1035
       sig_y |  1,033,702    395125.8           0   395125.8   395125.8
       sig_c |  1,033,702    136029.7           0   136029.7   136029.7
       sig_e |  1,033,702    222847.6           0   222847.6   222847.6
       sig_b |  1,033,702    36739.93           0   36739.93   36739.93
-------------+---------------------------------------------------------
      lsig_y |  1,033,702    3.223284           0   3.223284   3.223284
      lsig_c |  1,033,702    1.644934           0   1.644934   1.644934
      lsig_e |  1,033,702     .668574           0    .668574    .668574
      lsig_b |  1,033,702    .9097766           0   .9097766   .9097766
      psig_c |  1,033,702    .3442694           0   .3442694   .3442694
-------------+---------------------------------------------------------
      psig_e |  1,033,702    .5639914           0   .5639914   .5639914
      psig_b |  1,033,702    .0929829           0   .0929829   .0929829
     plsig_c |  1,033,702    .5103285           0   .5103285   .5103285
     plsig_e |  1,033,702    .2074201           0   .2074201   .2074201
     plsig_b |  1,033,702    .2822514           0   .2822514   .2822514
-------------+---------------------------------------------------------
     lsig_y2 |  1,033,702    3.223284           0   3.223284   3.223284
       sig_x |  1,033,702   -.0035632           0  -.0035632  -.0035632
      lsig_c |  1,033,702    1.644934           0   1.644934   1.644934
     lsig_e2 |  1,033,702    .6721331           0   .6721331   .6721331
     lsig_b2 |  1,033,702    .9097803           0   .9097803   .9097803
-------------+---------------------------------------------------------
     lpsig_x |  1,033,702   -.0011054           0  -.0011054  -.0011054
     lpsig_e |  1,033,702    .2085243           0   .2085243   .2085243
     lpsig_b |  1,033,702    .2822526           0   .2822526   .2822526

. log off
      name:  <unnamed>
       log:  /share/home/clafuent/MCVL/UVD_ABS_code/results/all_results84noA.log
  log type:  text
 paused on:  30 Apr 2021, 13:06:16
----------------------------------------------------------------------------------------------------------------------
----------------------------------------------------------------------------------------------------------------------
      name:  <unnamed>
       log:  /share/home/clafuent/MCVL/UVD_ABS_code/results/all_results84noA.log
  log type:  text
resumed on:  30 Apr 2021, 13:06:26

. ****** NE + Spell Adj *****************************
. sum mu_y sig_y sig_c sig_e sig_b lsig_y lsig_c lsig_e lsig_b psig_c psig_e psig_b plsig_c plsig_e plsig_b lsig_y2 si
> g_x lsig_c lsig_e2 lsig_b2 lpsig_x lpsig_e lpsig_b

    Variable |        Obs        Mean    Std. Dev.       Min        Max
-------------+---------------------------------------------------------
        mu_y |  1,033,702    244.5207           0   244.5207   244.5207
       sig_y |  1,033,702    325830.2           0   325830.2   325830.2
       sig_c |  1,033,702    93081.73           0   93081.73   93081.73
       sig_e |  1,033,702    199456.8           0   199456.8   199456.8
       sig_b |  1,033,702    33291.68           0   33291.68   33291.68
-------------+---------------------------------------------------------
      lsig_y |  1,033,702    3.717986           0   3.717986   3.717986
      lsig_c |  1,033,702    1.644934           0   1.644934   1.644934
      lsig_e |  1,033,702    1.135408           0   1.135408   1.135408
      lsig_b |  1,033,702    .9376435           0   .9376435   .9376435
      psig_c |  1,033,702    .2856756           0   .2856756   .2856756
-------------+---------------------------------------------------------
      psig_e |  1,033,702    .6121495           0   .6121495   .6121495
      psig_b |  1,033,702    .1021749           0   .1021749   .1021749
     plsig_c |  1,033,702    .4424261           0   .4424261   .4424261
     plsig_e |  1,033,702    .3053826           0   .3053826   .3053826
     plsig_b |  1,033,702    .2521913           0   .2521913   .2521913
-------------+---------------------------------------------------------
     lsig_y2 |  1,033,702    3.717986           0   3.717986   3.717986
       sig_x |  1,033,702    .0183182           0   .0183182   .0183182
      lsig_c |  1,033,702    1.644934           0   1.644934   1.644934
     lsig_e2 |  1,033,702     1.09877           0    1.09877    1.09877
     lsig_b2 |  1,033,702    .9559639           0   .9559639   .9559639
-------------+---------------------------------------------------------
     lpsig_x |  1,033,702    .0049269           0   .0049269   .0049269
     lpsig_e |  1,033,702    .2955282           0   .2955282   .2955282
     lpsig_b |  1,033,702    .2571187           0   .2571187   .2571187

. log off
      name:  <unnamed>
       log:  /share/home/clafuent/MCVL/UVD_ABS_code/results/all_results84noA.log
  log type:  text
 paused on:  30 Apr 2021, 13:06:29
----------------------------------------------------------------------------------------------------------------------
----------------------------------------------------------------------------------------------------------------------
      name:  <unnamed>
       log:  /share/home/clafuent/MCVL/UVD_ABS_code/results/all_results84noA.log
  log type:  text
resumed on:  30 Apr 2021, 13:06:50

. ****** STU + Recalls + Spell Adj *****************************
. sum mu_y sig_y sig_c sig_e sig_b lsig_y lsig_c lsig_e lsig_b psig_c psig_e psig_b plsig_c plsig_e plsig_b lsig_y2 si
> g_x lsig_c lsig_e2 lsig_b2 lpsig_x lpsig_e lpsig_b

    Variable |        Obs        Mean    Std. Dev.       Min        Max
-------------+---------------------------------------------------------
        mu_y |    975,326    242.2909           0   242.2909   242.2909
       sig_y |    975,326    311366.9           0   311366.9   311366.9
       sig_c |    975,326    90433.12           0   90433.12   90433.12
       sig_e |    975,326    189205.2           0   189205.2   189205.2
       sig_b |    975,326    31728.56           0   31728.56   31728.56
-------------+---------------------------------------------------------
      lsig_y |    975,326    3.718023           0   3.718023   3.718023
      lsig_c |    975,326    1.644934           0   1.644934   1.644934
      lsig_e |    975,326      1.1543           0     1.1543     1.1543
      lsig_b |    975,326    .9187892           0   .9187892   .9187892
      psig_c |    975,326    .2904391           0   .2904391   .2904391
-------------+---------------------------------------------------------
      psig_e |    975,326      .60766           0     .60766     .60766
      psig_b |    975,326    .1019009           0   .1019009   .1019009
     plsig_c |    975,326    .4424217           0   .4424217   .4424217
     plsig_e |    975,326    .3104606           0   .3104606   .3104606
     plsig_b |    975,326    .2471177           0   .2471177   .2471177
-------------+---------------------------------------------------------
     lsig_y2 |    975,326    3.718024           0   3.718024   3.718024
       sig_x |    975,326    .0197163           0   .0197163   .0197163
      lsig_c |    975,326    1.644934           0   1.644934   1.644934
     lsig_e2 |    975,326    1.114866           0   1.114866   1.114866
     lsig_b2 |    975,326     .938508           0    .938508    .938508
-------------+---------------------------------------------------------
     lpsig_x |    975,326    .0053029           0   .0053029   .0053029
     lpsig_e |    975,326    .2998543           0   .2998543   .2998543
     lpsig_b |    975,326    .2524212           0   .2524212   .2524212

. log off
      name:  <unnamed>
       log:  /share/home/clafuent/MCVL/UVD_ABS_code/results/all_results84noA.log
  log type:  text
 paused on:  30 Apr 2021, 13:06:52
----------------------------------------------------------------------------------------------------------------------
