--------------------------------------------------------------------------------
      name:  <unnamed>
       log:  /share/home/clafuent/MCVL/UVD_ABS_code/results/all_results_noA_x_no
> age.log
  log type:  text
 opened on:   7 May 2021, 15:55:52

. log off
      name:  <unnamed>
       log:  /share/home/clafuent/MCVL/UVD_ABS_code/results/all_results_noA_x_no
> age.log
  log type:  text
 paused on:   7 May 2021, 15:55:52
--------------------------------------------------------------------------------
--------------------------------------------------------------------------------
      name:  <unnamed>
       log:  /share/home/clafuent/MCVL/UVD_ABS_code/results/all_results_noA_x_no
> age.log
  log type:  text
resumed on:   7 May 2021, 15:56:10

. ****** Raw *****************************
. sum mu_y sig_y sig_c sig_e sig_b lsig_y lsig_c lsig_e lsig_b psig_c psig_e psi
> g_b plsig_c plsig_e plsig_b lsig_y2 sig_x lsig_c lsig_e2 lsig_b2 lpsig_x lpsig
> _e lpsig_b

    Variable |        Obs        Mean    Std. Dev.       Min        Max
-------------+---------------------------------------------------------
        mu_y |    583,378    248.2181           0   248.2181   248.2181
       sig_y |    583,378    131785.1           0   131785.1   131785.1
       sig_c |    583,378    76056.71           0   76056.71   76056.71
       sig_e |    583,378    41283.66           0   41283.66   41283.66
       sig_b |    583,378     14444.7           0    14444.7    14444.7
-------------+---------------------------------------------------------
      lsig_y |    583,378    1.388481           0   1.388481   1.388481
      lsig_c |    583,378    1.644934           0   1.644934   1.644934
      lsig_e |    583,378   -.5374017           0  -.5374017  -.5374017
      lsig_b |    583,378    .2809486           0   .2809486   .2809486
      psig_c |    583,378    .5771269           0   .5771269   .5771269
-------------+---------------------------------------------------------
      psig_e |    583,378    .3132651           0   .3132651   .3132651
      psig_b |    583,378     .109608           0    .109608    .109608
     plsig_c |    583,378      1.1847           0     1.1847     1.1847
     plsig_e |    583,378   -.3870429           0  -.3870429  -.3870429
     plsig_b |    583,378    .2023424           0   .2023424   .2023424
-------------+---------------------------------------------------------
     lsig_y2 |    583,378    1.388483           0   1.388483   1.388483
       sig_x |    583,378    .0580584           0   .0580584   .0580584
      lsig_c |    583,378    1.644934           0   1.644934   1.644934
     lsig_e2 |    583,378   -.5869309           0  -.5869309  -.5869309
     lsig_b2 |    583,378    .2724211           0   .2724211   .2724211
-------------+---------------------------------------------------------
     lpsig_x |    583,378    .0418143           0   .0418143   .0418143
     lpsig_e |    583,378   -.4227138           0  -.4227138  -.4227138
     lpsig_b |    583,378    .1962006           0   .1962006   .1962006

. log off
      name:  <unnamed>
       log:  /share/home/clafuent/MCVL/UVD_ABS_code/results/all_results_noA_x_no
> age.log
  log type:  text
 paused on:   7 May 2021, 15:56:12
--------------------------------------------------------------------------------
--------------------------------------------------------------------------------
      name:  <unnamed>
       log:  /share/home/clafuent/MCVL/UVD_ABS_code/results/all_results_noA_x_no
> age.log
  log type:  text
resumed on:   7 May 2021, 15:56:28

. ****** LTU *****************************
. sum mu_y sig_y sig_c sig_e sig_b lsig_y lsig_c lsig_e lsig_b psig_c psig_e psi
> g_b plsig_c plsig_e plsig_b lsig_y2 sig_x lsig_c lsig_e2 lsig_b2 lpsig_x lpsig
> _e lpsig_b

    Variable |        Obs        Mean    Std. Dev.       Min        Max
-------------+---------------------------------------------------------
        mu_y |    583,378     353.977           0    353.977    353.977
       sig_y |    583,378    368092.8           0   368092.8   368092.8
       sig_c |    583,378    171992.7           0   171992.7   171992.7
       sig_e |    583,378    149406.6           0   149406.6   149406.6
       sig_b |    583,378     46693.6           0    46693.6    46693.6
-------------+---------------------------------------------------------
      lsig_y |    583,378    1.674813           0   1.674813   1.674813
      lsig_c |    583,378    1.644934           0   1.644934   1.644934
      lsig_e |    583,378    -.368479           0   -.368479   -.368479
      lsig_b |    583,378    .3983583           0   .3983583   .3983583
      psig_c |    583,378    .4672535           0   .4672535   .4672535
-------------+---------------------------------------------------------
      psig_e |    583,378    .4058937           0   .4058937   .4058937
      psig_b |    583,378    .1268528           0   .1268528   .1268528
     plsig_c |    583,378    .9821596           0   .9821596   .9821596
     plsig_e |    583,378    -.220012           0   -.220012   -.220012
     plsig_b |    583,378    .2378524           0   .2378524   .2378524
-------------+---------------------------------------------------------
     lsig_y2 |    583,378    1.674813           0   1.674813   1.674813
       sig_x |    583,378    .0671417           0   .0671417   .0671417
      lsig_c |    583,378    1.644934           0   1.644934   1.644934
     lsig_e2 |    583,378   -.4142516           0  -.4142516  -.4142516
     lsig_b2 |    583,378    .3769889           0   .3769889   .3769889
-------------+---------------------------------------------------------
     lpsig_x |    583,378     .040089           0    .040089    .040089
     lpsig_e |    583,378    -.247342           0   -.247342   -.247342
     lpsig_b |    583,378    .2250931           0   .2250931   .2250931

. log off
      name:  <unnamed>
       log:  /share/home/clafuent/MCVL/UVD_ABS_code/results/all_results_noA_x_no
> age.log
  log type:  text
 paused on:   7 May 2021, 15:56:30
--------------------------------------------------------------------------------
--------------------------------------------------------------------------------
      name:  <unnamed>
       log:  /share/home/clafuent/MCVL/UVD_ABS_code/results/all_results_noA_x_no
> age.log
  log type:  text
resumed on:   7 May 2021, 15:56:41

. ****** STU *****************************
. sum mu_y sig_y sig_c sig_e sig_b lsig_y lsig_c lsig_e lsig_b psig_c psig_e psi
> g_b plsig_c plsig_e plsig_b lsig_y2 sig_x lsig_c lsig_e2 lsig_b2 lpsig_x lpsig
> _e lpsig_b

    Variable |        Obs        Mean    Std. Dev.       Min        Max
-------------+---------------------------------------------------------
        mu_y |    875,468    367.9815           0   367.9815   367.9815
       sig_y |    875,468    497331.6           0   497331.6   497331.6
       sig_c |    875,468    195618.1           0   195618.1   195618.1
       sig_e |    875,468    241505.2           0   241505.2   241505.2
       sig_b |    875,468    60208.28           0   60208.28   60208.28
-------------+---------------------------------------------------------
      lsig_y |    875,468    2.538685           0   2.538685   2.538685
      lsig_c |    875,468    1.644934           0   1.644934   1.644934
      lsig_e |    875,468    .3746043           0   .3746043   .3746043
      lsig_b |    875,468     .519147           0    .519147    .519147
      psig_c |    875,468    .3933354           0   .3933354   .3933354
-------------+---------------------------------------------------------
      psig_e |    875,468    .4856019           0   .4856019   .4856019
      psig_b |    875,468    .1210627           0   .1210627   .1210627
     plsig_c |    875,468    .6479472           0   .6479472   .6479472
     plsig_e |    875,468    .1475584           0   .1475584   .1475584
     plsig_b |    875,468    .2044944           0   .2044944   .2044944
-------------+---------------------------------------------------------
     lsig_y2 |    875,468    2.538683           0   2.538683   2.538683
       sig_x |    875,468    .1294653           0   .1294653   .1294653
      lsig_c |    875,468    1.644934           0   1.644934   1.644934
     lsig_e2 |    875,468    .3128726           0   .3128726   .3128726
     lsig_b2 |    875,468    .4514114           0   .4514114   .4514114
-------------+---------------------------------------------------------
     lpsig_x |    875,468     .050997           0    .050997    .050997
     lpsig_e |    875,468    .1232421           0   .1232421   .1232421
     lpsig_b |    875,468    .1778132           0   .1778132   .1778132

. log off
      name:  <unnamed>
       log:  /share/home/clafuent/MCVL/UVD_ABS_code/results/all_results_noA_x_no
> age.log
  log type:  text
 paused on:   7 May 2021, 15:56:44
--------------------------------------------------------------------------------
--------------------------------------------------------------------------------
      name:  <unnamed>
       log:  /share/home/clafuent/MCVL/UVD_ABS_code/results/all_results_noA_x_no
> age.log
  log type:  text
resumed on:   7 May 2021, 15:56:53

. ****** STU+Spell Adj *****************************
. sum mu_y sig_y sig_c sig_e sig_b lsig_y lsig_c lsig_e lsig_b psig_c psig_e psi
> g_b plsig_c plsig_e plsig_b lsig_y2 sig_x lsig_c lsig_e2 lsig_b2 lpsig_x lpsig
> _e lpsig_b

    Variable |        Obs        Mean    Std. Dev.       Min        Max
-------------+---------------------------------------------------------
        mu_y |    875,468     332.751           0    332.751    332.751
       sig_y |    875,468    489283.8           0   489283.8   489283.8
       sig_c |    875,468    172488.8           0   172488.8   172488.8
       sig_e |    875,468    255028.9           0   255028.9   255028.9
       sig_b |    875,468    61766.09           0   61766.09   61766.09
-------------+---------------------------------------------------------
      lsig_y |    875,468    3.212404           0   3.212404   3.212404
      lsig_c |    875,468    1.644934           0   1.644934   1.644934
      lsig_e |    875,468    .9362096           0   .9362096   .9362096
      lsig_b |    875,468    .6312599           0   .6312599   .6312599
      psig_c |    875,468    .3525332           0   .3525332   .3525332
-------------+---------------------------------------------------------
      psig_e |    875,468     .521229           0    .521229    .521229
      psig_b |    875,468    .1262378           0   .1262378   .1262378
     plsig_c |    875,468    .5120571           0   .5120571   .5120571
     plsig_e |    875,468    .2914358           0   .2914358   .2914358
     plsig_b |    875,468     .196507           0    .196507    .196507
-------------+---------------------------------------------------------
     lsig_y2 |    875,468    3.212404           0   3.212404   3.212404
       sig_x |    875,468    .1830108           0   .1830108   .1830108
      lsig_c |    875,468    1.644934           0   1.644934   1.644934
     lsig_e2 |    875,468    .8379713           0   .8379713   .8379713
     lsig_b2 |    875,468     .546488           0    .546488    .546488
-------------+---------------------------------------------------------
     lpsig_x |    875,468      .05697           0     .05697     .05697
     lpsig_e |    875,468    .2608549           0   .2608549   .2608549
     lpsig_b |    875,468    .1701181           0   .1701181   .1701181

. log off
      name:  <unnamed>
       log:  /share/home/clafuent/MCVL/UVD_ABS_code/results/all_results_noA_x_no
> age.log
  log type:  text
 paused on:   7 May 2021, 15:56:55
--------------------------------------------------------------------------------
--------------------------------------------------------------------------------
      name:  <unnamed>
       log:  /share/home/clafuent/MCVL/UVD_ABS_code/results/all_results_noA_x_no
> age.log
  log type:  text
resumed on:   7 May 2021, 15:57:11

. ****** NE (NO Spell Adj) *****************************
. sum mu_y sig_y sig_c sig_e sig_b lsig_y lsig_c lsig_e lsig_b psig_c psig_e psi
> g_b plsig_c plsig_e plsig_b lsig_y2 sig_x lsig_c lsig_e2 lsig_b2 lpsig_x lpsig
> _e lpsig_b

    Variable |        Obs        Mean    Std. Dev.       Min        Max
-------------+---------------------------------------------------------
        mu_y |  1,120,108    347.0905           0   347.0905   347.0905
       sig_y |  1,120,108    519563.1           0   519563.1   519563.1
       sig_c |  1,120,108    169948.8           0   169948.8   169948.8
       sig_e |  1,120,108    301034.4           0   301034.4   301034.4
       sig_b |  1,120,108    49477.52           0   49477.52   49477.52
-------------+---------------------------------------------------------
      lsig_y |  1,120,108    3.278131           0   3.278131   3.278131
      lsig_c |  1,120,108    1.644934           0   1.644934   1.644934
      lsig_e |  1,120,108    .7439617           0   .7439617   .7439617
      lsig_b |  1,120,108    .8892351           0   .8892351   .8892351
      psig_c |  1,120,108    .3270996           0   .3270996   .3270996
-------------+---------------------------------------------------------
      psig_e |  1,120,108    .5793992           0   .5793992   .5793992
      psig_b |  1,120,108    .0952291           0   .0952291   .0952291
     plsig_c |  1,120,108    .5017902           0   .5017902   .5017902
     plsig_e |  1,120,108    .2269469           0   .2269469   .2269469
     plsig_b |  1,120,108    .2712629           0   .2712629   .2712629
-------------+---------------------------------------------------------
     lsig_y2 |  1,120,108     3.27813           0    3.27813    3.27813
       sig_x |  1,120,108    .1380587           0   .1380587   .1380587
      lsig_c |  1,120,108    1.644934           0   1.644934   1.644934
     lsig_e2 |  1,120,108    .6859733           0   .6859733   .6859733
     lsig_b2 |  1,120,108    .8091636           0   .8091636   .8091636
-------------+---------------------------------------------------------
     lpsig_x |  1,120,108    .0421151           0   .0421151   .0421151
     lpsig_e |  1,120,108    .2092575           0   .2092575   .2092575
     lpsig_b |  1,120,108     .246837           0    .246837    .246837

. log off
      name:  <unnamed>
       log:  /share/home/clafuent/MCVL/UVD_ABS_code/results/all_results_noA_x_no
> age.log
  log type:  text
 paused on:   7 May 2021, 15:57:16
--------------------------------------------------------------------------------
--------------------------------------------------------------------------------
      name:  <unnamed>
       log:  /share/home/clafuent/MCVL/UVD_ABS_code/results/all_results_noA_x_no
> age.log
  log type:  text
resumed on:   7 May 2021, 15:57:38

. ****** NE + Spell Adj *****************************
. sum mu_y sig_y sig_c sig_e sig_b lsig_y lsig_c lsig_e lsig_b psig_c psig_e psi
> g_b plsig_c plsig_e plsig_b lsig_y2 sig_x lsig_c lsig_e2 lsig_b2 lpsig_x lpsig
> _e lpsig_b

    Variable |        Obs        Mean    Std. Dev.       Min        Max
-------------+---------------------------------------------------------
        mu_y |  1,120,108    275.1052           0   275.1052   275.1052
       sig_y |  1,120,108    448198.2           0   448198.2   448198.2
       sig_c |  1,120,108    121536.7           0   121536.7   121536.7
       sig_e |  1,120,108    280807.3           0   280807.3   280807.3
       sig_b |  1,120,108    45854.24           0   45854.24   45854.24
-------------+---------------------------------------------------------
      lsig_y |  1,120,108    3.805994           0   3.805994   3.805994
      lsig_c |  1,120,108    1.644934           0   1.644934   1.644934
      lsig_e |  1,120,108    1.213137           0   1.213137   1.213137
      lsig_b |  1,120,108    .9479222           0   .9479222   .9479222
      psig_c |  1,120,108    .2711674           0   .2711674   .2711674
-------------+---------------------------------------------------------
      psig_e |  1,120,108    .6265247           0   .6265247   .6265247
      psig_b |  1,120,108    .1023079           0   .1023079   .1023079
     plsig_c |  1,120,108    .4321957           0   .4321957   .4321957
     plsig_e |  1,120,108    .3187439           0   .3187439   .3187439
     plsig_b |  1,120,108    .2490604           0   .2490604   .2490604
-------------+---------------------------------------------------------
     lsig_y2 |  1,120,108    3.805994           0   3.805994   3.805994
       sig_x |  1,120,108    .1803169           0   .1803169   .1803169
      lsig_c |  1,120,108    1.644934           0   1.644934   1.644934
     lsig_e2 |  1,120,108    1.106099           0   1.106099   1.106099
     lsig_b2 |  1,120,108    .8746438           0   .8746438   .8746438
-------------+---------------------------------------------------------
     lpsig_x |  1,120,108    .0473771           0   .0473771   .0473771
     lpsig_e |  1,120,108    .2906202           0   .2906202   .2906202
     lpsig_b |  1,120,108     .229807           0    .229807    .229807

. log off
      name:  <unnamed>
       log:  /share/home/clafuent/MCVL/UVD_ABS_code/results/all_results_noA_x_no
> age.log
  log type:  text
 paused on:   7 May 2021, 15:57:42
--------------------------------------------------------------------------------
--------------------------------------------------------------------------------
      name:  <unnamed>
       log:  /share/home/clafuent/MCVL/UVD_ABS_code/results/all_results_noA_x_no
> age.log
  log type:  text
resumed on:   7 May 2021, 15:58:03

. ****** STU + Recalls + Spell Adj *****************************
. sum mu_y sig_y sig_c sig_e sig_b lsig_y lsig_c lsig_e lsig_b psig_c psig_e psi
> g_b plsig_c plsig_e plsig_b lsig_y2 sig_x lsig_c lsig_e2 lsig_b2 lpsig_x lpsig
> _e lpsig_b

    Variable |        Obs        Mean    Std. Dev.       Min        Max
-------------+---------------------------------------------------------
        mu_y |  1,054,238    269.1981           0   269.1981   269.1981
       sig_y |  1,054,238    416158.4           0   416158.4   416158.4
       sig_c |  1,054,238    114894.2           0   114894.2   114894.2
       sig_e |  1,054,238    258837.2           0   258837.2   258837.2
       sig_b |  1,054,238    42427.02           0   42427.02   42427.02
-------------+---------------------------------------------------------
      lsig_y |  1,054,238    3.794428           0   3.794428   3.794428
      lsig_c |  1,054,238    1.644934           0   1.644934   1.644934
      lsig_e |  1,054,238    1.226612           0   1.226612   1.226612
      lsig_b |  1,054,238    .9228824           0   .9228824   .9228824
      psig_c |  1,054,238    .2760829           0   .2760829   .2760829
-------------+---------------------------------------------------------
      psig_e |  1,054,238    .6219679           0   .6219679   .6219679
      psig_b |  1,054,238    .1019492           0   .1019492   .1019492
     plsig_c |  1,054,238     .433513           0    .433513    .433513
     plsig_e |  1,054,238    .3232666           0   .3232666   .3232666
     plsig_b |  1,054,238    .2432204           0   .2432204   .2432204
-------------+---------------------------------------------------------
     lsig_y2 |  1,054,238    3.794429           0   3.794429   3.794429
       sig_x |  1,054,238     .174063           0    .174063    .174063
      lsig_c |  1,054,238    1.644934           0   1.644934   1.644934
     lsig_e2 |  1,054,238    1.119194           0   1.119194   1.119194
     lsig_b2 |  1,054,238    .8562376           0   .8562376   .8562376
-------------+---------------------------------------------------------
     lpsig_x |  1,054,238    .0458733           0   .0458733   .0458733
     lpsig_e |  1,054,238    .2949572           0   .2949572   .2949572
     lpsig_b |  1,054,238    .2256565           0   .2256565   .2256565

. log off
      name:  <unnamed>
       log:  /share/home/clafuent/MCVL/UVD_ABS_code/results/all_results_noA_x_no
> age.log
  log type:  text
 paused on:   7 May 2021, 15:58:05
--------------------------------------------------------------------------------
--------------------------------------------------------------------------------
      name:  <unnamed>
       log:  /share/home/clafuent/MCVL/UVD_ABS_code/results/all_results_noA_x_no
> age.log
  log type:  text
resumed on:   7 May 2021, 15:58:21

. ****** STU + Blanks + Spell Adj *****************************
. sum mu_y sig_y sig_c sig_e sig_b lsig_y lsig_c lsig_e lsig_b psig_c psig_e psi
> g_b plsig_c plsig_e plsig_b lsig_y2 sig_x lsig_c lsig_e2 lsig_b2 lpsig_x lpsig
> _e lpsig_b

    Variable |        Obs        Mean    Std. Dev.       Min        Max
-------------+---------------------------------------------------------
        mu_y |    971,170    328.4019           0   328.4019   328.4019
       sig_y |    971,170      517774           0     517774     517774
       sig_c |    971,170    171775.8           0   171775.8   171775.8
       sig_e |    971,170    282069.8           0   282069.8   282069.8
       sig_b |    971,170    63928.45           0   63928.45   63928.45
-------------+---------------------------------------------------------
      lsig_y |    971,170    3.388283           0   3.388283   3.388283
      lsig_c |    971,170    1.644934           0   1.644934   1.644934
      lsig_e |    971,170    1.002884           0   1.002884   1.002884
      lsig_b |    971,170    .7404651           0   .7404651   .7404651
      psig_c |    971,170    .3317581           0   .3317581   .3317581
-------------+---------------------------------------------------------
      psig_e |    971,170    .5447739           0   .5447739   .5447739
      psig_b |    971,170    .1234679           0   .1234679   .1234679
     plsig_c |    971,170    .4854772           0   .4854772   .4854772
     plsig_e |    971,170    .2959858           0   .2959858   .2959858
     plsig_b |    971,170     .218537           0    .218537    .218537
-------------+---------------------------------------------------------
     lsig_y2 |    971,170    3.388282           0   3.388282   3.388282
       sig_x |    971,170    .1901832           0   .1901832   .1901832
      lsig_c |    971,170    1.644934           0   1.644934   1.644934
     lsig_e2 |    971,170    .9033917           0   .9033917   .9033917
     lsig_b2 |    971,170    .6497734           0   .6497734   .6497734
-------------+---------------------------------------------------------
     lpsig_x |    971,170    .0561297           0   .0561297   .0561297
     lpsig_e |    971,170    .2666223           0   .2666223   .2666223
     lpsig_b |    971,170    .1917707           0   .1917707   .1917707

. log off
      name:  <unnamed>
       log:  /share/home/clafuent/MCVL/UVD_ABS_code/results/all_results_noA_x_no
> age.log
  log type:  text
 paused on:   7 May 2021, 15:58:25
--------------------------------------------------------------------------------
