----------------------------------------------------------------------------------------------------------------------
      name:  <unnamed>
       log:  /share/home/clafuent/MCVL/UVD_ABS_code/results/all_results_noA.log
  log type:  text
 opened on:  29 Apr 2021, 16:15:03

. log off
      name:  <unnamed>
       log:  /share/home/clafuent/MCVL/UVD_ABS_code/results/all_results_noA.log
  log type:  text
 paused on:  29 Apr 2021, 16:15:03
----------------------------------------------------------------------------------------------------------------------
----------------------------------------------------------------------------------------------------------------------
      name:  <unnamed>
       log:  /share/home/clafuent/MCVL/UVD_ABS_code/results/all_results_noA.log
  log type:  text
resumed on:  29 Apr 2021, 16:15:20

. ****** Raw *****************************
. sum mu_y sig_y sig_c sig_e sig_b lsig_y lsig_c lsig_e lsig_b psig_c psig_e psig_b plsig_c plsig_e plsig_b lsig_y2 si
> g_x lsig_c lsig_e2 lsig_b2 lpsig_x lpsig_e lpsig_b

    Variable |        Obs        Mean    Std. Dev.       Min        Max
-------------+---------------------------------------------------------
        mu_y |    583,378    248.2181           0   248.2181   248.2181
       sig_y |    583,378    131785.1           0   131785.1   131785.1
       sig_c |    583,378    76056.71           0   76056.71   76056.71
       sig_e |    583,378    41283.66           0   41283.66   41283.66
       sig_b |    583,378     14444.7           0    14444.7    14444.7
-------------+---------------------------------------------------------
      lsig_y |    583,378    1.388481           0   1.388481   1.388481
      lsig_c |    583,378    1.644934           0   1.644934   1.644934
      lsig_e |    583,378   -.5374017           0  -.5374017  -.5374017
      lsig_b |    583,378    .2809486           0   .2809486   .2809486
      psig_c |    583,378    .5771269           0   .5771269   .5771269
-------------+---------------------------------------------------------
      psig_e |    583,378    .3132651           0   .3132651   .3132651
      psig_b |    583,378     .109608           0    .109608    .109608
     plsig_c |    583,378      1.1847           0     1.1847     1.1847
     plsig_e |    583,378   -.3870429           0  -.3870429  -.3870429
     plsig_b |    583,378    .2023424           0   .2023424   .2023424
-------------+---------------------------------------------------------
     lsig_y2 |    583,378    1.388483           0   1.388483   1.388483
       sig_x |    583,378    .0141799           0   .0141799   .0141799
      lsig_c |    583,378    1.644934           0   1.644934   1.644934
     lsig_e2 |    583,378   -.5657625           0  -.5657625  -.5657625
     lsig_b2 |    583,378    .2951312           0   .2951312   .2951312
-------------+---------------------------------------------------------
     lpsig_x |    583,378    .0102125           0   .0102125   .0102125
     lpsig_e |    583,378   -.4074682           0  -.4074682  -.4074682
     lpsig_b |    583,378    .2125566           0   .2125566   .2125566

. log off
      name:  <unnamed>
       log:  /share/home/clafuent/MCVL/UVD_ABS_code/results/all_results_noA.log
  log type:  text
 paused on:  29 Apr 2021, 16:15:21
----------------------------------------------------------------------------------------------------------------------
----------------------------------------------------------------------------------------------------------------------
      name:  <unnamed>
       log:  /share/home/clafuent/MCVL/UVD_ABS_code/results/all_results_noA.log
  log type:  text
resumed on:  29 Apr 2021, 16:15:29

. ****** LTU *****************************
. sum mu_y sig_y sig_c sig_e sig_b lsig_y lsig_c lsig_e lsig_b psig_c psig_e psig_b plsig_c plsig_e plsig_b lsig_y2 si
> g_x lsig_c lsig_e2 lsig_b2 lpsig_x lpsig_e lpsig_b

    Variable |        Obs        Mean    Std. Dev.       Min        Max
-------------+---------------------------------------------------------
        mu_y |    583,378     353.977           0    353.977    353.977
       sig_y |    583,378    368092.8           0   368092.8   368092.8
       sig_c |    583,378    171992.7           0   171992.7   171992.7
       sig_e |    583,378    149406.6           0   149406.6   149406.6
       sig_b |    583,378     46693.6           0    46693.6    46693.6
-------------+---------------------------------------------------------
      lsig_y |    583,378    1.674813           0   1.674813   1.674813
      lsig_c |    583,378    1.644934           0   1.644934   1.644934
      lsig_e |    583,378    -.368479           0   -.368479   -.368479
      lsig_b |    583,378    .3983583           0   .3983583   .3983583
      psig_c |    583,378    .4672535           0   .4672535   .4672535
-------------+---------------------------------------------------------
      psig_e |    583,378    .4058937           0   .4058937   .4058937
      psig_b |    583,378    .1268528           0   .1268528   .1268528
     plsig_c |    583,378    .9821596           0   .9821596   .9821596
     plsig_e |    583,378    -.220012           0   -.220012   -.220012
     plsig_b |    583,378    .2378524           0   .2378524   .2378524
-------------+---------------------------------------------------------
     lsig_y2 |    583,378    1.674813           0   1.674813   1.674813
       sig_x |    583,378    .0108898           0   .0108898   .0108898
      lsig_c |    583,378    1.644934           0   1.644934   1.644934
     lsig_e2 |    583,378   -.3902599           0  -.3902599  -.3902599
     lsig_b2 |    583,378    .4092491           0   .4092491   .4092491
-------------+---------------------------------------------------------
     lpsig_x |    583,378    .0065021           0   .0065021   .0065021
     lpsig_e |    583,378    -.233017           0   -.233017   -.233017
     lpsig_b |    583,378    .2443551           0   .2443551   .2443551

. log off
      name:  <unnamed>
       log:  /share/home/clafuent/MCVL/UVD_ABS_code/results/all_results_noA.log
  log type:  text
 paused on:  29 Apr 2021, 16:15:31
----------------------------------------------------------------------------------------------------------------------
----------------------------------------------------------------------------------------------------------------------
      name:  <unnamed>
       log:  /share/home/clafuent/MCVL/UVD_ABS_code/results/all_results_noA.log
  log type:  text
resumed on:  29 Apr 2021, 16:15:45

. ****** STU *****************************
. sum mu_y sig_y sig_c sig_e sig_b lsig_y lsig_c lsig_e lsig_b psig_c psig_e psig_b plsig_c plsig_e plsig_b lsig_y2 si
> g_x lsig_c lsig_e2 lsig_b2 lpsig_x lpsig_e lpsig_b

    Variable |        Obs        Mean    Std. Dev.       Min        Max
-------------+---------------------------------------------------------
        mu_y |    875,468    367.9815           0   367.9815   367.9815
       sig_y |    875,468    497331.6           0   497331.6   497331.6
       sig_c |    875,468    195618.1           0   195618.1   195618.1
       sig_e |    875,468    241505.2           0   241505.2   241505.2
       sig_b |    875,468    60208.28           0   60208.28   60208.28
-------------+---------------------------------------------------------
      lsig_y |    875,468    2.538685           0   2.538685   2.538685
      lsig_c |    875,468    1.644934           0   1.644934   1.644934
      lsig_e |    875,468    .3746043           0   .3746043   .3746043
      lsig_b |    875,468     .519147           0    .519147    .519147
      psig_c |    875,468    .3933354           0   .3933354   .3933354
-------------+---------------------------------------------------------
      psig_e |    875,468    .4856019           0   .4856019   .4856019
      psig_b |    875,468    .1210627           0   .1210627   .1210627
     plsig_c |    875,468    .6479472           0   .6479472   .6479472
     plsig_e |    875,468    .1475584           0   .1475584   .1475584
     plsig_b |    875,468    .2044944           0   .2044944   .2044944
-------------+---------------------------------------------------------
     lsig_y2 |    875,468    2.538683           0   2.538683   2.538683
       sig_x |    875,468    .0024827           0   .0024827   .0024827
      lsig_c |    875,468    1.644934           0   1.644934   1.644934
     lsig_e2 |    875,468    .3696378           0   .3696378   .3696378
     lsig_b2 |    875,468    .5216289           0   .5216289   .5216289
-------------+---------------------------------------------------------
     lpsig_x |    875,468    .0009779           0   .0009779   .0009779
     lpsig_e |    875,468    .1456022           0   .1456022   .1456022
     lpsig_b |    875,468    .2054722           0   .2054722   .2054722

. log off
      name:  <unnamed>
       log:  /share/home/clafuent/MCVL/UVD_ABS_code/results/all_results_noA.log
  log type:  text
 paused on:  29 Apr 2021, 16:15:47
----------------------------------------------------------------------------------------------------------------------
----------------------------------------------------------------------------------------------------------------------
      name:  <unnamed>
       log:  /share/home/clafuent/MCVL/UVD_ABS_code/results/all_results_noA.log
  log type:  text
resumed on:  29 Apr 2021, 16:15:57

. ****** STU+Spell Adj *****************************
. sum mu_y sig_y sig_c sig_e sig_b lsig_y lsig_c lsig_e lsig_b psig_c psig_e psig_b plsig_c plsig_e plsig_b lsig_y2 si
> g_x lsig_c lsig_e2 lsig_b2 lpsig_x lpsig_e lpsig_b

    Variable |        Obs        Mean    Std. Dev.       Min        Max
-------------+---------------------------------------------------------
        mu_y |    875,468     332.751           0    332.751    332.751
       sig_y |    875,468    489283.8           0   489283.8   489283.8
       sig_c |    875,468    172488.8           0   172488.8   172488.8
       sig_e |    875,468    255028.9           0   255028.9   255028.9
       sig_b |    875,468    61766.09           0   61766.09   61766.09
-------------+---------------------------------------------------------
      lsig_y |    875,468    3.212404           0   3.212404   3.212404
      lsig_c |    875,468    1.644934           0   1.644934   1.644934
      lsig_e |    875,468    .9362096           0   .9362096   .9362096
      lsig_b |    875,468    .6312599           0   .6312599   .6312599
      psig_c |    875,468    .3525332           0   .3525332   .3525332
-------------+---------------------------------------------------------
      psig_e |    875,468     .521229           0    .521229    .521229
      psig_b |    875,468    .1262378           0   .1262378   .1262378
     plsig_c |    875,468    .5120571           0   .5120571   .5120571
     plsig_e |    875,468    .2914358           0   .2914358   .2914358
     plsig_b |    875,468     .196507           0    .196507    .196507
-------------+---------------------------------------------------------
     lsig_y2 |    875,468    3.212404           0   3.212404   3.212404
       sig_x |    875,468    .0159152           0   .0159152   .0159152
      lsig_c |    875,468    1.644934           0   1.644934   1.644934
     lsig_e2 |    875,468    .9043778           0   .9043778   .9043778
     lsig_b2 |    875,468    .6471772           0   .6471772   .6471772
-------------+---------------------------------------------------------
     lpsig_x |    875,468    .0049543           0   .0049543   .0049543
     lpsig_e |    875,468    .2815268           0   .2815268   .2815268
     lpsig_b |    875,468    .2014619           0   .2014619   .2014619

. log off
      name:  <unnamed>
       log:  /share/home/clafuent/MCVL/UVD_ABS_code/results/all_results_noA.log
  log type:  text
 paused on:  29 Apr 2021, 16:15:59
----------------------------------------------------------------------------------------------------------------------
----------------------------------------------------------------------------------------------------------------------
      name:  <unnamed>
       log:  /share/home/clafuent/MCVL/UVD_ABS_code/results/all_results_noA.log
  log type:  text
resumed on:  29 Apr 2021, 16:16:26

. ****** NE (NO Spell Adj) *****************************
. sum mu_y sig_y sig_c sig_e sig_b lsig_y lsig_c lsig_e lsig_b psig_c psig_e psig_b plsig_c plsig_e plsig_b lsig_y2 si
> g_x lsig_c lsig_e2 lsig_b2 lpsig_x lpsig_e lpsig_b

    Variable |        Obs        Mean    Std. Dev.       Min        Max
-------------+---------------------------------------------------------
        mu_y |  1,120,108    347.0905           0   347.0905   347.0905
       sig_y |  1,120,108    519563.1           0   519563.1   519563.1
       sig_c |  1,120,108    169948.8           0   169948.8   169948.8
       sig_e |  1,120,108    301034.4           0   301034.4   301034.4
       sig_b |  1,120,108    49477.52           0   49477.52   49477.52
-------------+---------------------------------------------------------
      lsig_y |  1,120,108    3.278131           0   3.278131   3.278131
      lsig_c |  1,120,108    1.644934           0   1.644934   1.644934
      lsig_e |  1,120,108    .7439617           0   .7439617   .7439617
      lsig_b |  1,120,108    .8892351           0   .8892351   .8892351
      psig_c |  1,120,108    .3270996           0   .3270996   .3270996
-------------+---------------------------------------------------------
      psig_e |  1,120,108    .5793992           0   .5793992   .5793992
      psig_b |  1,120,108    .0952291           0   .0952291   .0952291
     plsig_c |  1,120,108    .5017902           0   .5017902   .5017902
     plsig_e |  1,120,108    .2269469           0   .2269469   .2269469
     plsig_b |  1,120,108    .2712629           0   .2712629   .2712629
-------------+---------------------------------------------------------
     lsig_y2 |  1,120,108     3.27813           0    3.27813    3.27813
       sig_x |  1,120,108   -.0049267           0  -.0049267  -.0049267
      lsig_c |  1,120,108    1.644934           0   1.644934   1.644934
     lsig_e2 |  1,120,108    .7488731           0   .7488731   .7488731
     lsig_b2 |  1,120,108    .8892491           0   .8892491   .8892491
-------------+---------------------------------------------------------
     lpsig_x |  1,120,108   -.0015029           0  -.0015029  -.0015029
     lpsig_e |  1,120,108    .2284452           0   .2284452   .2284452
     lpsig_b |  1,120,108    .2712672           0   .2712672   .2712672

. log off
      name:  <unnamed>
       log:  /share/home/clafuent/MCVL/UVD_ABS_code/results/all_results_noA.log
  log type:  text
 paused on:  29 Apr 2021, 16:16:29
----------------------------------------------------------------------------------------------------------------------
----------------------------------------------------------------------------------------------------------------------
      name:  <unnamed>
       log:  /share/home/clafuent/MCVL/UVD_ABS_code/results/all_results_noA.log
  log type:  text
resumed on:  29 Apr 2021, 16:16:42

. ****** NE + Spell Adj *****************************
. sum mu_y sig_y sig_c sig_e sig_b lsig_y lsig_c lsig_e lsig_b psig_c psig_e psig_b plsig_c plsig_e plsig_b lsig_y2 si
> g_x lsig_c lsig_e2 lsig_b2 lpsig_x lpsig_e lpsig_b

    Variable |        Obs        Mean    Std. Dev.       Min        Max
-------------+---------------------------------------------------------
        mu_y |  1,120,108    275.1052           0   275.1052   275.1052
       sig_y |  1,120,108    448198.2           0   448198.2   448198.2
       sig_c |  1,120,108    121536.7           0   121536.7   121536.7
       sig_e |  1,120,108    280807.3           0   280807.3   280807.3
       sig_b |  1,120,108    45854.24           0   45854.24   45854.24
-------------+---------------------------------------------------------
      lsig_y |  1,120,108    3.805994           0   3.805994   3.805994
      lsig_c |  1,120,108    1.644934           0   1.644934   1.644934
      lsig_e |  1,120,108    1.213137           0   1.213137   1.213137
      lsig_b |  1,120,108    .9479222           0   .9479222   .9479222
      psig_c |  1,120,108    .2711674           0   .2711674   .2711674
-------------+---------------------------------------------------------
      psig_e |  1,120,108    .6265247           0   .6265247   .6265247
      psig_b |  1,120,108    .1023079           0   .1023079   .1023079
     plsig_c |  1,120,108    .4321957           0   .4321957   .4321957
     plsig_e |  1,120,108    .3187439           0   .3187439   .3187439
     plsig_b |  1,120,108    .2490604           0   .2490604   .2490604
-------------+---------------------------------------------------------
     lsig_y2 |  1,120,108    3.805994           0   3.805994   3.805994
       sig_x |  1,120,108     .019537           0    .019537    .019537
      lsig_c |  1,120,108    1.644934           0   1.644934   1.644934
     lsig_e2 |  1,120,108    1.174061           0   1.174061   1.174061
     lsig_b2 |  1,120,108    .9674611           0   .9674611   .9674611
-------------+---------------------------------------------------------
     lpsig_x |  1,120,108    .0051332           0   .0051332   .0051332
     lpsig_e |  1,120,108     .308477           0    .308477    .308477
     lpsig_b |  1,120,108    .2541941           0   .2541941   .2541941

. log off
      name:  <unnamed>
       log:  /share/home/clafuent/MCVL/UVD_ABS_code/results/all_results_noA.log
  log type:  text
 paused on:  29 Apr 2021, 16:16:44
----------------------------------------------------------------------------------------------------------------------
----------------------------------------------------------------------------------------------------------------------
      name:  <unnamed>
       log:  /share/home/clafuent/MCVL/UVD_ABS_code/results/all_results_noA.log
  log type:  text
resumed on:  29 Apr 2021, 16:17:07

. ****** STU + Recalls + Spell Adj *****************************
. sum mu_y sig_y sig_c sig_e sig_b lsig_y lsig_c lsig_e lsig_b psig_c psig_e psig_b plsig_c plsig_e plsig_b lsig_y2 si
> g_x lsig_c lsig_e2 lsig_b2 lpsig_x lpsig_e lpsig_b

    Variable |        Obs        Mean    Std. Dev.       Min        Max
-------------+---------------------------------------------------------
        mu_y |  1,054,238    269.1981           0   269.1981   269.1981
       sig_y |  1,054,238    416158.4           0   416158.4   416158.4
       sig_c |  1,054,238    114894.2           0   114894.2   114894.2
       sig_e |  1,054,238    258837.2           0   258837.2   258837.2
       sig_b |  1,054,238    42427.02           0   42427.02   42427.02
-------------+---------------------------------------------------------
      lsig_y |  1,054,238    3.794428           0   3.794428   3.794428
      lsig_c |  1,054,238    1.644934           0   1.644934   1.644934
      lsig_e |  1,054,238    1.226612           0   1.226612   1.226612
      lsig_b |  1,054,238    .9228824           0   .9228824   .9228824
      psig_c |  1,054,238    .2760829           0   .2760829   .2760829
-------------+---------------------------------------------------------
      psig_e |  1,054,238    .6219679           0   .6219679   .6219679
      psig_b |  1,054,238    .1019492           0   .1019492   .1019492
     plsig_c |  1,054,238     .433513           0    .433513    .433513
     plsig_e |  1,054,238    .3232666           0   .3232666   .3232666
     plsig_b |  1,054,238    .2432204           0   .2432204   .2432204
-------------+---------------------------------------------------------
     lsig_y2 |  1,054,238    3.794429           0   3.794429   3.794429
       sig_x |  1,054,238     .020463           0    .020463    .020463
      lsig_c |  1,054,238    1.644934           0   1.644934   1.644934
     lsig_e2 |  1,054,238    1.185684           0   1.185684   1.185684
     lsig_b2 |  1,054,238    .9433475           0   .9433475   .9433475
-------------+---------------------------------------------------------
     lpsig_x |  1,054,238    .0053929           0   .0053929   .0053929
     lpsig_e |  1,054,238    .3124803           0   .3124803   .3124803
     lpsig_b |  1,054,238    .2486138           0   .2486138   .2486138

. log off
      name:  <unnamed>
       log:  /share/home/clafuent/MCVL/UVD_ABS_code/results/all_results_noA.log
  log type:  text
 paused on:  29 Apr 2021, 16:17:09
----------------------------------------------------------------------------------------------------------------------
