----------------------------------------------------------------------------------------
      name:  <unnamed>
       log:  /share/home/clafuent/MCVL/UVD_ABS_code/results/all_results07.log
  log type:  text
 opened on:  16 Mar 2021, 16:41:49

. log off
      name:  <unnamed>
       log:  /share/home/clafuent/MCVL/UVD_ABS_code/results/all_results07.log
  log type:  text
 paused on:  16 Mar 2021, 16:41:49
----------------------------------------------------------------------------------------
----------------------------------------------------------------------------------------
      name:  <unnamed>
       log:  /share/home/clafuent/MCVL/UVD_ABS_code/results/all_results07.log
  log type:  text
resumed on:  16 Mar 2021, 16:41:52

. ****** Raw *****************************
. sum mu_y sig_y sig_c sig_e sig_b lsig_y lsig_c lsig_e lsig_b psig_c psig_e psig_b plsi
> g_c plsig_e plsig_b lsig_y2 sig_x lsig_c lsig_e2 lsig_b2 lpsig_x lpsig_e lpsig_b

    Variable |        Obs        Mean    Std. Dev.       Min        Max
-------------+---------------------------------------------------------
        mu_y |    396,008      252.54           0     252.54     252.54
       sig_y |    396,008    119781.8           0   119781.8   119781.8
       sig_c |    396,008    76782.03           0   76782.03   76782.03
       sig_e |    396,008    29993.94           0   29993.94   29993.94
       sig_b |    396,008    13005.87           0   13005.87   13005.87
-------------+---------------------------------------------------------
      lsig_y |    396,008    1.382889           0   1.382889   1.382889
      lsig_c |    396,008    1.644934           0   1.644934   1.644934
      lsig_e |    396,008    -.571416           0   -.571416   -.571416
      lsig_b |    396,008    .3093709           0   .3093709   .3093709
      psig_c |    396,008    .6410156           0   .6410156   .6410156
-------------+---------------------------------------------------------
      psig_e |    396,008    .2504047           0   .2504047   .2504047
      psig_b |    396,008    .1085797           0   .1085797   .1085797
     plsig_c |    396,008    1.189491           0   1.189491   1.189491
     plsig_e |    396,008   -.4132046           0  -.4132046  -.4132046
     plsig_b |    396,008    .2237135           0   .2237135   .2237135
-------------+---------------------------------------------------------
     lsig_y2 |    396,008    1.382891           0   1.382891   1.382891
       sig_x |    396,008    .0156465           0   .0156465   .0156465
      lsig_c |    396,008    1.644934           0   1.644934   1.644934
     lsig_e2 |    396,008   -.6027106           0  -.6027106  -.6027106
     lsig_b2 |    396,008    .3250213           0   .3250213   .3250213
-------------+---------------------------------------------------------
     lpsig_x |    396,008    .0113143           0   .0113143   .0113143
     lpsig_e |    396,008   -.4358337           0  -.4358337  -.4358337
     lpsig_b |    396,008    .2350302           0   .2350302   .2350302

. log off
      name:  <unnamed>
       log:  /share/home/clafuent/MCVL/UVD_ABS_code/results/all_results07.log
  log type:  text
 paused on:  16 Mar 2021, 16:41:53
----------------------------------------------------------------------------------------
----------------------------------------------------------------------------------------
      name:  <unnamed>
       log:  /share/home/clafuent/MCVL/UVD_ABS_code/results/all_results07.log
  log type:  text
resumed on:  16 Mar 2021, 16:41:57

. ****** LTU *****************************
. sum mu_y sig_y sig_c sig_e sig_b lsig_y lsig_c lsig_e lsig_b psig_c psig_e psig_b plsi
> g_c plsig_e plsig_b lsig_y2 sig_x lsig_c lsig_e2 lsig_b2 lpsig_x lpsig_e lpsig_b

    Variable |        Obs        Mean    Std. Dev.       Min        Max
-------------+---------------------------------------------------------
        mu_y |    483,476    366.1088           0   366.1088   366.1088
       sig_y |    483,476    354370.8           0   354370.8   354370.8
       sig_c |    483,476      176897           0     176897     176897
       sig_e |    483,476    135529.7           0   135529.7   135529.7
       sig_b |    483,476     42862.2           0    42862.2    42862.2
-------------+---------------------------------------------------------
      lsig_y |    483,476    1.655806           0   1.655806   1.655806
      lsig_c |    483,476    1.644934           0   1.644934   1.644934
      lsig_e |    483,476   -.4227624           0  -.4227624  -.4227624
      lsig_b |    483,476    .4336339           0   .4336339   .4336339
      psig_c |    483,476    .4991861           0   .4991861   .4991861
-------------+---------------------------------------------------------
      psig_e |    483,476    .3824518           0   .3824518   .3824518
      psig_b |    483,476     .120953           0    .120953    .120953
     plsig_c |    483,476    .9934343           0   .9934343   .9934343
     plsig_e |    483,476   -.2553213           0  -.2553213  -.2553213
     plsig_b |    483,476     .261887           0    .261887    .261887
-------------+---------------------------------------------------------
     lsig_y2 |    483,476    1.655805           0   1.655805   1.655805
       sig_x |    483,476    .0046245           0   .0046245   .0046245
      lsig_c |    483,476    1.644934           0   1.644934   1.644934
     lsig_e2 |    483,476   -.4347944           0  -.4347944  -.4347944
     lsig_b2 |    483,476    .4410406           0   .4410406   .4410406
-------------+---------------------------------------------------------
     lpsig_x |    483,476    .0027929           0   .0027929   .0027929
     lpsig_e |    483,476    -.262588           0   -.262588   -.262588
     lpsig_b |    483,476    .2663603           0   .2663603   .2663603

. log off
      name:  <unnamed>
       log:  /share/home/clafuent/MCVL/UVD_ABS_code/results/all_results07.log
  log type:  text
 paused on:  16 Mar 2021, 16:41:57
----------------------------------------------------------------------------------------
----------------------------------------------------------------------------------------
      name:  <unnamed>
       log:  /share/home/clafuent/MCVL/UVD_ABS_code/results/all_results07.log
  log type:  text
resumed on:  16 Mar 2021, 16:42:06

. ****** STU *****************************
. sum mu_y sig_y sig_c sig_e sig_b lsig_y lsig_c lsig_e lsig_b psig_c psig_e psig_b plsi
> g_c plsig_e plsig_b lsig_y2 sig_x lsig_c lsig_e2 lsig_b2 lpsig_x lpsig_e lpsig_b

    Variable |        Obs        Mean    Std. Dev.       Min        Max
-------------+---------------------------------------------------------
        mu_y |    719,814    370.2286           0   370.2286   370.2286
       sig_y |    719,814    460710.5           0   460710.5   460710.5
       sig_c |    719,814    191702.8           0   191702.8   191702.8
       sig_e |    719,814    214373.4           0   214373.4   214373.4
       sig_b |    719,814    54634.26           0   54634.26   54634.26
-------------+---------------------------------------------------------
      lsig_y |    719,814    2.796206           0   2.796206   2.796206
      lsig_c |    719,814    1.644934           0   1.644934   1.644934
      lsig_e |    719,814    .4492744           0   .4492744   .4492744
      lsig_b |    719,814    .7019975           0   .7019975   .7019975
      psig_c |    719,814    .4161026           0   .4161026   .4161026
-------------+---------------------------------------------------------
      psig_e |    719,814    .4653105           0   .4653105   .4653105
      psig_b |    719,814     .118587           0    .118587    .118587
     plsig_c |    719,814    .5882736           0   .5882736   .5882736
     plsig_e |    719,814    .1606729           0   .1606729   .1606729
     plsig_b |    719,814    .2510535           0   .2510535   .2510535
-------------+---------------------------------------------------------
     lsig_y2 |    719,814    2.796206           0   2.796206   2.796206
       sig_x |    719,814    .0056257           0   .0056257   .0056257
      lsig_c |    719,814    1.644934           0   1.644934   1.644934
     lsig_e2 |    719,814    .4380211           0   .4380211   .4380211
     lsig_b2 |    719,814    .7076249           0   .7076249   .7076249
-------------+---------------------------------------------------------
     lpsig_x |    719,814    .0020119           0   .0020119   .0020119
     lpsig_e |    719,814    .1566484           0   .1566484   .1566484
     lpsig_b |    719,814    .2530661           0   .2530661   .2530661

. log off
      name:  <unnamed>
       log:  /share/home/clafuent/MCVL/UVD_ABS_code/results/all_results07.log
  log type:  text
 paused on:  16 Mar 2021, 16:42:06
----------------------------------------------------------------------------------------
----------------------------------------------------------------------------------------
      name:  <unnamed>
       log:  /share/home/clafuent/MCVL/UVD_ABS_code/results/all_results07.log
  log type:  text
resumed on:  16 Mar 2021, 16:42:12

. ****** STU+Spell Adj *****************************
. sum mu_y sig_y sig_c sig_e sig_b lsig_y lsig_c lsig_e lsig_b psig_c psig_e psig_b plsi
> g_c plsig_e plsig_b lsig_y2 sig_x lsig_c lsig_e2 lsig_b2 lpsig_x lpsig_e lpsig_b

    Variable |        Obs        Mean    Std. Dev.       Min        Max
-------------+---------------------------------------------------------
        mu_y |    719,814    345.3434           0   345.3434   345.3434
       sig_y |    719,814    465123.5           0   465123.5   465123.5
       sig_c |    719,814    174281.8           0   174281.8   174281.8
       sig_e |    719,814    235821.4           0   235821.4   235821.4
       sig_b |    719,814    55020.37           0   55020.37   55020.37
-------------+---------------------------------------------------------
      lsig_y |    719,814    3.308314           0   3.308314   3.308314
      lsig_c |    719,814    1.644934           0   1.644934   1.644934
      lsig_e |    719,814    .9266323           0   .9266323   .9266323
      lsig_b |    719,814     .736748           0    .736748    .736748
      psig_c |    719,814       .3747           0      .3747      .3747
-------------+---------------------------------------------------------
      psig_e |    719,814    .5070081           0   .5070081   .5070081
      psig_b |    719,814     .118292           0    .118292    .118292
     plsig_c |    719,814    .4972121           0   .4972121   .4972121
     plsig_e |    719,814     .280092           0    .280092    .280092
     plsig_b |    719,814    .2226959           0   .2226959   .2226959
-------------+---------------------------------------------------------
     lsig_y2 |    719,814    3.308314           0   3.308314   3.308314
       sig_x |    719,814    .0251966           0   .0251966   .0251966
      lsig_c |    719,814    1.644934           0   1.644934   1.644934
     lsig_e2 |    719,814    .8762373           0   .8762373   .8762373
     lsig_b2 |    719,814     .761946           0    .761946    .761946
-------------+---------------------------------------------------------
     lpsig_x |    719,814    .0076161           0   .0076161   .0076161
     lpsig_e |    719,814    .2648592           0   .2648592   .2648592
     lpsig_b |    719,814    .2303125           0   .2303125   .2303125

. log off
      name:  <unnamed>
       log:  /share/home/clafuent/MCVL/UVD_ABS_code/results/all_results07.log
  log type:  text
 paused on:  16 Mar 2021, 16:42:13
----------------------------------------------------------------------------------------
----------------------------------------------------------------------------------------
      name:  <unnamed>
       log:  /share/home/clafuent/MCVL/UVD_ABS_code/results/all_results07.log
  log type:  text
resumed on:  16 Mar 2021, 16:42:24

. ****** NE (NO Spell Adj) *****************************
. sum mu_y sig_y sig_c sig_e sig_b lsig_y lsig_c lsig_e lsig_b psig_c psig_e psig_b plsi
> g_c plsig_e plsig_b lsig_y2 sig_x lsig_c lsig_e2 lsig_b2 lpsig_x lpsig_e lpsig_b

    Variable |        Obs        Mean    Std. Dev.       Min        Max
-------------+---------------------------------------------------------
        mu_y |    932,324    340.0131           0   340.0131   340.0131
       sig_y |    932,324    464333.8           0   464333.8   464333.8
       sig_c |    932,324    160753.8           0   160753.8   160753.8
       sig_e |    932,324    259418.9           0   259418.9   259418.9
       sig_b |    932,324    45145.35           0   45145.35   45145.35
-------------+---------------------------------------------------------
      lsig_y |    932,324     3.51664           0    3.51664    3.51664
      lsig_c |    932,324    1.644934           0   1.644934   1.644934
      lsig_e |    932,324    .7847692           0   .7847692   .7847692
      lsig_b |    932,324    1.086937           0   1.086937   1.086937
      psig_c |    932,324     .346203           0    .346203    .346203
-------------+---------------------------------------------------------
      psig_e |    932,324    .5586905           0   .5586905   .5586905
      psig_b |    932,324    .0972261           0   .0972261   .0972261
     plsig_c |    932,324    .4677573           0   .4677573   .4677573
     plsig_e |    932,324    .2231588           0   .2231588   .2231588
     plsig_b |    932,324    .3090838           0   .3090838   .3090838
-------------+---------------------------------------------------------
     lsig_y2 |    932,324    3.516641           0   3.516641   3.516641
       sig_x |    932,324     -.00495           0    -.00495    -.00495
      lsig_c |    932,324    1.644934           0   1.644934   1.644934
     lsig_e2 |    932,324    .7892174           0   .7892174   .7892174
     lsig_b2 |    932,324     1.08744           0    1.08744    1.08744
-------------+---------------------------------------------------------
     lpsig_x |    932,324   -.0014076           0  -.0014076  -.0014076
     lpsig_e |    932,324    .2244236           0   .2244236   .2244236
     lpsig_b |    932,324    .3092268           0   .3092268   .3092268

. log off
      name:  <unnamed>
       log:  /share/home/clafuent/MCVL/UVD_ABS_code/results/all_results07.log
  log type:  text
 paused on:  16 Mar 2021, 16:42:25
----------------------------------------------------------------------------------------
----------------------------------------------------------------------------------------
      name:  <unnamed>
       log:  /share/home/clafuent/MCVL/UVD_ABS_code/results/all_results07.log
  log type:  text
resumed on:  16 Mar 2021, 16:42:34

. ****** NE + Spell Adj *****************************
. sum mu_y sig_y sig_c sig_e sig_b lsig_y lsig_c lsig_e lsig_b psig_c psig_e psig_b plsi
> g_c plsig_e plsig_b lsig_y2 sig_x lsig_c lsig_e2 lsig_b2 lpsig_x lpsig_e lpsig_b

    Variable |        Obs        Mean    Std. Dev.       Min        Max
-------------+---------------------------------------------------------
        mu_y |    932,324    283.0467           0   283.0467   283.0467
       sig_y |    932,324    415186.8           0   415186.8   415186.8
       sig_c |    932,324    122636.5           0   122636.5   122636.5
       sig_e |    932,324    250028.8           0   250028.8   250028.8
       sig_b |    932,324    42521.55           0   42521.55   42521.55
-------------+---------------------------------------------------------
      lsig_y |    932,324    3.901162           0   3.901162   3.901162
      lsig_c |    932,324    1.644934           0   1.644934   1.644934
      lsig_e |    932,324    1.189817           0   1.189817   1.189817
      lsig_b |    932,324    1.066411           0   1.066411   1.066411
      psig_c |    932,324    .2953767           0   .2953767   .2953767
-------------+---------------------------------------------------------
      psig_e |    932,324    .6022078           0   .6022078   .6022078
      psig_b |    932,324    .1024155           0   .1024155   .1024155
     plsig_c |    932,324    .4216524           0   .4216524   .4216524
     plsig_e |    932,324    .3049904           0   .3049904   .3049904
     plsig_b |    932,324    .2733572           0   .2733572   .2733572
-------------+---------------------------------------------------------
     lsig_y2 |    932,324    3.901161           0   3.901161   3.901161
       sig_x |    932,324    .0267015           0   .0267015   .0267015
      lsig_c |    932,324    1.644934           0   1.644934   1.644934
     lsig_e2 |    932,324    1.136412           0   1.136412   1.136412
     lsig_b2 |    932,324    1.093113           0   1.093113   1.093113
-------------+---------------------------------------------------------
     lpsig_x |    932,324    .0068445           0   .0068445   .0068445
     lpsig_e |    932,324     .291301           0    .291301    .291301
     lpsig_b |    932,324    .2802021           0   .2802021   .2802021

. log off
      name:  <unnamed>
       log:  /share/home/clafuent/MCVL/UVD_ABS_code/results/all_results07.log
  log type:  text
 paused on:  16 Mar 2021, 16:42:35
----------------------------------------------------------------------------------------
