----------------------------------------------------------------------------------------------------------------------
      name:  <unnamed>
       log:  /share/home/clafuent/MCVL/UVD_ABS_code/results/all_results96noA_x.log
  log type:  text
 opened on:   7 May 2021, 14:18:47

. log off
      name:  <unnamed>
       log:  /share/home/clafuent/MCVL/UVD_ABS_code/results/all_results96noA_x.log
  log type:  text
 paused on:   7 May 2021, 14:18:47
----------------------------------------------------------------------------------------------------------------------
----------------------------------------------------------------------------------------------------------------------
      name:  <unnamed>
       log:  /share/home/clafuent/MCVL/UVD_ABS_code/results/all_results96noA_x.log
  log type:  text
resumed on:   7 May 2021, 14:18:58

. ****** Raw *****************************
. sum mu_y sig_y sig_c sig_e sig_b lsig_y lsig_c lsig_e lsig_b psig_c psig_e psig_b plsig_c plsig_e plsig_b lsig_y2 si
> g_x lsig_c lsig_e2 lsig_b2 lpsig_x lpsig_e lpsig_b

    Variable |        Obs        Mean    Std. Dev.       Min        Max
-------------+---------------------------------------------------------
        mu_y |    430,272    190.7582           0   190.7582   190.7582
       sig_y |    430,272     66216.7           0    66216.7    66216.7
       sig_c |    430,272    43338.46           0   43338.46   43338.46
       sig_e |    430,272    15928.33           0   15928.33   15928.33
       sig_b |    430,272    6949.911           0   6949.911   6949.911
-------------+---------------------------------------------------------
      lsig_y |    430,272    1.274989           0   1.274989   1.274989
      lsig_c |    430,272    1.644934           0   1.644934   1.644934
      lsig_e |    430,272   -.6189988           0  -.6189988  -.6189988
      lsig_b |    430,272     .249054           0    .249054    .249054
      psig_c |    430,272    .6544944           0   .6544944   .6544944
-------------+---------------------------------------------------------
      psig_e |    430,272    .2405485           0   .2405485   .2405485
      psig_b |    430,272    .1049571           0   .1049571   .1049571
     plsig_c |    430,272    1.290155           0   1.290155   1.290155
     plsig_e |    430,272   -.4854933           0  -.4854933  -.4854933
     plsig_b |    430,272    .1953381           0   .1953381   .1953381
-------------+---------------------------------------------------------
     lsig_y2 |    430,272     1.27499           0    1.27499    1.27499
       sig_x |    430,272    .0600736           0   .0600736   .0600736
      lsig_c |    430,272    1.644934           0   1.644934   1.644934
     lsig_e2 |    430,272   -.6650118           0  -.6650118  -.6650118
     lsig_b2 |    430,272    .2349944           0   .2349944   .2349944
-------------+---------------------------------------------------------
     lpsig_x |    430,272    .0471169           0   .0471169   .0471169
     lpsig_e |    430,272   -.5215819           0  -.5215819  -.5215819
     lpsig_b |    430,272    .1843107           0   .1843107   .1843107

. log off
      name:  <unnamed>
       log:  /share/home/clafuent/MCVL/UVD_ABS_code/results/all_results96noA_x.log
  log type:  text
 paused on:   7 May 2021, 14:19:01
----------------------------------------------------------------------------------------------------------------------
----------------------------------------------------------------------------------------------------------------------
      name:  <unnamed>
       log:  /share/home/clafuent/MCVL/UVD_ABS_code/results/all_results96noA_x.log
  log type:  text
resumed on:   7 May 2021, 14:19:13

. ****** LTU *****************************
. sum mu_y sig_y sig_c sig_e sig_b lsig_y lsig_c lsig_e lsig_b psig_c psig_e psig_b plsig_c plsig_e plsig_b lsig_y2 si
> g_x lsig_c lsig_e2 lsig_b2 lpsig_x lpsig_e lpsig_b

    Variable |        Obs        Mean    Std. Dev.       Min        Max
-------------+---------------------------------------------------------
        mu_y |    430,272    245.1106           0   245.1106   245.1106
       sig_y |    430,272    132050.8           0   132050.8   132050.8
       sig_c |    430,272    77934.28           0   77934.28   77934.28
       sig_e |    430,272     36261.2           0    36261.2    36261.2
       sig_b |    430,272    17855.36           0   17855.36   17855.36
-------------+---------------------------------------------------------
      lsig_y |    430,272     1.46421           0    1.46421    1.46421
      lsig_c |    430,272    1.644934           0   1.644934   1.644934
      lsig_e |    430,272   -.5186609           0  -.5186609  -.5186609
      lsig_b |    430,272    .3379364           0   .3379364   .3379364
      psig_c |    430,272    .5901839           0   .5901839   .5901839
-------------+---------------------------------------------------------
      psig_e |    430,272    .2746003           0   .2746003   .2746003
      psig_b |    430,272    .1352158           0   .1352158   .1352158
     plsig_c |    430,272    1.123428           0   1.123428   1.123428
     plsig_e |    430,272   -.3542259           0  -.3542259  -.3542259
     plsig_b |    430,272    .2307978           0   .2307978   .2307978
-------------+---------------------------------------------------------
     lsig_y2 |    430,272    1.464209           0   1.464209   1.464209
       sig_x |    430,272    .0601671           0   .0601671   .0601671
      lsig_c |    430,272    1.644934           0   1.644934   1.644934
     lsig_e2 |    430,272   -.5554367           0  -.5554367  -.5554367
     lsig_b2 |    430,272    .3145442           0   .3145442   .3145442
-------------+---------------------------------------------------------
     lpsig_x |    430,272    .0410919           0   .0410919   .0410919
     lpsig_e |    430,272   -.3793426           0  -.3793426  -.3793426
     lpsig_b |    430,272     .214822           0    .214822    .214822

. log off
      name:  <unnamed>
       log:  /share/home/clafuent/MCVL/UVD_ABS_code/results/all_results96noA_x.log
  log type:  text
 paused on:   7 May 2021, 14:19:16
----------------------------------------------------------------------------------------------------------------------
----------------------------------------------------------------------------------------------------------------------
      name:  <unnamed>
       log:  /share/home/clafuent/MCVL/UVD_ABS_code/results/all_results96noA_x.log
  log type:  text
resumed on:   7 May 2021, 14:19:34

. ****** STU *****************************
. sum mu_y sig_y sig_c sig_e sig_b lsig_y lsig_c lsig_e lsig_b psig_c psig_e psig_b plsig_c plsig_e plsig_b lsig_y2 si
> g_x lsig_c lsig_e2 lsig_b2 lpsig_x lpsig_e lpsig_b

    Variable |        Obs        Mean    Std. Dev.       Min        Max
-------------+---------------------------------------------------------
        mu_y |    656,600    248.3083           0   248.3083   248.3083
       sig_y |    656,600    161870.6           0   161870.6   161870.6
       sig_c |    656,600    79566.91           0   79566.91   79566.91
       sig_e |    656,600    64393.54           0   64393.54   64393.54
       sig_b |    656,600    17910.15           0   17910.15   17910.15
-------------+---------------------------------------------------------
      lsig_y |    656,600    2.272736           0   2.272736   2.272736
      lsig_c |    656,600    1.644934           0   1.644934   1.644934
      lsig_e |    656,600    .2081991           0   .2081991   .2081991
      lsig_b |    656,600    .4196026           0   .4196026   .4196026
      psig_c |    656,600    .4915464           0   .4915464   .4915464
-------------+---------------------------------------------------------
      psig_e |    656,600    .3978087           0   .3978087   .3978087
      psig_b |    656,600    .1106449           0   .1106449   .1106449
     plsig_c |    656,600    .7237682           0   .7237682   .7237682
     plsig_e |    656,600    .0916073           0   .0916073   .0916073
     plsig_b |    656,600    .1846244           0   .1846244   .1846244
-------------+---------------------------------------------------------
     lsig_y2 |    656,600    2.272735           0   2.272735   2.272735
       sig_x |    656,600    .1273518           0   .1273518   .1273518
      lsig_c |    656,600    1.644934           0   1.644934   1.644934
     lsig_e2 |    656,600    .1471612           0   .1471612   .1471612
     lsig_b2 |    656,600    .3532883           0   .3532883   .3532883
-------------+---------------------------------------------------------
     lpsig_x |    656,600    .0560346           0   .0560346   .0560346
     lpsig_e |    656,600    .0647507           0   .0647507   .0647507
     lpsig_b |    656,600    .1554463           0   .1554463   .1554463

. log off
      name:  <unnamed>
       log:  /share/home/clafuent/MCVL/UVD_ABS_code/results/all_results96noA_x.log
  log type:  text
 paused on:   7 May 2021, 14:19:37
----------------------------------------------------------------------------------------------------------------------
----------------------------------------------------------------------------------------------------------------------
      name:  <unnamed>
       log:  /share/home/clafuent/MCVL/UVD_ABS_code/results/all_results96noA_x.log
  log type:  text
resumed on:   7 May 2021, 14:19:51

. ****** STU+Spell Adj *****************************
. sum mu_y sig_y sig_c sig_e sig_b lsig_y lsig_c lsig_e lsig_b psig_c psig_e psig_b plsig_c plsig_e plsig_b lsig_y2 si
> g_x lsig_c lsig_e2 lsig_b2 lpsig_x lpsig_e lpsig_b

    Variable |        Obs        Mean    Std. Dev.       Min        Max
-------------+---------------------------------------------------------
        mu_y |    656,600    215.7076           0   215.7076   215.7076
       sig_y |    656,600    156218.3           0   156218.3   156218.3
       sig_c |    656,600    64641.14           0   64641.14   64641.14
       sig_e |    656,600    73465.59           0   73465.59   73465.59
       sig_b |    656,600    18111.61           0   18111.61   18111.61
-------------+---------------------------------------------------------
      lsig_y |    656,600    2.846326           0   2.846326   2.846326
      lsig_c |    656,600    1.644934           0   1.644934   1.644934
      lsig_e |    656,600    .7192289           0   .7192289   .7192289
      lsig_b |    656,600    .4821634           0   .4821634   .4821634
      psig_c |    656,600    .4137872           0   .4137872   .4137872
-------------+---------------------------------------------------------
      psig_e |    656,600    .4702751           0   .4702751   .4702751
      psig_b |    656,600    .1159378           0   .1159378   .1159378
     plsig_c |    656,600    .5779148           0   .5779148   .5779148
     plsig_e |    656,600    .2526867           0   .2526867   .2526867
     plsig_b |    656,600    .1693985           0   .1693985   .1693985
-------------+---------------------------------------------------------
     lsig_y2 |    656,600    2.846325           0   2.846325   2.846325
       sig_x |    656,600    .1770866           0   .1770866   .1770866
      lsig_c |    656,600    1.644934           0   1.644934   1.644934
     lsig_e2 |    656,600    .6263539           0   .6263539   .6263539
     lsig_b2 |    656,600    .3979504           0   .3979504   .3979504
-------------+---------------------------------------------------------
     lpsig_x |    656,600    .0622159           0   .0622159   .0622159
     lpsig_e |    656,600    .2200571           0   .2200571   .2200571
     lpsig_b |    656,600     .139812           0    .139812    .139812

. log off
      name:  <unnamed>
       log:  /share/home/clafuent/MCVL/UVD_ABS_code/results/all_results96noA_x.log
  log type:  text
 paused on:   7 May 2021, 14:19:54
----------------------------------------------------------------------------------------------------------------------
----------------------------------------------------------------------------------------------------------------------
      name:  <unnamed>
       log:  /share/home/clafuent/MCVL/UVD_ABS_code/results/all_results96noA_x.log
  log type:  text
resumed on:   7 May 2021, 14:20:19

. ****** NE (NO Spell Adj) *****************************
. sum mu_y sig_y sig_c sig_e sig_b lsig_y lsig_c lsig_e lsig_b psig_c psig_e psig_b plsig_c plsig_e plsig_b lsig_y2 si
> g_x lsig_c lsig_e2 lsig_b2 lpsig_x lpsig_e lpsig_b

    Variable |        Obs        Mean    Std. Dev.       Min        Max
-------------+---------------------------------------------------------
        mu_y |    844,674    230.6004           0   230.6004   230.6004
       sig_y |    844,674    166346.5           0   166346.5   166346.5
       sig_c |    844,674    67915.59           0   67915.59   67915.59
       sig_e |    844,674     83811.9           0    83811.9    83811.9
       sig_b |    844,674    14739.23           0   14739.23   14739.23
-------------+---------------------------------------------------------
      lsig_y |    844,674    2.888281           0   2.888281   2.888281
      lsig_c |    844,674    1.644934           0   1.644934   1.644934
      lsig_e |    844,674    .5223178           0   .5223178   .5223178
      lsig_b |    844,674    .7210296           0   .7210296   .7210296
      psig_c |    844,674    .4082778           0   .4082778   .4082778
-------------+---------------------------------------------------------
      psig_e |    844,674    .5038393           0   .5038393   .5038393
      psig_b |    844,674    .0886056           0   .0886056   .0886056
     plsig_c |    844,674      .56952           0     .56952     .56952
     plsig_e |    844,674    .1808403           0   .1808403   .1808403
     plsig_b |    844,674    .2496397           0   .2496397   .2496397
-------------+---------------------------------------------------------
     lsig_y2 |    844,674    2.888282           0   2.888282   2.888282
       sig_x |    844,674    .1474252           0   .1474252   .1474252
      lsig_c |    844,674    1.644934           0   1.644934   1.644934
     lsig_e2 |    844,674    .4610866           0   .4610866   .4610866
     lsig_b2 |    844,674     .634836           0    .634836    .634836
-------------+---------------------------------------------------------
     lpsig_x |    844,674    .0510425           0   .0510425   .0510425
     lpsig_e |    844,674    .1596405           0   .1596405   .1596405
     lpsig_b |    844,674    .2197971           0   .2197971   .2197971

. log off
      name:  <unnamed>
       log:  /share/home/clafuent/MCVL/UVD_ABS_code/results/all_results96noA_x.log
  log type:  text
 paused on:   7 May 2021, 14:20:24
----------------------------------------------------------------------------------------------------------------------
----------------------------------------------------------------------------------------------------------------------
      name:  <unnamed>
       log:  /share/home/clafuent/MCVL/UVD_ABS_code/results/all_results96noA_x.log
  log type:  text
resumed on:   7 May 2021, 14:20:42

. ****** NE + Spell Adj *****************************
. sum mu_y sig_y sig_c sig_e sig_b lsig_y lsig_c lsig_e lsig_b psig_c psig_e psig_b plsig_c plsig_e plsig_b lsig_y2 si
> g_x lsig_c lsig_e2 lsig_b2 lpsig_x lpsig_e lpsig_b

    Variable |        Obs        Mean    Std. Dev.       Min        Max
-------------+---------------------------------------------------------
        mu_y |    844,674    172.9079           0   172.9079   172.9079
       sig_y |    844,674    129837.5           0   129837.5   129837.5
       sig_c |    844,674    43172.65           0   43172.65   43172.65
       sig_e |    844,674    73389.15           0   73389.15   73389.15
       sig_b |    844,674    13275.68           0   13275.68   13275.68
-------------+---------------------------------------------------------
      lsig_y |    844,674    3.294661           0   3.294661   3.294661
      lsig_c |    844,674    1.644934           0   1.644934   1.644934
      lsig_e |    844,674    .9032995           0   .9032995   .9032995
      lsig_b |    844,674    .7464272           0   .7464272   .7464272
      psig_c |    844,674     .332513           0    .332513    .332513
-------------+---------------------------------------------------------
      psig_e |    844,674    .5652385           0   .5652385   .5652385
      psig_b |    844,674    .1022484           0   .1022484   .1022484
     plsig_c |    844,674    .4992727           0   .4992727   .4992727
     plsig_e |    844,674    .2741707           0   .2741707   .2741707
     plsig_b |    844,674    .2265566           0   .2265566   .2265566
-------------+---------------------------------------------------------
     lsig_y2 |    844,674     3.29466           0    3.29466    3.29466
       sig_x |    844,674    .1605256           0   .1605256   .1605256
      lsig_c |    844,674    1.644934           0   1.644934   1.644934
     lsig_e2 |    844,674    .8214859           0   .8214859   .8214859
     lsig_b2 |    844,674    .6677148           0   .6677148   .6677148
-------------+---------------------------------------------------------
     lpsig_x |    844,674    .0487229           0   .0487229   .0487229
     lpsig_e |    844,674    .2493386           0   .2493386   .2493386
     lpsig_b |    844,674    .2026658           0   .2026658   .2026658

. log off
      name:  <unnamed>
       log:  /share/home/clafuent/MCVL/UVD_ABS_code/results/all_results96noA_x.log
  log type:  text
 paused on:   7 May 2021, 14:20:45
----------------------------------------------------------------------------------------------------------------------
----------------------------------------------------------------------------------------------------------------------
      name:  <unnamed>
       log:  /share/home/clafuent/MCVL/UVD_ABS_code/results/all_results96noA_x.log
  log type:  text
resumed on:   7 May 2021, 14:21:05

. ****** STU + Recalls + Spell Adj *****************************
. sum mu_y sig_y sig_c sig_e sig_b lsig_y lsig_c lsig_e lsig_b psig_c psig_e psig_b plsig_c plsig_e plsig_b lsig_y2 si
> g_x lsig_c lsig_e2 lsig_b2 lpsig_x lpsig_e lpsig_b

    Variable |        Obs        Mean    Std. Dev.       Min        Max
-------------+---------------------------------------------------------
        mu_y |    794,578    171.7619           0   171.7619   171.7619
       sig_y |    794,578    122770.4           0   122770.4   122770.4
       sig_c |    794,578    41862.95           0   41862.95   41862.95
       sig_e |    794,578    68546.49           0   68546.49   68546.49
       sig_b |    794,578    12360.96           0   12360.96   12360.96
-------------+---------------------------------------------------------
      lsig_y |    794,578    3.286545           0   3.286545   3.286545
      lsig_c |    794,578    1.644934           0   1.644934   1.644934
      lsig_e |    794,578     .929582           0    .929582    .929582
      lsig_b |    794,578    .7120288           0   .7120288   .7120288
      psig_c |    794,578    .3409857           0   .3409857   .3409857
-------------+---------------------------------------------------------
      psig_e |    794,578    .5583308           0   .5583308   .5583308
      psig_b |    794,578    .1006835           0   .1006835   .1006835
     plsig_c |    794,578    .5005056           0   .5005056   .5005056
     plsig_e |    794,578    .2828448           0   .2828448   .2828448
     plsig_b |    794,578    .2166497           0   .2166497   .2166497
-------------+---------------------------------------------------------
     lsig_y2 |    794,578    3.286546           0   3.286546   3.286546
       sig_x |    794,578    .1540561           0   .1540561   .1540561
      lsig_c |    794,578    1.644934           0   1.644934   1.644934
     lsig_e2 |    794,578    .8448941           0   .8448941   .8448941
     lsig_b2 |    794,578    .6426613           0   .6426613   .6426613
-------------+---------------------------------------------------------
     lpsig_x |    794,578    .0468748           0   .0468748   .0468748
     lpsig_e |    794,578    .2570766           0   .2570766   .2570766
     lpsig_b |    794,578    .1955431           0   .1955431   .1955431

. log off
      name:  <unnamed>
       log:  /share/home/clafuent/MCVL/UVD_ABS_code/results/all_results96noA_x.log
  log type:  text
 paused on:   7 May 2021, 14:21:08
----------------------------------------------------------------------------------------------------------------------
----------------------------------------------------------------------------------------------------------------------
      name:  <unnamed>
       log:  /share/home/clafuent/MCVL/UVD_ABS_code/results/all_results96noA_x.log
  log type:  text
resumed on:   7 May 2021, 14:21:26

. ****** STU + Blanks + Spell Adj *****************************
. sum mu_y sig_y sig_c sig_e sig_b lsig_y lsig_c lsig_e lsig_b psig_c psig_e psig_b plsig_c plsig_e plsig_b lsig_y2 si
> g_x lsig_c lsig_e2 lsig_b2 lpsig_x lpsig_e lpsig_b

    Variable |        Obs        Mean    Std. Dev.       Min        Max
-------------+---------------------------------------------------------
        mu_y |    731,216    208.1506           0   208.1506   208.1506
       sig_y |    731,216    160439.9           0   160439.9   160439.9
       sig_c |    731,216    62529.88           0   62529.88   62529.88
       sig_e |    731,216    78706.55           0   78706.55   78706.55
       sig_b |    731,216    19203.44           0   19203.44   19203.44
-------------+---------------------------------------------------------
      lsig_y |    731,216    3.000978           0   3.000978   3.000978
      lsig_c |    731,216    1.644934           0   1.644934   1.644934
      lsig_e |    731,216    .7425462           0   .7425462   .7425462
      lsig_b |    731,216    .6134984           0   .6134984   .6134984
      psig_c |    731,216    .3897403           0   .3897403   .3897403
-------------+---------------------------------------------------------
      psig_e |    731,216    .4905672           0   .4905672   .4905672
      psig_b |    731,216    .1196925           0   .1196925   .1196925
     plsig_c |    731,216    .5481326           0   .5481326   .5481326
     plsig_e |    731,216    .2474347           0   .2474347   .2474347
     plsig_b |    731,216    .2044328           0   .2044328   .2044328
-------------+---------------------------------------------------------
     lsig_y2 |    731,216    3.000977           0   3.000977   3.000977
       sig_x |    731,216    .1835754           0   .1835754   .1835754
      lsig_c |    731,216    1.644934           0   1.644934   1.644934
     lsig_e2 |    731,216    .6575333           0   .6575333   .6575333
     lsig_b2 |    731,216    .5149343           0   .5149343   .5149343
-------------+---------------------------------------------------------
     lpsig_x |    731,216    .0611719           0   .0611719   .0611719
     lpsig_e |    731,216    .2191064           0   .2191064   .2191064
     lpsig_b |    731,216    .1715889           0   .1715889   .1715889

. log off
      name:  <unnamed>
       log:  /share/home/clafuent/MCVL/UVD_ABS_code/results/all_results96noA_x.log
  log type:  text
 paused on:   7 May 2021, 14:21:29
----------------------------------------------------------------------------------------------------------------------
