---------------------------------------------------------------------------------
      name:  <unnamed>
       log:  /share/home/clafuent/MCVL/UVD_ABS_code/results/all_results96.log
  log type:  text
 opened on:  26 Nov 2021, 20:16:15

. log off
      name:  <unnamed>
       log:  /share/home/clafuent/MCVL/UVD_ABS_code/results/all_results96.log
  log type:  text
 paused on:  26 Nov 2021, 20:16:15
---------------------------------------------------------------------------------
---------------------------------------------------------------------------------
      name:  <unnamed>
       log:  /share/home/clafuent/MCVL/UVD_ABS_code/results/all_results96.log
  log type:  text
resumed on:  26 Nov 2021, 20:17:07

. ****** Raw *****************************
. sum mu_y sig_y sig_c sig_e sig_b lsig_y lsig_c lsig_e lsig_b psig_c psig_e psig
> _b plsig_c plsig_e plsig_b lsig_y2 sig_x lsig_c lsig_e2 lsig_b2 lpsig_x lpsig_e
>  lpsig_b

    Variable |        Obs        Mean    Std. Dev.       Min        Max
-------------+---------------------------------------------------------
        mu_y |    441,650    188.4721           0   188.4721   188.4721
       sig_y |    441,650    66006.31           0   66006.31   66006.31
       sig_c |    441,650    42575.36           0   42575.36   42575.36
       sig_e |    441,650    16377.16           0   16377.16   16377.16
       sig_b |    441,650    7053.789           0   7053.789   7053.789
-------------+---------------------------------------------------------
      lsig_y |    441,650    1.335543           0   1.335543   1.335543
      lsig_c |    441,650    1.644934           0   1.644934   1.644934
      lsig_e |    441,650   -.6003289           0  -.6003289  -.6003289
      lsig_b |    441,650    .2909382           0   .2909382   .2909382
      psig_c |    441,650    .6450196           0   .6450196   .6450196
-------------+---------------------------------------------------------
      psig_e |    441,650    .2481151           0   .2481151   .2481151
      psig_b |    441,650    .1068654           0   .1068654   .1068654
     plsig_c |    441,650    1.231659           0   1.231659   1.231659
     plsig_e |    441,650   -.4495016           0  -.4495016  -.4495016
     plsig_b |    441,650    .2178426           0   .2178426   .2178426
-------------+---------------------------------------------------------
     lsig_y2 |    441,650    1.335544           0   1.335544   1.335544
       sig_x |    441,650    .0148398           0   .0148398   .0148398
      lsig_c |    441,650    1.644934           0   1.644934   1.644934
     lsig_e2 |    441,650   -.6300097           0  -.6300097  -.6300097
     lsig_b2 |    441,650    .3057799           0   .3057799   .3057799
-------------+---------------------------------------------------------
     lpsig_x |    441,650    .0111114           0   .0111114   .0111114
     lpsig_e |    441,650   -.4717251           0  -.4717251  -.4717251
     lpsig_b |    441,650    .2289553           0   .2289553   .2289553

. log off
      name:  <unnamed>
       log:  /share/home/clafuent/MCVL/UVD_ABS_code/results/all_results96.log
  log type:  text
 paused on:  26 Nov 2021, 20:17:12
---------------------------------------------------------------------------------
---------------------------------------------------------------------------------
      name:  <unnamed>
       log:  /share/home/clafuent/MCVL/UVD_ABS_code/results/all_results96.log
  log type:  text
resumed on:  26 Nov 2021, 20:17:19

. ****** LTU *****************************
. sum mu_y sig_y sig_c sig_e sig_b lsig_y lsig_c lsig_e lsig_b psig_c psig_e psig
> _b plsig_c plsig_e plsig_b lsig_y2 sig_x lsig_c lsig_e2 lsig_b2 lpsig_x lpsig_e
>  lpsig_b

    Variable |        Obs        Mean    Std. Dev.       Min        Max
-------------+---------------------------------------------------------
        mu_y |    400,714    251.3585           0   251.3585   251.3585
       sig_y |    400,714    136710.3           0   136710.3   136710.3
       sig_c |    400,714    81526.63           0   81526.63   81526.63
       sig_e |    400,714    36837.83           0   36837.83   36837.83
       sig_b |    400,714    18345.88           0   18345.88   18345.88
-------------+---------------------------------------------------------
      lsig_y |    400,714    1.507941           0   1.507941   1.507941
      lsig_c |    400,714    1.644934           0   1.644934   1.644934
      lsig_e |    400,714   -.4977167           0  -.4977167  -.4977167
      lsig_b |    400,714    .3607235           0   .3607235   .3607235
      psig_c |    400,714    .5963457           0   .5963457   .5963457
-------------+---------------------------------------------------------
      psig_e |    400,714     .269459           0    .269459    .269459
      psig_b |    400,714    .1341953           0   .1341953   .1341953
     plsig_c |    400,714    1.090848           0   1.090848   1.090848
     plsig_e |    400,714   -.3300638           0  -.3300638  -.3300638
     plsig_b |    400,714    .2392159           0   .2392159   .2392159
-------------+---------------------------------------------------------
     lsig_y2 |    400,714    1.507939           0   1.507939   1.507939
       sig_x |    400,714    .0081635           0   .0081635   .0081635
      lsig_c |    400,714    1.644934           0   1.644934   1.644934
     lsig_e2 |    400,714   -.5140454           0  -.5140454  -.5140454
     lsig_b2 |    400,714    .3688865           0   .3688865   .3688865
-------------+---------------------------------------------------------
     lpsig_x |    400,714    .0054137           0   .0054137   .0054137
     lpsig_e |    400,714   -.3408928           0  -.3408928  -.3408928
     lpsig_b |    400,714    .2446296           0   .2446296   .2446296

. log off
      name:  <unnamed>
       log:  /share/home/clafuent/MCVL/UVD_ABS_code/results/all_results96.log
  log type:  text
 paused on:  26 Nov 2021, 20:17:24
---------------------------------------------------------------------------------
---------------------------------------------------------------------------------
      name:  <unnamed>
       log:  /share/home/clafuent/MCVL/UVD_ABS_code/results/all_results96.log
  log type:  text
resumed on:  26 Nov 2021, 20:17:41

. ****** STU *****************************
. sum mu_y sig_y sig_c sig_e sig_b lsig_y lsig_c lsig_e lsig_b psig_c psig_e psig
> _b plsig_c plsig_e plsig_b lsig_y2 sig_x lsig_c lsig_e2 lsig_b2 lpsig_x lpsig_e
>  lpsig_b

    Variable |        Obs        Mean    Std. Dev.       Min        Max
-------------+---------------------------------------------------------
        mu_y |    672,456     258.246           0    258.246    258.246
       sig_y |    672,456    175813.4           0   175813.4   175813.4
       sig_c |    672,456    86527.98           0   86527.98   86527.98
       sig_e |    672,456    69448.21           0   69448.21   69448.21
       sig_b |    672,456    19837.22           0   19837.22   19837.22
-------------+---------------------------------------------------------
      lsig_y |    672,456     2.37626           0    2.37626    2.37626
      lsig_c |    672,456    1.644934           0   1.644934   1.644934
      lsig_e |    672,456    .2807524           0   .2807524   .2807524
      lsig_b |    672,456    .4505737           0   .4505737   .4505737
      psig_c |    672,456     .492158           0    .492158    .492158
-------------+---------------------------------------------------------
      psig_e |    672,456    .3950109           0   .3950109   .3950109
      psig_b |    672,456    .1128311           0   .1128311   .1128311
     plsig_c |    672,456    .6922365           0   .6922365   .6922365
     plsig_e |    672,456    .1181489           0   .1181489   .1181489
     plsig_b |    672,456    .1896146           0   .1896146   .1896146
-------------+---------------------------------------------------------
     lsig_y2 |    672,456    2.376259           0   2.376259   2.376259
       sig_x |    672,456    .0012429           0   .0012429   .0012429
      lsig_c |    672,456    1.644934           0   1.644934   1.644934
     lsig_e2 |    672,456     .278265           0    .278265    .278265
     lsig_b2 |    672,456    .4518167           0   .4518167   .4518167
-------------+---------------------------------------------------------
     lpsig_x |    672,456     .000523           0    .000523    .000523
     lpsig_e |    672,456    .1171022           0   .1171022   .1171022
     lpsig_b |    672,456    .1901378           0   .1901378   .1901378

. log off
      name:  <unnamed>
       log:  /share/home/clafuent/MCVL/UVD_ABS_code/results/all_results96.log
  log type:  text
 paused on:  26 Nov 2021, 20:17:47
---------------------------------------------------------------------------------
---------------------------------------------------------------------------------
      name:  <unnamed>
       log:  /share/home/clafuent/MCVL/UVD_ABS_code/results/all_results96.log
  log type:  text
resumed on:  26 Nov 2021, 20:18:01

. ****** STU+Spell Adj *****************************
. sum mu_y sig_y sig_c sig_e sig_b lsig_y lsig_c lsig_e lsig_b psig_c psig_e psig
> _b plsig_c plsig_e plsig_b lsig_y2 sig_x lsig_c lsig_e2 lsig_b2 lpsig_x lpsig_e
>  lpsig_b

    Variable |        Obs        Mean    Std. Dev.       Min        Max
-------------+---------------------------------------------------------
        mu_y |    672,456    225.2056           0   225.2056   225.2056
       sig_y |    672,456    170835.9           0   170835.9   170835.9
       sig_c |    672,456    71360.46           0   71360.46   71360.46
       sig_e |    672,456    78832.23           0   78832.23   78832.23
       sig_b |    672,456    20643.17           0   20643.17   20643.17
-------------+---------------------------------------------------------
      lsig_y |    672,456    2.937598           0   2.937598   2.937598
      lsig_c |    672,456    1.644934           0   1.644934   1.644934
      lsig_e |    672,456    .7704879           0   .7704879   .7704879
      lsig_b |    672,456    .5221757           0   .5221757   .5221757
      psig_c |    672,456    .4177136           0   .4177136   .4177136
-------------+---------------------------------------------------------
      psig_e |    672,456    .4614501           0   .4614501   .4614501
      psig_b |    672,456    .1208363           0   .1208363   .1208363
     plsig_c |    672,456    .5599589           0   .5599589   .5599589
     plsig_e |    672,456    .2622851           0   .2622851   .2622851
     plsig_b |    672,456     .177756           0    .177756    .177756
-------------+---------------------------------------------------------
     lsig_y2 |    672,456    2.937599           0   2.937599   2.937599
       sig_x |    672,456    .0160117           0   .0160117   .0160117
      lsig_c |    672,456    1.644934           0   1.644934   1.644934
     lsig_e2 |    672,456    .7384626           0   .7384626   .7384626
     lsig_b2 |    672,456    .5381904           0   .5381904   .5381904
-------------+---------------------------------------------------------
     lpsig_x |    672,456    .0054506           0   .0054506   .0054506
     lpsig_e |    672,456    .2513831           0   .2513831   .2513831
     lpsig_b |    672,456    .1832076           0   .1832076   .1832076

. log off
      name:  <unnamed>
       log:  /share/home/clafuent/MCVL/UVD_ABS_code/results/all_results96.log
  log type:  text
 paused on:  26 Nov 2021, 20:18:07
---------------------------------------------------------------------------------
---------------------------------------------------------------------------------
      name:  <unnamed>
       log:  /share/home/clafuent/MCVL/UVD_ABS_code/results/all_results96.log
  log type:  text
resumed on:  26 Nov 2021, 20:18:28

. ****** NE + Spell Adj *****************************
. sum mu_y sig_y sig_c sig_e sig_b lsig_y lsig_c lsig_e lsig_b psig_c psig_e psig
> _b plsig_c plsig_e plsig_b lsig_y2 sig_x lsig_c lsig_e2 lsig_b2 lpsig_x lpsig_e
>  lpsig_b

    Variable |        Obs        Mean    Std. Dev.       Min        Max
-------------+---------------------------------------------------------
        mu_y |    873,268    181.8352           0   181.8352   181.8352
       sig_y |    873,268    142086.8           0   142086.8   142086.8
       sig_c |    873,268    48872.06           0   48872.06   48872.06
       sig_e |    873,268    77406.55           0   77406.55   77406.55
       sig_b |    873,268    15808.17           0   15808.17   15808.17
-------------+---------------------------------------------------------
      lsig_y |    873,268    3.323461           0   3.323461   3.323461
      lsig_c |    873,268    1.644934           0   1.644934   1.644934
      lsig_e |    873,268    .8982724           0   .8982724   .8982724
      lsig_b |    873,268    .7802544           0   .7802544   .7802544
      psig_c |    873,268    .3439592           0   .3439592   .3439592
-------------+---------------------------------------------------------
      psig_e |    873,268    .5447836           0   .5447836   .5447836
      psig_b |    873,268    .1112572           0   .1112572   .1112572
     plsig_c |    873,268    .4949461           0   .4949461   .4949461
     plsig_e |    873,268    .2702822           0   .2702822   .2702822
     plsig_b |    873,268    .2347717           0   .2347717   .2347717
-------------+---------------------------------------------------------
     lsig_y2 |    873,268     3.32346           0    3.32346    3.32346
       sig_x |    873,268    .0142684           0   .0142684   .0142684
      lsig_c |    873,268    1.644934           0   1.644934   1.644934
     lsig_e2 |    873,268    .8697339           0   .8697339   .8697339
     lsig_b2 |    873,268     .794524           0    .794524    .794524
-------------+---------------------------------------------------------
     lpsig_x |    873,268    .0042932           0   .0042932   .0042932
     lpsig_e |    873,268    .2616953           0   .2616953   .2616953
     lpsig_b |    873,268    .2390653           0   .2390653   .2390653

. log off
      name:  <unnamed>
       log:  /share/home/clafuent/MCVL/UVD_ABS_code/results/all_results96.log
  log type:  text
 paused on:  26 Nov 2021, 20:18:35
---------------------------------------------------------------------------------
