----------------------------------------------------------------------------------------------------------------------
      name:  <unnamed>
       log:  /share/home/clafuent/MCVL/UVD_ABS_code/results/all_results96noA_x_onlygender_nob0.log
  log type:  text
 opened on:  10 May 2021, 12:26:54

. log off
      name:  <unnamed>
       log:  /share/home/clafuent/MCVL/UVD_ABS_code/results/all_results96noA_x_onlygender_nob0.log
  log type:  text
 paused on:  10 May 2021, 12:26:54
----------------------------------------------------------------------------------------------------------------------
----------------------------------------------------------------------------------------------------------------------
      name:  <unnamed>
       log:  /share/home/clafuent/MCVL/UVD_ABS_code/results/all_results96noA_x_onlygender_nob0.log
  log type:  text
resumed on:  10 May 2021, 12:27:05

. ****** Raw *****************************
. sum mu_y sig_y sig_c sig_e sig_b lsig_y lsig_c lsig_e lsig_b psig_c psig_e psig_b plsig_c plsig_e plsig_b lsig_y2 si
> g_x lsig_c lsig_e2 lsig_b2 lpsig_x lpsig_e lpsig_b

    Variable |        Obs        Mean    Std. Dev.       Min        Max
-------------+---------------------------------------------------------
        mu_y |    430,272    190.7582           0   190.7582   190.7582
       sig_y |    430,272     66216.7           0    66216.7    66216.7
       sig_c |    430,272    43338.46           0   43338.46   43338.46
       sig_e |    430,272    15928.33           0   15928.33   15928.33
       sig_b |    430,272    6949.911           0   6949.911   6949.911
-------------+---------------------------------------------------------
      lsig_y |    430,272    1.274989           0   1.274989   1.274989
      lsig_c |    430,272    1.644934           0   1.644934   1.644934
      lsig_e |    430,272   -.6189988           0  -.6189988  -.6189988
      lsig_b |    430,272     .249054           0    .249054    .249054
      psig_c |    430,272    .6544944           0   .6544944   .6544944
-------------+---------------------------------------------------------
      psig_e |    430,272    .2405485           0   .2405485   .2405485
      psig_b |    430,272    .1049571           0   .1049571   .1049571
     plsig_c |    430,272    1.290155           0   1.290155   1.290155
     plsig_e |    430,272   -.4854933           0  -.4854933  -.4854933
     plsig_b |    430,272    .1953381           0   .1953381   .1953381
-------------+---------------------------------------------------------
     lsig_y2 |    430,272     1.27499           0    1.27499    1.27499
       sig_x |    430,272   -7.319911           0  -7.319911  -7.319911
      lsig_c |    430,272    1.644934           0   1.644934   1.644934
     lsig_e2 |    430,272    3.901448           0   3.901448   3.901448
     lsig_b2 |    430,272    3.048519           0   3.048519   3.048519
-------------+---------------------------------------------------------
     lpsig_x |    430,272   -5.741151           0  -5.741151  -5.741151
     lpsig_e |    430,272    3.059983           0   3.059983   3.059983
     lpsig_b |    430,272    2.391013           0   2.391013   2.391013

. log off
      name:  <unnamed>
       log:  /share/home/clafuent/MCVL/UVD_ABS_code/results/all_results96noA_x_onlygender_nob0.log
  log type:  text
 paused on:  10 May 2021, 12:27:07
----------------------------------------------------------------------------------------------------------------------
----------------------------------------------------------------------------------------------------------------------
      name:  <unnamed>
       log:  /share/home/clafuent/MCVL/UVD_ABS_code/results/all_results96noA_x_onlygender_nob0.log
  log type:  text
resumed on:  10 May 2021, 12:27:18

. ****** LTU *****************************
. sum mu_y sig_y sig_c sig_e sig_b lsig_y lsig_c lsig_e lsig_b psig_c psig_e psig_b plsig_c plsig_e plsig_b lsig_y2 si
> g_x lsig_c lsig_e2 lsig_b2 lpsig_x lpsig_e lpsig_b

    Variable |        Obs        Mean    Std. Dev.       Min        Max
-------------+---------------------------------------------------------
        mu_y |    430,272    245.1106           0   245.1106   245.1106
       sig_y |    430,272    132050.8           0   132050.8   132050.8
       sig_c |    430,272    77934.28           0   77934.28   77934.28
       sig_e |    430,272     36261.2           0    36261.2    36261.2
       sig_b |    430,272    17855.36           0   17855.36   17855.36
-------------+---------------------------------------------------------
      lsig_y |    430,272     1.46421           0    1.46421    1.46421
      lsig_c |    430,272    1.644934           0   1.644934   1.644934
      lsig_e |    430,272   -.5186609           0  -.5186609  -.5186609
      lsig_b |    430,272    .3379364           0   .3379364   .3379364
      psig_c |    430,272    .5901839           0   .5901839   .5901839
-------------+---------------------------------------------------------
      psig_e |    430,272    .2746003           0   .2746003   .2746003
      psig_b |    430,272    .1352158           0   .1352158   .1352158
     plsig_c |    430,272    1.123428           0   1.123428   1.123428
     plsig_e |    430,272   -.3542259           0  -.3542259  -.3542259
     plsig_b |    430,272    .2307978           0   .2307978   .2307978
-------------+---------------------------------------------------------
     lsig_y2 |    430,272    1.464209           0   1.464209   1.464209
       sig_x |    430,272   -7.829146           0  -7.829146  -7.829146
      lsig_c |    430,272    1.644934           0   1.644934   1.644934
     lsig_e2 |    430,272    4.326782           0   4.326782   4.326782
     lsig_b2 |    430,272    3.321639           0   3.321639   3.321639
-------------+---------------------------------------------------------
     lpsig_x |    430,272   -5.347016           0  -5.347016  -5.347016
     lpsig_e |    430,272    2.955031           0   2.955031   2.955031
     lpsig_b |    430,272    2.268556           0   2.268556   2.268556

. log off
      name:  <unnamed>
       log:  /share/home/clafuent/MCVL/UVD_ABS_code/results/all_results96noA_x_onlygender_nob0.log
  log type:  text
 paused on:  10 May 2021, 12:27:21
----------------------------------------------------------------------------------------------------------------------
----------------------------------------------------------------------------------------------------------------------
      name:  <unnamed>
       log:  /share/home/clafuent/MCVL/UVD_ABS_code/results/all_results96noA_x_onlygender_nob0.log
  log type:  text
resumed on:  10 May 2021, 12:27:36

. ****** STU *****************************
. sum mu_y sig_y sig_c sig_e sig_b lsig_y lsig_c lsig_e lsig_b psig_c psig_e psig_b plsig_c plsig_e plsig_b lsig_y2 si
> g_x lsig_c lsig_e2 lsig_b2 lpsig_x lpsig_e lpsig_b

    Variable |        Obs        Mean    Std. Dev.       Min        Max
-------------+---------------------------------------------------------
        mu_y |    656,600    248.3083           0   248.3083   248.3083
       sig_y |    656,600    161870.6           0   161870.6   161870.6
       sig_c |    656,600    79566.91           0   79566.91   79566.91
       sig_e |    656,600    64393.54           0   64393.54   64393.54
       sig_b |    656,600    17910.15           0   17910.15   17910.15
-------------+---------------------------------------------------------
      lsig_y |    656,600    2.272736           0   2.272736   2.272736
      lsig_c |    656,600    1.644934           0   1.644934   1.644934
      lsig_e |    656,600    .2081991           0   .2081991   .2081991
      lsig_b |    656,600    .4196026           0   .4196026   .4196026
      psig_c |    656,600    .4915464           0   .4915464   .4915464
-------------+---------------------------------------------------------
      psig_e |    656,600    .3978087           0   .3978087   .3978087
      psig_b |    656,600    .1106449           0   .1106449   .1106449
     plsig_c |    656,600    .7237682           0   .7237682   .7237682
     plsig_e |    656,600    .0916073           0   .0916073   .0916073
     plsig_b |    656,600    .1846244           0   .1846244   .1846244
-------------+---------------------------------------------------------
     lsig_y2 |    656,600    2.272735           0   2.272735   2.272735
       sig_x |    656,600   -7.190298           0  -7.190298  -7.190298
      lsig_c |    656,600    1.644934           0   1.644934   1.644934
     lsig_e2 |    656,600    4.716735           0   4.716735   4.716735
     lsig_b2 |    656,600    3.101364           0   3.101364   3.101364
-------------+---------------------------------------------------------
     lpsig_x |    656,600    -3.16372           0   -3.16372   -3.16372
     lpsig_e |    656,600    2.075356           0   2.075356   2.075356
     lpsig_b |    656,600    1.364595           0   1.364595   1.364595

. log off
      name:  <unnamed>
       log:  /share/home/clafuent/MCVL/UVD_ABS_code/results/all_results96noA_x_onlygender_nob0.log
  log type:  text
 paused on:  10 May 2021, 12:27:38
----------------------------------------------------------------------------------------------------------------------
----------------------------------------------------------------------------------------------------------------------
      name:  <unnamed>
       log:  /share/home/clafuent/MCVL/UVD_ABS_code/results/all_results96noA_x_onlygender_nob0.log
  log type:  text
resumed on:  10 May 2021, 12:27:51

. ****** STU+Spell Adj *****************************
. sum mu_y sig_y sig_c sig_e sig_b lsig_y lsig_c lsig_e lsig_b psig_c psig_e psig_b plsig_c plsig_e plsig_b lsig_y2 si
> g_x lsig_c lsig_e2 lsig_b2 lpsig_x lpsig_e lpsig_b

    Variable |        Obs        Mean    Std. Dev.       Min        Max
-------------+---------------------------------------------------------
        mu_y |    656,600    215.7076           0   215.7076   215.7076
       sig_y |    656,600    156218.3           0   156218.3   156218.3
       sig_c |    656,600    64641.14           0   64641.14   64641.14
       sig_e |    656,600    73465.59           0   73465.59   73465.59
       sig_b |    656,600    18111.61           0   18111.61   18111.61
-------------+---------------------------------------------------------
      lsig_y |    656,600    2.846326           0   2.846326   2.846326
      lsig_c |    656,600    1.644934           0   1.644934   1.644934
      lsig_e |    656,600    .7192289           0   .7192289   .7192289
      lsig_b |    656,600    .4821634           0   .4821634   .4821634
      psig_c |    656,600    .4137872           0   .4137872   .4137872
-------------+---------------------------------------------------------
      psig_e |    656,600    .4702751           0   .4702751   .4702751
      psig_b |    656,600    .1159378           0   .1159378   .1159378
     plsig_c |    656,600    .5779148           0   .5779148   .5779148
     plsig_e |    656,600    .2526867           0   .2526867   .2526867
     plsig_b |    656,600    .1693985           0   .1693985   .1693985
-------------+---------------------------------------------------------
     lsig_y2 |    656,600    2.846325           0   2.846325   2.846325
       sig_x |    656,600   -6.528257           0  -6.528257  -6.528257
      lsig_c |    656,600    1.644934           0   1.644934   1.644934
     lsig_e2 |    656,600    4.813561           0   4.813561   4.813561
     lsig_b2 |    656,600    2.916087           0   2.916087   2.916087
-------------+---------------------------------------------------------
     lpsig_x |    656,600   -2.293574           0  -2.293574  -2.293574
     lpsig_e |    656,600    1.691149           0   1.691149   1.691149
     lpsig_b |    656,600     1.02451           0    1.02451    1.02451

. log off
      name:  <unnamed>
       log:  /share/home/clafuent/MCVL/UVD_ABS_code/results/all_results96noA_x_onlygender_nob0.log
  log type:  text
 paused on:  10 May 2021, 12:27:54
----------------------------------------------------------------------------------------------------------------------
----------------------------------------------------------------------------------------------------------------------
      name:  <unnamed>
       log:  /share/home/clafuent/MCVL/UVD_ABS_code/results/all_results96noA_x_onlygender_nob0.log
  log type:  text
resumed on:  10 May 2021, 12:28:11

. ****** NE (NO Spell Adj) *****************************
. sum mu_y sig_y sig_c sig_e sig_b lsig_y lsig_c lsig_e lsig_b psig_c psig_e psig_b plsig_c plsig_e plsig_b lsig_y2 si
> g_x lsig_c lsig_e2 lsig_b2 lpsig_x lpsig_e lpsig_b

    Variable |        Obs        Mean    Std. Dev.       Min        Max
-------------+---------------------------------------------------------
        mu_y |    844,674    230.6004           0   230.6004   230.6004
       sig_y |    844,674    166346.5           0   166346.5   166346.5
       sig_c |    844,674    67915.59           0   67915.59   67915.59
       sig_e |    844,674     83811.9           0    83811.9    83811.9
       sig_b |    844,674    14739.23           0   14739.23   14739.23
-------------+---------------------------------------------------------
      lsig_y |    844,674    2.888281           0   2.888281   2.888281
      lsig_c |    844,674    1.644934           0   1.644934   1.644934
      lsig_e |    844,674    .5223178           0   .5223178   .5223178
      lsig_b |    844,674    .7210296           0   .7210296   .7210296
      psig_c |    844,674    .4082778           0   .4082778   .4082778
-------------+---------------------------------------------------------
      psig_e |    844,674    .5038393           0   .5038393   .5038393
      psig_b |    844,674    .0886056           0   .0886056   .0886056
     plsig_c |    844,674      .56952           0     .56952     .56952
     plsig_e |    844,674    .1808403           0   .1808403   .1808403
     plsig_b |    844,674    .2496397           0   .2496397   .2496397
-------------+---------------------------------------------------------
     lsig_y2 |    844,674    2.888282           0   2.888282   2.888282
       sig_x |    844,674   -6.275065           0  -6.275065  -6.275065
      lsig_c |    844,674    1.644934           0   1.644934   1.644934
     lsig_e2 |    844,674     4.51721           0    4.51721    4.51721
     lsig_b2 |    844,674    3.001203           0   3.001203   3.001203
-------------+---------------------------------------------------------
     lpsig_x |    844,674   -2.172595           0  -2.172595  -2.172595
     lpsig_e |    844,674    1.563978           0   1.563978   1.563978
     lpsig_b |    844,674    1.039096           0   1.039096   1.039096

. log off
      name:  <unnamed>
       log:  /share/home/clafuent/MCVL/UVD_ABS_code/results/all_results96noA_x_onlygender_nob0.log
  log type:  text
 paused on:  10 May 2021, 12:28:14
----------------------------------------------------------------------------------------------------------------------
----------------------------------------------------------------------------------------------------------------------
      name:  <unnamed>
       log:  /share/home/clafuent/MCVL/UVD_ABS_code/results/all_results96noA_x_onlygender_nob0.log
  log type:  text
resumed on:  10 May 2021, 12:28:28

. ****** NE + Spell Adj *****************************
. sum mu_y sig_y sig_c sig_e sig_b lsig_y lsig_c lsig_e lsig_b psig_c psig_e psig_b plsig_c plsig_e plsig_b lsig_y2 si
> g_x lsig_c lsig_e2 lsig_b2 lpsig_x lpsig_e lpsig_b

    Variable |        Obs        Mean    Std. Dev.       Min        Max
-------------+---------------------------------------------------------
        mu_y |    844,674    172.9079           0   172.9079   172.9079
       sig_y |    844,674    129837.5           0   129837.5   129837.5
       sig_c |    844,674    43172.65           0   43172.65   43172.65
       sig_e |    844,674    73389.15           0   73389.15   73389.15
       sig_b |    844,674    13275.68           0   13275.68   13275.68
-------------+---------------------------------------------------------
      lsig_y |    844,674    3.294661           0   3.294661   3.294661
      lsig_c |    844,674    1.644934           0   1.644934   1.644934
      lsig_e |    844,674    .9032995           0   .9032995   .9032995
      lsig_b |    844,674    .7464272           0   .7464272   .7464272
      psig_c |    844,674     .332513           0    .332513    .332513
-------------+---------------------------------------------------------
      psig_e |    844,674    .5652385           0   .5652385   .5652385
      psig_b |    844,674    .1022484           0   .1022484   .1022484
     plsig_c |    844,674    .4992727           0   .4992727   .4992727
     plsig_e |    844,674    .2741707           0   .2741707   .2741707
     plsig_b |    844,674    .2265566           0   .2265566   .2265566
-------------+---------------------------------------------------------
     lsig_y2 |    844,674     3.29466           0    3.29466    3.29466
       sig_x |    844,674   -5.220002           0  -5.220002  -5.220002
      lsig_c |    844,674    1.644934           0   1.644934   1.644934
     lsig_e2 |    844,674    4.225392           0   4.225392   4.225392
     lsig_b2 |    844,674    2.644336           0   2.644336   2.644336
-------------+---------------------------------------------------------
     lpsig_x |    844,674   -1.584383           0  -1.584383  -1.584383
     lpsig_e |    844,674    1.282497           0   1.282497   1.282497
     lpsig_b |    844,674    .8026127           0   .8026127   .8026127

. log off
      name:  <unnamed>
       log:  /share/home/clafuent/MCVL/UVD_ABS_code/results/all_results96noA_x_onlygender_nob0.log
  log type:  text
 paused on:  10 May 2021, 12:28:31
----------------------------------------------------------------------------------------------------------------------
----------------------------------------------------------------------------------------------------------------------
      name:  <unnamed>
       log:  /share/home/clafuent/MCVL/UVD_ABS_code/results/all_results96noA_x_onlygender_nob0.log
  log type:  text
resumed on:  10 May 2021, 12:28:45

. ****** STU + Recalls + Spell Adj *****************************
. sum mu_y sig_y sig_c sig_e sig_b lsig_y lsig_c lsig_e lsig_b psig_c psig_e psig_b plsig_c plsig_e plsig_b lsig_y2 si
> g_x lsig_c lsig_e2 lsig_b2 lpsig_x lpsig_e lpsig_b

    Variable |        Obs        Mean    Std. Dev.       Min        Max
-------------+---------------------------------------------------------
        mu_y |    794,578    171.7619           0   171.7619   171.7619
       sig_y |    794,578    122770.4           0   122770.4   122770.4
       sig_c |    794,578    41862.95           0   41862.95   41862.95
       sig_e |    794,578    68546.49           0   68546.49   68546.49
       sig_b |    794,578    12360.96           0   12360.96   12360.96
-------------+---------------------------------------------------------
      lsig_y |    794,578    3.286545           0   3.286545   3.286545
      lsig_c |    794,578    1.644934           0   1.644934   1.644934
      lsig_e |    794,578     .929582           0    .929582    .929582
      lsig_b |    794,578    .7120288           0   .7120288   .7120288
      psig_c |    794,578    .3409857           0   .3409857   .3409857
-------------+---------------------------------------------------------
      psig_e |    794,578    .5583308           0   .5583308   .5583308
      psig_b |    794,578    .1006835           0   .1006835   .1006835
     plsig_c |    794,578    .5005056           0   .5005056   .5005056
     plsig_e |    794,578    .2828448           0   .2828448   .2828448
     plsig_b |    794,578    .2166497           0   .2166497   .2166497
-------------+---------------------------------------------------------
     lsig_y2 |    794,578    3.286546           0   3.286546   3.286546
       sig_x |    794,578   -5.246831           0  -5.246831  -5.246831
      lsig_c |    794,578    1.644934           0   1.644934   1.644934
     lsig_e2 |    794,578    4.271963           0   4.271963   4.271963
     lsig_b2 |    794,578    2.616479           0   2.616479   2.616479
-------------+---------------------------------------------------------
     lpsig_x |    794,578   -1.596458           0  -1.596458  -1.596458
     lpsig_e |    794,578    1.299834           0   1.299834   1.299834
     lpsig_b |    794,578    .7961184           0   .7961184   .7961184

. log off
      name:  <unnamed>
       log:  /share/home/clafuent/MCVL/UVD_ABS_code/results/all_results96noA_x_onlygender_nob0.log
  log type:  text
 paused on:  10 May 2021, 12:28:47
----------------------------------------------------------------------------------------------------------------------
----------------------------------------------------------------------------------------------------------------------
      name:  <unnamed>
       log:  /share/home/clafuent/MCVL/UVD_ABS_code/results/all_results96noA_x_onlygender_nob0.log
  log type:  text
resumed on:  10 May 2021, 12:29:00

. ****** STU + Blanks + Spell Adj *****************************
. sum mu_y sig_y sig_c sig_e sig_b lsig_y lsig_c lsig_e lsig_b psig_c psig_e psig_b plsig_c plsig_e plsig_b lsig_y2 si
> g_x lsig_c lsig_e2 lsig_b2 lpsig_x lpsig_e lpsig_b

    Variable |        Obs        Mean    Std. Dev.       Min        Max
-------------+---------------------------------------------------------
        mu_y |    731,216    208.1506           0   208.1506   208.1506
       sig_y |    731,216    160439.9           0   160439.9   160439.9
       sig_c |    731,216    62529.88           0   62529.88   62529.88
       sig_e |    731,216    78706.55           0   78706.55   78706.55
       sig_b |    731,216    19203.44           0   19203.44   19203.44
-------------+---------------------------------------------------------
      lsig_y |    731,216    3.000978           0   3.000978   3.000978
      lsig_c |    731,216    1.644934           0   1.644934   1.644934
      lsig_e |    731,216    .7425462           0   .7425462   .7425462
      lsig_b |    731,216    .6134984           0   .6134984   .6134984
      psig_c |    731,216    .3897403           0   .3897403   .3897403
-------------+---------------------------------------------------------
      psig_e |    731,216    .4905672           0   .4905672   .4905672
      psig_b |    731,216    .1196925           0   .1196925   .1196925
     plsig_c |    731,216    .5481326           0   .5481326   .5481326
     plsig_e |    731,216    .2474347           0   .2474347   .2474347
     plsig_b |    731,216    .2044328           0   .2044328   .2044328
-------------+---------------------------------------------------------
     lsig_y2 |    731,216    3.000977           0   3.000977   3.000977
       sig_x |    731,216   -6.204188           0  -6.204188  -6.204188
      lsig_c |    731,216    1.644934           0   1.644934   1.644934
     lsig_e2 |    731,216      4.6435           0     4.6435     4.6435
     lsig_b2 |    731,216    2.916731           0   2.916731   2.916731
-------------+---------------------------------------------------------
     lpsig_x |    731,216   -2.067389           0  -2.067389  -2.067389
     lpsig_e |    731,216    1.547329           0   1.547329   1.547329
     lpsig_b |    731,216    .9719271           0   .9719271   .9719271

. log off
      name:  <unnamed>
       log:  /share/home/clafuent/MCVL/UVD_ABS_code/results/all_results96noA_x_onlygender_nob0.log
  log type:  text
 paused on:  10 May 2021, 12:29:03
----------------------------------------------------------------------------------------------------------------------
