---------------------------------------------------------------------------------
      name:  <unnamed>
       log:  /share/home/clafuent/MCVL/UVD_ABS_code/results/all_results96_x.log
  log type:  text
 opened on:  18 Nov 2021, 12:55:11

. log off
      name:  <unnamed>
       log:  /share/home/clafuent/MCVL/UVD_ABS_code/results/all_results96_x.log
  log type:  text
 paused on:  18 Nov 2021, 12:55:11
---------------------------------------------------------------------------------
---------------------------------------------------------------------------------
      name:  <unnamed>
       log:  /share/home/clafuent/MCVL/UVD_ABS_code/results/all_results96_x.log
  log type:  text
resumed on:  18 Nov 2021, 12:55:26

. ****** Raw *****************************
. sum mu_y sig_y sig_c sig_e sig_b lsig_y lsig_c lsig_e lsig_b psig_c psig_e psig
> _b plsig_c plsig_e plsig_b lsig_y2 sig_x lsig_c lsig_e2 lsig_b2 lpsig_x lpsig_e
>  lpsig_b

    Variable |        Obs        Mean    Std. Dev.       Min        Max
-------------+---------------------------------------------------------
        mu_y |    391,578    197.0275           0   197.0275   197.0275
       sig_y |    391,578    69111.95           0   69111.95   69111.95
       sig_c |    391,578    45818.58           0   45818.58   45818.58
       sig_e |    391,578    16294.46           0   16294.46   16294.46
       sig_b |    391,578    6998.904           0   6998.904   6998.904
-------------+---------------------------------------------------------
      lsig_y |    391,578    1.279713           0   1.279713   1.279713
      lsig_c |    391,578    1.644934           0   1.644934   1.644934
      lsig_e |    391,578   -.6078691           0  -.6078691  -.6078691
      lsig_b |    391,578    .2426483           0   .2426483   .2426483
      psig_c |    391,578    .6629618           0   .6629618   .6629618
-------------+---------------------------------------------------------
      psig_e |    391,578    .2357691           0   .2357691   .2357691
      psig_b |    391,578    .1012691           0   .1012691   .1012691
     plsig_c |    391,578    1.285393           0   1.285393   1.285393
     plsig_e |    391,578   -.4750042           0  -.4750042  -.4750042
     plsig_b |    391,578    .1896114           0   .1896114   .1896114
-------------+---------------------------------------------------------
     lsig_y2 |    391,578    1.279715           0   1.279715   1.279715
       sig_x |    391,578    .0588168           0   .0588168   .0588168
      lsig_c |    391,578    1.644934           0   1.644934   1.644934
     lsig_e2 |    391,578   -.6494632           0  -.6494632  -.6494632
     lsig_b2 |    391,578    .2254273           0   .2254273   .2254273
-------------+---------------------------------------------------------
     lpsig_x |    391,578    .0459609           0   .0459609   .0459609
     lpsig_e |    391,578   -.5075061           0  -.5075061  -.5075061
     lpsig_b |    391,578    .1761543           0   .1761543   .1761543

. log off
      name:  <unnamed>
       log:  /share/home/clafuent/MCVL/UVD_ABS_code/results/all_results96_x.log
  log type:  text
 paused on:  18 Nov 2021, 12:55:32
---------------------------------------------------------------------------------
---------------------------------------------------------------------------------
      name:  <unnamed>
       log:  /share/home/clafuent/MCVL/UVD_ABS_code/results/all_results96_x.log
  log type:  text
resumed on:  18 Nov 2021, 12:55:50

. ****** LTU *****************************
. sum mu_y sig_y sig_c sig_e sig_b lsig_y lsig_c lsig_e lsig_b psig_c psig_e psig
> _b plsig_c plsig_e plsig_b lsig_y2 sig_x lsig_c lsig_e2 lsig_b2 lpsig_x lpsig_e
>  lpsig_b

    Variable |        Obs        Mean    Std. Dev.       Min        Max
-------------+---------------------------------------------------------
        mu_y |    420,104    247.3988           0   247.3988   247.3988
       sig_y |    420,104    133266.3           0   133266.3   133266.3
       sig_c |    420,104    79246.36           0   79246.36   79246.36
       sig_e |    420,104    35979.46           0   35979.46   35979.46
       sig_b |    420,104    18040.52           0   18040.52   18040.52
-------------+---------------------------------------------------------
      lsig_y |    420,104    1.476499           0   1.476499   1.476499
      lsig_c |    420,104    1.644934           0   1.644934   1.644934
      lsig_e |    420,104   -.5047464           0  -.5047464  -.5047464
      lsig_b |    420,104    .3363115           0   .3363115   .3363115
      psig_c |    420,104    .5946465           0   .5946465   .5946465
-------------+---------------------------------------------------------
      psig_e |    420,104    .2699816           0   .2699816   .2699816
      psig_b |    420,104    .1353719           0   .1353719   .1353719
     plsig_c |    420,104    1.114077           0   1.114077   1.114077
     plsig_e |    420,104   -.3418535           0  -.3418535  -.3418535
     plsig_b |    420,104    .2277763           0   .2277763   .2277763
-------------+---------------------------------------------------------
     lsig_y2 |    420,104    1.476498           0   1.476498   1.476498
       sig_x |    420,104    .0613045           0   .0613045   .0613045
      lsig_c |    420,104    1.644934           0   1.644934   1.644934
     lsig_e2 |    420,104   -.5414945           0  -.5414945  -.5414945
     lsig_b2 |    420,104    .3117536           0   .3117536   .3117536
-------------+---------------------------------------------------------
     lpsig_x |    420,104    .0415202           0   .0415202   .0415202
     lpsig_e |    420,104   -.3667425           0  -.3667425  -.3667425
     lpsig_b |    420,104     .211144           0    .211144    .211144

. log off
      name:  <unnamed>
       log:  /share/home/clafuent/MCVL/UVD_ABS_code/results/all_results96_x.log
  log type:  text
 paused on:  18 Nov 2021, 12:55:54
---------------------------------------------------------------------------------
---------------------------------------------------------------------------------
      name:  <unnamed>
       log:  /share/home/clafuent/MCVL/UVD_ABS_code/results/all_results96_x.log
  log type:  text
resumed on:  18 Nov 2021, 12:56:12

. ****** STU *****************************
. sum mu_y sig_y sig_c sig_e sig_b lsig_y lsig_c lsig_e lsig_b psig_c psig_e psig
> _b plsig_c plsig_e plsig_b lsig_y2 sig_x lsig_c lsig_e2 lsig_b2 lpsig_x lpsig_e
>  lpsig_b

    Variable |        Obs        Mean    Std. Dev.       Min        Max
-------------+---------------------------------------------------------
        mu_y |    648,704    249.6314           0   249.6314   249.6314
       sig_y |    648,704      163096           0     163096     163096
       sig_c |    648,704     80303.8           0    80303.8    80303.8
       sig_e |    648,704    64803.95           0   64803.95   64803.95
       sig_b |    648,704    17988.22           0   17988.22   17988.22
-------------+---------------------------------------------------------
      lsig_y |    648,704    2.297233           0   2.297233   2.297233
      lsig_c |    648,704    1.644934           0   1.644934   1.644934
      lsig_e |    648,704    .2303165           0   .2303165   .2303165
      lsig_b |    648,704    .4219826           0   .4219826   .4219826
      psig_c |    648,704    .4923714           0   .4923714   .4923714
-------------+---------------------------------------------------------
      psig_e |    648,704    .3973363           0   .3973363   .3973363
      psig_b |    648,704    .1102922           0   .1102922   .1102922
     plsig_c |    648,704    .7160501           0   .7160501   .7160501
     plsig_e |    648,704    .1002582           0   .1002582   .1002582
     plsig_b |    648,704    .1836917           0   .1836917   .1836917
-------------+---------------------------------------------------------
     lsig_y2 |    648,704    2.297234           0   2.297234   2.297234
       sig_x |    648,704    .1298773           0   .1298773   .1298773
      lsig_c |    648,704    1.644934           0   1.644934   1.644934
     lsig_e2 |    648,704    .1686517           0   .1686517   .1686517
     lsig_b2 |    648,704    .3537705           0   .3537705   .3537705
-------------+---------------------------------------------------------
     lpsig_x |    648,704    .0565364           0   .0565364   .0565364
     lpsig_e |    648,704    .0734151           0   .0734151   .0734151
     lpsig_b |    648,704    .1539985           0   .1539985   .1539985

. log off
      name:  <unnamed>
       log:  /share/home/clafuent/MCVL/UVD_ABS_code/results/all_results96_x.log
  log type:  text
 paused on:  18 Nov 2021, 12:56:16
---------------------------------------------------------------------------------
---------------------------------------------------------------------------------
      name:  <unnamed>
       log:  /share/home/clafuent/MCVL/UVD_ABS_code/results/all_results96_x.log
  log type:  text
resumed on:  18 Nov 2021, 12:56:31

. ****** STU+Spell Adj *****************************
. sum mu_y sig_y sig_c sig_e sig_b lsig_y lsig_c lsig_e lsig_b psig_c psig_e psig
> _b plsig_c plsig_e plsig_b lsig_y2 sig_x lsig_c lsig_e2 lsig_b2 lpsig_x lpsig_e
>  lpsig_b

    Variable |        Obs        Mean    Std. Dev.       Min        Max
-------------+---------------------------------------------------------
        mu_y |    648,704    216.3663           0   216.3663   216.3663
       sig_y |    648,704    156735.8           0   156735.8   156735.8
       sig_c |    648,704    65056.94           0   65056.94   65056.94
       sig_e |    648,704    73436.09           0   73436.09   73436.09
       sig_b |    648,704     18242.8           0    18242.8    18242.8
-------------+---------------------------------------------------------
      lsig_y |    648,704     2.86548           0    2.86548    2.86548
      lsig_c |    648,704    1.644934           0   1.644934   1.644934
      lsig_e |    648,704    .7360078           0   .7360078   .7360078
      lsig_b |    648,704     .484538           0    .484538    .484538
      psig_c |    648,704    .4150738           0   .4150738   .4150738
-------------+---------------------------------------------------------
      psig_e |    648,704    .4685341           0   .4685341   .4685341
      psig_b |    648,704     .116392           0    .116392    .116392
     plsig_c |    648,704    .5740519           0   .5740519   .5740519
     plsig_e |    648,704    .2568533           0   .2568533   .2568533
     plsig_b |    648,704    .1690949           0   .1690949   .1690949
-------------+---------------------------------------------------------
     lsig_y2 |    648,704    2.865479           0   2.865479   2.865479
       sig_x |    648,704    .1703429           0   .1703429   .1703429
      lsig_c |    648,704    1.644934           0   1.644934   1.644934
     lsig_e2 |    648,704    .6437248           0   .6437248   .6437248
     lsig_b2 |    648,704    .4064772           0   .4064772   .4064772
-------------+---------------------------------------------------------
     lpsig_x |    648,704    .0594466           0   .0594466   .0594466
     lpsig_e |    648,704    .2246482           0   .2246482   .2246482
     lpsig_b |    648,704    .1418532           0   .1418532   .1418532

. log off
      name:  <unnamed>
       log:  /share/home/clafuent/MCVL/UVD_ABS_code/results/all_results96_x.log
  log type:  text
 paused on:  18 Nov 2021, 12:56:36
---------------------------------------------------------------------------------
---------------------------------------------------------------------------------
      name:  <unnamed>
       log:  /share/home/clafuent/MCVL/UVD_ABS_code/results/all_results96_x.log
  log type:  text
resumed on:  18 Nov 2021, 12:56:56

. ****** NE + Spell Adj *****************************
. sum mu_y sig_y sig_c sig_e sig_b lsig_y lsig_c lsig_e lsig_b psig_c psig_e psig
> _b plsig_c plsig_e plsig_b lsig_y2 sig_x lsig_c lsig_e2 lsig_b2 lpsig_x lpsig_e
>  lpsig_b

    Variable |        Obs        Mean    Std. Dev.       Min        Max
-------------+---------------------------------------------------------
        mu_y |    844,674    172.9079           0   172.9079   172.9079
       sig_y |    844,674    129837.5           0   129837.5   129837.5
       sig_c |    844,674    43172.65           0   43172.65   43172.65
       sig_e |    844,674    73389.15           0   73389.15   73389.15
       sig_b |    844,674    13275.68           0   13275.68   13275.68
-------------+---------------------------------------------------------
      lsig_y |    844,674    3.294661           0   3.294661   3.294661
      lsig_c |    844,674    1.644934           0   1.644934   1.644934
      lsig_e |    844,674    .9032995           0   .9032995   .9032995
      lsig_b |    844,674    .7464272           0   .7464272   .7464272
      psig_c |    844,674     .332513           0    .332513    .332513
-------------+---------------------------------------------------------
      psig_e |    844,674    .5652385           0   .5652385   .5652385
      psig_b |    844,674    .1022484           0   .1022484   .1022484
     plsig_c |    844,674    .4992727           0   .4992727   .4992727
     plsig_e |    844,674    .2741707           0   .2741707   .2741707
     plsig_b |    844,674    .2265566           0   .2265566   .2265566
-------------+---------------------------------------------------------
     lsig_y2 |    844,674     3.29466           0    3.29466    3.29466
       sig_x |    844,674     .150007           0    .150007    .150007
      lsig_c |    844,674    1.644934           0   1.644934   1.644934
     lsig_e2 |    844,674    .8185757           0   .8185757   .8185757
     lsig_b2 |    844,674    .6811435           0   .6811435   .6811435
-------------+---------------------------------------------------------
     lpsig_x |    844,674    .0455303           0   .0455303   .0455303
     lpsig_e |    844,674    .2484553           0   .2484553   .2484553
     lpsig_b |    844,674    .2067416           0   .2067416   .2067416

. log off
      name:  <unnamed>
       log:  /share/home/clafuent/MCVL/UVD_ABS_code/results/all_results96_x.log
  log type:  text
 paused on:  18 Nov 2021, 12:57:00
---------------------------------------------------------------------------------
