------------------------------------------------------------------------------------------------------
      name:  <unnamed>
       log:  /share/home/clafuent/MCVL/UVD_ABS_code/results/BC_all_noA_x_noage.log
  log type:  text
 opened on:   3 Jun 2021, 18:25:38

. ********************************************************************************
. *                                                                              *
. *                               BC Decomposition                               *
. *                                                                              *
. ********************************************************************************
. log off
      name:  <unnamed>
       log:  /share/home/clafuent/MCVL/UVD_ABS_code/results/BC_all_noA_x_noage.log
  log type:  text
 paused on:   3 Jun 2021, 18:25:38
------------------------------------------------------------------------------------------------------
------------------------------------------------------------------------------------------------------
      name:  <unnamed>
       log:  /share/home/clafuent/MCVL/UVD_ABS_code/results/BC_all_noA_x_noage.log
  log type:  text
resumed on:   3 Jun 2021, 18:25:43

. ****** RAW, 2002-2007 *****************************
. sum mu_y sig_y sig_c sig_e sig_b lsig_y lsig_c lsig_e lsig_b psig_c psig_e psig_b plsig_c plsig_e pl
> sig_b lsig_y2 sig_x lsig_c lsig_e2 lsig_b2 lpsig_x lpsig_e lpsig_b

    Variable |        Obs        Mean    Std. Dev.       Min        Max
-------------+---------------------------------------------------------
        mu_y |    133,312    152.0206           0   152.0206   152.0206
       sig_y |    133,312     45373.7           0    45373.7    45373.7
       sig_c |    133,312    27481.09           0   27481.09   27481.09
       sig_e |    133,312    13521.45           0   13521.45   13521.45
       sig_b |    133,312    4371.164           0   4371.164   4371.164
-------------+---------------------------------------------------------
      lsig_y |    133,312    1.187257           0   1.187257   1.187257
      lsig_c |    133,312    1.644934           0   1.644934   1.644934
      lsig_e |    133,312   -.7112124           0  -.7112124  -.7112124
      lsig_b |    133,312    .2535356           0   .2535356   .2535356
      psig_c |    133,312    .6056612           0   .6056612   .6056612
-------------+---------------------------------------------------------
      psig_e |    133,312    .2980019           0   .2980019   .2980019
      psig_b |    133,312     .096337           0    .096337    .096337
     plsig_c |    133,312    1.385491           0   1.385491   1.385491
     plsig_e |    133,312   -.5990381           0  -.5990381  -.5990381
     plsig_b |    133,312    .2135473           0   .2135473   .2135473
-------------+---------------------------------------------------------
     lsig_y2 |    133,312    1.187259           0   1.187259   1.187259
       sig_x |    133,312    .0443532           0   .0443532   .0443532
      lsig_c |    133,312    1.644934           0   1.644934   1.644934
     lsig_e2 |    133,312   -.7765341           0  -.7765341  -.7765341
     lsig_b2 |    133,312     .274506           0    .274506    .274506
-------------+---------------------------------------------------------
     lpsig_x |    133,312    .0373577           0   .0373577   .0373577
     lpsig_e |    133,312   -.6540561           0  -.6540561  -.6540561
     lpsig_b |    133,312    .2312098           0   .2312098   .2312098

. log off
      name:  <unnamed>
       log:  /share/home/clafuent/MCVL/UVD_ABS_code/results/BC_all_noA_x_noage.log
  log type:  text
 paused on:   3 Jun 2021, 18:25:44
------------------------------------------------------------------------------------------------------
------------------------------------------------------------------------------------------------------
      name:  <unnamed>
       log:  /share/home/clafuent/MCVL/UVD_ABS_code/results/BC_all_noA_x_noage.log
  log type:  text
resumed on:   3 Jun 2021, 18:25:48

. ****** LTU, 2002-2007 *****************************
. sum mu_y sig_y sig_c sig_e sig_b lsig_y lsig_c lsig_e lsig_b psig_c psig_e psig_b plsig_c plsig_e pl
> sig_b lsig_y2 sig_x lsig_c lsig_e2 lsig_b2 lpsig_x lpsig_e lpsig_b

    Variable |        Obs        Mean    Std. Dev.       Min        Max
-------------+---------------------------------------------------------
        mu_y |    133,312     187.971           0    187.971    187.971
       sig_y |    133,312    76352.77           0   76352.77   76352.77
       sig_c |    133,312     46822.6           0    46822.6    46822.6
       sig_e |    133,312    18040.08           0   18040.08   18040.08
       sig_b |    133,312    11490.08           0   11490.08   11490.08
-------------+---------------------------------------------------------
      lsig_y |    133,312    1.290913           0   1.290913   1.290913
      lsig_c |    133,312    1.644934           0   1.644934   1.644934
      lsig_e |    133,312   -.7011122           0  -.7011122  -.7011122
      lsig_b |    133,312     .347091           0    .347091    .347091
      psig_c |    133,312    .6132404           0   .6132404   .6132404
-------------+---------------------------------------------------------
      psig_e |    133,312    .2362728           0   .2362728   .2362728
      psig_b |    133,312    .1504867           0   .1504867   .1504867
     plsig_c |    133,312    1.274241           0   1.274241   1.274241
     plsig_e |    133,312   -.5431135           0  -.5431135  -.5431135
     plsig_b |    133,312    .2688725           0   .2688725   .2688725
-------------+---------------------------------------------------------
     lsig_y2 |    133,312    1.290911           0   1.290911   1.290911
       sig_x |    133,312    .0328091           0   .0328091   .0328091
      lsig_c |    133,312    1.644934           0   1.644934   1.644934
     lsig_e2 |    133,312   -.7346737           0  -.7346737  -.7346737
     lsig_b2 |    133,312     .347842           0    .347842    .347842
-------------+---------------------------------------------------------
     lpsig_x |    133,312    .0254155           0   .0254155   .0254155
     lpsig_e |    133,312   -.5691124           0  -.5691124  -.5691124
     lpsig_b |    133,312    .2694546           0   .2694546   .2694546

. log off
      name:  <unnamed>
       log:  /share/home/clafuent/MCVL/UVD_ABS_code/results/BC_all_noA_x_noage.log
  log type:  text
 paused on:   3 Jun 2021, 18:25:49
------------------------------------------------------------------------------------------------------
------------------------------------------------------------------------------------------------------
      name:  <unnamed>
       log:  /share/home/clafuent/MCVL/UVD_ABS_code/results/BC_all_noA_x_noage.log
  log type:  text
resumed on:   3 Jun 2021, 18:25:57

. ****** STU, 2002-2007 *****************************
. sum mu_y sig_y sig_c sig_e sig_b lsig_y lsig_c lsig_e lsig_b psig_c psig_e psig_b plsig_c plsig_e pl
> sig_b lsig_y2 sig_x lsig_c lsig_e2 lsig_b2 lpsig_x lpsig_e lpsig_b

    Variable |        Obs        Mean    Std. Dev.       Min        Max
-------------+---------------------------------------------------------
        mu_y |    290,778     176.953           0    176.953    176.953
       sig_y |    290,778    89981.73           0   89981.73   89981.73
       sig_c |    290,778    43295.61           0   43295.61   43295.61
       sig_e |    290,778    34702.56           0   34702.56   34702.56
       sig_b |    290,778    11983.55           0   11983.55   11983.55
-------------+---------------------------------------------------------
      lsig_y |    290,778    2.466055           0   2.466055   2.466055
      lsig_c |    290,778    1.644934           0   1.644934   1.644934
      lsig_e |    290,778    .2795689           0   .2795689   .2795689
      lsig_b |    290,778    .5415523           0   .5415523   .5415523
      psig_c |    290,778    .4811601           0   .4811601   .4811601
-------------+---------------------------------------------------------
      psig_e |    290,778    .3856623           0   .3856623   .3856623
      psig_b |    290,778    .1331776           0   .1331776   .1331776
     plsig_c |    290,778    .6670305           0   .6670305   .6670305
     plsig_e |    290,778    .1133668           0   .1133668   .1133668
     plsig_b |    290,778    .2196027           0   .2196027   .2196027
-------------+---------------------------------------------------------
     lsig_y2 |    290,778    2.466056           0   2.466056   2.466056
       sig_x |    290,778    .0677323           0   .0677323   .0677323
      lsig_c |    290,778    1.644934           0   1.644934   1.644934
     lsig_e2 |    290,778      .25359           0     .25359     .25359
     lsig_b2 |    290,778    .4997993           0   .4997993   .4997993
-------------+---------------------------------------------------------
     lpsig_x |    290,778    .0274659           0   .0274659   .0274659
     lpsig_e |    290,778    .1028322           0   .1028322   .1028322
     lpsig_b |    290,778    .2026715           0   .2026715   .2026715

. log off
      name:  <unnamed>
       log:  /share/home/clafuent/MCVL/UVD_ABS_code/results/BC_all_noA_x_noage.log
  log type:  text
 paused on:   3 Jun 2021, 18:25:59
------------------------------------------------------------------------------------------------------
------------------------------------------------------------------------------------------------------
      name:  <unnamed>
       log:  /share/home/clafuent/MCVL/UVD_ABS_code/results/BC_all_noA_x_noage.log
  log type:  text
resumed on:   3 Jun 2021, 18:26:04

. ****** STU + SpellAdj, 2002-2007 *****************************
. sum mu_y sig_y sig_c sig_e sig_b lsig_y lsig_c lsig_e lsig_b psig_c psig_e psig_b plsig_c plsig_e pl
> sig_b lsig_y2 sig_x lsig_c lsig_e2 lsig_b2 lpsig_x lpsig_e lpsig_b

    Variable |        Obs        Mean    Std. Dev.       Min        Max
-------------+---------------------------------------------------------
        mu_y |    290,778    162.6888           0   162.6888   162.6888
       sig_y |    290,778    86049.88           0   86049.88   86049.88
       sig_c |    290,778    38261.74           0   38261.74   38261.74
       sig_e |    290,778    35993.75           0   35993.75   35993.75
       sig_b |    290,778    11794.38           0   11794.38   11794.38
-------------+---------------------------------------------------------
      lsig_y |    290,778    2.725732           0   2.725732   2.725732
      lsig_c |    290,778    1.644934           0   1.644934   1.644934
      lsig_e |    290,778    .5703849           0   .5703849   .5703849
      lsig_b |    290,778    .5104131           0   .5104131   .5104131
      psig_c |    290,778    .4446461           0   .4446461   .4446461
-------------+---------------------------------------------------------
      psig_e |    290,778    .4182895           0   .4182895   .4182895
      psig_b |    290,778    .1370645           0   .1370645   .1370645
     plsig_c |    290,778    .6034834           0   .6034834   .6034834
     plsig_e |    290,778    .2092593           0   .2092593   .2092593
     plsig_b |    290,778    .1872573           0   .1872573   .1872573
-------------+---------------------------------------------------------
     lsig_y2 |    290,778    2.725731           0   2.725731   2.725731
       sig_x |    290,778    .1033483           0   .1033483   .1033483
      lsig_c |    290,778    1.644934           0   1.644934   1.644934
     lsig_e2 |    290,778     .494439           0    .494439    .494439
     lsig_b2 |    290,778    .4830101           0   .4830101   .4830101
-------------+---------------------------------------------------------
     lpsig_x |    290,778    .0379158           0   .0379158   .0379158
     lpsig_e |    290,778    .1813968           0   .1813968   .1813968
     lpsig_b |    290,778    .1772038           0   .1772038   .1772038

. log off
      name:  <unnamed>
       log:  /share/home/clafuent/MCVL/UVD_ABS_code/results/BC_all_noA_x_noage.log
  log type:  text
 paused on:   3 Jun 2021, 18:26:05
------------------------------------------------------------------------------------------------------
------------------------------------------------------------------------------------------------------
      name:  <unnamed>
       log:  /share/home/clafuent/MCVL/UVD_ABS_code/results/BC_all_noA_x_noage.log
  log type:  text
resumed on:   3 Jun 2021, 18:26:19

. ****** NE - NO spell correction ,2002-2007 *****************************
. sum mu_y sig_y sig_c sig_e sig_b lsig_y lsig_c lsig_e lsig_b psig_c psig_e psig_b plsig_c plsig_e pl
> sig_b lsig_y2 sig_x lsig_c lsig_e2 lsig_b2 lpsig_x lpsig_e lpsig_b

    Variable |        Obs        Mean    Std. Dev.       Min        Max
-------------+---------------------------------------------------------
        mu_y |    425,978    157.9288           0   157.9288   157.9288
       sig_y |    425,978    86397.33           0   86397.33   86397.33
       sig_c |    425,978    34120.72           0   34120.72   34120.72
       sig_e |    425,978    43171.48           0   43171.48   43171.48
       sig_b |    425,978    9179.423           0   9179.423   9179.423
-------------+---------------------------------------------------------
      lsig_y |    425,978    2.982638           0   2.982638   2.982638
      lsig_c |    425,978    1.644934           0   1.644934   1.644934
      lsig_e |    425,978    .6186692           0   .6186692   .6186692
      lsig_b |    425,978    .7190351           0   .7190351   .7190351
      psig_c |    425,978    .3949279           0   .3949279   .3949279
-------------+---------------------------------------------------------
      psig_e |    425,978    .4996854           0   .4996854   .4996854
      psig_b |    425,978    .1062466           0   .1062466   .1062466
     plsig_c |    425,978     .551503           0    .551503    .551503
     plsig_e |    425,978    .2074234           0   .2074234   .2074234
     plsig_b |    425,978    .2410735           0   .2410735   .2410735
-------------+---------------------------------------------------------
     lsig_y2 |    425,978    2.982638           0   2.982638   2.982638
       sig_x |    425,978    .0465717           0   .0465717   .0465717
      lsig_c |    425,978    1.644934           0   1.644934   1.644934
     lsig_e2 |    425,978    .6199659           0   .6199659   .6199659
     lsig_b2 |    425,978    .6711664           0   .6711664   .6711664
-------------+---------------------------------------------------------
     lpsig_x |    425,978    .0156143           0   .0156143   .0156143
     lpsig_e |    425,978    .2078582           0   .2078582   .2078582
     lpsig_b |    425,978    .2250244           0   .2250244   .2250244

. log off
      name:  <unnamed>
       log:  /share/home/clafuent/MCVL/UVD_ABS_code/results/BC_all_noA_x_noage.log
  log type:  text
 paused on:   3 Jun 2021, 18:26:21
------------------------------------------------------------------------------------------------------
------------------------------------------------------------------------------------------------------
      name:  <unnamed>
       log:  /share/home/clafuent/MCVL/UVD_ABS_code/results/BC_all_noA_x_noage.log
  log type:  text
resumed on:   3 Jun 2021, 18:26:30

. ****** STU + Recalls + Spell Adj, 2002-2007 *****************************
. sum mu_y sig_y sig_c sig_e sig_b lsig_y lsig_c lsig_e lsig_b psig_c psig_e psig_b plsig_c plsig_e pl
> sig_b lsig_y2 sig_x lsig_c lsig_e2 lsig_b2 lpsig_x lpsig_e lpsig_b

    Variable |        Obs        Mean    Std. Dev.       Min        Max
-------------+---------------------------------------------------------
        mu_y |    385,162    131.2112           0   131.2112   131.2112
       sig_y |    385,162    67106.69           0   67106.69   67106.69
       sig_c |    385,162    25665.31           0   25665.31   25665.31
       sig_e |    385,162    32992.28           0   32992.28   32992.28
       sig_b |    385,162    8449.095           0   8449.095   8449.095
-------------+---------------------------------------------------------
      lsig_y |    385,162    3.155982           0   3.155982   3.155982
      lsig_c |    385,162    1.644934           0   1.644934   1.644934
      lsig_e |    385,162    .8821379           0   .8821379   .8821379
      lsig_b |    385,162    .6289099           0   .6289099   .6289099
      psig_c |    385,162    .3824553           0   .3824553   .3824553
-------------+---------------------------------------------------------
      psig_e |    385,162    .4916393           0   .4916393   .4916393
      psig_b |    385,162    .1259054           0   .1259054   .1259054
     plsig_c |    385,162    .5212115           0   .5212115   .5212115
     plsig_e |    385,162     .279513           0    .279513    .279513
     plsig_b |    385,162    .1992755           0   .1992755   .1992755
-------------+---------------------------------------------------------
     lsig_y2 |    385,162    3.155982           0   3.155982   3.155982
       sig_x |    385,162    .0600994           0   .0600994   .0600994
      lsig_c |    385,162    1.644934           0   1.644934   1.644934
     lsig_e2 |    385,162    .8534878           0   .8534878   .8534878
     lsig_b2 |    385,162    .5974607           0   .5974607   .5974607
-------------+---------------------------------------------------------
     lpsig_x |    385,162     .019043           0    .019043    .019043
     lpsig_e |    385,162    .2704349           0   .2704349   .2704349
     lpsig_b |    385,162    .1893106           0   .1893106   .1893106

. log off
      name:  <unnamed>
       log:  /share/home/clafuent/MCVL/UVD_ABS_code/results/BC_all_noA_x_noage.log
  log type:  text
 paused on:   3 Jun 2021, 18:26:32
------------------------------------------------------------------------------------------------------
------------------------------------------------------------------------------------------------------
      name:  <unnamed>
       log:  /share/home/clafuent/MCVL/UVD_ABS_code/results/BC_all_noA_x_noage.log
  log type:  text
resumed on:   3 Jun 2021, 18:26:44

. ****** NE + Spell correction, 2002-2007 *****************************
. sum mu_y sig_y sig_c sig_e sig_b lsig_y lsig_c lsig_e lsig_b psig_c psig_e psig_b plsig_c plsig_e pl
> sig_b lsig_y2 sig_x lsig_c lsig_e2 lsig_b2 lpsig_x lpsig_e lpsig_b

    Variable |        Obs        Mean    Std. Dev.       Min        Max
-------------+---------------------------------------------------------
        mu_y |    425,978    130.8929           0   130.8929   130.8929
       sig_y |    425,978    69351.59           0   69351.59   69351.59
       sig_c |    425,978    26028.57           0   26028.57   26028.57
       sig_e |    425,978    34427.25           0   34427.25   34427.25
       sig_b |    425,978    8895.775           0   8895.775   8895.775
-------------+---------------------------------------------------------
      lsig_y |    425,978    3.156233           0   3.156233   3.156233
      lsig_c |    425,978    1.644934           0   1.644934   1.644934
      lsig_e |    425,978     .833115           0    .833115    .833115
      lsig_b |    425,978    .6781835           0   .6781835   .6781835
      psig_c |    425,978    .3753133           0   .3753133   .3753133
-------------+---------------------------------------------------------
      psig_e |    425,978    .4964161           0   .4964161   .4964161
      psig_b |    425,978    .1282707           0   .1282707   .1282707
     plsig_c |    425,978    .5211701           0   .5211701   .5211701
     plsig_e |    425,978    .2639587           0   .2639587   .2639587
     plsig_b |    425,978    .2148712           0   .2148712   .2148712
-------------+---------------------------------------------------------
     lsig_y2 |    425,978    3.156232           0   3.156232   3.156232
       sig_x |    425,978    .0636256           0   .0636256   .0636256
      lsig_c |    425,978    1.644934           0   1.644934   1.644934
     lsig_e2 |    425,978    .8113636           0   .8113636   .8113636
     lsig_b2 |    425,978    .6363087           0   .6363087   .6363087
-------------+---------------------------------------------------------
     lpsig_x |    425,978    .0201587           0   .0201587   .0201587
     lpsig_e |    425,978    .2570672           0   .2570672   .2570672
     lpsig_b |    425,978    .2016039           0   .2016039   .2016039

. log off
      name:  <unnamed>
       log:  /share/home/clafuent/MCVL/UVD_ABS_code/results/BC_all_noA_x_noage.log
  log type:  text
 paused on:   3 Jun 2021, 18:26:46
------------------------------------------------------------------------------------------------------
------------------------------------------------------------------------------------------------------
      name:  <unnamed>
       log:  /share/home/clafuent/MCVL/UVD_ABS_code/results/BC_all_noA_x_noage.log
  log type:  text
resumed on:   3 Jun 2021, 18:26:49

. ****** RAW, 2008-2013 *****************************
. sum mu_y sig_y sig_c sig_e sig_b lsig_y lsig_c lsig_e lsig_b psig_c psig_e psig_b plsig_c plsig_e pl
> sig_b lsig_y2 sig_x lsig_c lsig_e2 lsig_b2 lpsig_x lpsig_e lpsig_b

    Variable |        Obs        Mean    Std. Dev.       Min        Max
-------------+---------------------------------------------------------
        mu_y |    224,480    189.7287           0   189.7287   189.7287
       sig_y |    224,480     54671.5           0    54671.5    54671.5
       sig_c |    224,480    38941.75           0   38941.75   38941.75
       sig_e |    224,480    12784.75           0   12784.75   12784.75
       sig_b |    224,480    2944.993           0   2944.993   2944.993
-------------+---------------------------------------------------------
      lsig_y |    224,480    1.347378           0   1.347378   1.347378
      lsig_c |    224,480    1.644934           0   1.644934   1.644934
      lsig_e |    224,480   -.4807409           0  -.4807409  -.4807409
      lsig_b |    224,480    .1831847           0   .1831847   .1831847
      psig_c |    224,480    .7122861           0   .7122861   .7122861
-------------+---------------------------------------------------------
      psig_e |    224,480    .2338468           0   .2338468   .2338468
      psig_b |    224,480    .0538671           0   .0538671   .0538671
     plsig_c |    224,480    1.220841           0   1.220841   1.220841
     plsig_e |    224,480   -.3567974           0  -.3567974  -.3567974
     plsig_b |    224,480    .1359565           0   .1359565   .1359565
-------------+---------------------------------------------------------
     lsig_y2 |    224,480     1.34738           0    1.34738    1.34738
       sig_x |    224,480    .0348969           0   .0348969   .0348969
      lsig_c |    224,480    1.644934           0   1.644934   1.644934
     lsig_e2 |    224,480   -.5362155           0  -.5362155  -.5362155
     lsig_b2 |    224,480    .2037642           0   .2037642   .2037642
-------------+---------------------------------------------------------
     lpsig_x |    224,480    .0258998           0   .0258998   .0258998
     lpsig_e |    224,480   -.3979692           0  -.3979692  -.3979692
     lpsig_b |    224,480      .15123           0     .15123     .15123

. log off
      name:  <unnamed>
       log:  /share/home/clafuent/MCVL/UVD_ABS_code/results/BC_all_noA_x_noage.log
  log type:  text
 paused on:   3 Jun 2021, 18:26:50
------------------------------------------------------------------------------------------------------
------------------------------------------------------------------------------------------------------
      name:  <unnamed>
       log:  /share/home/clafuent/MCVL/UVD_ABS_code/results/BC_all_noA_x_noage.log
  log type:  text
resumed on:   3 Jun 2021, 18:26:56

. ****** LTU, 2008-2013 *****************************
. sum mu_y sig_y sig_c sig_e sig_b lsig_y lsig_c lsig_e lsig_b psig_c psig_e psig_b plsig_c plsig_e pl
> sig_b lsig_y2 sig_x lsig_c lsig_e2 lsig_b2 lpsig_x lpsig_e lpsig_b

    Variable |        Obs        Mean    Std. Dev.       Min        Max
-------------+---------------------------------------------------------
        mu_y |    224,480    217.1508           0   217.1508   217.1508
       sig_y |    224,480     70387.7           0    70387.7    70387.7
       sig_c |    224,480    53818.88           0   53818.88   53818.88
       sig_e |    224,480    9904.113           0   9904.113   9904.113
       sig_b |    224,480    6664.701           0   6664.701   6664.701
-------------+---------------------------------------------------------
      lsig_y |    224,480    1.424191           0   1.424191   1.424191
      lsig_c |    224,480    1.644934           0   1.644934   1.644934
      lsig_e |    224,480   -.4743361           0  -.4743361  -.4743361
      lsig_b |    224,480    .2535932           0   .2535932   .2535932
      psig_c |    224,480    .7646064           0   .7646064   .7646064
-------------+---------------------------------------------------------
      psig_e |    224,480     .140708           0    .140708    .140708
      psig_b |    224,480    .0946856           0   .0946856   .0946856
     plsig_c |    224,480    1.154995           0   1.154995   1.154995
     plsig_e |    224,480   -.3330565           0  -.3330565  -.3330565
     plsig_b |    224,480    .1780612           0   .1780612   .1780612
-------------+---------------------------------------------------------
     lsig_y2 |    224,480    1.424193           0   1.424193   1.424193
       sig_x |    224,480    .0214061           0   .0214061   .0214061
      lsig_c |    224,480    1.644934           0   1.644934   1.644934
     lsig_e2 |    224,480   -.5042869           0  -.5042869  -.5042869
     lsig_b2 |    224,480    .2621394           0   .2621394   .2621394
-------------+---------------------------------------------------------
     lpsig_x |    224,480    .0150303           0   .0150303   .0150303
     lpsig_e |    224,480   -.3540861           0  -.3540861  -.3540861
     lpsig_b |    224,480    .1840618           0   .1840618   .1840618

. log off
      name:  <unnamed>
       log:  /share/home/clafuent/MCVL/UVD_ABS_code/results/BC_all_noA_x_noage.log
  log type:  text
 paused on:   3 Jun 2021, 18:26:57
------------------------------------------------------------------------------------------------------
------------------------------------------------------------------------------------------------------
      name:  <unnamed>
       log:  /share/home/clafuent/MCVL/UVD_ABS_code/results/BC_all_noA_x_noage.log
  log type:  text
resumed on:   3 Jun 2021, 18:27:03

. ****** STU, 2008-2013 *****************************
. sum mu_y sig_y sig_c sig_e sig_b lsig_y lsig_c lsig_e lsig_b psig_c psig_e psig_b plsig_c plsig_e pl
> sig_b lsig_y2 sig_x lsig_c lsig_e2 lsig_b2 lpsig_x lpsig_e lpsig_b

    Variable |        Obs        Mean    Std. Dev.       Min        Max
-------------+---------------------------------------------------------
        mu_y |    315,718    218.3903           0   218.3903   218.3903
       sig_y |    315,718    79367.18           0   79367.18   79367.18
       sig_c |    315,718    51622.86           0   51622.86   51622.86
       sig_e |    315,718    23815.56           0   23815.56   23815.56
       sig_b |    315,718     3928.77           0    3928.77    3928.77
-------------+---------------------------------------------------------
      lsig_y |    315,718    1.972853           0   1.972853   1.972853
      lsig_c |    315,718    1.644934           0   1.644934   1.644934
      lsig_e |    315,718    .1019562           0   .1019562   .1019562
      lsig_b |    315,718    .2259629           0   .2259629   .2259629
      psig_c |    315,718    .6504307           0   .6504307   .6504307
-------------+---------------------------------------------------------
      psig_e |    315,718    .3000681           0   .3000681   .3000681
      psig_b |    315,718    .0495012           0   .0495012   .0495012
     plsig_c |    315,718    .8337843           0   .8337843   .8337843
     plsig_e |    315,718    .0516796           0   .0516796   .0516796
     plsig_b |    315,718    .1145361           0   .1145361   .1145361
-------------+---------------------------------------------------------
     lsig_y2 |    315,718    1.972853           0   1.972853   1.972853
       sig_x |    315,718    .0242456           0   .0242456   .0242456
      lsig_c |    315,718    1.644934           0   1.644934   1.644934
     lsig_e2 |    315,718    .0757931           0   .0757931   .0757931
     lsig_b2 |    315,718    .2278804           0   .2278804   .2278804
-------------+---------------------------------------------------------
     lpsig_x |    315,718    .0122896           0   .0122896   .0122896
     lpsig_e |    315,718     .038418           0    .038418    .038418
     lpsig_b |    315,718     .115508           0    .115508    .115508

. log off
      name:  <unnamed>
       log:  /share/home/clafuent/MCVL/UVD_ABS_code/results/BC_all_noA_x_noage.log
  log type:  text
 paused on:   3 Jun 2021, 18:27:05
------------------------------------------------------------------------------------------------------
------------------------------------------------------------------------------------------------------
      name:  <unnamed>
       log:  /share/home/clafuent/MCVL/UVD_ABS_code/results/BC_all_noA_x_noage.log
  log type:  text
resumed on:   3 Jun 2021, 18:27:12

. ****** STU + SpellAdj, 2008-2013 *****************************
. sum mu_y sig_y sig_c sig_e sig_b lsig_y lsig_c lsig_e lsig_b psig_c psig_e psig_b plsig_c plsig_e pl
> sig_b lsig_y2 sig_x lsig_c lsig_e2 lsig_b2 lpsig_x lpsig_e lpsig_b

    Variable |        Obs        Mean    Std. Dev.       Min        Max
-------------+---------------------------------------------------------
        mu_y |    315,718    203.1096           0   203.1096   203.1096
       sig_y |    315,718    77559.38           0   77559.38   77559.38
       sig_c |    315,718    45835.65           0   45835.65   45835.65
       sig_e |    315,718    27141.34           0   27141.34   27141.34
       sig_b |    315,718    4582.393           0   4582.393   4582.393
-------------+---------------------------------------------------------
      lsig_y |    315,718    2.336696           0   2.336696   2.336696
      lsig_c |    315,718    1.644934           0   1.644934   1.644934
      lsig_e |    315,718    .4420909           0   .4420909   .4420909
      lsig_b |    315,718    .2496712           0   .2496712   .2496712
      psig_c |    315,718     .590975           0    .590975    .590975
-------------+---------------------------------------------------------
      psig_e |    315,718    .3499427           0   .3499427   .3499427
      psig_b |    315,718    .0590824           0   .0590824   .0590824
     plsig_c |    315,718    .7039572           0   .7039572   .7039572
     plsig_e |    315,718    .1891948           0   .1891948   .1891948
     plsig_b |    315,718     .106848           0    .106848    .106848
-------------+---------------------------------------------------------
     lsig_y2 |    315,718    2.336695           0   2.336695   2.336695
       sig_x |    315,718    .0348272           0   .0348272   .0348272
      lsig_c |    315,718    1.644934           0   1.644934   1.644934
     lsig_e2 |    315,718    .3933903           0   .3933903   .3933903
     lsig_b2 |    315,718    .2635431           0   .2635431   .2635431
-------------+---------------------------------------------------------
     lpsig_x |    315,718    .0149045           0   .0149045   .0149045
     lpsig_e |    315,718    .1683533           0   .1683533   .1683533
     lpsig_b |    315,718    .1127846           0   .1127846   .1127846

. log off
      name:  <unnamed>
       log:  /share/home/clafuent/MCVL/UVD_ABS_code/results/BC_all_noA_x_noage.log
  log type:  text
 paused on:   3 Jun 2021, 18:27:14
------------------------------------------------------------------------------------------------------
------------------------------------------------------------------------------------------------------
      name:  <unnamed>
       log:  /share/home/clafuent/MCVL/UVD_ABS_code/results/BC_all_noA_x_noage.log
  log type:  text
resumed on:   3 Jun 2021, 18:27:20

. ****** NE - NO spell correction, 2008-2013 *****************************
. sum mu_y sig_y sig_c sig_e sig_b lsig_y lsig_c lsig_e lsig_b psig_c psig_e psig_b plsig_c plsig_e pl
> sig_b lsig_y2 sig_x lsig_c lsig_e2 lsig_b2 lpsig_x lpsig_e lpsig_b

    Variable |        Obs        Mean    Std. Dev.       Min        Max
-------------+---------------------------------------------------------
        mu_y |    412,556    203.3458           0   203.3458   203.3458
       sig_y |    412,556    82051.88           0   82051.88   82051.88
       sig_c |    412,556    44172.33           0   44172.33   44172.33
       sig_e |    412,556    35086.38           0   35086.38   35086.38
       sig_b |    412,556    2823.008           0   2823.008   2823.008
-------------+---------------------------------------------------------
      lsig_y |    412,556    2.470625           0   2.470625   2.470625
      lsig_c |    412,556    1.644934           0   1.644934   1.644934
      lsig_e |    412,556    .4330989           0   .4330989   .4330989
      lsig_b |    412,556    .3925916           0   .3925916   .3925916
      psig_c |    412,556    .5383464           0   .5383464   .5383464
-------------+---------------------------------------------------------
      psig_e |    412,556    .4276122           0   .4276122   .4276122
      psig_b |    412,556    .0344052           0   .0344052   .0344052
     plsig_c |    412,556    .6657968           0   .6657968   .6657968
     plsig_e |    412,556    .1752994           0   .1752994   .1752994
     plsig_b |    412,556    .1589038           0   .1589038   .1589038
-------------+---------------------------------------------------------
     lsig_y2 |    412,556    2.470623           0   2.470623   2.470623
       sig_x |    412,556    .0248859           0   .0248859   .0248859
      lsig_c |    412,556    1.644934           0   1.644934   1.644934
     lsig_e2 |    412,556    .4251939           0   .4251939   .4251939
     lsig_b2 |    412,556    .3756089           0   .3756089   .3756089
-------------+---------------------------------------------------------
     lpsig_x |    412,556    .0100727           0   .0100727   .0100727
     lpsig_e |    412,556    .1720999           0   .1720999   .1720999
     lpsig_b |    412,556    .1520301           0   .1520301   .1520301

. log off
      name:  <unnamed>
       log:  /share/home/clafuent/MCVL/UVD_ABS_code/results/BC_all_noA_x_noage.log
  log type:  text
 paused on:   3 Jun 2021, 18:27:23
------------------------------------------------------------------------------------------------------
------------------------------------------------------------------------------------------------------
      name:  <unnamed>
       log:  /share/home/clafuent/MCVL/UVD_ABS_code/results/BC_all_noA_x_noage.log
  log type:  text
resumed on:   3 Jun 2021, 18:27:31

. ****** STU + Recalls + Spell Adj, 2008-2013 *****************************
. sum mu_y sig_y sig_c sig_e sig_b lsig_y lsig_c lsig_e lsig_b psig_c psig_e psig_b plsig_c plsig_e pl
> sig_b lsig_y2 sig_x lsig_c lsig_e2 lsig_b2 lpsig_x lpsig_e lpsig_b

    Variable |        Obs        Mean    Std. Dev.       Min        Max
-------------+---------------------------------------------------------
        mu_y |    382,260    174.4786           0   174.4786   174.4786
       sig_y |    382,260    69176.78           0   69176.78   69176.78
       sig_c |    382,260    34280.49           0   34280.49   34280.49
       sig_e |    382,260    31058.39           0   31058.39   31058.39
       sig_b |    382,260    3837.897           0   3837.897   3837.897
-------------+---------------------------------------------------------
      lsig_y |    382,260    2.898959           0   2.898959   2.898959
      lsig_c |    382,260    1.644934           0   1.644934   1.644934
      lsig_e |    382,260    .7823485           0   .7823485   .7823485
      lsig_b |    382,260    .4716763           0   .4716763   .4716763
      psig_c |    382,260    .4955491           0   .4955491   .4955491
-------------+---------------------------------------------------------
      psig_e |    382,260    .4489714           0   .4489714   .4489714
      psig_b |    382,260    .0554796           0   .0554796   .0554796
     plsig_c |    382,260    .5674223           0   .5674223   .5674223
     plsig_e |    382,260    .2698722           0   .2698722   .2698722
     plsig_b |    382,260    .1627054           0   .1627054   .1627054
-------------+---------------------------------------------------------
     lsig_y2 |    382,260    2.898961           0   2.898961   2.898961
       sig_x |    382,260    .0546644           0   .0546644   .0546644
      lsig_c |    382,260    1.644934           0   1.644934   1.644934
     lsig_e2 |    382,260    .7138833           0   .7138833   .7138833
     lsig_b2 |    382,260    .4854791           0   .4854791   .4854791
-------------+---------------------------------------------------------
     lpsig_x |    382,260    .0188565           0   .0188565   .0188565
     lpsig_e |    382,260    .2462549           0   .2462549   .2462549
     lpsig_b |    382,260    .1674666           0   .1674666   .1674666

. log off
      name:  <unnamed>
       log:  /share/home/clafuent/MCVL/UVD_ABS_code/results/BC_all_noA_x_noage.log
  log type:  text
 paused on:   3 Jun 2021, 18:27:33
------------------------------------------------------------------------------------------------------
------------------------------------------------------------------------------------------------------
      name:  <unnamed>
       log:  /share/home/clafuent/MCVL/UVD_ABS_code/results/BC_all_noA_x_noage.log
  log type:  text
resumed on:   3 Jun 2021, 18:27:40

. ****** NE + Spell correction, 2008-2013 *****************************
. sum mu_y sig_y sig_c sig_e sig_b lsig_y lsig_c lsig_e lsig_b psig_c psig_e psig_b plsig_c plsig_e pl
> sig_b lsig_y2 sig_x lsig_c lsig_e2 lsig_b2 lpsig_x lpsig_e lpsig_b

    Variable |        Obs        Mean    Std. Dev.       Min        Max
-------------+---------------------------------------------------------
        mu_y |    412,556    170.5105           0   170.5105   170.5105
       sig_y |    412,556    68602.95           0   68602.95   68602.95
       sig_c |    412,556    33145.44           0   33145.44   33145.44
       sig_e |    412,556    31385.73           0   31385.73   31385.73
       sig_b |    412,556    4071.776           0   4071.776   4071.776
-------------+---------------------------------------------------------
      lsig_y |    412,556    2.927527           0   2.927527   2.927527
      lsig_c |    412,556    1.644934           0   1.644934   1.644934
      lsig_e |    412,556    .7919527           0   .7919527   .7919527
      lsig_b |    412,556    .4906398           0   .4906398   .4906398
      psig_c |    412,556     .483149           0    .483149    .483149
-------------+---------------------------------------------------------
      psig_e |    412,556    .4574983           0   .4574983   .4574983
      psig_b |    412,556    .0593528           0   .0593528   .0593528
     plsig_c |    412,556    .5618852           0   .5618852   .5618852
     plsig_e |    412,556    .2705194           0   .2705194   .2705194
     plsig_b |    412,556    .1675953           0   .1675953   .1675953
-------------+---------------------------------------------------------
     lsig_y2 |    412,556    2.927528           0   2.927528   2.927528
       sig_x |    412,556    .0413375           0   .0413375   .0413375
      lsig_c |    412,556    1.644934           0   1.644934   1.644934
     lsig_e2 |    412,556    .7456988           0   .7456988   .7456988
     lsig_b2 |    412,556    .4955578           0   .4955578   .4955578
-------------+---------------------------------------------------------
     lpsig_x |    412,556    .0141203           0   .0141203   .0141203
     lpsig_e |    412,556    .2547196           0   .2547196   .2547196
     lpsig_b |    412,556    .1692751           0   .1692751   .1692751

. log off
      name:  <unnamed>
       log:  /share/home/clafuent/MCVL/UVD_ABS_code/results/BC_all_noA_x_noage.log
  log type:  text
 paused on:   3 Jun 2021, 18:27:42
------------------------------------------------------------------------------------------------------
