------------------------------------------------------------------------------------------------
      name:  <unnamed>
       log:  /share/home/clafuent/MCVL/UVD_ABS_code/results/BC_all_noA_x.log
  log type:  text
 opened on:   4 May 2021, 14:44:56

. ********************************************************************************
. *                                                                              *
. *                               BC Decomposition                               *
. *                                                                              *
. ********************************************************************************
. log off
      name:  <unnamed>
       log:  /share/home/clafuent/MCVL/UVD_ABS_code/results/BC_all_noA_x.log
  log type:  text
 paused on:   4 May 2021, 14:44:56
------------------------------------------------------------------------------------------------
------------------------------------------------------------------------------------------------
      name:  <unnamed>
       log:  /share/home/clafuent/MCVL/UVD_ABS_code/results/BC_all_noA_x.log
  log type:  text
resumed on:   4 May 2021, 14:45:02

. ****** RAW, 2002-2007 *****************************
. sum mu_y sig_y sig_c sig_e sig_b lsig_y lsig_c lsig_e lsig_b psig_c psig_e psig_b plsig_c plsi
> g_e plsig_b lsig_y2 sig_x lsig_c lsig_e2 lsig_b2 lpsig_x lpsig_e lpsig_b

    Variable |        Obs        Mean    Std. Dev.       Min        Max
-------------+---------------------------------------------------------
        mu_y |    143,014    148.5305           0   148.5305   148.5305
       sig_y |    143,014    43151.36           0   43151.36   43151.36
       sig_c |    143,014    26407.85           0   26407.85   26407.85
       sig_e |    143,014    12396.66           0   12396.66   12396.66
       sig_b |    143,014    4346.846           0   4346.846   4346.846
-------------+---------------------------------------------------------
      lsig_y |    143,014    1.150152           0   1.150152   1.150152
      lsig_c |    143,014    1.644934           0   1.644934   1.644934
      lsig_e |    143,014   -.7519346           0  -.7519346  -.7519346
      lsig_b |    143,014    .2571526           0   .2571526   .2571526
      psig_c |    143,014    .6119819           0   .6119819   .6119819
-------------+---------------------------------------------------------
      psig_e |    143,014    .2872832           0   .2872832   .2872832
      psig_b |    143,014    .1007349           0   .1007349   .1007349
     plsig_c |    143,014    1.430188           0   1.430188   1.430188
     plsig_e |    143,014   -.6537699           0  -.6537699  -.6537699
     plsig_b |    143,014    .2235814           0   .2235814   .2235814
-------------+---------------------------------------------------------
     lsig_y2 |    143,014    1.150154           0   1.150154   1.150154
       sig_x |    143,014     .059896           0    .059896    .059896
      lsig_c |    143,014    1.644934           0   1.644934   1.644934
     lsig_e2 |    143,014   -.8232493           0  -.8232493  -.8232493
     lsig_b2 |    143,014    .2685728           0   .2685728   .2685728
-------------+---------------------------------------------------------
     lpsig_x |    143,014    .0520765           0   .0520765   .0520765
     lpsig_e |    143,014   -.7157735           0  -.7157735  -.7157735
     lpsig_b |    143,014    .2335104           0   .2335104   .2335104

. log off
      name:  <unnamed>
       log:  /share/home/clafuent/MCVL/UVD_ABS_code/results/BC_all_noA_x.log
  log type:  text
 paused on:   4 May 2021, 14:45:04
------------------------------------------------------------------------------------------------
------------------------------------------------------------------------------------------------
      name:  <unnamed>
       log:  /share/home/clafuent/MCVL/UVD_ABS_code/results/BC_all_noA_x.log
  log type:  text
resumed on:   4 May 2021, 14:45:10

. ****** LTU, 2002-2007 *****************************
. sum mu_y sig_y sig_c sig_e sig_b lsig_y lsig_c lsig_e lsig_b psig_c psig_e psig_b plsig_c plsi
> g_e plsig_b lsig_y2 sig_x lsig_c lsig_e2 lsig_b2 lpsig_x lpsig_e lpsig_b

    Variable |        Obs        Mean    Std. Dev.       Min        Max
-------------+---------------------------------------------------------
        mu_y |    143,014    183.3212           0   183.3212   183.3212
       sig_y |    143,014    72838.14           0   72838.14   72838.14
       sig_c |    143,014    44829.13           0   44829.13   44829.13
       sig_e |    143,014    16786.04           0   16786.04   16786.04
       sig_b |    143,014    11222.98           0   11222.98   11222.98
-------------+---------------------------------------------------------
      lsig_y |    143,014    1.248332           0   1.248332   1.248332
      lsig_c |    143,014    1.644934           0   1.644934   1.644934
      lsig_e |    143,014   -.7461539           0  -.7461539  -.7461539
      lsig_b |    143,014    .3495514           0   .3495514   .3495514
      psig_c |    143,014    .6154622           0   .6154622   .6154622
-------------+---------------------------------------------------------
      psig_e |    143,014    .2304568           0   .2304568   .2304568
      psig_b |    143,014    .1540811           0   .1540811   .1540811
     plsig_c |    143,014    1.317706           0   1.317706   1.317706
     plsig_e |    143,014   -.5977209           0  -.5977209  -.5977209
     plsig_b |    143,014    .2800149           0   .2800149   .2800149
-------------+---------------------------------------------------------
     lsig_y2 |    143,014     1.24833           0    1.24833    1.24833
       sig_x |    143,014    .0500753           0   .0500753   .0500753
      lsig_c |    143,014    1.644934           0   1.644934   1.644934
     lsig_e2 |    143,014   -.7887321           0  -.7887321  -.7887321
     lsig_b2 |    143,014    .3420525           0   .3420525   .3420525
-------------+---------------------------------------------------------
     lpsig_x |    143,014    .0401138           0   .0401138   .0401138
     lpsig_e |    143,014   -.6318299           0  -.6318299  -.6318299
     lpsig_b |    143,014    .2740081           0   .2740081   .2740081

. log off
      name:  <unnamed>
       log:  /share/home/clafuent/MCVL/UVD_ABS_code/results/BC_all_noA_x.log
  log type:  text
 paused on:   4 May 2021, 14:45:13
------------------------------------------------------------------------------------------------
------------------------------------------------------------------------------------------------
      name:  <unnamed>
       log:  /share/home/clafuent/MCVL/UVD_ABS_code/results/BC_all_noA_x.log
  log type:  text
resumed on:   4 May 2021, 14:45:24

. ****** STU, 2002-2007 *****************************
. sum mu_y sig_y sig_c sig_e sig_b lsig_y lsig_c lsig_e lsig_b psig_c psig_e psig_b plsig_c plsi
> g_e plsig_b lsig_y2 sig_x lsig_c lsig_e2 lsig_b2 lpsig_x lpsig_e lpsig_b

    Variable |        Obs        Mean    Std. Dev.       Min        Max
-------------+---------------------------------------------------------
        mu_y |    300,008    175.4283           0   175.4283   175.4283
       sig_y |    300,008    88174.06           0   88174.06   88174.06
       sig_c |    300,008    42573.57           0   42573.57   42573.57
       sig_e |    300,008    33801.71           0   33801.71   33801.71
       sig_b |    300,008    11798.78           0   11798.78   11798.78
-------------+---------------------------------------------------------
      lsig_y |    300,008    2.409866           0   2.409866   2.409866
      lsig_c |    300,008    1.644934           0   1.644934   1.644934
      lsig_e |    300,008    .2253322           0   .2253322   .2253322
      lsig_b |    300,008    .5395995           0   .5395995   .5395995
      psig_c |    300,008    .4828355           0   .4828355   .4828355
-------------+---------------------------------------------------------
      psig_e |    300,008    .3833521           0   .3833521   .3833521
      psig_b |    300,008    .1338124           0   .1338124   .1338124
     plsig_c |    300,008    .6825833           0   .6825833   .6825833
     plsig_e |    300,008    .0935041           0   .0935041   .0935041
     plsig_b |    300,008    .2239127           0   .2239127   .2239127
-------------+---------------------------------------------------------
     lsig_y2 |    300,008    2.409867           0   2.409867   2.409867
       sig_x |    300,008    .1514978           0   .1514978   .1514978
      lsig_c |    300,008    1.644934           0   1.644934   1.644934
     lsig_e2 |    300,008       .1509           0      .1509      .1509
     lsig_b2 |    300,008    .4625351           0   .4625351   .4625351
-------------+---------------------------------------------------------
     lpsig_x |    300,008    .0628656           0   .0628656   .0628656
     lpsig_e |    300,008    .0626176           0   .0626176   .0626176
     lpsig_b |    300,008    .1919339           0   .1919339   .1919339

. log off
      name:  <unnamed>
       log:  /share/home/clafuent/MCVL/UVD_ABS_code/results/BC_all_noA_x.log
  log type:  text
 paused on:   4 May 2021, 14:45:27
------------------------------------------------------------------------------------------------
------------------------------------------------------------------------------------------------
      name:  <unnamed>
       log:  /share/home/clafuent/MCVL/UVD_ABS_code/results/BC_all_noA_x.log
  log type:  text
resumed on:   4 May 2021, 14:45:34

. ****** STU + Spell correction, 2002-2007 *****************************
. sum mu_y sig_y sig_c sig_e sig_b lsig_y lsig_c lsig_e lsig_b psig_c psig_e psig_b plsig_c plsi
> g_e plsig_b lsig_y2 sig_x lsig_c lsig_e2 lsig_b2 lpsig_x lpsig_e lpsig_b

    Variable |        Obs        Mean    Std. Dev.       Min        Max
-------------+---------------------------------------------------------
        mu_y |    300,008    161.3645           0   161.3645   161.3645
       sig_y |    300,008    84241.52           0   84241.52   84241.52
       sig_c |    300,008    37620.09           0   37620.09   37620.09
       sig_e |    300,008    35039.55           0   35039.55   35039.55
       sig_b |    300,008    11581.88           0   11581.88   11581.88
-------------+---------------------------------------------------------
      lsig_y |    300,008    2.673623           0   2.673623   2.673623
      lsig_c |    300,008    1.644934           0   1.644934   1.644934
      lsig_e |    300,008     .517727           0    .517727    .517727
      lsig_b |    300,008    .5109624           0   .5109624   .5109624
      psig_c |    300,008    .4465742           0   .4465742   .4465742
-------------+---------------------------------------------------------
      psig_e |    300,008    .4159416           0   .4159416   .4159416
      psig_b |    300,008    .1374842           0   .1374842   .1374842
     plsig_c |    300,008    .6152453           0   .6152453   .6152453
     plsig_e |    300,008    .1936425           0   .1936425   .1936425
     plsig_b |    300,008    .1911123           0   .1911123   .1911123
-------------+---------------------------------------------------------
     lsig_y2 |    300,008    2.673623           0   2.673623   2.673623
       sig_x |    300,008    .1908145           0   .1908145   .1908145
      lsig_c |    300,008    1.644934           0   1.644934   1.644934
     lsig_e2 |    300,008     .393253           0    .393253    .393253
     lsig_b2 |    300,008    .4446216           0   .4446216   .4446216
-------------+---------------------------------------------------------
     lpsig_x |    300,008    .0713693           0   .0713693   .0713693
     lpsig_e |    300,008    .1470862           0   .1470862   .1470862
     lpsig_b |    300,008    .1662993           0   .1662993   .1662993

. log off
      name:  <unnamed>
       log:  /share/home/clafuent/MCVL/UVD_ABS_code/results/BC_all_noA_x.log
  log type:  text
 paused on:   4 May 2021, 14:45:37
------------------------------------------------------------------------------------------------
------------------------------------------------------------------------------------------------
      name:  <unnamed>
       log:  /share/home/clafuent/MCVL/UVD_ABS_code/results/BC_all_noA_x.log
  log type:  text
resumed on:   4 May 2021, 14:45:50

. ****** NE - NO spell correction ,2002-2007 *****************************
. sum mu_y sig_y sig_c sig_e sig_b lsig_y lsig_c lsig_e lsig_b psig_c psig_e psig_b plsig_c plsi
> g_e plsig_b lsig_y2 sig_x lsig_c lsig_e2 lsig_b2 lpsig_x lpsig_e lpsig_b

    Variable |        Obs        Mean    Std. Dev.       Min        Max
-------------+---------------------------------------------------------
        mu_y |    435,156    157.4251           0   157.4251   157.4251
       sig_y |    435,156    85425.98           0   85425.98   85425.98
       sig_c |    435,156    33889.35           0   33889.35   33889.35
       sig_e |    435,156    42501.64           0   42501.64   42501.64
       sig_b |    435,156    9106.896           0   9106.896   9106.896
-------------+---------------------------------------------------------
      lsig_y |    435,156    2.940768           0   2.940768   2.940768
      lsig_c |    435,156    1.644934           0   1.644934   1.644934
      lsig_e |    435,156    .5704788           0   .5704788   .5704788
      lsig_b |    435,156    .7253557           0   .7253557   .7253557
      psig_c |    435,156    .3967101           0   .3967101   .3967101
-------------+---------------------------------------------------------
      psig_e |    435,156     .497526           0    .497526    .497526
      psig_b |    435,156    .1066057           0   .1066057   .1066057
     plsig_c |    435,156    .5593552           0   .5593552   .5593552
     plsig_e |    435,156    .1939897           0   .1939897   .1939897
     plsig_b |    435,156    .2466552           0   .2466552   .2466552
-------------+---------------------------------------------------------
     lsig_y2 |    435,156    2.940769           0   2.940769   2.940769
       sig_x |    435,156     .138253           0    .138253    .138253
      lsig_c |    435,156    1.644934           0   1.644934   1.644934
     lsig_e2 |    435,156    .5173956           0   .5173956   .5173956
     lsig_b2 |    435,156    .6401863           0   .6401863   .6401863
-------------+---------------------------------------------------------
     lpsig_x |    435,156    .0470125           0   .0470125   .0470125
     lpsig_e |    435,156    .1759389           0   .1759389   .1759389
     lpsig_b |    435,156    .2176935           0   .2176935   .2176935

. log off
      name:  <unnamed>
       log:  /share/home/clafuent/MCVL/UVD_ABS_code/results/BC_all_noA_x.log
  log type:  text
 paused on:   4 May 2021, 14:45:53
------------------------------------------------------------------------------------------------
------------------------------------------------------------------------------------------------
      name:  <unnamed>
       log:  /share/home/clafuent/MCVL/UVD_ABS_code/results/BC_all_noA_x.log
  log type:  text
resumed on:   4 May 2021, 14:54:10

. ****** STU + Recalls + Spell Adj, 2002-2007 *****************************
. sum mu_y sig_y sig_c sig_e sig_b lsig_y lsig_c lsig_e lsig_b psig_c psig_e psig_b plsig_c plsi
> g_e plsig_b lsig_y2 sig_x lsig_c lsig_e2 lsig_b2 lpsig_x lpsig_e lpsig_b

    Variable |        Obs        Mean    Std. Dev.       Min        Max
-------------+---------------------------------------------------------
        mu_y |    394,538    130.5957           0   130.5957   130.5957
       sig_y |    394,538    66202.67           0   66202.67   66202.67
       sig_c |    394,538    25415.11           0   25415.11   25415.11
       sig_e |    394,538    32427.51           0   32427.51   32427.51
       sig_b |    394,538    8360.049           0   8360.049   8360.049
-------------+---------------------------------------------------------
      lsig_y |    394,538    3.130511           0   3.130511   3.130511
      lsig_c |    394,538    1.644934           0   1.644934   1.644934
      lsig_e |    394,538    .8483585           0   .8483585   .8483585
      lsig_b |    394,538     .637218           0    .637218    .637218
      psig_c |    394,538    .3838986           0   .3838986   .3838986
-------------+---------------------------------------------------------
      psig_e |    394,538    .4898218           0   .4898218   .4898218
      psig_b |    394,538    .1262796           0   .1262796   .1262796
     plsig_c |    394,538    .5254523           0   .5254523   .5254523
     plsig_e |    394,538    .2709968           0   .2709968   .2709968
     plsig_b |    394,538    .2035508           0   .2035508   .2035508
-------------+---------------------------------------------------------
     lsig_y2 |    394,538    3.130511           0   3.130511   3.130511
       sig_x |    394,538    .1419082           0   .1419082   .1419082
      lsig_c |    394,538    1.644934           0   1.644934   1.644934
     lsig_e2 |    394,538     .765745           0    .765745    .765745
     lsig_b2 |    394,538    .5779233           0   .5779233   .5779233
-------------+---------------------------------------------------------
     lpsig_x |    394,538    .0453307           0   .0453307   .0453307
     lpsig_e |    394,538    .2446071           0   .2446071   .2446071
     lpsig_b |    394,538    .1846099           0   .1846099   .1846099

. log off
      name:  <unnamed>
       log:  /share/home/clafuent/MCVL/UVD_ABS_code/results/BC_all_noA_x.log
  log type:  text
 paused on:   4 May 2021, 14:54:12
------------------------------------------------------------------------------------------------
------------------------------------------------------------------------------------------------
      name:  <unnamed>
       log:  /share/home/clafuent/MCVL/UVD_ABS_code/results/BC_all_noA_x.log
  log type:  text
resumed on:   4 May 2021, 14:54:24

. ****** NE + Spell correction, 2002-2007 *****************************
. sum mu_y sig_y sig_c sig_e sig_b lsig_y lsig_c lsig_e lsig_b psig_c psig_e psig_b plsig_c plsi
> g_e plsig_b lsig_y2 sig_x lsig_c lsig_e2 lsig_b2 lpsig_x lpsig_e lpsig_b

    Variable |        Obs        Mean    Std. Dev.       Min        Max
-------------+---------------------------------------------------------
        mu_y |    435,156    130.4107           0   130.4107   130.4107
       sig_y |    435,156    68540.88           0   68540.88   68540.88
       sig_c |    435,156    25830.46           0   25830.46   25830.46
       sig_e |    435,156    33886.74           0   33886.74   33886.74
       sig_b |    435,156    8823.673           0   8823.673   8823.673
-------------+---------------------------------------------------------
      lsig_y |    435,156    3.134638           0   3.134638   3.134638
      lsig_c |    435,156    1.644934           0   1.644934   1.644934
      lsig_e |    435,156    .8035811           0   .8035811   .8035811
      lsig_b |    435,156    .6861228           0   .6861228   .6861228
      psig_c |    435,156    .3768621           0   .3768621   .3768621
-------------+---------------------------------------------------------
      psig_e |    435,156     .494402           0    .494402    .494402
      psig_b |    435,156    .1287359           0   .1287359   .1287359
     plsig_c |    435,156    .5247605           0   .5247605   .5247605
     plsig_e |    435,156    .2563553           0   .2563553   .2563553
     plsig_b |    435,156    .2188842           0   .2188842   .2188842
-------------+---------------------------------------------------------
     lsig_y2 |    435,156    3.134637           0   3.134637   3.134637
       sig_x |    435,156    .1459267           0   .1459267   .1459267
      lsig_c |    435,156    1.644934           0   1.644934   1.644934
     lsig_e2 |    435,156    .7282172           0   .7282172   .7282172
     lsig_b2 |    435,156    .6155593           0   .6155593   .6155593
-------------+---------------------------------------------------------
     lpsig_x |    435,156     .046553           0    .046553    .046553
     lpsig_e |    435,156    .2323131           0   .2323131   .2323131
     lpsig_b |    435,156    .1963734           0   .1963734   .1963734

. log off
      name:  <unnamed>
       log:  /share/home/clafuent/MCVL/UVD_ABS_code/results/BC_all_noA_x.log
  log type:  text
 paused on:   4 May 2021, 14:54:26
------------------------------------------------------------------------------------------------
------------------------------------------------------------------------------------------------
      name:  <unnamed>
       log:  /share/home/clafuent/MCVL/UVD_ABS_code/results/BC_all_noA_x.log
  log type:  text
resumed on:   4 May 2021, 14:54:32

. ****** RAW, 2008-2013 *****************************
. sum mu_y sig_y sig_c sig_e sig_b lsig_y lsig_c lsig_e lsig_b psig_c psig_e psig_b plsig_c plsi
> g_e plsig_b lsig_y2 sig_x lsig_c lsig_e2 lsig_b2 lpsig_x lpsig_e lpsig_b

    Variable |        Obs        Mean    Std. Dev.       Min        Max
-------------+---------------------------------------------------------
        mu_y |    239,266    184.3029           0   184.3029   184.3029
       sig_y |    239,266    52426.49           0   52426.49   52426.49
       sig_c |    239,266    37286.11           0   37286.11   37286.11
       sig_e |    239,266    11821.61           0   11821.61   11821.61
       sig_b |    239,266    3318.775           0   3318.775   3318.775
-------------+---------------------------------------------------------
      lsig_y |    239,266    1.310393           0   1.310393   1.310393
      lsig_c |    239,266    1.644934           0   1.644934   1.644934
      lsig_e |    239,266   -.5295925           0  -.5295925  -.5295925
      lsig_b |    239,266    .1950515           0   .1950515   .1950515
      psig_c |    239,266    .7112074           0   .7112074   .7112074
-------------+---------------------------------------------------------
      psig_e |    239,266    .2254892           0   .2254892   .2254892
      psig_b |    239,266    .0633034           0   .0633034   .0633034
     plsig_c |    239,266    1.255298           0   1.255298   1.255298
     plsig_e |    239,266   -.4041478           0  -.4041478  -.4041478
     plsig_b |    239,266    .1488496           0   .1488496   .1488496
-------------+---------------------------------------------------------
     lsig_y2 |    239,266    1.310392           0   1.310392   1.310392
       sig_x |    239,266    .0638407           0   .0638407   .0638407
      lsig_c |    239,266    1.644934           0   1.644934   1.644934
     lsig_e2 |    239,266   -.6026306           0  -.6026306  -.6026306
     lsig_b2 |    239,266    .2042478           0   .2042478   .2042478
-------------+---------------------------------------------------------
     lpsig_x |    239,266    .0487188           0   .0487188   .0487188
     lpsig_e |    239,266   -.4598857           0  -.4598857  -.4598857
     lpsig_b |    239,266    .1558677           0   .1558677   .1558677

. log off
      name:  <unnamed>
       log:  /share/home/clafuent/MCVL/UVD_ABS_code/results/BC_all_noA_x.log
  log type:  text
 paused on:   4 May 2021, 14:54:35
------------------------------------------------------------------------------------------------
------------------------------------------------------------------------------------------------
      name:  <unnamed>
       log:  /share/home/clafuent/MCVL/UVD_ABS_code/results/BC_all_noA_x.log
  log type:  text
resumed on:   4 May 2021, 14:54:39

. ****** LTU, 2008-2013 *****************************
. sum mu_y sig_y sig_c sig_e sig_b lsig_y lsig_c lsig_e lsig_b psig_c psig_e psig_b plsig_c plsi
> g_e plsig_b lsig_y2 sig_x lsig_c lsig_e2 lsig_b2 lpsig_x lpsig_e lpsig_b

    Variable |        Obs        Mean    Std. Dev.       Min        Max
-------------+---------------------------------------------------------
        mu_y |    239,266     210.887           0    210.887    210.887
       sig_y |    239,266    67638.04           0   67638.04   67638.04
       sig_c |    239,266    51513.88           0   51513.88   51513.88
       sig_e |    239,266    9083.336           0   9083.336   9083.336
       sig_b |    239,266    7040.823           0   7040.823   7040.823
-------------+---------------------------------------------------------
      lsig_y |    239,266    1.385438           0   1.385438   1.385438
      lsig_c |    239,266    1.644934           0   1.644934   1.644934
      lsig_e |    239,266   -.5263426           0  -.5263426  -.5263426
      lsig_b |    239,266    .2668463           0   .2668463   .2668463
      psig_c |    239,266     .761611           0    .761611    .761611
-------------+---------------------------------------------------------
      psig_e |    239,266    .1342933           0   .1342933   .1342933
      psig_b |    239,266    .1040956           0   .1040956   .1040956
     plsig_c |    239,266    1.187303           0   1.187303   1.187303
     plsig_e |    239,266   -.3799107           0  -.3799107  -.3799107
     plsig_b |    239,266    .1926079           0   .1926079   .1926079
-------------+---------------------------------------------------------
     lsig_y2 |    239,266    1.385436           0   1.385436   1.385436
       sig_x |    239,266     .054023           0    .054023    .054023
      lsig_c |    239,266    1.644934           0   1.644934   1.644934
     lsig_e2 |    239,266   -.5795912           0  -.5795912  -.5795912
     lsig_b2 |    239,266      .26607           0     .26607     .26607
-------------+---------------------------------------------------------
     lpsig_x |    239,266    .0389935           0   .0389935   .0389935
     lpsig_e |    239,266   -.4183457           0  -.4183457  -.4183457
     lpsig_b |    239,266    .1920479           0   .1920479   .1920479

. log off
      name:  <unnamed>
       log:  /share/home/clafuent/MCVL/UVD_ABS_code/results/BC_all_noA_x.log
  log type:  text
 paused on:   4 May 2021, 14:54:41
------------------------------------------------------------------------------------------------
------------------------------------------------------------------------------------------------
      name:  <unnamed>
       log:  /share/home/clafuent/MCVL/UVD_ABS_code/results/BC_all_noA_x.log
  log type:  text
resumed on:   4 May 2021, 14:54:52

. ****** STU, 2008-2013 *****************************
. sum mu_y sig_y sig_c sig_e sig_b lsig_y lsig_c lsig_e lsig_b psig_c psig_e psig_b plsig_c plsi
> g_e plsig_b lsig_y2 sig_x lsig_c lsig_e2 lsig_b2 lpsig_x lpsig_e lpsig_b

    Variable |        Obs        Mean    Std. Dev.       Min        Max
-------------+---------------------------------------------------------
        mu_y |    330,000    214.2667           0   214.2667   214.2667
       sig_y |    330,000    77227.88           0   77227.88   77227.88
       sig_c |    330,000    50203.05           0   50203.05   50203.05
       sig_e |    330,000    22731.73           0   22731.73   22731.73
       sig_b |    330,000    4293.083           0   4293.083   4293.083
-------------+---------------------------------------------------------
      lsig_y |    330,000    1.914913           0   1.914913   1.914913
      lsig_c |    330,000    1.644934           0   1.644934   1.644934
      lsig_e |    330,000    .0376971           0   .0376971   .0376971
      lsig_b |    330,000    .2322821           0   .2322821   .2322821
      psig_c |    330,000    .6500639           0   .6500639   .6500639
-------------+---------------------------------------------------------
      psig_e |    330,000    .2943462           0   .2943462   .2943462
      psig_b |    330,000    .0555898           0   .0555898   .0555898
     plsig_c |    330,000    .8590123           0   .8590123   .8590123
     plsig_e |    330,000     .019686           0    .019686    .019686
     plsig_b |    330,000    .1213016           0   .1213016   .1213016
-------------+---------------------------------------------------------
     lsig_y2 |    330,000    1.914912           0   1.914912   1.914912
       sig_x |    330,000    .1016285           0   .1016285   .1016285
      lsig_c |    330,000    1.644934           0   1.644934   1.644934
     lsig_e2 |    330,000   -.0482349           0  -.0482349  -.0482349
     lsig_b2 |    330,000     .216584           0    .216584    .216584
-------------+---------------------------------------------------------
     lpsig_x |    330,000    .0530722           0   .0530722   .0530722
     lpsig_e |    330,000   -.0251891           0  -.0251891  -.0251891
     lpsig_b |    330,000    .1131039           0   .1131039   .1131039

. log off
      name:  <unnamed>
       log:  /share/home/clafuent/MCVL/UVD_ABS_code/results/BC_all_noA_x.log
  log type:  text
 paused on:   4 May 2021, 14:54:55
------------------------------------------------------------------------------------------------
------------------------------------------------------------------------------------------------
      name:  <unnamed>
       log:  /share/home/clafuent/MCVL/UVD_ABS_code/results/BC_all_noA_x.log
  log type:  text
resumed on:   4 May 2021, 14:55:07

. ****** STU + Spell correction, 2008-2013 *****************************
. sum mu_y sig_y sig_c sig_e sig_b lsig_y lsig_c lsig_e lsig_b psig_c psig_e psig_b plsig_c plsi
> g_e plsig_b lsig_y2 sig_x lsig_c lsig_e2 lsig_b2 lpsig_x lpsig_e lpsig_b

    Variable |        Obs        Mean    Std. Dev.       Min        Max
-------------+---------------------------------------------------------
        mu_y |    330,000    199.3902           0   199.3902   199.3902
       sig_y |    330,000    75405.11           0   75405.11   75405.11
       sig_c |    330,000    44584.46           0   44584.46   44584.46
       sig_e |    330,000     25992.4           0    25992.4    25992.4
       sig_b |    330,000    4828.254           0   4828.254   4828.254
-------------+---------------------------------------------------------
      lsig_y |    330,000    2.271883           0   2.271883   2.271883
      lsig_c |    330,000    1.644934           0   1.644934   1.644934
      lsig_e |    330,000    .3728961           0   .3728961   .3728961
      lsig_b |    330,000    .2540527           0   .2540527   .2540527
      psig_c |    330,000    .5912657           0   .5912657   .5912657
-------------+---------------------------------------------------------
      psig_e |    330,000    .3447034           0   .3447034   .3447034
      psig_b |    330,000    .0640309           0   .0640309   .0640309
     plsig_c |    330,000      .72404           0     .72404     .72404
     plsig_e |    330,000    .1641353           0   .1641353   .1641353
     plsig_b |    330,000    .1118247           0   .1118247   .1118247
-------------+---------------------------------------------------------
     lsig_y2 |    330,000    2.271882           0   2.271882   2.271882
       sig_x |    330,000    .1217992           0   .1217992   .1217992
      lsig_c |    330,000    1.644934           0   1.644934   1.644934
     lsig_e2 |    330,000     .260325           0    .260325    .260325
     lsig_b2 |    330,000    .2448241           0   .2448241   .2448241
-------------+---------------------------------------------------------
     lpsig_x |    330,000    .0536116           0   .0536116   .0536116
     lpsig_e |    330,000    .1145856           0   .1145856   .1145856
     lpsig_b |    330,000    .1077626           0   .1077626   .1077626

. log off
      name:  <unnamed>
       log:  /share/home/clafuent/MCVL/UVD_ABS_code/results/BC_all_noA_x.log
  log type:  text
 paused on:   4 May 2021, 14:55:10
------------------------------------------------------------------------------------------------
------------------------------------------------------------------------------------------------
      name:  <unnamed>
       log:  /share/home/clafuent/MCVL/UVD_ABS_code/results/BC_all_noA_x.log
  log type:  text
resumed on:   4 May 2021, 14:55:26

. ****** NE - NO spell correction, 2008-2013 *****************************
. sum mu_y sig_y sig_c sig_e sig_b lsig_y lsig_c lsig_e lsig_b psig_c psig_e psig_b plsig_c plsi
> g_e plsig_b lsig_y2 sig_x lsig_c lsig_e2 lsig_b2 lpsig_x lpsig_e lpsig_b

    Variable |        Obs        Mean    Std. Dev.       Min        Max
-------------+---------------------------------------------------------
        mu_y |    427,020    200.7231           0   200.7231   200.7231
       sig_y |    427,020    80252.51           0   80252.51   80252.51
       sig_c |    427,020    43345.66           0   43345.66   43345.66
       sig_e |    427,020    33878.97           0   33878.97   33878.97
       sig_b |    427,020    3056.071           0   3056.071   3056.071
-------------+---------------------------------------------------------
      lsig_y |    427,020    2.408983           0   2.408983   2.408983
      lsig_c |    427,020    1.644934           0   1.644934   1.644934
      lsig_e |    427,020    .3694452           0   .3694452   .3694452
      lsig_b |    427,020    .3946037           0   .3946037   .3946037
      psig_c |    427,020     .540116           0    .540116    .540116
-------------+---------------------------------------------------------
      psig_e |    427,020    .4221547           0   .4221547   .4221547
      psig_b |    427,020    .0380807           0   .0380807   .0380807
     plsig_c |    427,020    .6828333           0   .6828333   .6828333
     plsig_e |    427,020    .1533615           0   .1533615   .1533615
     plsig_b |    427,020    .1638051           0   .1638051   .1638051
-------------+---------------------------------------------------------
     lsig_y2 |    427,020    2.408982           0   2.408982   2.408982
       sig_x |    427,020    .1273789           0   .1273789   .1273789
      lsig_c |    427,020    1.644934           0   1.644934   1.644934
     lsig_e2 |    427,020    .2897375           0   .2897375   .2897375
     lsig_b2 |    427,020    .3469318           0   .3469318   .3469318
-------------+---------------------------------------------------------
     lpsig_x |    427,020    .0528767           0   .0528767   .0528767
     lpsig_e |    427,020    .1202738           0   .1202738   .1202738
     lpsig_b |    427,020    .1440159           0   .1440159   .1440159

. log off
      name:  <unnamed>
       log:  /share/home/clafuent/MCVL/UVD_ABS_code/results/BC_all_noA_x.log
  log type:  text
 paused on:   4 May 2021, 14:55:29
------------------------------------------------------------------------------------------------
------------------------------------------------------------------------------------------------
      name:  <unnamed>
       log:  /share/home/clafuent/MCVL/UVD_ABS_code/results/BC_all_noA_x.log
  log type:  text
resumed on:   4 May 2021, 15:04:00

. ****** STU + Recalls + Spell Adj, 2008-2013 *****************************
. sum mu_y sig_y sig_c sig_e sig_b lsig_y lsig_c lsig_e lsig_b psig_c psig_e psig_b plsig_c plsi
> g_e plsig_b lsig_y2 sig_x lsig_c lsig_e2 lsig_b2 lpsig_x lpsig_e lpsig_b

    Variable |        Obs        Mean    Std. Dev.       Min        Max
-------------+---------------------------------------------------------
        mu_y |    397,050    172.0306           0   172.0306   172.0306
       sig_y |    397,050     67505.1           0    67505.1    67505.1
       sig_c |    397,050    33570.27           0   33570.27   33570.27
       sig_e |    397,050    29958.92           0   29958.92   29958.92
       sig_b |    397,050    3975.917           0   3975.917   3975.917
-------------+---------------------------------------------------------
      lsig_y |    397,050    2.832543           0   2.832543   2.832543
      lsig_c |    397,050    1.644934           0   1.644934   1.644934
      lsig_e |    397,050    .7120579           0   .7120579   .7120579
      lsig_b |    397,050    .4755509           0   .4755509   .4755509
      psig_c |    397,050    .4972997           0   .4972997   .4972997
-------------+---------------------------------------------------------
      psig_e |    397,050    .4438023           0   .4438023   .4438023
      psig_b |    397,050     .058898           0    .058898    .058898
     plsig_c |    397,050     .580727           0    .580727    .580727
     plsig_e |    397,050    .2513847           0   .2513847   .2513847
     plsig_b |    397,050    .1678883           0   .1678883   .1678883
-------------+---------------------------------------------------------
     lsig_y2 |    397,050    2.832542           0   2.832542   2.832542
       sig_x |    397,050    .1578207           0   .1578207   .1578207
      lsig_c |    397,050    1.644934           0   1.644934   1.644934
     lsig_e2 |    397,050    .5772012           0   .5772012   .5772012
     lsig_b2 |    397,050    .4525857           0   .4525857   .4525857
-------------+---------------------------------------------------------
     lpsig_x |    397,050     .055717           0    .055717    .055717
     lpsig_e |    397,050     .203775           0    .203775    .203775
     lpsig_b |    397,050    .1597808           0   .1597808   .1597808

. log off
      name:  <unnamed>
       log:  /share/home/clafuent/MCVL/UVD_ABS_code/results/BC_all_noA_x.log
  log type:  text
 paused on:   4 May 2021, 15:04:02
------------------------------------------------------------------------------------------------
------------------------------------------------------------------------------------------------
      name:  <unnamed>
       log:  /share/home/clafuent/MCVL/UVD_ABS_code/results/BC_all_noA_x.log
  log type:  text
resumed on:   4 May 2021, 15:04:19

. ****** NE + Spell correction, 2008-2013 *****************************
. sum mu_y sig_y sig_c sig_e sig_b lsig_y lsig_c lsig_e lsig_b psig_c psig_e psig_b plsig_c plsi
> g_e plsig_b lsig_y2 sig_x lsig_c lsig_e2 lsig_b2 lpsig_x lpsig_e lpsig_b

    Variable |        Obs        Mean    Std. Dev.       Min        Max
-------------+---------------------------------------------------------
        mu_y |    427,020    168.4092           0   168.4092   168.4092
       sig_y |    427,020    67097.16           0   67097.16   67097.16
       sig_c |    427,020    32551.94           0   32551.94   32551.94
       sig_e |    427,020    30354.78           0   30354.78   30354.78
       sig_b |    427,020    4190.447           0   4190.447   4190.447
-------------+---------------------------------------------------------
      lsig_y |    427,020    2.867536           0   2.867536   2.867536
      lsig_c |    427,020    1.644934           0   1.644934   1.644934
      lsig_e |    427,020    .7278284           0   .7278284   .7278284
      lsig_b |    427,020    .4947731           0   .4947731   .4947731
      psig_c |    427,020    .4851463           0   .4851463   .4851463
-------------+---------------------------------------------------------
      psig_e |    427,020    .4524003           0   .4524003   .4524003
      psig_b |    427,020    .0624534           0   .0624534   .0624534
     plsig_c |    427,020    .5736403           0   .5736403   .5736403
     plsig_e |    427,020    .2538167           0   .2538167   .2538167
     plsig_b |    427,020     .172543           0    .172543    .172543
-------------+---------------------------------------------------------
     lsig_y2 |    427,020    2.867536           0   2.867536   2.867536
       sig_x |    427,020    .1485755           0   .1485755   .1485755
      lsig_c |    427,020    1.644934           0   1.644934   1.644934
     lsig_e2 |    427,020    .6096324           0   .6096324   .6096324
     lsig_b2 |    427,020    .4643943           0   .4643943   .4643943
-------------+---------------------------------------------------------
     lpsig_x |    427,020     .051813           0    .051813    .051813
     lpsig_e |    427,020     .212598           0    .212598    .212598
     lpsig_b |    427,020    .1619489           0   .1619489   .1619489

. log off
      name:  <unnamed>
       log:  /share/home/clafuent/MCVL/UVD_ABS_code/results/BC_all_noA_x.log
  log type:  text
 paused on:   4 May 2021, 15:04:23
------------------------------------------------------------------------------------------------
