----------------------------------------------------------------------------------------------------------------------
      name:  <unnamed>
       log:  /share/home/clafuent/MCVL/UVD_ABS_code/results/BC_educ_noA_x.log
  log type:  text
 opened on:   6 May 2021, 16:45:56

. ********************************************************************************
. *                                                                              *
. *                               BC Decomposition                               *
. *                                                                              *
. ********************************************************************************
. log off
      name:  <unnamed>
       log:  /share/home/clafuent/MCVL/UVD_ABS_code/results/BC_educ_noA_x.log
  log type:  text
 paused on:   6 May 2021, 16:45:56
----------------------------------------------------------------------------------------------------------------------
----------------------------------------------------------------------------------------------------------------------
      name:  <unnamed>
       log:  /share/home/clafuent/MCVL/UVD_ABS_code/results/BC_educ_noA_x.log
  log type:  text
resumed on:   6 May 2021, 16:45:57

. ****** RAW, 2002-2007, college *****************************
. sum mu_y sig_y sig_c sig_e sig_b lsig_y lsig_c lsig_e lsig_b psig_c psig_e psig_b plsig_c plsig_e plsig_b lsig_y2 si
> g_x lsig_c lsig_e2 lsig_b2 lpsig_x lpsig_e lpsig_b

    Variable |        Obs        Mean    Std. Dev.       Min        Max
-------------+---------------------------------------------------------
        mu_y |     18,680      127.95           0     127.95     127.95
       sig_y |     18,680    34431.33           0   34431.33   34431.33
       sig_c |     18,680    18997.79           0   18997.79   18997.79
       sig_e |     18,680    12805.12           0   12805.12   12805.12
       sig_b |     18,680    2628.429           0   2628.429   2628.429
-------------+---------------------------------------------------------
      lsig_y |     18,680    1.144697           0   1.144697   1.144697
      lsig_c |     18,680    1.644934           0   1.644934   1.644934
      lsig_e |     18,680   -.7828044           0  -.7828044  -.7828044
      lsig_b |     18,680    .2825677           0   .2825677   .2825677
      psig_c |     18,680    .5517587           0   .5517587   .5517587
-------------+---------------------------------------------------------
      psig_e |     18,680     .371903           0    .371903    .371903
      psig_b |     18,680    .0763383           0   .0763383   .0763383
     plsig_c |     18,680    1.437003           0   1.437003   1.437003
     plsig_e |     18,680   -.6838528           0  -.6838528  -.6838528
     plsig_b |     18,680    .2468492           0   .2468492   .2468492
-------------+---------------------------------------------------------
     lsig_y2 |     18,680    1.144696           0   1.144696   1.144696
       sig_x |     18,680     .164272           0    .164272    .164272
      lsig_c |     18,680    1.644934           0   1.644934   1.644934
     lsig_e2 |     18,680   -.9374432           0  -.9374432  -.9374432
     lsig_b2 |     18,680    .2729328           0   .2729328   .2729328
-------------+---------------------------------------------------------
     lpsig_x |     18,680    .1435072           0   .1435072   .1435072
     lpsig_e |     18,680   -.8189453           0  -.8189453  -.8189453
     lpsig_b |     18,680    .2384326           0   .2384326   .2384326

. log off
      name:  <unnamed>
       log:  /share/home/clafuent/MCVL/UVD_ABS_code/results/BC_educ_noA_x.log
  log type:  text
 paused on:   6 May 2021, 16:45:57
----------------------------------------------------------------------------------------------------------------------
----------------------------------------------------------------------------------------------------------------------
      name:  <unnamed>
       log:  /share/home/clafuent/MCVL/UVD_ABS_code/results/BC_educ_noA_x.log
  log type:  text
resumed on:   6 May 2021, 16:45:59

. ****** RAW, 2002-2007, no college *****************************
. sum mu_y sig_y sig_c sig_e sig_b lsig_y lsig_c lsig_e lsig_b psig_c psig_e psig_b plsig_c plsig_e plsig_b lsig_y2 si
> g_x lsig_c lsig_e2 lsig_b2 lpsig_x lpsig_e lpsig_b

    Variable |        Obs        Mean    Std. Dev.       Min        Max
-------------+---------------------------------------------------------
        mu_y |    126,648    151.5709           0   151.5709   151.5709
       sig_y |    126,648    45180.97           0   45180.97   45180.97
       sig_c |    126,648    27487.12           0   27487.12   27487.12
       sig_e |    126,648    13180.12           0   13180.12   13180.12
       sig_b |    126,648    4513.734           0   4513.734   4513.734
-------------+---------------------------------------------------------
      lsig_y |    126,648    1.145215           0   1.145215   1.145215
      lsig_c |    126,648    1.644934           0   1.644934   1.644934
      lsig_e |    126,648   -.7488961           0  -.7488961  -.7488961
      lsig_b |    126,648    .2491767           0   .2491767   .2491767
      psig_c |    126,648    .6083783           0   .6083783   .6083783
-------------+---------------------------------------------------------
      psig_e |    126,648    .2917183           0   .2917183   .2917183
      psig_b |    126,648    .0999034           0   .0999034   .0999034
     plsig_c |    126,648    1.436354           0   1.436354   1.436354
     plsig_e |    126,648    -.653935           0   -.653935   -.653935
     plsig_b |    126,648    .2175808           0   .2175808   .2175808
-------------+---------------------------------------------------------
     lsig_y2 |    126,648    1.145215           0   1.145215   1.145215
       sig_x |    126,648    .0602435           0   .0602435   .0602435
      lsig_c |    126,648    1.644934           0   1.644934   1.644934
     lsig_e2 |    126,648    -.821489           0   -.821489   -.821489
     lsig_b2 |    126,648    .2615266           0   .2615266   .2615266
-------------+---------------------------------------------------------
     lpsig_x |    126,648    .0526045           0   .0526045   .0526045
     lpsig_e |    126,648   -.7173228           0  -.7173228  -.7173228
     lpsig_b |    126,648    .2283646           0   .2283646   .2283646

. log off
      name:  <unnamed>
       log:  /share/home/clafuent/MCVL/UVD_ABS_code/results/BC_educ_noA_x.log
  log type:  text
 paused on:   6 May 2021, 16:45:59
----------------------------------------------------------------------------------------------------------------------
----------------------------------------------------------------------------------------------------------------------
      name:  <unnamed>
       log:  /share/home/clafuent/MCVL/UVD_ABS_code/results/BC_educ_noA_x.log
  log type:  text
resumed on:   6 May 2021, 16:46:01

. ****** LTU, 2002-2007, college *****************************
. sum mu_y sig_y sig_c sig_e sig_b lsig_y lsig_c lsig_e lsig_b psig_c psig_e psig_b plsig_c plsig_e plsig_b lsig_y2 si
> g_x lsig_c lsig_e2 lsig_b2 lpsig_x lpsig_e lpsig_b

    Variable |        Obs        Mean    Std. Dev.       Min        Max
-------------+---------------------------------------------------------
        mu_y |     18,680    164.4967           0   164.4967   164.4967
       sig_y |     18,680    60776.59           0   60776.59   60776.59
       sig_c |     18,680    35882.25           0   35882.25   35882.25
       sig_e |     18,680    16068.01           0   16068.01   16068.01
       sig_b |     18,680    8826.331           0   8826.331   8826.331
-------------+---------------------------------------------------------
      lsig_y |     18,680    1.277764           0   1.277764   1.277764
      lsig_c |     18,680    1.644934           0   1.644934   1.644934
      lsig_e |     18,680   -.7561113           0  -.7561113  -.7561113
      lsig_b |     18,680    .3889416           0   .3889416   .3889416
      psig_c |     18,680     .590396           0    .590396    .590396
-------------+---------------------------------------------------------
      psig_e |     18,680    .2643782           0   .2643782   .2643782
      psig_b |     18,680    .1452258           0   .1452258   .1452258
     plsig_c |     18,680    1.287353           0   1.287353   1.287353
     plsig_e |     18,680   -.5917454           0  -.5917454  -.5917454
     plsig_b |     18,680    .3043922           0   .3043922   .3043922
-------------+---------------------------------------------------------
     lsig_y2 |     18,680    1.277765           0   1.277765   1.277765
       sig_x |     18,680    .1592897           0   .1592897   .1592897
      lsig_c |     18,680    1.644934           0   1.644934   1.644934
     lsig_e2 |     18,680    -.878657           0   -.878657   -.878657
     lsig_b2 |     18,680    .3521986           0   .3521986   .3521986
-------------+---------------------------------------------------------
     lpsig_x |     18,680    .1246627           0   .1246627   .1246627
     lpsig_e |     18,680   -.6876513           0  -.6876513  -.6876513
     lpsig_b |     18,680    .2756363           0   .2756363   .2756363

. log off
      name:  <unnamed>
       log:  /share/home/clafuent/MCVL/UVD_ABS_code/results/BC_educ_noA_x.log
  log type:  text
 paused on:   6 May 2021, 16:46:02
----------------------------------------------------------------------------------------------------------------------
----------------------------------------------------------------------------------------------------------------------
      name:  <unnamed>
       log:  /share/home/clafuent/MCVL/UVD_ABS_code/results/BC_educ_noA_x.log
  log type:  text
resumed on:   6 May 2021, 16:46:06

. ****** LTU, 2002-2007, no college *****************************
. sum mu_y sig_y sig_c sig_e sig_b lsig_y lsig_c lsig_e lsig_b psig_c psig_e psig_b plsig_c plsig_e plsig_b lsig_y2 si
> g_x lsig_c lsig_e2 lsig_b2 lpsig_x lpsig_e lpsig_b

    Variable |        Obs        Mean    Std. Dev.       Min        Max
-------------+---------------------------------------------------------
        mu_y |    126,648    186.1527           0   186.1527   186.1527
       sig_y |    126,648    75348.52           0   75348.52   75348.52
       sig_c |    126,648    46192.97           0   46192.97   46192.97
       sig_e |    126,648    17614.81           0   17614.81   17614.81
       sig_b |    126,648    11540.74           0   11540.74   11540.74
-------------+---------------------------------------------------------
      lsig_y |    126,648    1.239467           0   1.239467   1.239467
      lsig_c |    126,648    1.644934           0   1.644934   1.644934
      lsig_e |    126,648   -.7461455           0  -.7461455  -.7461455
      lsig_b |    126,648    .3406785           0   .3406785   .3406785
      psig_c |    126,648    .6130574           0   .6130574   .6130574
-------------+---------------------------------------------------------
      psig_e |    126,648    .2337777           0   .2337777   .2337777
      psig_b |    126,648    .1531648           0   .1531648   .1531648
     plsig_c |    126,648     1.32713           0    1.32713    1.32713
     plsig_e |    126,648    -.601989           0   -.601989   -.601989
     plsig_b |    126,648    .2748589           0   .2748589   .2748589
-------------+---------------------------------------------------------
     lsig_y2 |    126,648    1.239467           0   1.239467   1.239467
       sig_x |    126,648    .0533578           0   .0533578   .0533578
      lsig_c |    126,648    1.644934           0   1.644934   1.644934
     lsig_e2 |    126,648   -.7911267           0  -.7911267  -.7911267
     lsig_b2 |    126,648    .3323018           0   .3323018   .3323018
-------------+---------------------------------------------------------
     lpsig_x |    126,648     .043049           0    .043049    .043049
     lpsig_e |    126,648   -.6382797           0  -.6382797  -.6382797
     lpsig_b |    126,648    .2681006           0   .2681006   .2681006

. log off
      name:  <unnamed>
       log:  /share/home/clafuent/MCVL/UVD_ABS_code/results/BC_educ_noA_x.log
  log type:  text
 paused on:   6 May 2021, 16:46:07
----------------------------------------------------------------------------------------------------------------------
----------------------------------------------------------------------------------------------------------------------
      name:  <unnamed>
       log:  /share/home/clafuent/MCVL/UVD_ABS_code/results/BC_educ_noA_x.log
  log type:  text
resumed on:   6 May 2021, 16:46:10

. ****** STU, 2002-2007, college *****************************
. sum mu_y sig_y sig_c sig_e sig_b lsig_y lsig_c lsig_e lsig_b psig_c psig_e psig_b plsig_c plsig_e plsig_b lsig_y2 si
> g_x lsig_c lsig_e2 lsig_b2 lpsig_x lpsig_e lpsig_b

    Variable |        Obs        Mean    Std. Dev.       Min        Max
-------------+---------------------------------------------------------
        mu_y |     50,840     161.323           0    161.323    161.323
       sig_y |     50,840    75472.16           0   75472.16   75472.16
       sig_c |     50,840    33952.74           0   33952.74   33952.74
       sig_e |     50,840    33590.29           0   33590.29   33590.29
       sig_b |     50,840    7929.125           0   7929.125   7929.125
-------------+---------------------------------------------------------
      lsig_y |     50,840    2.573956           0   2.573956   2.573956
      lsig_c |     50,840    1.644934           0   1.644934   1.644934
      lsig_e |     50,840     .442521           0    .442521    .442521
      lsig_b |     50,840    .4865014           0   .4865014   .4865014
      psig_c |     50,840    .4498711           0   .4498711   .4498711
-------------+---------------------------------------------------------
      psig_e |     50,840    .4450687           0   .4450687   .4450687
      psig_b |     50,840    .1050603           0   .1050603   .1050603
     plsig_c |     50,840    .6390683           0   .6390683   .6390683
     plsig_e |     50,840    .1719225           0   .1719225   .1719225
     plsig_b |     50,840    .1890092           0   .1890092   .1890092
-------------+---------------------------------------------------------
     lsig_y2 |     50,840    2.573955           0   2.573955   2.573955
       sig_x |     50,840    .4280624           0   .4280624   .4280624
      lsig_c |     50,840    1.644934           0   1.644934   1.644934
     lsig_e2 |     50,840    .1143486           0   .1143486   .1143486
     lsig_b2 |     50,840    .3866102           0   .3866102   .3866102
-------------+---------------------------------------------------------
     lpsig_x |     50,840    .1663053           0   .1663053   .1663053
     lpsig_e |     50,840    .0444253           0   .0444253   .0444253
     lpsig_b |     50,840    .1502008           0   .1502008   .1502008

. log off
      name:  <unnamed>
       log:  /share/home/clafuent/MCVL/UVD_ABS_code/results/BC_educ_noA_x.log
  log type:  text
 paused on:   6 May 2021, 16:46:10
----------------------------------------------------------------------------------------------------------------------
----------------------------------------------------------------------------------------------------------------------
      name:  <unnamed>
       log:  /share/home/clafuent/MCVL/UVD_ABS_code/results/BC_educ_noA_x.log
  log type:  text
resumed on:   6 May 2021, 16:46:14

. ****** STU, 2002-2007, no college *****************************
. sum mu_y sig_y sig_c sig_e sig_b lsig_y lsig_c lsig_e lsig_b psig_c psig_e psig_b plsig_c plsig_e plsig_b lsig_y2 si
> g_x lsig_c lsig_e2 lsig_b2 lpsig_x lpsig_e lpsig_b

    Variable |        Obs        Mean    Std. Dev.       Min        Max
-------------+---------------------------------------------------------
        mu_y |    257,334    177.6705           0   177.6705   177.6705
       sig_y |    257,334    90888.73           0   90888.73   90888.73
       sig_c |    257,334     44093.6           0    44093.6    44093.6
       sig_e |    257,334    34267.96           0   34267.96   34267.96
       sig_b |    257,334    12527.16           0   12527.16   12527.16
-------------+---------------------------------------------------------
      lsig_y |    257,334    2.370993           0   2.370993   2.370993
      lsig_c |    257,334    1.644934           0   1.644934   1.644934
      lsig_e |    257,334    .1809175           0   .1809175   .1809175
      lsig_b |    257,334     .545141           0    .545141    .545141
      psig_c |    257,334    .4851383           0   .4851383   .4851383
-------------+---------------------------------------------------------
      psig_e |    257,334    .3770321           0   .3770321   .3770321
      psig_b |    257,334    .1378296           0   .1378296   .1378296
     plsig_c |    257,334    .6937744           0   .6937744   .6937744
     plsig_e |    257,334    .0763045           0   .0763045   .0763045
     plsig_b |    257,334     .229921           0    .229921    .229921
-------------+---------------------------------------------------------
     lsig_y2 |    257,334    2.370993           0   2.370993   2.370993
       sig_x |    257,334    .1650555           0   .1650555   .1650555
      lsig_c |    257,334    1.644934           0   1.644934   1.644934
     lsig_e2 |    257,334    .1004792           0   .1004792   .1004792
     lsig_b2 |    257,334    .4605243           0   .4605243   .4605243
-------------+---------------------------------------------------------
     lpsig_x |    257,334    .0696145           0   .0696145   .0696145
     lpsig_e |    257,334    .0423785           0   .0423785   .0423785
     lpsig_b |    257,334    .1942327           0   .1942327   .1942327

. log off
      name:  <unnamed>
       log:  /share/home/clafuent/MCVL/UVD_ABS_code/results/BC_educ_noA_x.log
  log type:  text
 paused on:   6 May 2021, 16:46:16
----------------------------------------------------------------------------------------------------------------------
----------------------------------------------------------------------------------------------------------------------
      name:  <unnamed>
       log:  /share/home/clafuent/MCVL/UVD_ABS_code/results/BC_educ_noA_x.log
  log type:  text
resumed on:   6 May 2021, 16:46:19

. ****** STU + Spell Adj, 2002-2007, college *****************************
. sum mu_y sig_y sig_c sig_e sig_b lsig_y lsig_c lsig_e lsig_b psig_c psig_e psig_b plsig_c plsig_e plsig_b lsig_y2 si
> g_x lsig_c lsig_e2 lsig_b2 lpsig_x lpsig_e lpsig_b

    Variable |        Obs        Mean    Std. Dev.       Min        Max
-------------+---------------------------------------------------------
        mu_y |     50,840    150.7879           0   150.7879   150.7879
       sig_y |     50,840    72449.99           0   72449.99   72449.99
       sig_c |     50,840    30814.09           0   30814.09   30814.09
       sig_e |     50,840    33557.38           0   33557.38   33557.38
       sig_b |     50,840    8078.526           0   8078.526   8078.526
-------------+---------------------------------------------------------
      lsig_y |     50,840    2.760721           0   2.760721   2.760721
      lsig_c |     50,840    1.644934           0   1.644934   1.644934
      lsig_e |     50,840    .6870829           0   .6870829   .6870829
      lsig_b |     50,840    .4287041           0   .4287041   .4287041
      psig_c |     50,840    .4253153           0   .4253153   .4253153
-------------+---------------------------------------------------------
      psig_e |     50,840    .4631798           0   .4631798   .4631798
      psig_b |     50,840    .1115049           0   .1115049   .1115049
     plsig_c |     50,840    .5958349           0   .5958349   .5958349
     plsig_e |     50,840     .248878           0    .248878    .248878
     plsig_b |     50,840     .155287           0    .155287    .155287
-------------+---------------------------------------------------------
     lsig_y2 |     50,840    2.760722           0   2.760722   2.760722
       sig_x |     50,840    .4691086           0   .4691086   .4691086
      lsig_c |     50,840    1.644934           0   1.644934   1.644934
     lsig_e2 |     50,840    .2949193           0   .2949193   .2949193
     lsig_b2 |     50,840    .3517598           0   .3517598   .3517598
-------------+---------------------------------------------------------
     lpsig_x |     50,840    .1699224           0   .1699224   .1699224
     lpsig_e |     50,840    .1068269           0   .1068269   .1068269
     lpsig_b |     50,840    .1274159           0   .1274159   .1274159

. log off
      name:  <unnamed>
       log:  /share/home/clafuent/MCVL/UVD_ABS_code/results/BC_educ_noA_x.log
  log type:  text
 paused on:   6 May 2021, 16:46:19
----------------------------------------------------------------------------------------------------------------------
----------------------------------------------------------------------------------------------------------------------
      name:  <unnamed>
       log:  /share/home/clafuent/MCVL/UVD_ABS_code/results/BC_educ_noA_x.log
  log type:  text
resumed on:   6 May 2021, 16:46:23

. ****** STU + Spell Adj, 2002-2007, no college *****************************
. sum mu_y sig_y sig_c sig_e sig_b lsig_y lsig_c lsig_e lsig_b psig_c psig_e psig_b plsig_c plsig_e plsig_b lsig_y2 si
> g_x lsig_c lsig_e2 lsig_b2 lpsig_x lpsig_e lpsig_b

    Variable |        Obs        Mean    Std. Dev.       Min        Max
-------------+---------------------------------------------------------
        mu_y |    257,334    162.8849           0   162.8849   162.8849
       sig_y |    257,334     86814.5           0    86814.5    86814.5
       sig_c |    257,334    38815.56           0   38815.56   38815.56
       sig_e |    257,334    35714.53           0   35714.53   35714.53
       sig_b |    257,334     12284.4           0    12284.4    12284.4
-------------+---------------------------------------------------------
      lsig_y |    257,334    2.649152           0   2.649152   2.649152
      lsig_c |    257,334    1.644934           0   1.644934   1.644934
      lsig_e |    257,334    .4788626           0   .4788626   .4788626
      lsig_b |    257,334     .525355           0    .525355    .525355
      psig_c |    257,334    .4471092           0   .4471092   .4471092
-------------+---------------------------------------------------------
      psig_e |    257,334     .411389           0    .411389    .411389
      psig_b |    257,334    .1415017           0   .1415017   .1415017
     plsig_c |    257,334    .6209286           0   .6209286   .6209286
     plsig_e |    257,334    .1807608           0   .1807608   .1807608
     plsig_b |    257,334    .1983107           0   .1983107   .1983107
-------------+---------------------------------------------------------
     lsig_y2 |    257,334    2.649152           0   2.649152   2.649152
       sig_x |    257,334     .211309           0    .211309    .211309
      lsig_c |    257,334    1.644934           0   1.644934   1.644934
     lsig_e2 |    257,334    .3478136           0   .3478136   .3478136
     lsig_b2 |    257,334    .4450949           0   .4450949   .4450949
-------------+---------------------------------------------------------
     lpsig_x |    257,334    .0797648           0   .0797648   .0797648
     lpsig_e |    257,334    .1312924           0   .1312924   .1312924
     lpsig_b |    257,334    .1680142           0   .1680142   .1680142

. log off
      name:  <unnamed>
       log:  /share/home/clafuent/MCVL/UVD_ABS_code/results/BC_educ_noA_x.log
  log type:  text
 paused on:   6 May 2021, 16:46:24
----------------------------------------------------------------------------------------------------------------------
----------------------------------------------------------------------------------------------------------------------
      name:  <unnamed>
       log:  /share/home/clafuent/MCVL/UVD_ABS_code/results/BC_educ_noA_x.log
  log type:  text
resumed on:   6 May 2021, 16:46:31

. ****** STU + Recalls + Spell Adj, 2002-2007, college *****************************
. sum mu_y sig_y sig_c sig_e sig_b lsig_y lsig_c lsig_e lsig_b psig_c psig_e psig_b plsig_c plsig_e plsig_b lsig_y2 si
> g_x lsig_c lsig_e2 lsig_b2 lpsig_x lpsig_e lpsig_b

    Variable |        Obs        Mean    Std. Dev.       Min        Max
-------------+---------------------------------------------------------
        mu_y |     70,362    120.9508           0   120.9508   120.9508
       sig_y |     70,362    55495.12           0   55495.12   55495.12
       sig_c |     70,362    20339.33           0   20339.33   20339.33
       sig_e |     70,362    29444.77           0   29444.77   29444.77
       sig_b |     70,362    5711.022           0   5711.022   5711.022
-------------+---------------------------------------------------------
      lsig_y |     70,362     3.11771           0    3.11771    3.11771
      lsig_c |     70,362    1.644934           0   1.644934   1.644934
      lsig_e |     70,362     .857536           0    .857536    .857536
      lsig_b |     70,362    .6152397           0   .6152397   .6152397
      psig_c |     70,362    .3665066           0   .3665066   .3665066
-------------+---------------------------------------------------------
      psig_e |     70,362     .530583           0    .530583    .530583
      psig_b |     70,362    .1029104           0   .1029104   .1029104
     plsig_c |     70,362    .5276097           0   .5276097   .5276097
     plsig_e |     70,362    .2750532           0   .2750532   .2750532
     plsig_b |     70,362     .197337           0    .197337    .197337
-------------+---------------------------------------------------------
     lsig_y2 |     70,362     3.11771           0    3.11771    3.11771
       sig_x |     70,362    .4302495           0   .4302495   .4302495
      lsig_c |     70,362    1.644934           0   1.644934   1.644934
     lsig_e2 |     70,362    .5238224           0   .5238224   .5238224
     lsig_b2 |     70,362    .5187042           0   .5187042   .5187042
-------------+---------------------------------------------------------
     lpsig_x |     70,362    .1380018           0   .1380018   .1380018
     lpsig_e |     70,362    .1680151           0   .1680151   .1680151
     lpsig_b |     70,362    .1663734           0   .1663734   .1663734

. log off
      name:  <unnamed>
       log:  /share/home/clafuent/MCVL/UVD_ABS_code/results/BC_educ_noA_x.log
  log type:  text
 paused on:   6 May 2021, 16:46:32
----------------------------------------------------------------------------------------------------------------------
----------------------------------------------------------------------------------------------------------------------
      name:  <unnamed>
       log:  /share/home/clafuent/MCVL/UVD_ABS_code/results/BC_educ_noA_x.log
  log type:  text
resumed on:   6 May 2021, 16:46:39

. ****** STU + Recalls + Spell Adj, 2002-2007, no college *****************************
. sum mu_y sig_y sig_c sig_e sig_b lsig_y lsig_c lsig_e lsig_b psig_c psig_e psig_b plsig_c plsig_e plsig_b lsig_y2 si
> g_x lsig_c lsig_e2 lsig_b2 lpsig_x lpsig_e lpsig_b

    Variable |        Obs        Mean    Std. Dev.       Min        Max
-------------+---------------------------------------------------------
        mu_y |    334,484    132.4717           0   132.4717   132.4717
       sig_y |    334,484    68601.75           0   68601.75   68601.75
       sig_c |    334,484     26422.8           0    26422.8    26422.8
       sig_e |    334,484    33304.68           0   33304.68   33304.68
       sig_b |    334,484    8874.269           0   8874.269   8874.269
-------------+---------------------------------------------------------
      lsig_y |    334,484    3.118377           0   3.118377   3.118377
      lsig_c |    334,484    1.644934           0   1.644934   1.644934
      lsig_e |    334,484    .8339015           0   .8339015   .8339015
      lsig_b |    334,484    .6395411           0   .6395411   .6395411
      psig_c |    334,484    .3851623           0   .3851623   .3851623
-------------+---------------------------------------------------------
      psig_e |    334,484    .4854786           0   .4854786   .4854786
      psig_b |    334,484    .1293592           0   .1293592   .1293592
     plsig_c |    334,484    .5274969           0   .5274969   .5274969
     plsig_e |    334,484    .2674153           0   .2674153   .2674153
     plsig_b |    334,484    .2050878           0   .2050878   .2050878
-------------+---------------------------------------------------------
     lsig_y2 |    334,484    3.118377           0   3.118377   3.118377
       sig_x |    334,484     .164125           0    .164125    .164125
      lsig_c |    334,484    1.644934           0   1.644934   1.644934
     lsig_e2 |    334,484     .742354           0    .742354    .742354
     lsig_b2 |    334,484    .5669641           0   .5669641   .5669641
-------------+---------------------------------------------------------
     lpsig_x |    334,484    .0526315           0   .0526315   .0526315
     lpsig_e |    334,484    .2380578           0   .2380578   .2380578
     lpsig_b |    334,484    .1818139           0   .1818139   .1818139

. log off
      name:  <unnamed>
       log:  /share/home/clafuent/MCVL/UVD_ABS_code/results/BC_educ_noA_x.log
  log type:  text
 paused on:   6 May 2021, 16:46:41
----------------------------------------------------------------------------------------------------------------------
----------------------------------------------------------------------------------------------------------------------
      name:  <unnamed>
       log:  /share/home/clafuent/MCVL/UVD_ABS_code/results/BC_educ_noA_x.log
  log type:  text
resumed on:   6 May 2021, 16:46:49

. ****** NE  No Spell Adj, 2002-2007, college *****************************
. sum mu_y sig_y sig_c sig_e sig_b lsig_y lsig_c lsig_e lsig_b psig_c psig_e psig_b plsig_c plsig_e plsig_b lsig_y2 si
> g_x lsig_c lsig_e2 lsig_b2 lpsig_x lpsig_e lpsig_b

    Variable |        Obs        Mean    Std. Dev.       Min        Max
-------------+---------------------------------------------------------
        mu_y |     77,108    141.7986           0   141.7986   141.7986
       sig_y |     77,108    70177.45           0   70177.45   70177.45
       sig_c |     77,108    26394.82           0   26394.82   26394.82
       sig_e |     77,108    37599.48           0   37599.48   37599.48
       sig_b |     77,108    6288.885           0   6288.885   6288.885
-------------+---------------------------------------------------------
      lsig_y |     77,108     2.98521           0    2.98521    2.98521
      lsig_c |     77,108    1.644934           0   1.644934   1.644934
      lsig_e |     77,108    .6613644           0   .6613644   .6613644
      lsig_b |     77,108    .6789113           0   .6789113   .6789113
      psig_c |     77,108    .3761154           0   .3761154   .3761154
-------------+---------------------------------------------------------
      psig_e |     77,108    .5357772           0   .5357772   .5357772
      psig_b |     77,108     .089614           0    .089614    .089614
     plsig_c |     77,108     .551028           0    .551028    .551028
     plsig_e |     77,108    .2215471           0   .2215471   .2215471
     plsig_b |     77,108     .227425           0    .227425    .227425
-------------+---------------------------------------------------------
     lsig_y2 |     77,108     2.98521           0    2.98521    2.98521
       sig_x |     77,108     .421931           0    .421931    .421931
      lsig_c |     77,108    1.644934           0   1.644934   1.644934
     lsig_e2 |     77,108     .373473           0    .373473    .373473
     lsig_b2 |     77,108    .5448723           0   .5448723   .5448723
-------------+---------------------------------------------------------
     lpsig_x |     77,108    .1413405           0   .1413405   .1413405
     lpsig_e |     77,108    .1251078           0   .1251078   .1251078
     lpsig_b |     77,108    .1825239           0   .1825239   .1825239

. log off
      name:  <unnamed>
       log:  /share/home/clafuent/MCVL/UVD_ABS_code/results/BC_educ_noA_x.log
  log type:  text
 paused on:   6 May 2021, 16:46:49
----------------------------------------------------------------------------------------------------------------------
----------------------------------------------------------------------------------------------------------------------
      name:  <unnamed>
       log:  /share/home/clafuent/MCVL/UVD_ABS_code/results/BC_educ_noA_x.log
  log type:  text
resumed on:   6 May 2021, 16:46:58

. ****** NE  No Spell Adj, 2002-2007, no college *****************************
. sum mu_y sig_y sig_c sig_e sig_b lsig_y lsig_c lsig_e lsig_b psig_c psig_e psig_b plsig_c plsig_e plsig_b lsig_y2 si
> g_x lsig_c lsig_e2 lsig_b2 lpsig_x lpsig_e lpsig_b

    Variable |        Obs        Mean    Std. Dev.       Min        Max
-------------+---------------------------------------------------------
        mu_y |    369,432    160.4649           0   160.4649   160.4649
       sig_y |    369,432    88676.63           0   88676.63   88676.63
       sig_c |    369,432    35444.47           0   35444.47   35444.47
       sig_e |    369,432    43597.43           0   43597.43   43597.43
       sig_b |    369,432    9695.732           0   9695.732   9695.732
-------------+---------------------------------------------------------
      lsig_y |    369,432    2.916625           0   2.916625   2.916625
      lsig_c |    369,432    1.644934           0   1.644934   1.644934
      lsig_e |    369,432    .5431405           0   .5431405   .5431405
      lsig_b |    369,432    .7285509           0   .7285509   .7285509
      psig_c |    369,432    .3997048           0   .3997048   .3997048
-------------+---------------------------------------------------------
      psig_e |    369,432    .4916452           0   .4916452   .4916452
      psig_b |    369,432    .1093381           0   .1093381   .1093381
     plsig_c |    369,432    .5639853           0   .5639853   .5639853
     plsig_e |    369,432    .1862222           0   .1862222   .1862222
     plsig_b |    369,432    .2497924           0   .2497924   .2497924
-------------+---------------------------------------------------------
     lsig_y2 |    369,432    2.916625           0   2.916625   2.916625
       sig_x |    369,432    .1555192           0   .1555192   .1555192
      lsig_c |    369,432    1.644934           0   1.644934   1.644934
     lsig_e2 |    369,432    .4803866           0   .4803866   .4803866
     lsig_b2 |    369,432    .6357853           0   .6357853   .6357853
-------------+---------------------------------------------------------
     lpsig_x |    369,432    .0533216           0   .0533216   .0533216
     lpsig_e |    369,432    .1647063           0   .1647063   .1647063
     lpsig_b |    369,432    .2179866           0   .2179866   .2179866

. log off
      name:  <unnamed>
       log:  /share/home/clafuent/MCVL/UVD_ABS_code/results/BC_educ_noA_x.log
  log type:  text
 paused on:   6 May 2021, 16:46:59
----------------------------------------------------------------------------------------------------------------------
----------------------------------------------------------------------------------------------------------------------
      name:  <unnamed>
       log:  /share/home/clafuent/MCVL/UVD_ABS_code/results/BC_educ_noA_x.log
  log type:  text
resumed on:   6 May 2021, 16:47:04

. ****** NE + Spell Adj, 2002-2007, college *****************************
. sum mu_y sig_y sig_c sig_e sig_b lsig_y lsig_c lsig_e lsig_b psig_c psig_e psig_b plsig_c plsig_e plsig_b lsig_y2 si
> g_x lsig_c lsig_e2 lsig_b2 lpsig_x lpsig_e lpsig_b

    Variable |        Obs        Mean    Std. Dev.       Min        Max
-------------+---------------------------------------------------------
        mu_y |     77,108     122.478           0    122.478    122.478
       sig_y |     77,108    58916.44           0   58916.44   58916.44
       sig_c |     77,108    20973.36           0   20973.36   20973.36
       sig_e |     77,108    31969.82           0   31969.82   31969.82
       sig_b |     77,108    5973.265           0   5973.265   5973.265
-------------+---------------------------------------------------------
      lsig_y |     77,108    3.112309           0   3.112309   3.112309
      lsig_c |     77,108    1.644934           0   1.644934   1.644934
      lsig_e |     77,108    .8349801           0   .8349801   .8349801
      lsig_b |     77,108    .6323949           0   .6323949   .6323949
      psig_c |     77,108    .3559848           0   .3559848   .3559848
-------------+---------------------------------------------------------
      psig_e |     77,108    .5426298           0   .5426298   .5426298
      psig_b |     77,108    .1013854           0   .1013854   .1013854
     plsig_c |     77,108    .5285253           0   .5285253   .5285253
     plsig_e |     77,108    .2682832           0   .2682832   .2682832
     plsig_b |     77,108    .2031915           0   .2031915   .2031915
-------------+---------------------------------------------------------
     lsig_y2 |     77,108    3.112309           0   3.112309   3.112309
       sig_x |     77,108    .4318316           0   .4318316   .4318316
      lsig_c |     77,108    1.644934           0   1.644934   1.644934
     lsig_e2 |     77,108    .5082535           0   .5082535   .5082535
     lsig_b2 |     77,108    .5272894           0   .5272894   .5272894
-------------+---------------------------------------------------------
     lpsig_x |     77,108    .1387496           0   .1387496   .1387496
     lpsig_e |     77,108    .1633043           0   .1633043   .1633043
     lpsig_b |     77,108    .1694207           0   .1694207   .1694207

. log off
      name:  <unnamed>
       log:  /share/home/clafuent/MCVL/UVD_ABS_code/results/BC_educ_noA_x.log
  log type:  text
 paused on:   6 May 2021, 16:47:04
----------------------------------------------------------------------------------------------------------------------
----------------------------------------------------------------------------------------------------------------------
      name:  <unnamed>
       log:  /share/home/clafuent/MCVL/UVD_ABS_code/results/BC_educ_noA_x.log
  log type:  text
resumed on:   6 May 2021, 16:47:12

. ****** NE + Spell Adj, 2002-2007, no college *****************************
. sum mu_y sig_y sig_c sig_e sig_b lsig_y lsig_c lsig_e lsig_b psig_c psig_e psig_b plsig_c plsig_e plsig_b lsig_y2 si
> g_x lsig_c lsig_e2 lsig_b2 lpsig_x lpsig_e lpsig_b

    Variable |        Obs        Mean    Std. Dev.       Min        Max
-------------+---------------------------------------------------------
        mu_y |    369,432    131.9841           0   131.9841   131.9841
       sig_y |    369,432    70773.16           0   70773.16   70773.16
       sig_c |    369,432     26835.7           0    26835.7    26835.7
       sig_e |    369,432    34521.38           0   34521.38   34521.38
       sig_b |    369,432    9416.088           0   9416.088   9416.088
-------------+---------------------------------------------------------
      lsig_y |    369,432    3.126318           0   3.126318   3.126318
      lsig_c |    369,432    1.644934           0   1.644934   1.644934
      lsig_e |    369,432    .7854894           0   .7854894   .7854894
      lsig_b |    369,432    .6958949           0   .6958949   .6958949
      psig_c |    369,432     .379179           0    .379179    .379179
-------------+---------------------------------------------------------
      psig_e |    369,432     .487775           0    .487775    .487775
      psig_b |    369,432     .133046           0    .133046    .133046
     plsig_c |    369,432    .5261569           0   .5261569   .5261569
     plsig_e |    369,432    .2512506           0   .2512506   .2512506
     plsig_b |    369,432    .2225925           0   .2225925   .2225925
-------------+---------------------------------------------------------
     lsig_y2 |    369,432    3.126319           0   3.126319   3.126319
       sig_x |    369,432    .1724892           0   .1724892   .1724892
      lsig_c |    369,432    1.644934           0   1.644934   1.644934
     lsig_e2 |    369,432    .7009808           0   .7009808   .7009808
     lsig_b2 |    369,432    .6079149           0   .6079149   .6079149
-------------+---------------------------------------------------------
     lpsig_x |    369,432    .0551732           0   .0551732   .0551732
     lpsig_e |    369,432    .2242192           0   .2242192   .2242192
     lpsig_b |    369,432    .1944507           0   .1944507   .1944507

. log off
      name:  <unnamed>
       log:  /share/home/clafuent/MCVL/UVD_ABS_code/results/BC_educ_noA_x.log
  log type:  text
 paused on:   6 May 2021, 16:47:13
----------------------------------------------------------------------------------------------------------------------
----------------------------------------------------------------------------------------------------------------------
      name:  <unnamed>
       log:  /share/home/clafuent/MCVL/UVD_ABS_code/results/BC_educ_noA_x.log
  log type:  text
resumed on:   6 May 2021, 16:47:16

. ****** RAW, 2008-2013, college *****************************
. sum mu_y sig_y sig_c sig_e sig_b lsig_y lsig_c lsig_e lsig_b psig_c psig_e psig_b plsig_c plsig_e plsig_b lsig_y2 si
> g_x lsig_c lsig_e2 lsig_b2 lpsig_x lpsig_e lpsig_b

    Variable |        Obs        Mean    Std. Dev.       Min        Max
-------------+---------------------------------------------------------
        mu_y |     34,156    153.0844           0   153.0844   153.0844
       sig_y |     34,156    32251.03           0   32251.03   32251.03
       sig_c |     34,156    25741.69           0   25741.69   25741.69
       sig_e |     34,156    4201.523           0   4201.523   4201.523
       sig_b |     34,156    2307.816           0   2307.816   2307.816
-------------+---------------------------------------------------------
      lsig_y |     34,156    1.259571           0   1.259571   1.259571
      lsig_c |     34,156    1.644934           0   1.644934   1.644934
      lsig_e |     34,156   -.6165085           0  -.6165085  -.6165085
      lsig_b |     34,156    .2311451           0   .2311451   .2311451
      psig_c |     34,156    .7981665           0   .7981665   .7981665
-------------+---------------------------------------------------------
      psig_e |     34,156    .1302756           0   .1302756   .1302756
      psig_b |     34,156    .0715579           0   .0715579   .0715579
     plsig_c |     34,156    1.305948           0   1.305948   1.305948
     plsig_e |     34,156   -.4894592           0  -.4894592  -.4894592
     plsig_b |     34,156     .183511           0    .183511    .183511
-------------+---------------------------------------------------------
     lsig_y2 |     34,156     1.25957           0    1.25957    1.25957
       sig_x |     34,156    .2375998           0   .2375998   .2375998
      lsig_c |     34,156    1.644934           0   1.644934   1.644934
     lsig_e2 |     34,156   -.8288659           0  -.8288659  -.8288659
     lsig_b2 |     34,156    .2059023           0   .2059023   .2059023
-------------+---------------------------------------------------------
     lpsig_x |     34,156    .1886356           0   .1886356   .1886356
     lpsig_e |     34,156   -.6580545           0  -.6580545  -.6580545
     lpsig_b |     34,156    .1634703           0   .1634703   .1634703

. log off
      name:  <unnamed>
       log:  /share/home/clafuent/MCVL/UVD_ABS_code/results/BC_educ_noA_x.log
  log type:  text
 paused on:   6 May 2021, 16:47:16
----------------------------------------------------------------------------------------------------------------------
----------------------------------------------------------------------------------------------------------------------
      name:  <unnamed>
       log:  /share/home/clafuent/MCVL/UVD_ABS_code/results/BC_educ_noA_x.log
  log type:  text
resumed on:   6 May 2021, 16:47:19

. ****** RAW, 2008-2013, no college *****************************
. sum mu_y sig_y sig_c sig_e sig_b lsig_y lsig_c lsig_e lsig_b psig_c psig_e psig_b plsig_c plsig_e plsig_b lsig_y2 si
> g_x lsig_c lsig_e2 lsig_b2 lpsig_x lpsig_e lpsig_b

    Variable |        Obs        Mean    Std. Dev.       Min        Max
-------------+---------------------------------------------------------
        mu_y |    210,842    189.2163           0   189.2163   189.2163
       sig_y |    210,842    55135.07           0   55135.07   55135.07
       sig_c |    210,842    39088.37           0   39088.37   39088.37
       sig_e |    210,842    12760.88           0   12760.88   12760.88
       sig_b |    210,842    3285.819           0   3285.819   3285.819
-------------+---------------------------------------------------------
      lsig_y |    210,842    1.310023           0   1.310023   1.310023
      lsig_c |    210,842    1.644934           0   1.644934   1.644934
      lsig_e |    210,842   -.5176589           0  -.5176589  -.5176589
      lsig_b |    210,842    .1827481           0   .1827481   .1827481
      psig_c |    210,842    .7089565           0   .7089565   .7089565
-------------+---------------------------------------------------------
      psig_e |    210,842    .2314477           0   .2314477   .2314477
      psig_b |    210,842    .0595958           0   .0595958   .0595958
     plsig_c |    210,842    1.255653           0   1.255653   1.255653
     plsig_e |    210,842   -.3951525           0  -.3951525  -.3951525
     plsig_b |    210,842    .1394999           0   .1394999   .1394999
-------------+---------------------------------------------------------
     lsig_y2 |    210,842    1.310024           0   1.310024   1.310024
       sig_x |    210,842    .0616175           0   .0616175   .0616175
      lsig_c |    210,842    1.644934           0   1.644934   1.644934
     lsig_e2 |    210,842   -.5944406           0  -.5944406  -.5944406
     lsig_b2 |    210,842    .1979132           0   .1979132   .1979132
-------------+---------------------------------------------------------
     lpsig_x |    210,842    .0470354           0   .0470354   .0470354
     lpsig_e |    210,842   -.4537631           0  -.4537631  -.4537631
     lpsig_b |    210,842     .151076           0    .151076    .151076

. log off
      name:  <unnamed>
       log:  /share/home/clafuent/MCVL/UVD_ABS_code/results/BC_educ_noA_x.log
  log type:  text
 paused on:   6 May 2021, 16:47:20
----------------------------------------------------------------------------------------------------------------------
----------------------------------------------------------------------------------------------------------------------
      name:  <unnamed>
       log:  /share/home/clafuent/MCVL/UVD_ABS_code/results/BC_educ_noA_x.log
  log type:  text
resumed on:   6 May 2021, 16:47:23

. ****** LTU, 2008-2013, college *****************************
. sum mu_y sig_y sig_c sig_e sig_b lsig_y lsig_c lsig_e lsig_b psig_c psig_e psig_b plsig_c plsig_e plsig_b lsig_y2 si
> g_x lsig_c lsig_e2 lsig_b2 lpsig_x lpsig_e lpsig_b

    Variable |        Obs        Mean    Std. Dev.       Min        Max
-------------+---------------------------------------------------------
        mu_y |     34,156    181.8796           0   181.8796   181.8796
       sig_y |     34,156    47137.91           0   47137.91   47137.91
       sig_c |     34,156    39357.23           0   39357.23   39357.23
       sig_e |     34,156    1502.271           0   1502.271   1502.271
       sig_b |     34,156    6278.416           0   6278.416   6278.416
-------------+---------------------------------------------------------
      lsig_y |     34,156    1.373143           0   1.373143   1.373143
      lsig_c |     34,156    1.644934           0   1.644934   1.644934
      lsig_e |     34,156   -.6132953           0  -.6132953  -.6132953
      lsig_b |     34,156     .341504           0    .341504    .341504
      psig_c |     34,156    .8349378           0   .8349378   .8349378
-------------+---------------------------------------------------------
      psig_e |     34,156    .0318697           0   .0318697   .0318697
      psig_b |     34,156    .1331925           0   .1331925   .1331925
     plsig_c |     34,156    1.197934           0   1.197934   1.197934
     plsig_e |     34,156   -.4466362           0  -.4466362  -.4466362
     plsig_b |     34,156    .2487025           0   .2487025   .2487025
-------------+---------------------------------------------------------
     lsig_y2 |     34,156    1.373143           0   1.373143   1.373143
       sig_x |     34,156    .2469786           0   .2469786   .2469786
      lsig_c |     34,156    1.644934           0   1.644934   1.644934
     lsig_e2 |     34,156   -.8088593           0  -.8088593  -.8088593
     lsig_b2 |     34,156    .2900896           0   .2900896   .2900896
-------------+---------------------------------------------------------
     lpsig_x |     34,156    .1798638           0   .1798638   .1798638
     lpsig_e |     34,156   -.5890569           0  -.5890569  -.5890569
     lpsig_b |     34,156    .2112596           0   .2112596   .2112596

. log off
      name:  <unnamed>
       log:  /share/home/clafuent/MCVL/UVD_ABS_code/results/BC_educ_noA_x.log
  log type:  text
 paused on:   6 May 2021, 16:47:23
----------------------------------------------------------------------------------------------------------------------
----------------------------------------------------------------------------------------------------------------------
      name:  <unnamed>
       log:  /share/home/clafuent/MCVL/UVD_ABS_code/results/BC_educ_noA_x.log
  log type:  text
resumed on:   6 May 2021, 16:47:28

. ****** LTU, 2008-2013, no college *****************************
. sum mu_y sig_y sig_c sig_e sig_b lsig_y lsig_c lsig_e lsig_b psig_c psig_e psig_b plsig_c plsig_e plsig_b lsig_y2 si
> g_x lsig_c lsig_e2 lsig_b2 lpsig_x lpsig_e lpsig_b

    Variable |        Obs        Mean    Std. Dev.       Min        Max
-------------+---------------------------------------------------------
        mu_y |    210,842    215.6269           0   215.6269   215.6269
       sig_y |    210,842    70434.15           0   70434.15   70434.15
       sig_c |    210,842    53471.29           0   53471.29   53471.29
       sig_e |    210,842    9986.171           0   9986.171   9986.171
       sig_b |    210,842    6976.686           0   6976.686   6976.686
-------------+---------------------------------------------------------
      lsig_y |    210,842    1.382091           0   1.382091   1.382091
      lsig_c |    210,842    1.644934           0   1.644934   1.644934
      lsig_e |    210,842   -.5131464           0  -.5131464  -.5131464
      lsig_b |    210,842    .2503038           0   .2503038   .2503038
      psig_c |    210,842    .7591672           0   .7591672   .7591672
-------------+---------------------------------------------------------
      psig_e |    210,842    .1417802           0   .1417802   .1417802
      psig_b |    210,842    .0990526           0   .0990526   .0990526
     plsig_c |    210,842    1.190177           0   1.190177   1.190177
     plsig_e |    210,842   -.3712825           0  -.3712825  -.3712825
     plsig_b |    210,842    .1811051           0   .1811051   .1811051
-------------+---------------------------------------------------------
     lsig_y2 |    210,842    1.382093           0   1.382093   1.382093
       sig_x |    210,842    .0542544           0   .0542544   .0542544
      lsig_c |    210,842    1.644934           0   1.644934   1.644934
     lsig_e2 |    210,842   -.5715381           0  -.5715381  -.5715381
     lsig_b2 |    210,842    .2544423           0   .2544423   .2544423
-------------+---------------------------------------------------------
     lpsig_x |    210,842    .0392553           0   .0392553   .0392553
     lpsig_e |    210,842   -.4135309           0  -.4135309  -.4135309
     lpsig_b |    210,842    .1840993           0   .1840993   .1840993

. log off
      name:  <unnamed>
       log:  /share/home/clafuent/MCVL/UVD_ABS_code/results/BC_educ_noA_x.log
  log type:  text
 paused on:   6 May 2021, 16:47:28
----------------------------------------------------------------------------------------------------------------------
----------------------------------------------------------------------------------------------------------------------
      name:  <unnamed>
       log:  /share/home/clafuent/MCVL/UVD_ABS_code/results/BC_educ_noA_x.log
  log type:  text
resumed on:   6 May 2021, 16:47:31

. ****** STU, 2008-2013, college *****************************
. sum mu_y sig_y sig_c sig_e sig_b lsig_y lsig_c lsig_e lsig_b psig_c psig_e psig_b plsig_c plsig_e plsig_b lsig_y2 si
> g_x lsig_c lsig_e2 lsig_b2 lpsig_x lpsig_e lpsig_b

    Variable |        Obs        Mean    Std. Dev.       Min        Max
-------------+---------------------------------------------------------
        mu_y |     56,222    186.9726           0   186.9726   186.9726
       sig_y |     56,222    56191.61           0   56191.61   56191.61
       sig_c |     56,222    38729.11           0   38729.11   38729.11
       sig_e |     56,222    13691.16           0   13691.16   13691.16
       sig_b |     56,222    3771.337           0   3771.337   3771.337
-------------+---------------------------------------------------------
      lsig_y |     56,222    2.077005           0   2.077005   2.077005
      lsig_c |     56,222    1.644934           0   1.644934   1.644934
      lsig_e |     56,222    .1527924           0   .1527924   .1527924
      lsig_b |     56,222    .2792784           0   .2792784   .2792784
      psig_c |     56,222    .6892329           0   .6892329   .6892329
-------------+---------------------------------------------------------
      psig_e |     56,222    .2436513           0   .2436513   .2436513
      psig_b |     56,222    .0671157           0   .0671157   .0671157
     plsig_c |     56,222    .7919741           0   .7919741   .7919741
     plsig_e |     56,222    .0735638           0   .0735638   .0735638
     plsig_b |     56,222    .1344621           0   .1344621   .1344621
-------------+---------------------------------------------------------
     lsig_y2 |     56,222    2.077005           0   2.077005   2.077005
       sig_x |     56,222    .4564424           0   .4564424   .4564424
      lsig_c |     56,222    1.644934           0   1.644934   1.644934
     lsig_e2 |     56,222   -.2294744           0  -.2294744  -.2294744
     lsig_b2 |     56,222    .2051032           0   .2051032   .2051032
-------------+---------------------------------------------------------
     lpsig_x |     56,222    .2197599           0   .2197599   .2197599
     lpsig_e |     56,222   -.1104833           0  -.1104833  -.1104833
     lpsig_b |     56,222    .0987495           0   .0987495   .0987495

. log off
      name:  <unnamed>
       log:  /share/home/clafuent/MCVL/UVD_ABS_code/results/BC_educ_noA_x.log
  log type:  text
 paused on:   6 May 2021, 16:47:31
----------------------------------------------------------------------------------------------------------------------
----------------------------------------------------------------------------------------------------------------------
      name:  <unnamed>
       log:  /share/home/clafuent/MCVL/UVD_ABS_code/results/BC_educ_noA_x.log
  log type:  text
resumed on:   6 May 2021, 16:47:39

. ****** STU, 2008-2013, no college *****************************
. sum mu_y sig_y sig_c sig_e sig_b lsig_y lsig_c lsig_e lsig_b psig_c psig_e psig_b plsig_c plsig_e plsig_b lsig_y2 si
> g_x lsig_c lsig_e2 lsig_b2 lpsig_x lpsig_e lpsig_b

    Variable |        Obs        Mean    Std. Dev.       Min        Max
-------------+---------------------------------------------------------
        mu_y |    285,686    219.4523           0   219.4523   219.4523
       sig_y |    285,686     80553.2           0    80553.2    80553.2
       sig_c |    285,686    52370.47           0   52370.47   52370.47
       sig_e |    285,686    23971.32           0   23971.32   23971.32
       sig_b |    285,686    4211.417           0   4211.417   4211.417
-------------+---------------------------------------------------------
      lsig_y |    285,686     1.87911           0    1.87911    1.87911
      lsig_c |    285,686    1.644934           0   1.644934   1.644934
      lsig_e |    285,686    .0167154           0   .0167154   .0167154
      lsig_b |    285,686     .217461           0    .217461    .217461
      psig_c |    285,686    .6501352           0   .6501352   .6501352
-------------+---------------------------------------------------------
      psig_e |    285,686    .2975836           0   .2975836   .2975836
      psig_b |    285,686    .0522812           0   .0522812   .0522812
     plsig_c |    285,686    .8753791           0   .8753791   .8753791
     plsig_e |    285,686    .0088954           0   .0088954   .0088954
     plsig_b |    285,686    .1157255           0   .1157255   .1157255
-------------+---------------------------------------------------------
     lsig_y2 |    285,686    1.879109           0   1.879109   1.879109
       sig_x |    285,686    .1041471           0   .1041471   .1041471
      lsig_c |    285,686    1.644934           0   1.644934   1.644934
     lsig_e2 |    285,686      -.0797           0     -.0797     -.0797
     lsig_b2 |    285,686    .2097279           0   .2097279   .2097279
-------------+---------------------------------------------------------
     lpsig_x |    285,686    .0554236           0   .0554236   .0554236
     lpsig_e |    285,686   -.0424137           0  -.0424137  -.0424137
     lpsig_b |    285,686    .1116103           0   .1116103   .1116103

. log off
      name:  <unnamed>
       log:  /share/home/clafuent/MCVL/UVD_ABS_code/results/BC_educ_noA_x.log
  log type:  text
 paused on:   6 May 2021, 16:47:40
----------------------------------------------------------------------------------------------------------------------
----------------------------------------------------------------------------------------------------------------------
      name:  <unnamed>
       log:  /share/home/clafuent/MCVL/UVD_ABS_code/results/BC_educ_noA_x.log
  log type:  text
resumed on:   6 May 2021, 16:47:41

. ****** STU + Spell Adj, 2008-2013, college *****************************
. sum mu_y sig_y sig_c sig_e sig_b lsig_y lsig_c lsig_e lsig_b psig_c psig_e psig_b plsig_c plsig_e plsig_b lsig_y2 si
> g_x lsig_c lsig_e2 lsig_b2 lpsig_x lpsig_e lpsig_b

    Variable |        Obs        Mean    Std. Dev.       Min        Max
-------------+---------------------------------------------------------
        mu_y |     56,222    174.8764           0   174.8764   174.8764
       sig_y |     56,222    54732.08           0   54732.08   54732.08
       sig_c |     56,222    34535.59           0   34535.59   34535.59
       sig_e |     56,222    16241.68           0   16241.68   16241.68
       sig_b |     56,222    3954.807           0   3954.807   3954.807
-------------+---------------------------------------------------------
      lsig_y |     56,222    2.362297           0   2.362297   2.362297
      lsig_c |     56,222    1.644934           0   1.644934   1.644934
      lsig_e |     56,222    .4406649           0   .4406649   .4406649
      lsig_b |     56,222    .2766981           0   .2766981   .2766981
      psig_c |     56,222    .6309936           0   .6309936   .6309936
-------------+---------------------------------------------------------
      psig_e |     56,222    .2967488           0   .2967488   .2967488
      psig_b |     56,222    .0722576           0   .0722576   .0722576
     plsig_c |     56,222    .6963283           0   .6963283   .6963283
     plsig_e |     56,222    .1865409           0   .1865409   .1865409
     plsig_b |     56,222     .117131           0    .117131    .117131
-------------+---------------------------------------------------------
     lsig_y2 |     56,222    2.362299           0   2.362299   2.362299
       sig_x |     56,222    .5136468           0   .5136468   .5136468
      lsig_c |     56,222    1.644934           0   1.644934   1.644934
     lsig_e2 |     56,222    .0088375           0   .0088375   .0088375
     lsig_b2 |     56,222    .1948804           0   .1948804   .1948804
-------------+---------------------------------------------------------
     lpsig_x |     56,222    .2174352           0   .2174352   .2174352
     lpsig_e |     56,222     .003741           0    .003741    .003741
     lpsig_b |     56,222    .0824961           0   .0824961   .0824961

. log off
      name:  <unnamed>
       log:  /share/home/clafuent/MCVL/UVD_ABS_code/results/BC_educ_noA_x.log
  log type:  text
 paused on:   6 May 2021, 16:47:41
----------------------------------------------------------------------------------------------------------------------
----------------------------------------------------------------------------------------------------------------------
      name:  <unnamed>
       log:  /share/home/clafuent/MCVL/UVD_ABS_code/results/BC_educ_noA_x.log
  log type:  text
resumed on:   6 May 2021, 16:47:51

. ****** STU + Spell Adj, 2008-2013, no college *****************************
. sum mu_y sig_y sig_c sig_e sig_b lsig_y lsig_c lsig_e lsig_b psig_c psig_e psig_b plsig_c plsig_e plsig_b lsig_y2 si
> g_x lsig_c lsig_e2 lsig_b2 lpsig_x lpsig_e lpsig_b

    Variable |        Obs        Mean    Std. Dev.       Min        Max
-------------+---------------------------------------------------------
        mu_y |    285,686    203.8692           0   203.8692   203.8692
       sig_y |    285,686    78619.02           0   78619.02   78619.02
       sig_c |    285,686     46454.6           0    46454.6    46454.6
       sig_e |    285,686    27272.21           0   27272.21   27272.21
       sig_b |    285,686    4892.217           0   4892.217   4892.217
-------------+---------------------------------------------------------
      lsig_y |    285,686    2.246736           0   2.246736   2.246736
      lsig_c |    285,686    1.644934           0   1.644934   1.644934
      lsig_e |    285,686    .3543783           0   .3543783   .3543783
      lsig_b |    285,686    .2474238           0   .2474238   .2474238
      psig_c |    285,686    .5908824           0   .5908824   .5908824
-------------+---------------------------------------------------------
      psig_e |    285,686    .3468907           0   .3468907   .3468907
      psig_b |    285,686    .0622269           0   .0622269   .0622269
     plsig_c |    285,686    .7321438           0   .7321438   .7321438
     plsig_e |    285,686    .1577303           0   .1577303   .1577303
     plsig_b |    285,686    .1101259           0   .1101259   .1101259
-------------+---------------------------------------------------------
     lsig_y2 |    285,686    2.246736           0   2.246736   2.246736
       sig_x |    285,686    .1277578           0   .1277578   .1277578
      lsig_c |    285,686    1.644934           0   1.644934   1.644934
     lsig_e2 |    285,686    .2297277           0   .2297277   .2297277
     lsig_b2 |    285,686    .2443162           0   .2443162   .2443162
-------------+---------------------------------------------------------
     lpsig_x |    285,686    .0568637           0   .0568637   .0568637
     lpsig_e |    285,686    .1022496           0   .1022496   .1022496
     lpsig_b |    285,686    .1087427           0   .1087427   .1087427

. log off
      name:  <unnamed>
       log:  /share/home/clafuent/MCVL/UVD_ABS_code/results/BC_educ_noA_x.log
  log type:  text
 paused on:   6 May 2021, 16:47:52
----------------------------------------------------------------------------------------------------------------------
----------------------------------------------------------------------------------------------------------------------
      name:  <unnamed>
       log:  /share/home/clafuent/MCVL/UVD_ABS_code/results/BC_educ_noA_x.log
  log type:  text
resumed on:   6 May 2021, 16:47:53

. ****** STU + Recalls + Spell Adj, 2008-2013, college *****************************
. sum mu_y sig_y sig_c sig_e sig_b lsig_y lsig_c lsig_e lsig_b psig_c psig_e psig_b plsig_c plsig_e plsig_b lsig_y2 si
> g_x lsig_c lsig_e2 lsig_b2 lpsig_x lpsig_e lpsig_b

    Variable |        Obs        Mean    Std. Dev.       Min        Max
-------------+---------------------------------------------------------
        mu_y |     70,362    120.9508           0   120.9508   120.9508
       sig_y |     70,362    55495.12           0   55495.12   55495.12
       sig_c |     70,362    20339.33           0   20339.33   20339.33
       sig_e |     70,362    29444.77           0   29444.77   29444.77
       sig_b |     70,362    5711.022           0   5711.022   5711.022
-------------+---------------------------------------------------------
      lsig_y |     70,362     3.11771           0    3.11771    3.11771
      lsig_c |     70,362    1.644934           0   1.644934   1.644934
      lsig_e |     70,362     .857536           0    .857536    .857536
      lsig_b |     70,362    .6152397           0   .6152397   .6152397
      psig_c |     70,362    .3665066           0   .3665066   .3665066
-------------+---------------------------------------------------------
      psig_e |     70,362     .530583           0    .530583    .530583
      psig_b |     70,362    .1029104           0   .1029104   .1029104
     plsig_c |     70,362    .5276097           0   .5276097   .5276097
     plsig_e |     70,362    .2750532           0   .2750532   .2750532
     plsig_b |     70,362     .197337           0    .197337    .197337
-------------+---------------------------------------------------------
     lsig_y2 |     70,362     3.11771           0    3.11771    3.11771
       sig_x |     70,362    .4302495           0   .4302495   .4302495
      lsig_c |     70,362    1.644934           0   1.644934   1.644934
     lsig_e2 |     70,362    .5238224           0   .5238224   .5238224
     lsig_b2 |     70,362    .5187042           0   .5187042   .5187042
-------------+---------------------------------------------------------
     lpsig_x |     70,362    .1380018           0   .1380018   .1380018
     lpsig_e |     70,362    .1680151           0   .1680151   .1680151
     lpsig_b |     70,362    .1663734           0   .1663734   .1663734

. log off
      name:  <unnamed>
       log:  /share/home/clafuent/MCVL/UVD_ABS_code/results/BC_educ_noA_x.log
  log type:  text
 paused on:   6 May 2021, 16:47:54
----------------------------------------------------------------------------------------------------------------------
----------------------------------------------------------------------------------------------------------------------
      name:  <unnamed>
       log:  /share/home/clafuent/MCVL/UVD_ABS_code/results/BC_educ_noA_x.log
  log type:  text
resumed on:   6 May 2021, 16:48:03

. ****** STU + Recalls + Spell Adj, 2008-2013, no college *****************************
. sum mu_y sig_y sig_c sig_e sig_b lsig_y lsig_c lsig_e lsig_b psig_c psig_e psig_b plsig_c plsig_e plsig_b lsig_y2 si
> g_x lsig_c lsig_e2 lsig_b2 lpsig_x lpsig_e lpsig_b

    Variable |        Obs        Mean    Std. Dev.       Min        Max
-------------+---------------------------------------------------------
        mu_y |    334,484    132.4717           0   132.4717   132.4717
       sig_y |    334,484    68601.75           0   68601.75   68601.75
       sig_c |    334,484     26422.8           0    26422.8    26422.8
       sig_e |    334,484    33304.68           0   33304.68   33304.68
       sig_b |    334,484    8874.269           0   8874.269   8874.269
-------------+---------------------------------------------------------
      lsig_y |    334,484    3.118377           0   3.118377   3.118377
      lsig_c |    334,484    1.644934           0   1.644934   1.644934
      lsig_e |    334,484    .8339015           0   .8339015   .8339015
      lsig_b |    334,484    .6395411           0   .6395411   .6395411
      psig_c |    334,484    .3851623           0   .3851623   .3851623
-------------+---------------------------------------------------------
      psig_e |    334,484    .4854786           0   .4854786   .4854786
      psig_b |    334,484    .1293592           0   .1293592   .1293592
     plsig_c |    334,484    .5274969           0   .5274969   .5274969
     plsig_e |    334,484    .2674153           0   .2674153   .2674153
     plsig_b |    334,484    .2050878           0   .2050878   .2050878
-------------+---------------------------------------------------------
     lsig_y2 |    334,484    3.118377           0   3.118377   3.118377
       sig_x |    334,484     .164125           0    .164125    .164125
      lsig_c |    334,484    1.644934           0   1.644934   1.644934
     lsig_e2 |    334,484     .742354           0    .742354    .742354
     lsig_b2 |    334,484    .5669641           0   .5669641   .5669641
-------------+---------------------------------------------------------
     lpsig_x |    334,484    .0526315           0   .0526315   .0526315
     lpsig_e |    334,484    .2380578           0   .2380578   .2380578
     lpsig_b |    334,484    .1818139           0   .1818139   .1818139

. log off
      name:  <unnamed>
       log:  /share/home/clafuent/MCVL/UVD_ABS_code/results/BC_educ_noA_x.log
  log type:  text
 paused on:   6 May 2021, 16:48:04
----------------------------------------------------------------------------------------------------------------------
----------------------------------------------------------------------------------------------------------------------
      name:  <unnamed>
       log:  /share/home/clafuent/MCVL/UVD_ABS_code/results/BC_educ_noA_x.log
  log type:  text
resumed on:   6 May 2021, 16:48:11

. ****** NE  No Spell Adj, 2008-2013, college *****************************
. sum mu_y sig_y sig_c sig_e sig_b lsig_y lsig_c lsig_e lsig_b psig_c psig_e psig_b plsig_c plsig_e plsig_b lsig_y2 si
> g_x lsig_c lsig_e2 lsig_b2 lpsig_x lpsig_e lpsig_b

    Variable |        Obs        Mean    Std. Dev.       Min        Max
-------------+---------------------------------------------------------
        mu_y |     79,654    168.4158           0   168.4158   168.4158
       sig_y |     79,654    56599.61           0   56599.61   56599.61
       sig_c |     79,654    31739.71           0   31739.71   31739.71
       sig_e |     79,654    21503.25           0   21503.25   21503.25
       sig_b |     79,654    3376.549           0   3376.549   3376.549
-------------+---------------------------------------------------------
      lsig_y |     79,654    2.553898           0   2.553898   2.553898
      lsig_c |     79,654    1.644934           0   1.644934   1.644934
      lsig_e |     79,654    .4243695           0   .4243695   .4243695
      lsig_b |     79,654    .4845949           0   .4845949   .4845949
      psig_c |     79,654    .5607762           0   .5607762   .5607762
-------------+---------------------------------------------------------
      psig_e |     79,654    .3799187           0   .3799187   .3799187
      psig_b |     79,654    .0596568           0   .0596568   .0596568
     plsig_c |     79,654    .6440876           0   .6440876   .6440876
     plsig_e |     79,654    .1661654           0   .1661654   .1661654
     plsig_b |     79,654    .1897471           0   .1897471   .1897471
-------------+---------------------------------------------------------
     lsig_y2 |     79,654    2.553897           0   2.553897   2.553897
       sig_x |     79,654     .525877           0    .525877    .525877
      lsig_c |     79,654    1.644934           0   1.644934   1.644934
     lsig_e2 |     79,654     .026008           0    .026008    .026008
     lsig_b2 |     79,654    .3570776           0   .3570776   .3570776
-------------+---------------------------------------------------------
     lpsig_x |     79,654    .2059116           0   .2059116   .2059116
     lpsig_e |     79,654    .0101837           0   .0101837   .0101837
     lpsig_b |     79,654    .1398168           0   .1398168   .1398168

. log off
      name:  <unnamed>
       log:  /share/home/clafuent/MCVL/UVD_ABS_code/results/BC_educ_noA_x.log
  log type:  text
 paused on:   6 May 2021, 16:48:11
----------------------------------------------------------------------------------------------------------------------
----------------------------------------------------------------------------------------------------------------------
      name:  <unnamed>
       log:  /share/home/clafuent/MCVL/UVD_ABS_code/results/BC_educ_noA_x.log
  log type:  text
resumed on:   6 May 2021, 16:48:18

. ****** NE  No Spell Adj, 2008-2013, no college *****************************
. sum mu_y sig_y sig_c sig_e sig_b lsig_y lsig_c lsig_e lsig_b psig_c psig_e psig_b plsig_c plsig_e plsig_b lsig_y2 si
> g_x lsig_c lsig_e2 lsig_b2 lpsig_x lpsig_e lpsig_b

    Variable |        Obs        Mean    Std. Dev.       Min        Max
-------------+---------------------------------------------------------
        mu_y |    363,548    207.7828           0   207.7828   207.7828
       sig_y |    363,548     84550.7           0    84550.7    84550.7
       sig_c |    363,548    45869.37           0   45869.37   45869.37
       sig_e |    363,548    36015.18           0   36015.18   36015.18
       sig_b |    363,548    2695.927           0   2695.927   2695.927
-------------+---------------------------------------------------------
      lsig_y |    363,548    2.357488           0   2.357488   2.357488
      lsig_c |    363,548    1.644934           0   1.644934   1.644934
      lsig_e |    363,548    .3534682           0   .3534682   .3534682
      lsig_b |    363,548    .3590856           0   .3590856   .3590856
      psig_c |    363,548    .5425073           0   .5425073   .5425073
-------------+---------------------------------------------------------
      psig_e |    363,548    .4259596           0   .4259596   .4259596
      psig_b |    363,548    .0318853           0   .0318853   .0318853
     plsig_c |    363,548    .6977487           0   .6977487   .6977487
     plsig_e |    363,548    .1499342           0   .1499342   .1499342
     plsig_b |    363,548     .152317           0    .152317    .152317
-------------+---------------------------------------------------------
     lsig_y2 |    363,548    2.357486           0   2.357486   2.357486
       sig_x |    363,548    .1233504           0   .1233504   .1233504
      lsig_c |    363,548    1.644934           0   1.644934   1.644934
     lsig_e2 |    363,548    .2599914           0   .2599914   .2599914
     lsig_b2 |    363,548    .3292106           0   .3292106   .3292106
-------------+---------------------------------------------------------
     lpsig_x |    363,548    .0523228           0   .0523228   .0523228
     lpsig_e |    363,548    .1102833           0   .1102833   .1102833
     lpsig_b |    363,548    .1396448           0   .1396448   .1396448

. log off
      name:  <unnamed>
       log:  /share/home/clafuent/MCVL/UVD_ABS_code/results/BC_educ_noA_x.log
  log type:  text
 paused on:   6 May 2021, 16:48:20
----------------------------------------------------------------------------------------------------------------------
----------------------------------------------------------------------------------------------------------------------
      name:  <unnamed>
       log:  /share/home/clafuent/MCVL/UVD_ABS_code/results/BC_educ_noA_x.log
  log type:  text
resumed on:   6 May 2021, 16:48:25

. ****** NE + Spell Adj, 2008-2013, college *****************************
. sum mu_y sig_y sig_c sig_e sig_b lsig_y lsig_c lsig_e lsig_b psig_c psig_e psig_b plsig_c plsig_e plsig_b lsig_y2 si
> g_x lsig_c lsig_e2 lsig_b2 lpsig_x lpsig_e lpsig_b

    Variable |        Obs        Mean    Std. Dev.       Min        Max
-------------+---------------------------------------------------------
        mu_y |     79,654    144.0821           0   144.0821   144.0821
       sig_y |     79,654    50509.74           0   50509.74   50509.74
       sig_c |     79,654    24778.79           0   24778.79   24778.79
       sig_e |     79,654    21711.16           0   21711.16   21711.16
       sig_b |     79,654    4019.787           0   4019.787   4019.787
-------------+---------------------------------------------------------
      lsig_y |     79,654    2.900951           0   2.900951   2.900951
      lsig_c |     79,654    1.644934           0   1.644934   1.644934
      lsig_e |     79,654    .6711069           0   .6711069   .6711069
      lsig_b |     79,654    .5849096           0   .5849096   .5849096
      psig_c |     79,654    .4905746           0   .4905746   .4905746
-------------+---------------------------------------------------------
      psig_e |     79,654     .429841           0    .429841    .429841
      psig_b |     79,654    .0795844           0   .0795844   .0795844
     plsig_c |     79,654    .5670328           0   .5670328   .5670328
     plsig_e |     79,654    .2313403           0   .2313403   .2313403
     plsig_b |     79,654    .2016269           0   .2016269   .2016269
-------------+---------------------------------------------------------
     lsig_y2 |     79,654    2.900951           0   2.900951   2.900951
       sig_x |     79,654     .588522           0    .588522    .588522
      lsig_c |     79,654    1.644934           0   1.644934   1.644934
     lsig_e2 |     79,654    .2323238           0   .2323238   .2323238
     lsig_b2 |     79,654    .4351714           0   .4351714   .4351714
-------------+---------------------------------------------------------
     lpsig_x |     79,654    .2028721           0   .2028721   .2028721
     lpsig_e |     79,654    .0800854           0   .0800854   .0800854
     lpsig_b |     79,654    .1500099           0   .1500099   .1500099

. log off
      name:  <unnamed>
       log:  /share/home/clafuent/MCVL/UVD_ABS_code/results/BC_educ_noA_x.log
  log type:  text
 paused on:   6 May 2021, 16:48:25
----------------------------------------------------------------------------------------------------------------------
----------------------------------------------------------------------------------------------------------------------
      name:  <unnamed>
       log:  /share/home/clafuent/MCVL/UVD_ABS_code/results/BC_educ_noA_x.log
  log type:  text
resumed on:   6 May 2021, 16:48:32

. ****** NE + Spell Adj, 2008-2013, no college *****************************
. sum mu_y sig_y sig_c sig_e sig_b lsig_y lsig_c lsig_e lsig_b psig_c psig_e psig_b plsig_c plsig_e plsig_b lsig_y2 si
> g_x lsig_c lsig_e2 lsig_b2 lpsig_x lpsig_e lpsig_b

    Variable |        Obs        Mean    Std. Dev.       Min        Max
-------------+---------------------------------------------------------
        mu_y |    363,548    173.8558           0   173.8558   173.8558
       sig_y |    363,548    70183.07           0   70183.07   70183.07
       sig_c |    363,548    34313.61           0   34313.61   34313.61
       sig_e |    363,548    31781.51           0   31781.51   31781.51
       sig_b |    363,548    4087.955           0   4087.955   4087.955
-------------+---------------------------------------------------------
      lsig_y |    363,548    2.835603           0   2.835603   2.835603
      lsig_c |    363,548    1.644934           0   1.644934   1.644934
      lsig_e |    363,548    .7245845           0   .7245845   .7245845
      lsig_b |    363,548    .4660845           0   .4660845   .4660845
      psig_c |    363,548    .4889157           0   .4889157   .4889157
-------------+---------------------------------------------------------
      psig_e |    363,548    .4528372           0   .4528372   .4528372
      psig_b |    363,548     .058247           0    .058247    .058247
     plsig_c |    363,548    .5801002           0   .5801002   .5801002
     plsig_e |    363,548     .255531           0    .255531    .255531
     plsig_b |    363,548    .1643687           0   .1643687   .1643687
-------------+---------------------------------------------------------
     lsig_y2 |    363,548    2.835604           0   2.835604   2.835604
       sig_x |    363,548    .1499331           0   .1499331   .1499331
      lsig_c |    363,548    1.644934           0   1.644934   1.644934
     lsig_e2 |    363,548    .5913128           0   .5913128   .5913128
     lsig_b2 |    363,548     .449424           0    .449424    .449424
-------------+---------------------------------------------------------
     lpsig_x |    363,548    .0528752           0   .0528752   .0528752
     lpsig_e |    363,548    .2085315           0   .2085315   .2085315
     lpsig_b |    363,548    .1584932           0   .1584932   .1584932

. log off
      name:  <unnamed>
       log:  /share/home/clafuent/MCVL/UVD_ABS_code/results/BC_educ_noA_x.log
  log type:  text
 paused on:   6 May 2021, 16:48:34
----------------------------------------------------------------------------------------------------------------------
