------------------------------------------------------------------------------------------------------
      name:  <unnamed>
       log:  /share/home/clafuent/MCVL/UVD_ABS_code/results/BC_sex_noA.log
  log type:  text
 opened on:   3 Jun 2021, 15:57:13

. ********************************************************************************
. *                                                                              *
. *                               BC Decomposition                               *
. *                                                                              *
. ********************************************************************************
. log off
      name:  <unnamed>
       log:  /share/home/clafuent/MCVL/UVD_ABS_code/results/BC_sex_noA.log
  log type:  text
 paused on:   3 Jun 2021, 15:57:13
------------------------------------------------------------------------------------------------------
------------------------------------------------------------------------------------------------------
      name:  <unnamed>
       log:  /share/home/clafuent/MCVL/UVD_ABS_code/results/BC_sex_noA.log
  log type:  text
resumed on:   3 Jun 2021, 15:57:18

. ****** RAW, 2002-2007, men *****************************
. sum mu_y sig_y sig_c sig_e sig_b lsig_y lsig_c lsig_e lsig_b psig_c psig_e psig_b plsig_c plsig_e pl
> sig_b lsig_y2 sig_x lsig_c lsig_e2 lsig_b2 lpsig_x lpsig_e lpsig_b

    Variable |        Obs        Mean    Std. Dev.       Min        Max
-------------+---------------------------------------------------------
        mu_y |     71,328    139.4208           0   139.4208   139.4208
       sig_y |     71,328    42493.24           0   42493.24   42493.24
       sig_c |     71,328    22624.22           0   22624.22   22624.22
       sig_e |     71,328    16682.37           0   16682.37   16682.37
       sig_b |     71,328    3186.652           0   3186.652   3186.652
-------------+---------------------------------------------------------
      lsig_y |     71,328    1.108337           0   1.108337   1.108337
      lsig_c |     71,328    1.644934           0   1.644934   1.644934
      lsig_e |     71,328   -.7546489           0  -.7546489  -.7546489
      lsig_b |     71,328    .2180514           0   .2180514   .2180514
      psig_c |     71,328    .5324193           0   .5324193   .5324193
-------------+---------------------------------------------------------
      psig_e |     71,328    .3925887           0   .3925887   .3925887
      psig_b |     71,328     .074992           0    .074992    .074992
     plsig_c |     71,328    1.484147           0   1.484147   1.484147
     plsig_e |     71,328   -.6808842           0  -.6808842  -.6808842
     plsig_b |     71,328    .1967375           0   .1967375   .1967375
-------------+---------------------------------------------------------
     lsig_y2 |     71,328    1.108339           0   1.108339   1.108339
       sig_x |     71,328    .0264276           0   .0264276   .0264276
      lsig_c |     71,328    1.644934           0   1.644934   1.644934
     lsig_e2 |     71,328   -.8075104           0  -.8075104  -.8075104
     lsig_b2 |     71,328    .2444873           0   .2444873   .2444873
-------------+---------------------------------------------------------
     lpsig_x |     71,328    .0238444           0   .0238444   .0238444
     lpsig_e |     71,328   -.7285773           0  -.7285773  -.7285773
     lpsig_b |     71,328     .220589           0    .220589    .220589

. log off
      name:  <unnamed>
       log:  /share/home/clafuent/MCVL/UVD_ABS_code/results/BC_sex_noA.log
  log type:  text
 paused on:   3 Jun 2021, 15:57:19
------------------------------------------------------------------------------------------------------
------------------------------------------------------------------------------------------------------
      name:  <unnamed>
       log:  /share/home/clafuent/MCVL/UVD_ABS_code/results/BC_sex_noA.log
  log type:  text
resumed on:   3 Jun 2021, 15:57:20

. ****** RAW, 2002-2007, women *****************************
. sum mu_y sig_y sig_c sig_e sig_b lsig_y lsig_c lsig_e lsig_b psig_c psig_e psig_b plsig_c plsig_e pl
> sig_b lsig_y2 sig_x lsig_c lsig_e2 lsig_b2 lpsig_x lpsig_e lpsig_b

    Variable |        Obs        Mean    Std. Dev.       Min        Max
-------------+---------------------------------------------------------
        mu_y |     61,984    166.5198           0   166.5198   166.5198
       sig_y |     61,984     48296.2           0    48296.2    48296.2
       sig_c |     61,984    33070.12           0   33070.12   33070.12
       sig_e |     61,984    9884.023           0   9884.023   9884.023
       sig_b |     61,984     5342.06           0    5342.06    5342.06
-------------+---------------------------------------------------------
      lsig_y |     61,984    1.267408           0   1.267408   1.267408
      lsig_c |     61,984    1.644934           0   1.644934   1.644934
      lsig_e |     61,984   -.6612279           0  -.6612279  -.6612279
      lsig_b |     61,984    .2837023           0   .2837023   .2837023
      psig_c |     61,984    .6847354           0   .6847354   .6847354
-------------+---------------------------------------------------------
      psig_e |     61,984    .2046543           0   .2046543   .2046543
      psig_b |     61,984    .1106104           0   .1106104   .1106104
     plsig_c |     61,984    1.297872           0   1.297872   1.297872
     plsig_e |     61,984   -.5217165           0  -.5217165  -.5217165
     plsig_b |     61,984    .2238444           0   .2238444   .2238444
-------------+---------------------------------------------------------
     lsig_y2 |     61,984    1.267408           0   1.267408   1.267408
       sig_x |     61,984     .040625           0    .040625    .040625
      lsig_c |     61,984    1.644934           0   1.644934   1.644934
     lsig_e2 |     61,984    -.742487           0   -.742487   -.742487
     lsig_b2 |     61,984    .3243358           0   .3243358   .3243358
-------------+---------------------------------------------------------
     lpsig_x |     61,984    .0320536           0   .0320536   .0320536
     lpsig_e |     61,984   -.5858312           0  -.5858312  -.5858312
     lpsig_b |     61,984    .2559048           0   .2559048   .2559048

. log off
      name:  <unnamed>
       log:  /share/home/clafuent/MCVL/UVD_ABS_code/results/BC_sex_noA.log
  log type:  text
 paused on:   3 Jun 2021, 15:57:22
------------------------------------------------------------------------------------------------------
------------------------------------------------------------------------------------------------------
      name:  <unnamed>
       log:  /share/home/clafuent/MCVL/UVD_ABS_code/results/BC_sex_noA.log
  log type:  text
resumed on:   3 Jun 2021, 15:57:24

. ****** LTU, 2002-2007, men *****************************
. sum mu_y sig_y sig_c sig_e sig_b lsig_y lsig_c lsig_e lsig_b psig_c psig_e psig_b plsig_c plsig_e pl
> sig_b lsig_y2 sig_x lsig_c lsig_e2 lsig_b2 lpsig_x lpsig_e lpsig_b

    Variable |        Obs        Mean    Std. Dev.       Min        Max
-------------+---------------------------------------------------------
        mu_y |     71,328     163.589           0    163.589    163.589
       sig_y |     71,328    57807.81           0   57807.81   57807.81
       sig_c |     71,328    33765.43           0   33765.43   33765.43
       sig_e |     71,328    17037.51           0   17037.51   17037.51
       sig_b |     71,328    7004.875           0   7004.875   7004.875
-------------+---------------------------------------------------------
      lsig_y |     71,328    1.176211           0   1.176211   1.176211
      lsig_c |     71,328    1.644934           0   1.644934   1.644934
      lsig_e |     71,328   -.7589467           0  -.7589467  -.7589467
      lsig_b |     71,328    .2902234           0   .2902234   .2902234
      psig_c |     71,328     .584098           0    .584098    .584098
-------------+---------------------------------------------------------
      psig_e |     71,328    .2947268           0   .2947268   .2947268
      psig_b |     71,328    .1211752           0   .1211752   .1211752
     plsig_c |     71,328    1.398503           0   1.398503   1.398503
     plsig_e |     71,328   -.6452472           0  -.6452472  -.6452472
     plsig_b |     71,328    .2467443           0   .2467443   .2467443
-------------+---------------------------------------------------------
     lsig_y2 |     71,328    1.176211           0   1.176211   1.176211
       sig_x |     71,328    .0150123           0   .0150123   .0150123
      lsig_c |     71,328    1.644934           0   1.644934   1.644934
     lsig_e2 |     71,328   -.7889792           0  -.7889792  -.7889792
     lsig_b2 |     71,328    .3052443           0   .3052443   .3052443
-------------+---------------------------------------------------------
     lpsig_x |     71,328    .0127632           0   .0127632   .0127632
     lpsig_e |     71,328     -.67078           0    -.67078    -.67078
     lpsig_b |     71,328    .2595148           0   .2595148   .2595148

. log off
      name:  <unnamed>
       log:  /share/home/clafuent/MCVL/UVD_ABS_code/results/BC_sex_noA.log
  log type:  text
 paused on:   3 Jun 2021, 15:57:26
------------------------------------------------------------------------------------------------------
------------------------------------------------------------------------------------------------------
      name:  <unnamed>
       log:  /share/home/clafuent/MCVL/UVD_ABS_code/results/BC_sex_noA.log
  log type:  text
resumed on:   3 Jun 2021, 15:57:28

. ****** LTU, 2002-2007, women *****************************
. sum mu_y sig_y sig_c sig_e sig_b lsig_y lsig_c lsig_e lsig_b psig_c psig_e psig_b plsig_c plsig_e pl
> sig_b lsig_y2 sig_x lsig_c lsig_e2 lsig_b2 lpsig_x lpsig_e lpsig_b

    Variable |        Obs        Mean    Std. Dev.       Min        Max
-------------+---------------------------------------------------------
        mu_y |     61,984    216.0286           0   216.0286   216.0286
       sig_y |     61,984    96223.27           0   96223.27   96223.27
       sig_c |     61,984    61848.13           0   61848.13   61848.13
       sig_e |     61,984    19193.79           0   19193.79   19193.79
       sig_b |     61,984    15181.34           0   15181.34   15181.34
-------------+---------------------------------------------------------
      lsig_y |     61,984    1.402234           0   1.402234   1.402234
      lsig_c |     61,984    1.644934           0   1.644934   1.644934
      lsig_e |     61,984   -.6345592           0  -.6345592  -.6345592
      lsig_b |     61,984     .391859           0    .391859    .391859
      psig_c |     61,984    .6427565           0   .6427565   .6427565
-------------+---------------------------------------------------------
      psig_e |     61,984    .1994715           0   .1994715   .1994715
      psig_b |     61,984     .157772           0    .157772    .157772
     plsig_c |     61,984    1.173081           0   1.173081   1.173081
     plsig_e |     61,984   -.4525344           0  -.4525344  -.4525344
     plsig_b |     61,984    .2794533           0   .2794533   .2794533
-------------+---------------------------------------------------------
     lsig_y2 |     61,984    1.402233           0   1.402233   1.402233
       sig_x |     61,984    .0189108           0   .0189108   .0189108
      lsig_c |     61,984    1.644934           0   1.644934   1.644934
     lsig_e2 |     61,984   -.6723933           0  -.6723933  -.6723933
     lsig_b2 |     61,984    .4107816           0   .4107816   .4107816
-------------+---------------------------------------------------------
     lpsig_x |     61,984    .0134862           0   .0134862   .0134862
     lpsig_e |     61,984    -.479516           0   -.479516   -.479516
     lpsig_b |     61,984    .2929481           0   .2929481   .2929481

. log off
      name:  <unnamed>
       log:  /share/home/clafuent/MCVL/UVD_ABS_code/results/BC_sex_noA.log
  log type:  text
 paused on:   3 Jun 2021, 15:57:29
------------------------------------------------------------------------------------------------------
------------------------------------------------------------------------------------------------------
      name:  <unnamed>
       log:  /share/home/clafuent/MCVL/UVD_ABS_code/results/BC_sex_noA.log
  log type:  text
resumed on:   3 Jun 2021, 15:57:33

. ****** STU, 2002-2007, men *****************************
. sum mu_y sig_y sig_c sig_e sig_b lsig_y lsig_c lsig_e lsig_b psig_c psig_e psig_b plsig_c plsig_e pl
> sig_b lsig_y2 sig_x lsig_c lsig_e2 lsig_b2 lpsig_x lpsig_e lpsig_b

    Variable |        Obs        Mean    Std. Dev.       Min        Max
-------------+---------------------------------------------------------
        mu_y |    159,590    143.8061           0   143.8061   143.8061
       sig_y |    159,590    63752.94           0   63752.94   63752.94
       sig_c |    159,590    28095.41           0   28095.41   28095.41
       sig_e |    159,590    28241.92           0   28241.92   28241.92
       sig_b |    159,590     7415.62           0    7415.62    7415.62
-------------+---------------------------------------------------------
      lsig_y |    159,590    2.395444           0   2.395444   2.395444
      lsig_c |    159,590    1.644934           0   1.644934   1.644934
      lsig_e |    159,590    .1979015           0   .1979015   .1979015
      lsig_b |    159,590    .5526085           0   .5526085   .5526085
      psig_c |    159,590    .4406919           0   .4406919   .4406919
-------------+---------------------------------------------------------
      psig_e |    159,590      .44299           0     .44299     .44299
      psig_b |    159,590    .1163181           0   .1163181   .1163181
     plsig_c |    159,590    .6866927           0   .6866927   .6866927
     plsig_e |    159,590    .0826158           0   .0826158   .0826158
     plsig_b |    159,590    .2306915           0   .2306915   .2306915
-------------+---------------------------------------------------------
     lsig_y2 |    159,590    2.395444           0   2.395444   2.395444
       sig_x |    159,590    .0101354           0   .0101354   .0101354
      lsig_c |    159,590    1.644934           0   1.644934   1.644934
     lsig_e2 |    159,590    .1776239           0   .1776239   .1776239
     lsig_b2 |    159,590    .5627508           0   .5627508   .5627508
-------------+---------------------------------------------------------
     lpsig_x |    159,590    .0042311           0   .0042311   .0042311
     lpsig_e |    159,590    .0741507           0   .0741507   .0741507
     lpsig_b |    159,590    .2349255           0   .2349255   .2349255

. log off
      name:  <unnamed>
       log:  /share/home/clafuent/MCVL/UVD_ABS_code/results/BC_sex_noA.log
  log type:  text
 paused on:   3 Jun 2021, 15:57:35
------------------------------------------------------------------------------------------------------
------------------------------------------------------------------------------------------------------
      name:  <unnamed>
       log:  /share/home/clafuent/MCVL/UVD_ABS_code/results/BC_sex_noA.log
  log type:  text
resumed on:   3 Jun 2021, 15:57:39

. ****** STU, 2002-2007, women *****************************
. sum mu_y sig_y sig_c sig_e sig_b lsig_y lsig_c lsig_e lsig_b psig_c psig_e psig_b plsig_c plsig_e pl
> sig_b lsig_y2 sig_x lsig_c lsig_e2 lsig_b2 lpsig_x lpsig_e lpsig_b

    Variable |        Obs        Mean    Std. Dev.       Min        Max
-------------+---------------------------------------------------------
        mu_y |    131,188    217.2762           0   217.2762   217.2762
       sig_y |    131,188    118927.2           0   118927.2   118927.2
       sig_c |    131,188    61786.64           0   61786.64   61786.64
       sig_e |    131,188    42561.92           0   42561.92   42561.92
       sig_b |    131,188    14578.59           0   14578.59   14578.59
-------------+---------------------------------------------------------
      lsig_y |    131,188    2.451365           0   2.451365   2.451365
      lsig_c |    131,188    1.644934           0   1.644934   1.644934
      lsig_e |    131,188    .3789171           0   .3789171   .3789171
      lsig_b |    131,188    .4275132           0   .4275132   .4275132
      psig_c |    131,188    .5195335           0   .5195335   .5195335
-------------+---------------------------------------------------------
      psig_e |    131,188    .3578823           0   .3578823   .3578823
      psig_b |    131,188    .1225842           0   .1225842   .1225842
     plsig_c |    131,188     .671028           0    .671028    .671028
     plsig_e |    131,188    .1545739           0   .1545739   .1545739
     plsig_b |    131,188    .1743981           0   .1743981   .1743981
-------------+---------------------------------------------------------
     lsig_y2 |    131,188    2.451364           0   2.451364   2.451364
       sig_x |    131,188    .0169129           0   .0169129   .0169129
      lsig_c |    131,188    1.644934           0   1.644934   1.644934
     lsig_e2 |    131,188    .3450847           0   .3450847   .3450847
     lsig_b2 |    131,188    .4444319           0   .4444319   .4444319
-------------+---------------------------------------------------------
     lpsig_x |    131,188    .0068994           0   .0068994   .0068994
     lpsig_e |    131,188    .1407725           0   .1407725   .1407725
     lpsig_b |    131,188    .1812999           0   .1812999   .1812999

. log off
      name:  <unnamed>
       log:  /share/home/clafuent/MCVL/UVD_ABS_code/results/BC_sex_noA.log
  log type:  text
 paused on:   3 Jun 2021, 15:57:41
------------------------------------------------------------------------------------------------------
------------------------------------------------------------------------------------------------------
      name:  <unnamed>
       log:  /share/home/clafuent/MCVL/UVD_ABS_code/results/BC_sex_noA.log
  log type:  text
resumed on:   3 Jun 2021, 15:57:44

. ****** STU + Spell correction, 2002-2007, men *****************************
. sum mu_y sig_y sig_c sig_e sig_b lsig_y lsig_c lsig_e lsig_b psig_c psig_e psig_b plsig_c plsig_e pl
> sig_b lsig_y2 sig_x lsig_c lsig_e2 lsig_b2 lpsig_x lpsig_e lpsig_b

    Variable |        Obs        Mean    Std. Dev.       Min        Max
-------------+---------------------------------------------------------
        mu_y |    159,590    129.7104           0   129.7104   129.7104
       sig_y |    159,590    61163.16           0   61163.16   61163.16
       sig_c |    159,590    23883.96           0   23883.96   23883.96
       sig_e |    159,590    30219.65           0   30219.65   30219.65
       sig_b |    159,590    7059.548           0   7059.548   7059.548
-------------+---------------------------------------------------------
      lsig_y |    159,590    2.625071           0   2.625071   2.625071
      lsig_c |    159,590    1.644934           0   1.644934   1.644934
      lsig_e |    159,590    .4914447           0   .4914447   .4914447
      lsig_b |    159,590    .4886923           0   .4886923   .4886923
      psig_c |    159,590    .3904958           0   .3904958   .3904958
-------------+---------------------------------------------------------
      psig_e |    159,590    .4940826           0   .4940826   .4940826
      psig_b |    159,590    .1154216           0   .1154216   .1154216
     plsig_c |    159,590    .6266246           0   .6266246   .6266246
     plsig_e |    159,590     .187212           0    .187212    .187212
     plsig_b |    159,590    .1861634           0   .1861634   .1861634
-------------+---------------------------------------------------------
     lsig_y2 |    159,590    2.625072           0   2.625072   2.625072
       sig_x |    159,590    .0352943           0   .0352943   .0352943
      lsig_c |    159,590    1.644934           0   1.644934   1.644934
     lsig_e2 |    159,590    .4208499           0   .4208499   .4208499
     lsig_b2 |    159,590    .5239933           0   .5239933   .5239933
-------------+---------------------------------------------------------
     lpsig_x |    159,590    .0134451           0   .0134451   .0134451
     lpsig_e |    159,590    .1603194           0   .1603194   .1603194
     lpsig_b |    159,590     .199611           0    .199611    .199611

. log off
      name:  <unnamed>
       log:  /share/home/clafuent/MCVL/UVD_ABS_code/results/BC_sex_noA.log
  log type:  text
 paused on:   3 Jun 2021, 15:57:45
------------------------------------------------------------------------------------------------------
------------------------------------------------------------------------------------------------------
      name:  <unnamed>
       log:  /share/home/clafuent/MCVL/UVD_ABS_code/results/BC_sex_noA.log
  log type:  text
resumed on:   3 Jun 2021, 15:57:49

. ****** STU + Spell correction, 2002-2007, women *****************************
. sum mu_y sig_y sig_c sig_e sig_b lsig_y lsig_c lsig_e lsig_b psig_c psig_e psig_b plsig_c plsig_e pl
> sig_b lsig_y2 sig_x lsig_c lsig_e2 lsig_b2 lpsig_x lpsig_e lpsig_b

    Variable |        Obs        Mean    Std. Dev.       Min        Max
-------------+---------------------------------------------------------
        mu_y |    131,188     202.807           0    202.807    202.807
       sig_y |    131,188    113392.7           0   113392.7   113392.7
       sig_c |    131,188    55752.29           0   55752.29   55752.29
       sig_e |    131,188    43017.95           0   43017.95   43017.95
       sig_b |    131,188    14622.48           0   14622.48   14622.48
-------------+---------------------------------------------------------
      lsig_y |    131,188    2.715892           0   2.715892   2.715892
      lsig_c |    131,188    1.644934           0   1.644934   1.644934
      lsig_e |    131,188    .6664156           0   .6664156   .6664156
      lsig_b |    131,188    .4045427           0   .4045427   .4045427
      psig_c |    131,188    .4916743           0   .4916743   .4916743
-------------+---------------------------------------------------------
      psig_e |    131,188    .3793713           0   .3793713   .3793713
      psig_b |    131,188    .1289543           0   .1289543   .1289543
     plsig_c |    131,188    .6056699           0   .6056699   .6056699
     plsig_e |    131,188    .2453763           0   .2453763   .2453763
     plsig_b |    131,188    .1489539           0   .1489539   .1489539
-------------+---------------------------------------------------------
     lsig_y2 |    131,188    2.715892           0   2.715892   2.715892
       sig_x |    131,188    .0413394           0   .0413394   .0413394
      lsig_c |    131,188    1.644934           0   1.644934   1.644934
     lsig_e2 |    131,188    .5837306           0   .5837306   .5837306
     lsig_b2 |    131,188    .4458878           0   .4458878   .4458878
-------------+---------------------------------------------------------
     lpsig_x |    131,188    .0152213           0   .0152213   .0152213
     lpsig_e |    131,188    .2149315           0   .2149315   .2149315
     lpsig_b |    131,188    .1641773           0   .1641773   .1641773

. log off
      name:  <unnamed>
       log:  /share/home/clafuent/MCVL/UVD_ABS_code/results/BC_sex_noA.log
  log type:  text
 paused on:   3 Jun 2021, 15:57:51
------------------------------------------------------------------------------------------------------
------------------------------------------------------------------------------------------------------
      name:  <unnamed>
       log:  /share/home/clafuent/MCVL/UVD_ABS_code/results/BC_sex_noA.log
  log type:  text
resumed on:   3 Jun 2021, 15:57:55

. ****** STU + Recalls + Spell Adj, 2002-2007, men *****************************
. sum mu_y sig_y sig_c sig_e sig_b lsig_y lsig_c lsig_e lsig_b psig_c psig_e psig_b plsig_c plsig_e pl
> sig_b lsig_y2 sig_x lsig_c lsig_e2 lsig_b2 lpsig_x lpsig_e lpsig_b

    Variable |        Obs        Mean    Std. Dev.       Min        Max
-------------+---------------------------------------------------------
        mu_y |    203,844    103.4685           0   103.4685   103.4685
       sig_y |    203,844    42764.19           0   42764.19   42764.19
       sig_c |    203,844    15757.25           0   15757.25   15757.25
       sig_e |    203,844    21955.21           0   21955.21   21955.21
       sig_b |    203,844    5051.728           0   5051.728   5051.728
-------------+---------------------------------------------------------
      lsig_y |    203,844    2.918188           0   2.918188   2.918188
      lsig_c |    203,844    1.644934           0   1.644934   1.644934
      lsig_e |    203,844    .7143148           0   .7143148   .7143148
      lsig_b |    203,844    .5589394           0   .5589394   .5589394
      psig_c |    203,844    .3684683           0   .3684683   .3684683
-------------+---------------------------------------------------------
      psig_e |    203,844    .5134019           0   .5134019   .5134019
      psig_b |    203,844    .1181299           0   .1181299   .1181299
     plsig_c |    203,844    .5636833           0   .5636833   .5636833
     plsig_e |    203,844    .2447802           0   .2447802   .2447802
     plsig_b |    203,844    .1915364           0   .1915364   .1915364
-------------+---------------------------------------------------------
     lsig_y2 |    203,844    2.918188           0   2.918188   2.918188
       sig_x |    203,844    .0085487           0   .0085487   .0085487
      lsig_c |    203,844    1.644934           0   1.644934   1.644934
     lsig_e2 |    203,844    .6972121           0   .6972121   .6972121
     lsig_b2 |    203,844     .567493           0    .567493    .567493
-------------+---------------------------------------------------------
     lpsig_x |    203,844    .0029295           0   .0029295   .0029295
     lpsig_e |    203,844    .2389195           0   .2389195   .2389195
     lpsig_b |    203,844    .1944676           0   .1944676   .1944676

. log off
      name:  <unnamed>
       log:  /share/home/clafuent/MCVL/UVD_ABS_code/results/BC_sex_noA.log
  log type:  text
 paused on:   3 Jun 2021, 15:57:56
------------------------------------------------------------------------------------------------------
------------------------------------------------------------------------------------------------------
      name:  <unnamed>
       log:  /share/home/clafuent/MCVL/UVD_ABS_code/results/BC_sex_noA.log
  log type:  text
resumed on:   3 Jun 2021, 15:58:01

. ****** STU + Recalls + Spell Adj, 2002-2007, women *****************************
. sum mu_y sig_y sig_c sig_e sig_b lsig_y lsig_c lsig_e lsig_b psig_c psig_e psig_b plsig_c plsig_e pl
> sig_b lsig_y2 sig_x lsig_c lsig_e2 lsig_b2 lpsig_x lpsig_e lpsig_b

    Variable |        Obs        Mean    Std. Dev.       Min        Max
-------------+---------------------------------------------------------
        mu_y |    181,318    162.4006           0   162.4006   162.4006
       sig_y |    181,318     92635.7           0    92635.7    92635.7
       sig_c |    181,318     36804.3           0    36804.3    36804.3
       sig_e |    181,318    45400.54           0   45400.54   45400.54
       sig_b |    181,318    10430.86           0   10430.86   10430.86
-------------+---------------------------------------------------------
      lsig_y |    181,318    3.341612           0   3.341612   3.341612
      lsig_c |    181,318    1.644934           0   1.644934   1.644934
      lsig_e |    181,318     1.07081           0    1.07081    1.07081
      lsig_b |    181,318    .6258674           0   .6258674   .6258674
      psig_c |    181,318    .3973016           0   .3973016   .3973016
-------------+---------------------------------------------------------
      psig_e |    181,318    .4900977           0   .4900977   .4900977
      psig_b |    181,318    .1126009           0   .1126009   .1126009
     plsig_c |    181,318    .4922577           0   .4922577   .4922577
     plsig_e |    181,318    .3204473           0   .3204473   .3204473
     plsig_b |    181,318     .187295           0    .187295    .187295
-------------+---------------------------------------------------------
     lsig_y2 |    181,318    3.341611           0   3.341611   3.341611
       sig_x |    181,318    .0225627           0   .0225627   .0225627
      lsig_c |    181,318    1.644934           0   1.644934   1.644934
     lsig_e2 |    181,318    1.025678           0   1.025678   1.025678
     lsig_b2 |    181,318    .6484365           0   .6484365   .6484365
-------------+---------------------------------------------------------
     lpsig_x |    181,318    .0067521           0   .0067521   .0067521
     lpsig_e |    181,318    .3069411           0   .3069411   .3069411
     lpsig_b |    181,318    .1940491           0   .1940491   .1940491

. log off
      name:  <unnamed>
       log:  /share/home/clafuent/MCVL/UVD_ABS_code/results/BC_sex_noA.log
  log type:  text
 paused on:   3 Jun 2021, 15:58:02
------------------------------------------------------------------------------------------------------
------------------------------------------------------------------------------------------------------
      name:  <unnamed>
       log:  /share/home/clafuent/MCVL/UVD_ABS_code/results/BC_sex_noA.log
  log type:  text
resumed on:   3 Jun 2021, 15:58:10

. ****** NE (NO Spell Adj), 2002-2007, men *****************************
. sum mu_y sig_y sig_c sig_e sig_b lsig_y lsig_c lsig_e lsig_b psig_c psig_e psig_b plsig_c plsig_e pl
> sig_b lsig_y2 sig_x lsig_c lsig_e2 lsig_b2 lpsig_x lpsig_e lpsig_b

    Variable |        Obs        Mean    Std. Dev.       Min        Max
-------------+---------------------------------------------------------
        mu_y |    227,512    127.7879           0   127.7879   127.7879
       sig_y |    227,512    59947.07           0   59947.07   59947.07
       sig_c |    227,512    22639.28           0   22639.28   22639.28
       sig_e |    227,512    31045.46           0   31045.46   31045.46
       sig_b |    227,512    6309.795           0   6309.795   6309.795
-------------+---------------------------------------------------------
      lsig_y |    227,512    2.822013           0   2.822013   2.822013
      lsig_c |    227,512    1.644934           0   1.644934   1.644934
      lsig_e |    227,512    .4480313           0   .4480313   .4480313
      lsig_b |    227,512    .7290478           0   .7290478   .7290478
      psig_c |    227,512    .3776545           0   .3776545   .3776545
-------------+---------------------------------------------------------
      psig_e |    227,512    .5178812           0   .5178812   .5178812
      psig_b |    227,512    .1052561           0   .1052561   .1052561
     plsig_c |    227,512    .5828938           0   .5828938   .5828938
     plsig_e |    227,512     .158763           0    .158763    .158763
     plsig_b |    227,512    .2583432           0   .2583432   .2583432
-------------+---------------------------------------------------------
     lsig_y2 |    227,512    2.822013           0   2.822013   2.822013
       sig_x |    227,512   -.0002136           0  -.0002136  -.0002136
      lsig_c |    227,512    1.644934           0   1.644934   1.644934
     lsig_e2 |    227,512    .4469041           0   .4469041   .4469041
     lsig_b2 |    227,512    .7303882           0   .7303882   .7303882
-------------+---------------------------------------------------------
     lpsig_x |    227,512   -.0000757           0  -.0000757  -.0000757
     lpsig_e |    227,512    .1583636           0   .1583636   .1583636
     lpsig_b |    227,512    .2588182           0   .2588182   .2588182

. log off
      name:  <unnamed>
       log:  /share/home/clafuent/MCVL/UVD_ABS_code/results/BC_sex_noA.log
  log type:  text
 paused on:   3 Jun 2021, 15:58:12
------------------------------------------------------------------------------------------------------
------------------------------------------------------------------------------------------------------
      name:  <unnamed>
       log:  /share/home/clafuent/MCVL/UVD_ABS_code/results/BC_sex_noA.log
  log type:  text
resumed on:   3 Jun 2021, 15:58:15

. ****** NE (NO Spell Adj), 2002-2007, women *****************************
. sum mu_y sig_y sig_c sig_e sig_b lsig_y lsig_c lsig_e lsig_b psig_c psig_e psig_b plsig_c plsig_e pl
> sig_b lsig_y2 sig_x lsig_c lsig_e2 lsig_b2 lpsig_x lpsig_e lpsig_b

    Variable |        Obs        Mean    Std. Dev.       Min        Max
-------------+---------------------------------------------------------
        mu_y |    198,466    192.4809           0   192.4809   192.4809
       sig_y |    198,466    114487.4           0   114487.4   114487.4
       sig_c |    198,466    47284.42           0   47284.42   47284.42
       sig_e |    198,466    57074.21           0   57074.21   57074.21
       sig_b |    198,466    10236.12           0   10236.12   10236.12
-------------+---------------------------------------------------------
      lsig_y |    198,466    3.090409           0   3.090409   3.090409
      lsig_c |    198,466    1.644934           0   1.644934   1.644934
      lsig_e |    198,466    .8142802           0   .8142802   .8142802
      lsig_b |    198,466    .6311944           0   .6311944   .6311944
      psig_c |    198,466      .41301           0     .41301     .41301
-------------+---------------------------------------------------------
      psig_e |    198,466    .4985198           0   .4985198   .4985198
      psig_b |    198,466    .0894083           0   .0894083   .0894083
     plsig_c |    198,466    .5322707           0   .5322707   .5322707
     plsig_e |    198,466    .2634862           0   .2634862   .2634862
     plsig_b |    198,466     .204243           0    .204243    .204243
-------------+---------------------------------------------------------
     lsig_y2 |    198,466     3.09041           0    3.09041    3.09041
       sig_x |    198,466   -.0018575           0  -.0018575  -.0018575
      lsig_c |    198,466    1.644934           0   1.644934   1.644934
     lsig_e2 |    198,466    .8160094           0   .8160094   .8160094
     lsig_b2 |    198,466    .6313236           0   .6313236   .6313236
-------------+---------------------------------------------------------
     lpsig_x |    198,466   -.0006011           0  -.0006011  -.0006011
     lpsig_e |    198,466    .2640457           0   .2640457   .2640457
     lpsig_b |    198,466    .2042848           0   .2042848   .2042848

. log off
      name:  <unnamed>
       log:  /share/home/clafuent/MCVL/UVD_ABS_code/results/BC_sex_noA.log
  log type:  text
 paused on:   3 Jun 2021, 15:58:16
------------------------------------------------------------------------------------------------------
------------------------------------------------------------------------------------------------------
      name:  <unnamed>
       log:  /share/home/clafuent/MCVL/UVD_ABS_code/results/BC_sex_noA.log
  log type:  text
resumed on:   3 Jun 2021, 15:58:24

. ****** NE + Spell correction, 2002-2007, men *****************************
. sum mu_y sig_y sig_c sig_e sig_b lsig_y lsig_c lsig_e lsig_b psig_c psig_e psig_b plsig_c plsig_e pl
> sig_b lsig_y2 sig_x lsig_c lsig_e2 lsig_b2 lpsig_x lpsig_e lpsig_b

    Variable |        Obs        Mean    Std. Dev.       Min        Max
-------------+---------------------------------------------------------
        mu_y |    227,512    102.2885           0   102.2885   102.2885
       sig_y |    227,512    44474.96           0   44474.96   44474.96
       sig_c |    227,512    16038.98           0   16038.98   16038.98
       sig_e |    227,512    22859.74           0   22859.74   22859.74
       sig_b |    227,512    5576.241           0   5576.241   5576.241
-------------+---------------------------------------------------------
      lsig_y |    227,512    2.912062           0   2.912062   2.912062
      lsig_c |    227,512    1.644934           0   1.644934   1.644934
      lsig_e |    227,512    .6484464           0   .6484464   .6484464
      lsig_b |    227,512    .6186817           0   .6186817   .6186817
      psig_c |    227,512    .3606294           0   .3606294   .3606294
-------------+---------------------------------------------------------
      psig_e |    227,512    .5139912           0   .5139912   .5139912
      psig_b |    227,512    .1253793           0   .1253793   .1253793
     plsig_c |    227,512    .5648692           0   .5648692   .5648692
     plsig_e |    227,512     .222676           0    .222676    .222676
     plsig_b |    227,512    .2124548           0   .2124548   .2124548
-------------+---------------------------------------------------------
     lsig_y2 |    227,512    2.912063           0   2.912063   2.912063
       sig_x |    227,512    .0064652           0   .0064652   .0064652
      lsig_c |    227,512    1.644934           0   1.644934   1.644934
     lsig_e2 |    227,512    .6355106           0   .6355106   .6355106
     lsig_b2 |    227,512    .6251531           0   .6251531   .6251531
-------------+---------------------------------------------------------
     lpsig_x |    227,512    .0022201           0   .0022201   .0022201
     lpsig_e |    227,512    .2182338           0   .2182338   .2182338
     lpsig_b |    227,512    .2146771           0   .2146771   .2146771

. log off
      name:  <unnamed>
       log:  /share/home/clafuent/MCVL/UVD_ABS_code/results/BC_sex_noA.log
  log type:  text
 paused on:   3 Jun 2021, 15:58:25
------------------------------------------------------------------------------------------------------
------------------------------------------------------------------------------------------------------
      name:  <unnamed>
       log:  /share/home/clafuent/MCVL/UVD_ABS_code/results/BC_sex_noA.log
  log type:  text
resumed on:   3 Jun 2021, 15:58:28

. ****** NE + Spell correction, 2002-2007, women *****************************
. sum mu_y sig_y sig_c sig_e sig_b lsig_y lsig_c lsig_e lsig_b psig_c psig_e psig_b plsig_c plsig_e pl
> sig_b lsig_y2 sig_x lsig_c lsig_e2 lsig_b2 lpsig_x lpsig_e lpsig_b

    Variable |        Obs        Mean    Std. Dev.       Min        Max
-------------+---------------------------------------------------------
        mu_y |    198,466    163.6837           0   163.6837   163.6837
       sig_y |    198,466    95856.15           0   95856.15   95856.15
       sig_c |    198,466    37480.16           0   37480.16   37480.16
       sig_e |    198,466    47687.69           0   47687.69   47687.69
       sig_b |    198,466    10688.29           0   10688.29   10688.29
-------------+---------------------------------------------------------
      lsig_y |    198,466    3.337041           0   3.337041   3.337041
      lsig_c |    198,466    1.644934           0   1.644934   1.644934
      lsig_e |    198,466     1.04481           0    1.04481    1.04481
      lsig_b |    198,466    .6472967           0   .6472967   .6472967
      psig_c |    198,466    .3910043           0   .3910043   .3910043
-------------+---------------------------------------------------------
      psig_e |    198,466    .4974923           0   .4974923   .4974923
      psig_b |    198,466    .1115034           0   .1115034   .1115034
     plsig_c |    198,466    .4929319           0   .4929319   .4929319
     plsig_e |    198,466    .3130948           0   .3130948   .3130948
     plsig_b |    198,466    .1939732           0   .1939732   .1939732
-------------+---------------------------------------------------------
     lsig_y2 |    198,466     3.33704           0    3.33704    3.33704
       sig_x |    198,466    .0173099           0   .0173099   .0173099
      lsig_c |    198,466    1.644934           0   1.644934   1.644934
     lsig_e2 |    198,466    1.010183           0   1.010183   1.010183
     lsig_b2 |    198,466    .6646128           0   .6646128   .6646128
-------------+---------------------------------------------------------
     lpsig_x |    198,466    .0051872           0   .0051872   .0051872
     lpsig_e |    198,466    .3027184           0   .3027184   .3027184
     lpsig_b |    198,466    .1991623           0   .1991623   .1991623

. log off
      name:  <unnamed>
       log:  /share/home/clafuent/MCVL/UVD_ABS_code/results/BC_sex_noA.log
  log type:  text
 paused on:   3 Jun 2021, 15:58:28
------------------------------------------------------------------------------------------------------
------------------------------------------------------------------------------------------------------
      name:  <unnamed>
       log:  /share/home/clafuent/MCVL/UVD_ABS_code/results/BC_sex_noA.log
  log type:  text
resumed on:   3 Jun 2021, 15:58:31

. ****** RAW, 2008-2013, men *****************************
. sum mu_y sig_y sig_c sig_e sig_b lsig_y lsig_c lsig_e lsig_b psig_c psig_e psig_b plsig_c plsig_e pl
> sig_b lsig_y2 sig_x lsig_c lsig_e2 lsig_b2 lpsig_x lpsig_e lpsig_b

    Variable |        Obs        Mean    Std. Dev.       Min        Max
-------------+---------------------------------------------------------
        mu_y |    129,562    184.7275           0   184.7275   184.7275
       sig_y |    129,562    44047.06           0   44047.06   44047.06
       sig_c |    129,562    36634.09           0   36634.09   36634.09
       sig_e |    129,562     4902.78           0    4902.78    4902.78
       sig_b |    129,562    2510.186           0   2510.186   2510.186
-------------+---------------------------------------------------------
      lsig_y |    129,562    1.281897           0   1.281897   1.281897
      lsig_c |    129,562    1.644934           0   1.644934   1.644934
      lsig_e |    129,562   -.5124217           0  -.5124217  -.5124217
      lsig_b |    129,562     .149385           0    .149385    .149385
      psig_c |    129,562    .8317035           0   .8317035   .8317035
-------------+---------------------------------------------------------
      psig_e |    129,562    .1113078           0   .1113078   .1113078
      psig_b |    129,562    .0569887           0   .0569887   .0569887
     plsig_c |    129,562    1.283203           0   1.283203   1.283203
     plsig_e |    129,562    -.399737           0   -.399737   -.399737
     plsig_b |    129,562    .1165343           0   .1165343   .1165343
-------------+---------------------------------------------------------
     lsig_y2 |    129,562    1.281897           0   1.281897   1.281897
       sig_x |    129,562    .0172708           0   .0172708   .0172708
      lsig_c |    129,562    1.644934           0   1.644934   1.644934
     lsig_e2 |    129,562   -.5469656           0  -.5469656  -.5469656
     lsig_b2 |    129,562    .1666578           0   .1666578   .1666578
-------------+---------------------------------------------------------
     lpsig_x |    129,562    .0134728           0   .0134728   .0134728
     lpsig_e |    129,562   -.4266845           0  -.4266845  -.4266845
     lpsig_b |    129,562    .1300087           0   .1300087   .1300087

. log off
      name:  <unnamed>
       log:  /share/home/clafuent/MCVL/UVD_ABS_code/results/BC_sex_noA.log
  log type:  text
 paused on:   3 Jun 2021, 15:58:33
------------------------------------------------------------------------------------------------------
------------------------------------------------------------------------------------------------------
      name:  <unnamed>
       log:  /share/home/clafuent/MCVL/UVD_ABS_code/results/BC_sex_noA.log
  log type:  text
resumed on:   3 Jun 2021, 15:58:35

. ****** RAW, 2008-2013, women *****************************
. sum mu_y sig_y sig_c sig_e sig_b lsig_y lsig_c lsig_e lsig_b psig_c psig_e psig_b plsig_c plsig_e pl
> sig_b lsig_y2 sig_x lsig_c lsig_e2 lsig_b2 lpsig_x lpsig_e lpsig_b

    Variable |        Obs        Mean    Std. Dev.       Min        Max
-------------+---------------------------------------------------------
        mu_y |     94,918    196.5554           0   196.5554   196.5554
       sig_y |     94,918    69093.61           0   69093.61   69093.61
       sig_c |     94,918    42091.67           0   42091.67   42091.67
       sig_e |     94,918    23543.56           0   23543.56   23543.56
       sig_b |     94,918    3458.376           0   3458.376   3458.376
-------------+---------------------------------------------------------
      lsig_y |     94,918    1.436755           0   1.436755   1.436755
      lsig_c |     94,918    1.644934           0   1.644934   1.644934
      lsig_e |     94,918   -.4374969           0  -.4374969  -.4374969
      lsig_b |     94,918    .2293179           0   .2293179   .2293179
      psig_c |     94,918    .6091977           0   .6091977   .6091977
-------------+---------------------------------------------------------
      psig_e |     94,918    .3407488           0   .3407488   .3407488
      psig_b |     94,918    .0500535           0   .0500535   .0500535
     plsig_c |     94,918    1.144895           0   1.144895   1.144895
     plsig_e |     94,918   -.3045035           0  -.3045035  -.3045035
     plsig_b |     94,918    .1596082           0   .1596082   .1596082
-------------+---------------------------------------------------------
     lsig_y2 |     94,918    1.436754           0   1.436754   1.436754
       sig_x |     94,918    .0459868           0   .0459868   .0459868
      lsig_c |     94,918    1.644934           0   1.644934   1.644934
     lsig_e2 |     94,918   -.5294753           0  -.5294753  -.5294753
     lsig_b2 |     94,918     .275309           0    .275309    .275309
-------------+---------------------------------------------------------
     lpsig_x |     94,918    .0320074           0   .0320074   .0320074
     lpsig_e |     94,918   -.3685218           0  -.3685218  -.3685218
     lpsig_b |     94,918    .1916187           0   .1916187   .1916187

. log off
      name:  <unnamed>
       log:  /share/home/clafuent/MCVL/UVD_ABS_code/results/BC_sex_noA.log
  log type:  text
 paused on:   3 Jun 2021, 15:58:36
------------------------------------------------------------------------------------------------------
------------------------------------------------------------------------------------------------------
      name:  <unnamed>
       log:  /share/home/clafuent/MCVL/UVD_ABS_code/results/BC_sex_noA.log
  log type:  text
resumed on:   3 Jun 2021, 15:58:39

. ****** LTU, 2008-2013, men *****************************
. sum mu_y sig_y sig_c sig_e sig_b lsig_y lsig_c lsig_e lsig_b psig_c psig_e psig_b plsig_c plsig_e pl
> sig_b lsig_y2 sig_x lsig_c lsig_e2 lsig_b2 lpsig_x lpsig_e lpsig_b

    Variable |        Obs        Mean    Std. Dev.       Min        Max
-------------+---------------------------------------------------------
        mu_y |    129,562    209.5333           0   209.5333   209.5333
       sig_y |    129,562    57291.86           0   57291.86   57291.86
       sig_c |    129,562    49373.61           0   49373.61   49373.61
       sig_e |    129,562    2448.409           0   2448.409   2448.409
       sig_b |    129,562    5469.838           0   5469.838   5469.838
-------------+---------------------------------------------------------
      lsig_y |    129,562    1.348333           0   1.348333   1.348333
      lsig_c |    129,562    1.644934           0   1.644934   1.644934
      lsig_e |    129,562   -.5069524           0  -.5069524  -.5069524
      lsig_b |    129,562    .2103516           0   .2103516   .2103516
      psig_c |    129,562    .8617911           0   .8617911   .8617911
-------------+---------------------------------------------------------
      psig_e |    129,562    .0427357           0   .0427357   .0427357
      psig_b |    129,562    .0954732           0   .0954732   .0954732
     plsig_c |    129,562    1.219976           0   1.219976   1.219976
     plsig_e |    129,562   -.3759845           0  -.3759845  -.3759845
     plsig_b |    129,562    .1560086           0   .1560086   .1560086
-------------+---------------------------------------------------------
     lsig_y2 |    129,562    1.348333           0   1.348333   1.348333
       sig_x |    129,562    .0081024           0   .0081024   .0081024
      lsig_c |    129,562    1.644934           0   1.644934   1.644934
     lsig_e2 |    129,562   -.5231603           0  -.5231603  -.5231603
     lsig_b2 |    129,562    .2184565           0   .2184565   .2184565
-------------+---------------------------------------------------------
     lpsig_x |    129,562    .0060092           0   .0060092   .0060092
     lpsig_e |    129,562   -.3880054           0  -.3880054  -.3880054
     lpsig_b |    129,562    .1620197           0   .1620197   .1620197

. log off
      name:  <unnamed>
       log:  /share/home/clafuent/MCVL/UVD_ABS_code/results/BC_sex_noA.log
  log type:  text
 paused on:   3 Jun 2021, 15:58:41
------------------------------------------------------------------------------------------------------
------------------------------------------------------------------------------------------------------
      name:  <unnamed>
       log:  /share/home/clafuent/MCVL/UVD_ABS_code/results/BC_sex_noA.log
  log type:  text
resumed on:   3 Jun 2021, 15:58:43

. ****** LTU, 2008-2013, women *****************************
. sum mu_y sig_y sig_c sig_e sig_b lsig_y lsig_c lsig_e lsig_b psig_c psig_e psig_b plsig_c plsig_e pl
> sig_b lsig_y2 sig_x lsig_c lsig_e2 lsig_b2 lpsig_x lpsig_e lpsig_b

    Variable |        Obs        Mean    Std. Dev.       Min        Max
-------------+---------------------------------------------------------
        mu_y |     94,918    227.5487           0   227.5487   227.5487
       sig_y |     94,918    88076.82           0   88076.82   88076.82
       sig_c |     94,918    59886.62           0   59886.62   59886.62
       sig_e |     94,918    20081.07           0   20081.07   20081.07
       sig_b |     94,918    8109.139           0   8109.139   8109.139
-------------+---------------------------------------------------------
      lsig_y |     94,918    1.527707           0   1.527707   1.527707
      lsig_c |     94,918    1.644934           0   1.644934   1.644934
      lsig_e |     94,918   -.4298153           0  -.4298153  -.4298153
      lsig_b |     94,918    .3125883           0   .3125883   .3125883
      psig_c |     94,918    .6799362           0   .6799362   .6799362
-------------+---------------------------------------------------------
      psig_e |     94,918    .2279949           0   .2279949   .2279949
      psig_b |     94,918    .0920689           0   .0920689   .0920689
     plsig_c |     94,918    1.076734           0   1.076734   1.076734
     plsig_e |     94,918   -.2813467           0  -.2813467  -.2813467
     plsig_b |     94,918    .2046127           0   .2046127   .2046127
-------------+---------------------------------------------------------
     lsig_y2 |     94,918    1.527709           0   1.527709   1.527709
       sig_x |     94,918    .0277126           0   .0277126   .0277126
      lsig_c |     94,918    1.644934           0   1.644934   1.644934
     lsig_e2 |     94,918   -.4852469           0  -.4852469  -.4852469
     lsig_b2 |     94,918    .3403095           0   .3403095   .3403095
-------------+---------------------------------------------------------
     lpsig_x |     94,918      .01814           0     .01814     .01814
     lpsig_e |     94,918   -.3176304           0  -.3176304  -.3176304
     lpsig_b |     94,918     .222758           0    .222758    .222758

. log off
      name:  <unnamed>
       log:  /share/home/clafuent/MCVL/UVD_ABS_code/results/BC_sex_noA.log
  log type:  text
 paused on:   3 Jun 2021, 15:58:46
------------------------------------------------------------------------------------------------------
------------------------------------------------------------------------------------------------------
      name:  <unnamed>
       log:  /share/home/clafuent/MCVL/UVD_ABS_code/results/BC_sex_noA.log
  log type:  text
resumed on:   3 Jun 2021, 15:58:51

. ****** STU, 2008-2013, men *****************************
. sum mu_y sig_y sig_c sig_e sig_b lsig_y lsig_c lsig_e lsig_b psig_c psig_e psig_b plsig_c plsig_e pl
> sig_b lsig_y2 sig_x lsig_c lsig_e2 lsig_b2 lpsig_x lpsig_e lpsig_b

    Variable |        Obs        Mean    Std. Dev.       Min        Max
-------------+---------------------------------------------------------
        mu_y |    176,620    209.4694           0   209.4694   209.4694
       sig_y |    176,620    65456.19           0   65456.19   65456.19
       sig_c |    176,620    47277.94           0   47277.94   47277.94
       sig_e |    176,620    14777.37           0   14777.37   14777.37
       sig_b |    176,620    3400.876           0   3400.876   3400.876
-------------+---------------------------------------------------------
      lsig_y |    176,620    1.897669           0   1.897669   1.897669
      lsig_c |    176,620    1.644934           0   1.644934   1.644934
      lsig_e |    176,620    .0409285           0   .0409285   .0409285
      lsig_b |    176,620    .2118068           0   .2118068   .2118068
      psig_c |    176,620    .7222837           0   .7222837   .7222837
-------------+---------------------------------------------------------
      psig_e |    176,620    .2257598           0   .2257598   .2257598
      psig_b |    176,620    .0519565           0   .0519565   .0519565
     plsig_c |    176,620     .866818           0    .866818    .866818
     plsig_e |    176,620    .0215678           0   .0215678   .0215678
     plsig_b |    176,620    .1116142           0   .1116142   .1116142
-------------+---------------------------------------------------------
     lsig_y2 |    176,620    1.897671           0   1.897671   1.897671
       sig_x |    176,620    .0072229           0   .0072229   .0072229
      lsig_c |    176,620    1.644934           0   1.644934   1.644934
     lsig_e2 |    176,620    .0264804           0   .0264804   .0264804
     lsig_b2 |    176,620    .2190338           0   .2190338   .2190338
-------------+---------------------------------------------------------
     lpsig_x |    176,620    .0038062           0   .0038062   .0038062
     lpsig_e |    176,620    .0139542           0   .0139542   .0139542
     lpsig_b |    176,620    .1154224           0   .1154224   .1154224

. log off
      name:  <unnamed>
       log:  /share/home/clafuent/MCVL/UVD_ABS_code/results/BC_sex_noA.log
  log type:  text
 paused on:   3 Jun 2021, 15:58:58
------------------------------------------------------------------------------------------------------
------------------------------------------------------------------------------------------------------
      name:  <unnamed>
       log:  /share/home/clafuent/MCVL/UVD_ABS_code/results/BC_sex_noA.log
  log type:  text
resumed on:   3 Jun 2021, 15:59:02

. ****** STU, 2008-2013, women *****************************
. sum mu_y sig_y sig_c sig_e sig_b lsig_y lsig_c lsig_e lsig_b psig_c psig_e psig_b plsig_c plsig_e pl
> sig_b lsig_y2 sig_x lsig_c lsig_e2 lsig_b2 lpsig_x lpsig_e lpsig_b

    Variable |        Obs        Mean    Std. Dev.       Min        Max
-------------+---------------------------------------------------------
        mu_y |    139,098    229.7177           0   229.7177   229.7177
       sig_y |    139,098    96801.94           0   96801.94   96801.94
       sig_c |    139,098    57139.83           0   57139.83   57139.83
       sig_e |    139,098    35291.81           0   35291.81   35291.81
       sig_b |    139,098    4370.302           0   4370.302   4370.302
-------------+---------------------------------------------------------
      lsig_y |    139,098    2.068041           0   2.068041   2.068041
      lsig_c |    139,098    1.644934           0   1.644934   1.644934
      lsig_e |    139,098    .1794462           0   .1794462   .1794462
      lsig_b |    139,098    .2436609           0   .2436609   .2436609
      psig_c |    139,098    .5902756           0   .5902756   .5902756
-------------+---------------------------------------------------------
      psig_e |    139,098    .3645775           0   .3645775   .3645775
      psig_b |    139,098    .0451468           0   .0451468   .0451468
     plsig_c |    139,098    .7954069           0   .7954069   .7954069
     plsig_e |    139,098    .0867711           0   .0867711   .0867711
     plsig_b |    139,098    .1178221           0   .1178221   .1178221
-------------+---------------------------------------------------------
     lsig_y2 |    139,098    2.068041           0   2.068041   2.068041
       sig_x |    139,098    .0229871           0   .0229871   .0229871
      lsig_c |    139,098    1.644934           0   1.644934   1.644934
     lsig_e2 |    139,098    .1334684           0   .1334684   .1334684
     lsig_b2 |    139,098    .2666513           0   .2666513   .2666513
-------------+---------------------------------------------------------
     lpsig_x |    139,098    .0111154           0   .0111154   .0111154
     lpsig_e |    139,098    .0645386           0   .0645386   .0645386
     lpsig_b |    139,098    .1289391           0   .1289391   .1289391

. log off
      name:  <unnamed>
       log:  /share/home/clafuent/MCVL/UVD_ABS_code/results/BC_sex_noA.log
  log type:  text
 paused on:   3 Jun 2021, 15:59:04
------------------------------------------------------------------------------------------------------
------------------------------------------------------------------------------------------------------
      name:  <unnamed>
       log:  /share/home/clafuent/MCVL/UVD_ABS_code/results/BC_sex_noA.log
  log type:  text
resumed on:   3 Jun 2021, 15:59:10

. ****** STU + Spell correction, 2008-2013, men *****************************
. sum mu_y sig_y sig_c sig_e sig_b lsig_y lsig_c lsig_e lsig_b psig_c psig_e psig_b plsig_c plsig_e pl
> sig_b lsig_y2 sig_x lsig_c lsig_e2 lsig_b2 lpsig_x lpsig_e lpsig_b

    Variable |        Obs        Mean    Std. Dev.       Min        Max
-------------+---------------------------------------------------------
        mu_y |    176,620    193.0493           0   193.0493   193.0493
       sig_y |    176,620    63240.08           0   63240.08   63240.08
       sig_c |    176,620    41490.66           0   41490.66   41490.66
       sig_e |    176,620    17526.45           0   17526.45   17526.45
       sig_b |    176,620     4222.97           0    4222.97    4222.97
-------------+---------------------------------------------------------
      lsig_y |    176,620    2.289675           0   2.289675   2.289675
      lsig_c |    176,620    1.644934           0   1.644934   1.644934
      lsig_e |    176,620    .4000705           0   .4000705   .4000705
      lsig_b |    176,620    .2446697           0   .2446697   .2446697
      psig_c |    176,620    .6560817           0   .6560817   .6560817
-------------+---------------------------------------------------------
      psig_e |    176,620    .2771415           0   .2771415   .2771415
      psig_b |    176,620    .0667768           0   .0667768   .0667768
     plsig_c |    176,620    .7184139           0   .7184139   .7184139
     plsig_e |    176,620    .1747281           0   .1747281   .1747281
     plsig_b |    176,620    .1068579           0   .1068579   .1068579
-------------+---------------------------------------------------------
     lsig_y2 |    176,620    2.289674           0   2.289674   2.289674
       sig_x |    176,620    .0163493           0   .0163493   .0163493
      lsig_c |    176,620    1.644934           0   1.644934   1.644934
     lsig_e2 |    176,620    .3673695           0   .3673695   .3673695
     lsig_b2 |    176,620    .2610207           0   .2610207   .2610207
-------------+---------------------------------------------------------
     lpsig_x |    176,620    .0071405           0   .0071405   .0071405
     lpsig_e |    176,620    .1604462           0   .1604462   .1604462
     lpsig_b |    176,620    .1139991           0   .1139991   .1139991

. log off
      name:  <unnamed>
       log:  /share/home/clafuent/MCVL/UVD_ABS_code/results/BC_sex_noA.log
  log type:  text
 paused on:   3 Jun 2021, 15:59:12
------------------------------------------------------------------------------------------------------
------------------------------------------------------------------------------------------------------
      name:  <unnamed>
       log:  /share/home/clafuent/MCVL/UVD_ABS_code/results/BC_sex_noA.log
  log type:  text
resumed on:   3 Jun 2021, 15:59:14

. ****** STU + Spell correction, 2008-2013, women *****************************
. sum mu_y sig_y sig_c sig_e sig_b lsig_y lsig_c lsig_e lsig_b psig_c psig_e psig_b plsig_c plsig_e pl
> sig_b lsig_y2 sig_x lsig_c lsig_e2 lsig_b2 lpsig_x lpsig_e lpsig_b

    Variable |        Obs        Mean    Std. Dev.       Min        Max
-------------+---------------------------------------------------------
        mu_y |    139,098    215.8836           0   215.8836   215.8836
       sig_y |    139,098    95450.22           0   95450.22   95450.22
       sig_c |    139,098     51352.7           0    51352.7    51352.7
       sig_e |    139,098    39349.86           0   39349.86   39349.86
       sig_b |    139,098    4747.663           0   4747.663   4747.663
-------------+---------------------------------------------------------
      lsig_y |    139,098    2.394242           0   2.394242   2.394242
      lsig_c |    139,098    1.644934           0   1.644934   1.644934
      lsig_e |    139,098    .4954463           0   .4954463   .4954463
      lsig_b |    139,098    .2538616           0   .2538616   .2538616
      psig_c |    139,098    .5380051           0   .5380051   .5380051
-------------+---------------------------------------------------------
      psig_e |    139,098    .4122553           0   .4122553   .4122553
      psig_b |    139,098    .0497397           0   .0497397   .0497397
     plsig_c |    139,098    .6870376           0   .6870376   .6870376
     plsig_e |    139,098    .2069325           0   .2069325   .2069325
     plsig_b |    139,098    .1060301           0   .1060301   .1060301
-------------+---------------------------------------------------------
     lsig_y2 |    139,098    2.394241           0   2.394241   2.394241
       sig_x |    139,098    .0367756           0   .0367756   .0367756
      lsig_c |    139,098    1.644934           0   1.644934   1.644934
     lsig_e2 |    139,098    .4218913           0   .4218913   .4218913
     lsig_b2 |    139,098    .2906401           0   .2906401   .2906401
-------------+---------------------------------------------------------
     lpsig_x |    139,098      .01536           0     .01536     .01536
     lpsig_e |    139,098    .1762109           0   .1762109   .1762109
     lpsig_b |    139,098    .1213913           0   .1213913   .1213913

. log off
      name:  <unnamed>
       log:  /share/home/clafuent/MCVL/UVD_ABS_code/results/BC_sex_noA.log
  log type:  text
 paused on:   3 Jun 2021, 15:59:15
------------------------------------------------------------------------------------------------------
------------------------------------------------------------------------------------------------------
      name:  <unnamed>
       log:  /share/home/clafuent/MCVL/UVD_ABS_code/results/BC_sex_noA.log
  log type:  text
resumed on:   3 Jun 2021, 15:59:20

. ****** STU + Recalls + Spell Adj, 2008-2013, men *****************************
. sum mu_y sig_y sig_c sig_e sig_b lsig_y lsig_c lsig_e lsig_b psig_c psig_e psig_b plsig_c plsig_e pl
> sig_b lsig_y2 sig_x lsig_c lsig_e2 lsig_b2 lpsig_x lpsig_e lpsig_b

    Variable |        Obs        Mean    Std. Dev.       Min        Max
-------------+---------------------------------------------------------
        mu_y |    204,910    169.0019           0   169.0019   169.0019
       sig_y |    204,910    58736.37           0   58736.37   58736.37
       sig_c |    204,910    32171.79           0   32171.79   32171.79
       sig_e |    204,910    22954.13           0   22954.13   22954.13
       sig_b |    204,910    3610.443           0   3610.443   3610.443
-------------+---------------------------------------------------------
      lsig_y |    204,910    2.730587           0   2.730587   2.730587
      lsig_c |    204,910    1.644934           0   1.644934   1.644934
      lsig_e |    204,910    .6921066           0   .6921066   .6921066
      lsig_b |    204,910    .3935467           0   .3935467   .3935467
      psig_c |    204,910    .5477321           0   .5477321   .5477321
-------------+---------------------------------------------------------
      psig_e |    204,910    .3907994           0   .3907994   .3907994
      psig_b |    204,910    .0614686           0   .0614686   .0614686
     plsig_c |    204,910    .6024104           0   .6024104   .6024104
     plsig_e |    204,910    .2534644           0   .2534644   .2534644
     plsig_b |    204,910    .1441253           0   .1441253   .1441253
-------------+---------------------------------------------------------
     lsig_y2 |    204,910    2.730587           0   2.730587   2.730587
       sig_x |    204,910    .0222318           0   .0222318   .0222318
      lsig_c |    204,910    1.644934           0   1.644934   1.644934
     lsig_e2 |    204,910    .6476387           0   .6476387   .6476387
     lsig_b2 |    204,910    .4157822           0   .4157822   .4157822
-------------+---------------------------------------------------------
     lpsig_x |    204,910    .0081418           0   .0081418   .0081418
     lpsig_e |    204,910    .2371793           0   .2371793   .2371793
     lpsig_b |    204,910    .1522685           0   .1522685   .1522685

. log off
      name:  <unnamed>
       log:  /share/home/clafuent/MCVL/UVD_ABS_code/results/BC_sex_noA.log
  log type:  text
 paused on:   3 Jun 2021, 15:59:22
------------------------------------------------------------------------------------------------------
------------------------------------------------------------------------------------------------------
      name:  <unnamed>
       log:  /share/home/clafuent/MCVL/UVD_ABS_code/results/BC_sex_noA.log
  log type:  text
resumed on:   3 Jun 2021, 15:59:24

. ****** STU + Recalls + Spell Adj, 2008-2013, women *****************************
. sum mu_y sig_y sig_c sig_e sig_b lsig_y lsig_c lsig_e lsig_b psig_c psig_e psig_b plsig_c plsig_e pl
> sig_b lsig_y2 sig_x lsig_c lsig_e2 lsig_b2 lpsig_x lpsig_e lpsig_b

    Variable |        Obs        Mean    Std. Dev.       Min        Max
-------------+---------------------------------------------------------
        mu_y |    177,350    180.8064           0   180.8064   180.8064
       sig_y |    177,350    81165.33           0   81165.33   81165.33
       sig_c |    177,350    36716.88           0   36716.88   36716.88
       sig_e |    177,350    40422.05           0   40422.05   40422.05
       sig_b |    177,350    4026.399           0   4026.399   4026.399
-------------+---------------------------------------------------------
      lsig_y |    177,350    3.091013           0   3.091013   3.091013
      lsig_c |    177,350    1.644934           0   1.644934   1.644934
      lsig_e |    177,350    .8866142           0   .8866142   .8866142
      lsig_b |    177,350    .5594644           0   .5594644   .5594644
      psig_c |    177,350    .4523715           0   .4523715   .4523715
-------------+---------------------------------------------------------
      psig_e |    177,350    .4980212           0   .4980212   .4980212
      psig_b |    177,350    .0496074           0   .0496074   .0496074
     plsig_c |    177,350    .5321667           0   .5321667   .5321667
     plsig_e |    177,350    .2868361           0   .2868361   .2868361
     plsig_b |    177,350    .1809971           0   .1809971   .1809971
-------------+---------------------------------------------------------
     lsig_y2 |    177,350    3.091012           0   3.091012   3.091012
       sig_x |    177,350    .0512874           0   .0512874   .0512874
      lsig_c |    177,350    1.644934           0   1.644934   1.644934
     lsig_e2 |    177,350    .7840329           0   .7840329   .7840329
     lsig_b2 |    177,350    .6107574           0   .6107574   .6107574
-------------+---------------------------------------------------------
     lpsig_x |    177,350    .0165924           0   .0165924   .0165924
     lpsig_e |    177,350    .2536493           0   .2536493   .2536493
     lpsig_b |    177,350    .1975914           0   .1975914   .1975914

. log off
      name:  <unnamed>
       log:  /share/home/clafuent/MCVL/UVD_ABS_code/results/BC_sex_noA.log
  log type:  text
 paused on:   3 Jun 2021, 15:59:25
------------------------------------------------------------------------------------------------------
------------------------------------------------------------------------------------------------------
      name:  <unnamed>
       log:  /share/home/clafuent/MCVL/UVD_ABS_code/results/BC_sex_noA.log
  log type:  text
resumed on:   3 Jun 2021, 15:59:35

. ****** NE (NO Spell Adj), 2008-2013, men *****************************
. sum mu_y sig_y sig_c sig_e sig_b lsig_y lsig_c lsig_e lsig_b psig_c psig_e psig_b plsig_c plsig_e pl
> sig_b lsig_y2 sig_x lsig_c lsig_e2 lsig_b2 lpsig_x lpsig_e lpsig_b

    Variable |        Obs        Mean    Std. Dev.       Min        Max
-------------+---------------------------------------------------------
        mu_y |    220,866    197.8515           0   197.8515   197.8515
       sig_y |    220,866    68006.82           0   68006.82   68006.82
       sig_c |    220,866    41597.18           0   41597.18   41597.18
       sig_e |    220,866    23974.01           0   23974.01   23974.01
       sig_b |    220,866    2452.258           0   2452.258   2452.258
-------------+---------------------------------------------------------
      lsig_y |    220,866    2.314631           0   2.314631   2.314631
      lsig_c |    220,866    1.644934           0   1.644934   1.644934
      lsig_e |    220,866    .3300791           0   .3300791   .3300791
      lsig_b |    220,866    .3396175           0   .3396175   .3396175
      psig_c |    220,866    .6116619           0   .6116619   .6116619
-------------+---------------------------------------------------------
      psig_e |    220,866    .3525236           0   .3525236   .3525236
      psig_b |    220,866     .036059           0    .036059    .036059
     plsig_c |    220,866     .710668           0    .710668    .710668
     plsig_e |    220,866    .1426055           0   .1426055   .1426055
     plsig_b |    220,866    .1467264           0   .1467264   .1467264
-------------+---------------------------------------------------------
     lsig_y2 |    220,866    2.314631           0   2.314631   2.314631
       sig_x |    220,866    .0010428           0   .0010428   .0010428
      lsig_c |    220,866    1.644934           0   1.644934   1.644934
     lsig_e2 |    220,866    .3276464           0   .3276464   .3276464
     lsig_b2 |    220,866    .3410072           0   .3410072   .3410072
-------------+---------------------------------------------------------
     lpsig_x |    220,866    .0004505           0   .0004505   .0004505
     lpsig_e |    220,866    .1415545           0   .1415545   .1415545
     lpsig_b |    220,866    .1473269           0   .1473269   .1473269

. log off
      name:  <unnamed>
       log:  /share/home/clafuent/MCVL/UVD_ABS_code/results/BC_sex_noA.log
  log type:  text
 paused on:   3 Jun 2021, 15:59:36
------------------------------------------------------------------------------------------------------
------------------------------------------------------------------------------------------------------
      name:  <unnamed>
       log:  /share/home/clafuent/MCVL/UVD_ABS_code/results/BC_sex_noA.log
  log type:  text
resumed on:   3 Jun 2021, 15:59:40

. ****** NE (NO Spell Adj), 2008-2013, women *****************************
. sum mu_y sig_y sig_c sig_e sig_b lsig_y lsig_c lsig_e lsig_b psig_c psig_e psig_b plsig_c plsig_e pl
> sig_b lsig_y2 sig_x lsig_c lsig_e2 lsig_b2 lpsig_x lpsig_e lpsig_b

    Variable |        Obs        Mean    Std. Dev.       Min        Max
-------------+---------------------------------------------------------
        mu_y |    191,690    209.6763           0   209.6763   209.6763
       sig_y |    191,690    98160.91           0   98160.91   98160.91
       sig_c |    191,690    47140.18           0   47140.18   47140.18
       sig_e |    191,690    47893.39           0   47893.39   47893.39
       sig_b |    191,690    3176.527           0   3176.527   3176.527
-------------+---------------------------------------------------------
      lsig_y |    191,690    2.647965           0   2.647965   2.647965
      lsig_c |    191,690    1.644934           0   1.644934   1.644934
      lsig_e |    191,690    .5517987           0   .5517987   .5517987
      lsig_b |    191,690    .4512321           0   .4512321   .4512321
      psig_c |    191,690    .4802338           0   .4802338   .4802338
-------------+---------------------------------------------------------
      psig_e |    191,690    .4879069           0   .4879069   .4879069
      psig_b |    191,690    .0323604           0   .0323604   .0323604
     plsig_c |    191,690    .6212069           0   .6212069   .6212069
     plsig_e |    191,690     .208386           0    .208386    .208386
     plsig_b |    191,690    .1704071           0   .1704071   .1704071
-------------+---------------------------------------------------------
     lsig_y2 |    191,690    2.647965           0   2.647965   2.647965
       sig_x |    191,690    .0085578           0   .0085578   .0085578
      lsig_c |    191,690    1.644934           0   1.644934   1.644934
     lsig_e2 |    191,690    .5337251           0   .5337251   .5337251
     lsig_b2 |    191,690     .460748           0    .460748    .460748
-------------+---------------------------------------------------------
     lpsig_x |    191,690    .0032318           0   .0032318   .0032318
     lpsig_e |    191,690    .2015605           0   .2015605   .2015605
     lpsig_b |    191,690    .1740008           0   .1740008   .1740008

. log off
      name:  <unnamed>
       log:  /share/home/clafuent/MCVL/UVD_ABS_code/results/BC_sex_noA.log
  log type:  text
 paused on:   3 Jun 2021, 15:59:42
------------------------------------------------------------------------------------------------------
------------------------------------------------------------------------------------------------------
      name:  <unnamed>
       log:  /share/home/clafuent/MCVL/UVD_ABS_code/results/BC_sex_noA.log
  log type:  text
resumed on:   3 Jun 2021, 15:59:48

. ****** NE + Spell correction, 2008-2013, men *****************************
. sum mu_y sig_y sig_c sig_e sig_b lsig_y lsig_c lsig_e lsig_b psig_c psig_e psig_b plsig_c plsig_e pl
> sig_b lsig_y2 sig_x lsig_c lsig_e2 lsig_b2 lpsig_x lpsig_e lpsig_b

    Variable |        Obs        Mean    Std. Dev.       Min        Max
-------------+---------------------------------------------------------
        mu_y |    220,866    163.8975           0   163.8975   163.8975
       sig_y |    220,866    58370.81           0   58370.81   58370.81
       sig_c |    220,866    30799.16           0   30799.16   30799.16
       sig_e |    220,866    23634.63           0   23634.63   23634.63
       sig_b |    220,866    3937.025           0   3937.025   3937.025
-------------+---------------------------------------------------------
      lsig_y |    220,866    2.795058           0   2.795058   2.795058
      lsig_c |    220,866    1.644934           0   1.644934   1.644934
      lsig_e |    220,866    .7140547           0   .7140547   .7140547
      lsig_b |    220,866    .4360694           0   .4360694   .4360694
      psig_c |    220,866    .5276465           0   .5276465   .5276465
-------------+---------------------------------------------------------
      psig_e |    220,866    .4049049           0   .4049049   .4049049
      psig_b |    220,866    .0674485           0   .0674485   .0674485
     plsig_c |    220,866    .5885151           0   .5885151   .5885151
     plsig_e |    220,866    .2554704           0   .2554704   .2554704
     plsig_b |    220,866    .1560144           0   .1560144   .1560144
-------------+---------------------------------------------------------
     lsig_y2 |    220,866    2.795058           0   2.795058   2.795058
       sig_x |    220,866    .0118694           0   .0118694   .0118694
      lsig_c |    220,866    1.644934           0   1.644934   1.644934
     lsig_e2 |    220,866     .690312           0    .690312    .690312
     lsig_b2 |    220,866    .4479425           0   .4479425   .4479425
-------------+---------------------------------------------------------
     lpsig_x |    220,866    .0042466           0   .0042466   .0042466
     lpsig_e |    220,866    .2469759           0   .2469759   .2469759
     lpsig_b |    220,866    .1602623           0   .1602623   .1602623

. log off
      name:  <unnamed>
       log:  /share/home/clafuent/MCVL/UVD_ABS_code/results/BC_sex_noA.log
  log type:  text
 paused on:   3 Jun 2021, 15:59:48
------------------------------------------------------------------------------------------------------
------------------------------------------------------------------------------------------------------
      name:  <unnamed>
       log:  /share/home/clafuent/MCVL/UVD_ABS_code/results/BC_sex_noA.log
  log type:  text
resumed on:   3 Jun 2021, 15:59:52

. ****** NE + Spell correction, 2008-2013, women *****************************
. sum mu_y sig_y sig_c sig_e sig_b lsig_y lsig_c lsig_e lsig_b psig_c psig_e psig_b plsig_c plsig_e pl
> sig_b lsig_y2 sig_x lsig_c lsig_e2 lsig_b2 lpsig_x lpsig_e lpsig_b

    Variable |        Obs        Mean    Std. Dev.       Min        Max
-------------+---------------------------------------------------------
        mu_y |    191,690      178.13           0     178.13     178.13
       sig_y |    191,690    80284.37           0   80284.37   80284.37
       sig_c |    191,690    35848.84           0   35848.84   35848.84
       sig_e |    191,690    40316.58           0   40316.58   40316.58
       sig_b |    191,690    4118.956           0   4118.956   4118.956
-------------+---------------------------------------------------------
      lsig_y |    191,690    3.079929           0   3.079929   3.079929
      lsig_c |    191,690    1.644934           0   1.644934   1.644934
      lsig_e |    191,690    .8817071           0   .8817071   .8817071
      lsig_b |    191,690    .5532874           0   .5532874   .5532874
      psig_c |    191,690    .4465232           0   .4465232   .4465232
-------------+---------------------------------------------------------
      psig_e |    191,690    .5021722           0   .5021722   .5021722
      psig_b |    191,690    .0513046           0   .0513046   .0513046
     plsig_c |    191,690    .5340819           0   .5340819   .5340819
     plsig_e |    191,690    .2862751           0   .2862751   .2862751
     plsig_b |    191,690    .1796429           0   .1796429   .1796429
-------------+---------------------------------------------------------
     lsig_y2 |    191,690    3.079929           0   3.079929   3.079929
       sig_x |    191,690    .0406847           0   .0406847   .0406847
      lsig_c |    191,690    1.644934           0   1.644934   1.644934
     lsig_e2 |    191,690    .8003317           0   .8003317   .8003317
     lsig_b2 |    191,690    .5939786           0   .5939786   .5939786
-------------+---------------------------------------------------------
     lpsig_x |    191,690    .0132096           0   .0132096   .0132096
     lpsig_e |    191,690    .2598539           0   .2598539   .2598539
     lpsig_b |    191,690    .1928546           0   .1928546   .1928546

. log off
      name:  <unnamed>
       log:  /share/home/clafuent/MCVL/UVD_ABS_code/results/BC_sex_noA.log
  log type:  text
 paused on:   3 Jun 2021, 15:59:53
------------------------------------------------------------------------------------------------------
