----------------------------------------------------------------------------------------------------------------------
      name:  <unnamed>
       log:  /share/home/clafuent/MCVL/UVD_ABS_code/results/descriptive_stats96.log
  log type:  text
 opened on:  29 Apr 2021, 18:49:48

. log off
      name:  <unnamed>
       log:  /share/home/clafuent/MCVL/UVD_ABS_code/results/descriptive_stats96.log
  log type:  text
 paused on:  29 Apr 2021, 18:49:48
----------------------------------------------------------------------------------------------------------------------
----------------------------------------------------------------------------------------------------------------------
      name:  <unnamed>
       log:  /share/home/clafuent/MCVL/UVD_ABS_code/results/descriptive_stats96.log
  log type:  text
resumed on:  29 Apr 2021, 18:49:50

. sum LLdays days_past age sex_d college year_in past_T past_P past_A before84 before92

    Variable |        Obs        Mean    Std. Dev.       Min        Max
-------------+---------------------------------------------------------
      LLdays |    430,272    190.7582    257.3261          1      11667
   days_past |    430,256    363.0519    685.1125          1      12550
         age |    430,272    33.70517    6.827981         25         50
       sex_d |    430,272     .550898    .4974032          0          1
     college |    430,272    .1234428    .3289452          0          1
-------------+---------------------------------------------------------
     year_in |    430,272    2004.283    5.085985       1996       2013
      past_T |    430,272    .7085867     .454414          0          1
      past_P |    430,272    .2849639    .4513978          0          1
      past_A |    430,272    .0059032    .0766055          0          1
    before84 |    430,272           0           0          0          0
-------------+---------------------------------------------------------
    before92 |    430,272           0           0          0          0

. log off
      name:  <unnamed>
       log:  /share/home/clafuent/MCVL/UVD_ABS_code/results/descriptive_stats96.log
  log type:  text
 paused on:  29 Apr 2021, 18:49:50
----------------------------------------------------------------------------------------------------------------------
----------------------------------------------------------------------------------------------------------------------
      name:  <unnamed>
       log:  /share/home/clafuent/MCVL/UVD_ABS_code/results/descriptive_stats96.log
  log type:  text
resumed on:  29 Apr 2021, 18:49:50

. sum Ldays days_past age sex_d college year_in past_T past_P past_A before84 before92

    Variable |        Obs        Mean    Std. Dev.       Min        Max
-------------+---------------------------------------------------------
       Ldays |    430,272    245.1106     363.388          1      11668
   days_past |    430,256    363.0519    685.1125          1      12550
         age |    430,272    33.70517    6.827981         25         50
       sex_d |    430,272     .550898    .4974032          0          1
     college |    430,272    .1234428    .3289452          0          1
-------------+---------------------------------------------------------
     year_in |    430,272    2004.283    5.085985       1996       2013
      past_T |    430,272    .7085867     .454414          0          1
      past_P |    430,272    .2849639    .4513978          0          1
      past_A |    430,272    .0059032    .0766055          0          1
    before84 |    430,272           0           0          0          0
-------------+---------------------------------------------------------
    before92 |    430,272           0           0          0          0

. log off
      name:  <unnamed>
       log:  /share/home/clafuent/MCVL/UVD_ABS_code/results/descriptive_stats96.log
  log type:  text
 paused on:  29 Apr 2021, 18:49:50
----------------------------------------------------------------------------------------------------------------------
----------------------------------------------------------------------------------------------------------------------
      name:  <unnamed>
       log:  /share/home/clafuent/MCVL/UVD_ABS_code/results/descriptive_stats96.log
  log type:  text
resumed on:  29 Apr 2021, 18:49:54

. sum Bdays days_past age sex_d college year_in past_T past_P past_A before84 before92

    Variable |        Obs        Mean    Std. Dev.       Min        Max
-------------+---------------------------------------------------------
       Bdays |    689,786    254.9513    414.9178          1      11668
   days_past |    689,762    386.4403    726.8238          1      12550
         age |    689,786    33.31425    6.975168         25         50
       sex_d |    689,786    .5479323    .4976976          0          1
     college |    689,786     .150467    .3575288          0          1
-------------+---------------------------------------------------------
     year_in |    689,786    2004.082    5.167804       1973       2013
      past_T |    689,786    .6567791    .4747848          0          1
      past_P |    689,786    .2985854    .4576379          0          1
      past_A |    689,786    .0426147    .2019869          0          1
    before84 |    689,786    .0003001    .0173206          0          1
-------------+---------------------------------------------------------
    before92 |    689,786    .0027661    .0525207          0          1

. log off
      name:  <unnamed>
       log:  /share/home/clafuent/MCVL/UVD_ABS_code/results/descriptive_stats96.log
  log type:  text
 paused on:  29 Apr 2021, 18:49:54
----------------------------------------------------------------------------------------------------------------------
----------------------------------------------------------------------------------------------------------------------
      name:  <unnamed>
       log:  /share/home/clafuent/MCVL/UVD_ABS_code/results/descriptive_stats96.log
  log type:  text
resumed on:  29 Apr 2021, 18:49:54

. sum real_days_1 days_past age sex_d college year_in past_T past_P past_A before84 before92

    Variable |        Obs        Mean    Std. Dev.       Min        Max
-------------+---------------------------------------------------------
 real_days_1 |    689,786    224.1607     410.325          1      11668
   days_past |    689,762    376.5824    736.9617          1      12550
         age |    689,786    32.14592    6.778878         25         50
       sex_d |    689,786    .5479323    .4976976          0          1
     college |    689,786     .150467    .3575288          0          1
-------------+---------------------------------------------------------
     year_in |    689,786    2002.914    5.079454       1973       2013
      past_T |    689,786    .6398303    .4800498          0          1
      past_P |    689,786    .3003758    .4584217          0          1
      past_A |    689,786      .05874    .2351375          0          1
    before84 |    689,786    .0003523    .0187659          0          1
-------------+---------------------------------------------------------
    before92 |    689,786    .0038244    .0617232          0          1

. log off
      name:  <unnamed>
       log:  /share/home/clafuent/MCVL/UVD_ABS_code/results/descriptive_stats96.log
  log type:  text
 paused on:  29 Apr 2021, 18:49:55
----------------------------------------------------------------------------------------------------------------------
----------------------------------------------------------------------------------------------------------------------
      name:  <unnamed>
       log:  /share/home/clafuent/MCVL/UVD_ABS_code/results/descriptive_stats96.log
  log type:  text
resumed on:  29 Apr 2021, 18:49:56

. sum real_days_1 days_past age sex_d college year_in past_T past_P past_A before84 before92

    Variable |        Obs        Mean    Std. Dev.       Min        Max
-------------+---------------------------------------------------------
 real_days_1 |    822,214    181.1696     367.865          1       6348
   days_past |    821,202     377.611    746.7252          1      12550
         age |    822,214    31.85762    6.862085         25         50
       sex_d |    822,214    .5363446    .4986776          0          1
     college |    822,214    .1589148    .3655969          0          1
-------------+---------------------------------------------------------
     year_in |    822,214    2002.364    5.200663       1971       2013
      past_T |    822,214    .6522657    .4762514          0          1
      past_P |    822,214    .2978616    .4573186          0          1
      past_A |    822,214     .047878    .2135083          0          1
    before84 |    822,214    .0005741    .0239527          0          1
-------------+---------------------------------------------------------
    before92 |    822,214    .0055728    .0744427          0          1

. log off
      name:  <unnamed>
       log:  /share/home/clafuent/MCVL/UVD_ABS_code/results/descriptive_stats96.log
  log type:  text
 paused on:  29 Apr 2021, 18:49:57
----------------------------------------------------------------------------------------------------------------------
----------------------------------------------------------------------------------------------------------------------
      name:  <unnamed>
       log:  /share/home/clafuent/MCVL/UVD_ABS_code/results/descriptive_stats96.log
  log type:  text
resumed on:  29 Apr 2021, 18:50:02

. sum Bdays days_past age sex_d college year_in past_T past_P past_A before84 before92

    Variable |        Obs        Mean    Std. Dev.       Min        Max
-------------+---------------------------------------------------------
       Bdays |    868,725    237.4543    419.9187          1      11668
   days_past |    868,019    408.9748    762.3799          1      12550
         age |    869,048    33.22313    7.156636         25         50
       sex_d |    869,048     .537082    .4986233          0          1
     college |    869,048    .1594941    .3661364          0          1
-------------+---------------------------------------------------------
     year_in |    869,048     2003.68    5.387927       1971       2013
      past_T |    869,048    .6514266    .4765189          0          1
      past_P |    869,048    .3106514    .4627606          0          1
      past_A |    869,048    .0340131    .1812629          0          1
    before84 |    869,048    .0006225    .0249426          0          1
-------------+---------------------------------------------------------
    before92 |    869,048    .0053058    .0726475          0          1

. log off
      name:  <unnamed>
       log:  /share/home/clafuent/MCVL/UVD_ABS_code/results/descriptive_stats96.log
  log type:  text
 paused on:  29 Apr 2021, 18:50:02
----------------------------------------------------------------------------------------------------------------------
----------------------------------------------------------------------------------------------------------------------
      name:  <unnamed>
       log:  /share/home/clafuent/MCVL/UVD_ABS_code/results/descriptive_stats96.log
  log type:  text
resumed on:  29 Apr 2021, 18:50:03

. sum real_days_1 days_past age sex_d college year_in past_T past_P past_A before84 before92

    Variable |        Obs        Mean    Std. Dev.       Min        Max
-------------+---------------------------------------------------------
 real_days_1 |    869,048    182.1737    377.4838          1       6348
   days_past |    868,019     392.524    764.2034          1      12550
         age |    869,048    31.73462    6.875255         25         50
       sex_d |    869,048     .537082    .4986233          0          1
     college |    869,048    .1594941    .3661364          0          1
-------------+---------------------------------------------------------
     year_in |    869,048    2002.192     5.22805       1971       2013
      past_T |    869,048     .644419    .4786893          0          1
      past_P |    869,048    .3087747    .4619882          0          1
      past_A |    869,048    .0444302    .2060491          0          1
    before84 |    869,048    .0006732    .0259364          0          1
-------------+---------------------------------------------------------
    before92 |    869,048    .0065647    .0807562          0          1

. log off
      name:  <unnamed>
       log:  /share/home/clafuent/MCVL/UVD_ABS_code/results/descriptive_stats96.log
  log type:  text
 paused on:  29 Apr 2021, 18:50:03
----------------------------------------------------------------------------------------------------------------------
