----------------------------------------------------------------------------------------------------------------------
      name:  <unnamed>
       log:  /share/home/clafuent/MCVL/UVD_ABS_code/results/descriptive_stats84_noA.log
  log type:  text
 opened on:  30 Apr 2021, 13:08:15

. // log using ./results/descriptive_stats96_noA.log, replace
. log off
      name:  <unnamed>
       log:  /share/home/clafuent/MCVL/UVD_ABS_code/results/descriptive_stats84_noA.log
  log type:  text
 paused on:  30 Apr 2021, 13:08:15
----------------------------------------------------------------------------------------------------------------------
----------------------------------------------------------------------------------------------------------------------
      name:  <unnamed>
       log:  /share/home/clafuent/MCVL/UVD_ABS_code/results/descriptive_stats84_noA.log
  log type:  text
resumed on:  30 Apr 2021, 13:08:18

. sum LLdays days_past age sex_d college year_in past_T past_P past_A before84 before92

    Variable |        Obs        Mean    Std. Dev.       Min        Max
-------------+---------------------------------------------------------
      LLdays |    551,794    237.4354     344.671          1      11667
   days_past |    551,762    424.6413    794.5805          1      12550
         age |    551,794    32.52263    6.547351         25         50
       sex_d |    551,794     .427163    .4946668          0          1
     college |    551,794      .11314    .3167642          0          1
-------------+---------------------------------------------------------
     year_in |    551,794    1999.831     8.50723       1984       2013
      past_T |    551,794    .6944584    .4606368          0          1
      past_P |    551,794     .299224    .4579185          0          1
      past_A |    551,794    .0059116    .0766596          0          1
    before84 |    551,794    .0262834    .1599768          0          1
-------------+---------------------------------------------------------
    before92 |    551,794    .2205678    .4146299          0          1

. log off
      name:  <unnamed>
       log:  /share/home/clafuent/MCVL/UVD_ABS_code/results/descriptive_stats84_noA.log
  log type:  text
 paused on:  30 Apr 2021, 13:08:19
----------------------------------------------------------------------------------------------------------------------
----------------------------------------------------------------------------------------------------------------------
      name:  <unnamed>
       log:  /share/home/clafuent/MCVL/UVD_ABS_code/results/descriptive_stats84_noA.log
  log type:  text
resumed on:  30 Apr 2021, 13:08:19

. sum Ldays days_past age sex_d college year_in past_T past_P past_A before84 before92

    Variable |        Obs        Mean    Std. Dev.       Min        Max
-------------+---------------------------------------------------------
       Ldays |    551,794    335.5225    570.5664          1      11668
   days_past |    551,762    424.6413    794.5805          1      12550
         age |    551,794    32.52263    6.547351         25         50
       sex_d |    551,794     .427163    .4946668          0          1
     college |    551,794      .11314    .3167642          0          1
-------------+---------------------------------------------------------
     year_in |    551,794    1999.831     8.50723       1984       2013
      past_T |    551,794    .6944584    .4606368          0          1
      past_P |    551,794     .299224    .4579185          0          1
      past_A |    551,794    .0059116    .0766596          0          1
    before84 |    551,794    .0262834    .1599768          0          1
-------------+---------------------------------------------------------
    before92 |    551,794    .2205678    .4146299          0          1

. log off
      name:  <unnamed>
       log:  /share/home/clafuent/MCVL/UVD_ABS_code/results/descriptive_stats84_noA.log
  log type:  text
 paused on:  30 Apr 2021, 13:08:20
----------------------------------------------------------------------------------------------------------------------
----------------------------------------------------------------------------------------------------------------------
      name:  <unnamed>
       log:  /share/home/clafuent/MCVL/UVD_ABS_code/results/descriptive_stats84_noA.log
  log type:  text
resumed on:  30 Apr 2021, 13:08:24

. sum Bdays days_past age sex_d college year_in past_T past_P past_A before84 before92

    Variable |        Obs        Mean    Std. Dev.       Min        Max
-------------+---------------------------------------------------------
       Bdays |    806,710     339.005    622.4494          1      11668
   days_past |    806,667    414.5001    782.6646          1      12550
         age |    806,710    32.26653    6.634319         25         50
       sex_d |    806,710    .4376889    .4961024          0          1
     college |    806,710      .14218    .3492348          0          1
-------------+---------------------------------------------------------
     year_in |    806,710    2000.322    8.338728       1965       2013
      past_T |    806,710    .6753753    .4682347          0          1
      past_P |    806,710    .3187242    .4659821          0          1
      past_A |    806,710    .0043113    .0655191          0          1
    before84 |    806,710    .0252408    .1568557          0          1
-------------+---------------------------------------------------------
    before92 |    806,710    .1970373     .397761          0          1

. log off
      name:  <unnamed>
       log:  /share/home/clafuent/MCVL/UVD_ABS_code/results/descriptive_stats84_noA.log
  log type:  text
 paused on:  30 Apr 2021, 13:08:25
----------------------------------------------------------------------------------------------------------------------
----------------------------------------------------------------------------------------------------------------------
      name:  <unnamed>
       log:  /share/home/clafuent/MCVL/UVD_ABS_code/results/descriptive_stats84_noA.log
  log type:  text
resumed on:  30 Apr 2021, 13:08:25

. sum real_days_1 days_past age sex_d college year_in past_T past_P past_A before84 before92

    Variable |        Obs        Mean    Std. Dev.       Min        Max
-------------+---------------------------------------------------------
 real_days_1 |    806,710      306.11    617.9546          1      11668
   days_past |    806,667    391.7318    774.7534          1      12550
         age |    806,710    31.09154    6.358232         25         50
       sex_d |    806,710    .4376889    .4961024          0          1
     college |    806,710      .14218    .3492348          0          1
-------------+---------------------------------------------------------
     year_in |    806,710    1999.147     8.17854       1965       2013
      past_T |    806,710    .6824522    .4655228          0          1
      past_P |    806,710     .313503    .4639172          0          1
      past_A |    806,710    .0031907    .0563965          0          1
    before84 |    806,710    .0318863    .1756975          0          1
-------------+---------------------------------------------------------
    before92 |    806,710    .2258544     .418144          0          1

. log off
      name:  <unnamed>
       log:  /share/home/clafuent/MCVL/UVD_ABS_code/results/descriptive_stats84_noA.log
  log type:  text
 paused on:  30 Apr 2021, 13:08:27
----------------------------------------------------------------------------------------------------------------------
----------------------------------------------------------------------------------------------------------------------
      name:  <unnamed>
       log:  /share/home/clafuent/MCVL/UVD_ABS_code/results/descriptive_stats84_noA.log
  log type:  text
resumed on:  30 Apr 2021, 13:08:29

. sum real_days_1 days_past age sex_d college year_in past_T past_P past_A before84 before92

    Variable |        Obs        Mean    Std. Dev.       Min        Max
-------------+---------------------------------------------------------
 real_days_1 |    975,326    242.2909    558.0026          1      10462
   days_past |    973,272    417.9774    843.2568          1      12550
         age |    975,326    30.78962    6.416178         25         50
       sex_d |    975,326    .4453321    .4970027          0          1
     college |    975,326    .1499929    .3570647          0          1
-------------+---------------------------------------------------------
     year_in |    975,326    1998.384    8.401079       1965       2013
      past_T |    975,326    .4744444    .4993467          0          1
      past_P |    975,326    .5205131    .4995793          0          1
      past_A |    975,326    .0023695    .0486195          0          1
    before84 |    975,326    .0478466    .2134416          0          1
-------------+---------------------------------------------------------
    before92 |    975,326    .2541622    .4353894          0          1

. log off
      name:  <unnamed>
       log:  /share/home/clafuent/MCVL/UVD_ABS_code/results/descriptive_stats84_noA.log
  log type:  text
 paused on:  30 Apr 2021, 13:08:30
----------------------------------------------------------------------------------------------------------------------
----------------------------------------------------------------------------------------------------------------------
      name:  <unnamed>
       log:  /share/home/clafuent/MCVL/UVD_ABS_code/results/descriptive_stats84_noA.log
  log type:  text
resumed on:  30 Apr 2021, 13:08:37

. sum Bdays days_past age sex_d college year_in past_T past_P past_A before84 before92

    Variable |        Obs        Mean    Std. Dev.       Min        Max
-------------+---------------------------------------------------------
       Bdays |  1,033,060     314.949    629.7411          1      11668
   days_past |  1,031,586    462.6789    873.9878          1      12550
         age |  1,033,702    32.23637    6.822752         25         50
       sex_d |  1,033,702    .4441899    .4968757          0          1
     college |  1,033,702    .1506353    .3576932          0          1
-------------+---------------------------------------------------------
     year_in |  1,033,702    1999.745    8.650755       1965       2013
      past_T |  1,033,702    .4802796    .4996112          0          1
      past_P |  1,033,702    .5120112     .499856          0          1
      past_A |  1,033,702    .0034768     .058862          0          1
    before84 |  1,033,702    .0386465    .1927512          0          1
-------------+---------------------------------------------------------
    before92 |  1,033,702    .2183831     .413149          0          1

. log off
      name:  <unnamed>
       log:  /share/home/clafuent/MCVL/UVD_ABS_code/results/descriptive_stats84_noA.log
  log type:  text
 paused on:  30 Apr 2021, 13:08:38
----------------------------------------------------------------------------------------------------------------------
----------------------------------------------------------------------------------------------------------------------
      name:  <unnamed>
       log:  /share/home/clafuent/MCVL/UVD_ABS_code/results/descriptive_stats84_noA.log
  log type:  text
resumed on:  30 Apr 2021, 13:08:39

. sum real_days_1 days_past age sex_d college year_in past_T past_P past_A before84 before92

    Variable |        Obs        Mean    Std. Dev.       Min        Max
-------------+---------------------------------------------------------
 real_days_1 |  1,033,702    244.5207    570.8154          1      10462
   days_past |  1,031,586    433.8658    860.9191          1      12550
         age |  1,033,702    30.64508    6.410529         25         50
       sex_d |  1,033,702    .4441899    .4968757          0          1
     college |  1,033,702    .1506353    .3576932          0          1
-------------+---------------------------------------------------------
     year_in |  1,033,702    1998.154    8.474457       1965       2013
      past_T |  1,033,702    .4667573    .4988939          0          1
      past_P |  1,033,702    .5280884    .4992107          0          1
      past_A |  1,033,702    .0020828    .0455902          0          1
    before84 |  1,033,702    .0545399      .22708          0          1
-------------+---------------------------------------------------------
    before92 |  1,033,702    .2648278    .4412417          0          1

. log off
      name:  <unnamed>
       log:  /share/home/clafuent/MCVL/UVD_ABS_code/results/descriptive_stats84_noA.log
  log type:  text
 paused on:  30 Apr 2021, 13:08:40
----------------------------------------------------------------------------------------------------------------------
