----------------------------------------------------------------------------------------------------------------------
      name:  <unnamed>
       log:  /share/home/clafuent/MCVL/UVD_ABS_code/results/descriptive_stats_part2_BC.log
  log type:  text
 opened on:  27 Apr 2021, 14:24:02

. log off
      name:  <unnamed>
       log:  /share/home/clafuent/MCVL/UVD_ABS_code/results/descriptive_stats_part2_BC.log
  log type:  text
 paused on:  27 Apr 2021, 14:24:02
----------------------------------------------------------------------------------------------------------------------
----------------------------------------------------------------------------------------------------------------------
      name:  <unnamed>
       log:  /share/home/clafuent/MCVL/UVD_ABS_code/results/descriptive_stats_part2_BC.log
  log type:  text
resumed on:  27 Apr 2021, 14:24:06

. sum LLdays days_past age sex_d college year_in past_T past_P past_A before84 before92

    Variable |        Obs        Mean    Std. Dev.       Min        Max
-------------+---------------------------------------------------------
      LLdays |    143,014    148.5305     207.729          1      11383
   days_past |    143,009     268.998    525.0438          1      12550
         age |    143,014    34.93582    6.939536         25         50
       sex_d |    143,014    .5214874    .4995398          0          1
     college |    143,014    .1144363    .3183416          0          1
-------------+---------------------------------------------------------
     year_in |    143,014    2003.646    1.762118       1982       2007
      past_T |    143,014    .7892584    .4078367          0          1
      past_P |    143,014    .2054135    .4040048          0          1
      past_A |    143,014    .0046359    .0679297          0          1
    before84 |    143,014    6.99e-06    .0026443          0          1
-------------+---------------------------------------------------------
    before92 |    143,014    .0000699    .0083617          0          1

. log off
      name:  <unnamed>
       log:  /share/home/clafuent/MCVL/UVD_ABS_code/results/descriptive_stats_part2_BC.log
  log type:  text
 paused on:  27 Apr 2021, 14:24:07
----------------------------------------------------------------------------------------------------------------------
----------------------------------------------------------------------------------------------------------------------
      name:  <unnamed>
       log:  /share/home/clafuent/MCVL/UVD_ABS_code/results/descriptive_stats_part2_BC.log
  log type:  text
resumed on:  27 Apr 2021, 14:24:07

. sum Ldays days_past age sex_d college year_in past_T past_P past_A before84 before92

    Variable |        Obs        Mean    Std. Dev.       Min        Max
-------------+---------------------------------------------------------
       Ldays |    143,014    183.3212    269.8854          1      11384
   days_past |    143,009     268.998    525.0438          1      12550
         age |    143,014    34.93582    6.939536         25         50
       sex_d |    143,014    .5214874    .4995398          0          1
     college |    143,014    .1144363    .3183416          0          1
-------------+---------------------------------------------------------
     year_in |    143,014    2003.646    1.762118       1982       2007
      past_T |    143,014    .7892584    .4078367          0          1
      past_P |    143,014    .2054135    .4040048          0          1
      past_A |    143,014    .0046359    .0679297          0          1
    before84 |    143,014    6.99e-06    .0026443          0          1
-------------+---------------------------------------------------------
    before92 |    143,014    .0000699    .0083617          0          1

. log off
      name:  <unnamed>
       log:  /share/home/clafuent/MCVL/UVD_ABS_code/results/descriptive_stats_part2_BC.log
  log type:  text
 paused on:  27 Apr 2021, 14:24:08
----------------------------------------------------------------------------------------------------------------------
----------------------------------------------------------------------------------------------------------------------
      name:  <unnamed>
       log:  /share/home/clafuent/MCVL/UVD_ABS_code/results/descriptive_stats_part2_BC.log
  log type:  text
resumed on:  27 Apr 2021, 14:24:09

. sum Bdays days_past age sex_d college year_in past_T past_P past_A before84 before92

    Variable |        Obs        Mean    Std. Dev.       Min        Max
-------------+---------------------------------------------------------
       Bdays |    315,750    178.8111    301.6022          1      11384
   days_past |    315,736      279.78    537.1427          1      12550
         age |    315,750    33.70742    6.977566         25         50
       sex_d |    315,750    .5444117    .4980245          0          1
     college |    315,750    .1418464    .3488931          0          1
-------------+---------------------------------------------------------
     year_in |    315,750    2003.728    1.993098       1980       2007
      past_T |    315,750    .7296342    .4441495          0          1
      past_P |    315,750    .2317498    .4219507          0          1
      past_A |    315,750     .037422    .1897939          0          1
    before84 |    315,750     .000076     .008718          0          1
-------------+---------------------------------------------------------
    before92 |    315,750    .0009628    .0310139          0          1

. log off
      name:  <unnamed>
       log:  /share/home/clafuent/MCVL/UVD_ABS_code/results/descriptive_stats_part2_BC.log
  log type:  text
 paused on:  27 Apr 2021, 14:24:10
----------------------------------------------------------------------------------------------------------------------
----------------------------------------------------------------------------------------------------------------------
      name:  <unnamed>
       log:  /share/home/clafuent/MCVL/UVD_ABS_code/results/descriptive_stats_part2_BC.log
  log type:  text
resumed on:  27 Apr 2021, 14:24:10

. sum real_days_1 days_past age sex_d college year_in past_T past_P past_A before84 before92

    Variable |        Obs        Mean    Std. Dev.       Min        Max
-------------+---------------------------------------------------------
 real_days_1 |    315,750     164.898    294.9889          1      11384
   days_past |    315,736    281.9175    547.7923          1      12550
         age |    315,750    33.41308    6.954995         25         50
       sex_d |    315,750    .5444117    .4980245          0          1
     college |    315,750    .1418464    .3488931          0          1
-------------+---------------------------------------------------------
     year_in |    315,750    2003.434    1.960599       1980       2007
      past_T |    315,750    .7199873    .4490058          0          1
      past_P |    315,750    .2376975    .4256736          0          1
      past_A |    315,750    .0414473    .1993228          0          1
    before84 |    315,750    .0000792    .0088978          0          1
-------------+---------------------------------------------------------
    before92 |    315,750    .0011021    .0331802          0          1

. log off
      name:  <unnamed>
       log:  /share/home/clafuent/MCVL/UVD_ABS_code/results/descriptive_stats_part2_BC.log
  log type:  text
 paused on:  27 Apr 2021, 14:24:11
----------------------------------------------------------------------------------------------------------------------
----------------------------------------------------------------------------------------------------------------------
      name:  <unnamed>
       log:  /share/home/clafuent/MCVL/UVD_ABS_code/results/descriptive_stats_part2_BC.log
  log type:  text
resumed on:  27 Apr 2021, 14:24:16

. sum real_days_1 days_past age sex_d college year_in past_T past_P past_A before84 before92

    Variable |        Obs        Mean    Std. Dev.       Min        Max
-------------+---------------------------------------------------------
 real_days_1 |    408,712    134.8501    263.3684          1       9051
   days_past |    408,352    288.8107    558.8882          1      12550
         age |    408,712    33.30557    7.047809         25         50
       sex_d |    408,712    .5268845    .4992773          0          1
     college |    408,712    .1514269     .358465          0          1
-------------+---------------------------------------------------------
     year_in |    408,712    2003.182    2.048316       1978       2007
      past_T |    408,712    .7393323    .4389994          0          1
      past_P |    408,712    .2266192    .4186447          0          1
      past_A |    408,712    .0324801    .1772716          0          1
    before84 |    408,712    .0001639    .0128025          0          1
-------------+---------------------------------------------------------
    before92 |    408,712    .0016173    .0401829          0          1

. log off
      name:  <unnamed>
       log:  /share/home/clafuent/MCVL/UVD_ABS_code/results/descriptive_stats_part2_BC.log
  log type:  text
 paused on:  27 Apr 2021, 14:24:17
----------------------------------------------------------------------------------------------------------------------
----------------------------------------------------------------------------------------------------------------------
      name:  <unnamed>
       log:  /share/home/clafuent/MCVL/UVD_ABS_code/results/descriptive_stats_part2_BC.log
  log type:  text
resumed on:  27 Apr 2021, 14:24:23

. sum Bdays days_past age sex_d college year_in past_T past_P past_A before84 before92

    Variable |        Obs        Mean    Std. Dev.       Min        Max
-------------+---------------------------------------------------------
       Bdays |    445,970    161.1656    297.1332          1      11384
   days_past |    445,792    301.9503    562.9808          1      12550
         age |    446,162    33.61169    7.127427         25         50
       sex_d |    446,162    .5312599    .4990224          0          1
     college |    446,162    .1506269    .3576852          0          1
-------------+---------------------------------------------------------
     year_in |    446,162      2003.5    2.150778       1978       2007
      past_T |    446,162    .7377634    .4398511          0          1
      past_P |    446,162    .2318104     .421989          0          1
      past_A |    446,162    .0279697    .1648861          0          1
    before84 |    446,162    .0001838    .0135557          0          1
-------------+---------------------------------------------------------
    before92 |    446,162    .0017236    .0414804          0          1

. log off
      name:  <unnamed>
       log:  /share/home/clafuent/MCVL/UVD_ABS_code/results/descriptive_stats_part2_BC.log
  log type:  text
 paused on:  27 Apr 2021, 14:24:23
----------------------------------------------------------------------------------------------------------------------
----------------------------------------------------------------------------------------------------------------------
      name:  <unnamed>
       log:  /share/home/clafuent/MCVL/UVD_ABS_code/results/descriptive_stats_part2_BC.log
  log type:  text
resumed on:  27 Apr 2021, 14:24:24

. sum real_days_1 days_past age sex_d college year_in past_T past_P past_A before84 before92

    Variable |        Obs        Mean    Std. Dev.       Min        Max
-------------+---------------------------------------------------------
 real_days_1 |    446,162    134.5983    267.8288          1       9051
   days_past |    445,792    306.8443    575.7865          1      12550
         age |    446,162    33.19847    7.067311         25         50
       sex_d |    446,162    .5312599    .4990224          0          1
     college |    446,162    .1506269    .3576852          0          1
-------------+---------------------------------------------------------
     year_in |    446,162    2003.086    2.090937       1978       2007
      past_T |    446,162    .7329714    .4424079          0          1
      past_P |    446,162    .2348788    .4239235          0          1
      past_A |    446,162    .0304441    .1718061          0          1
    before84 |    446,162    .0001905    .0138014          0          1
-------------+---------------------------------------------------------
    before92 |    446,162    .0019074    .0436319          0          1

. log off
      name:  <unnamed>
       log:  /share/home/clafuent/MCVL/UVD_ABS_code/results/descriptive_stats_part2_BC.log
  log type:  text
 paused on:  27 Apr 2021, 14:24:25
----------------------------------------------------------------------------------------------------------------------
----------------------------------------------------------------------------------------------------------------------
      name:  <unnamed>
       log:  /share/home/clafuent/MCVL/UVD_ABS_code/results/descriptive_stats_part2_BC.log
  log type:  text
resumed on:  27 Apr 2021, 14:24:28

. sum LLdays days_past age sex_d college year_in past_T past_P past_A before84 before92

    Variable |        Obs        Mean    Std. Dev.       Min        Max
-------------+---------------------------------------------------------
      LLdays |    239,266    184.3029    228.9683          1      11667
   days_past |    239,264    321.4936    612.2366          1      11861
         age |    239,266    35.59292    7.028375         25         50
       sex_d |    239,266    .5621191    .4961272          0          1
     college |    239,266    .1187967    .3235498          0          1
-------------+---------------------------------------------------------
     year_in |    239,266    2009.482    1.627322       1990       2013
      past_T |    239,266    .7246161    .4467084          0          1
      past_P |    239,266    .2663187    .4420338          0          1
      past_A |    239,266    .0080329    .0892659          0          1
    before84 |    239,266           0           0          0          0
-------------+---------------------------------------------------------
    before92 |    239,266    4.18e-06    .0020444          0          1

. log off
      name:  <unnamed>
       log:  /share/home/clafuent/MCVL/UVD_ABS_code/results/descriptive_stats_part2_BC.log
  log type:  text
 paused on:  27 Apr 2021, 14:24:29
----------------------------------------------------------------------------------------------------------------------
----------------------------------------------------------------------------------------------------------------------
      name:  <unnamed>
       log:  /share/home/clafuent/MCVL/UVD_ABS_code/results/descriptive_stats_part2_BC.log
  log type:  text
resumed on:  27 Apr 2021, 14:24:29

. sum Ldays days_past age sex_d college year_in past_T past_P past_A before84 before92

    Variable |        Obs        Mean    Std. Dev.       Min        Max
-------------+---------------------------------------------------------
       Ldays |    239,266     210.887    260.0731          1      11668
   days_past |    239,264    321.4936    612.2366          1      11861
         age |    239,266    35.59292    7.028375         25         50
       sex_d |    239,266    .5621191    .4961272          0          1
     college |    239,266    .1187967    .3235498          0          1
-------------+---------------------------------------------------------
     year_in |    239,266    2009.482    1.627322       1990       2013
      past_T |    239,266    .7246161    .4467084          0          1
      past_P |    239,266    .2663187    .4420338          0          1
      past_A |    239,266    .0080329    .0892659          0          1
    before84 |    239,266           0           0          0          0
-------------+---------------------------------------------------------
    before92 |    239,266    4.18e-06    .0020444          0          1

. log off
      name:  <unnamed>
       log:  /share/home/clafuent/MCVL/UVD_ABS_code/results/descriptive_stats_part2_BC.log
  log type:  text
 paused on:  27 Apr 2021, 14:24:30
----------------------------------------------------------------------------------------------------------------------
----------------------------------------------------------------------------------------------------------------------
      name:  <unnamed>
       log:  /share/home/clafuent/MCVL/UVD_ABS_code/results/descriptive_stats_part2_BC.log
  log type:  text
resumed on:  27 Apr 2021, 14:24:32

. sum Bdays days_past age sex_d college year_in past_T past_P past_A before84 before92

    Variable |        Obs        Mean    Std. Dev.       Min        Max
-------------+---------------------------------------------------------
       Bdays |    350,494    214.6466    277.7742          1      11668
   days_past |    350,492    326.5842    626.0986          1      11861
         age |    350,494    34.98155    7.070885         25         50
       sex_d |    350,494    .5549995    .4969666          0          1
     college |    350,494    .1343646    .3410442          0          1
-------------+---------------------------------------------------------
     year_in |    350,494    2009.436    1.866905       1985       2013
      past_T |    350,494    .6780088    .4672403          0          1
      past_P |    350,494    .2733314    .4456702          0          1
      past_A |    350,494    .0465743    .2107255          0          1
    before84 |    350,494           0           0          0          0
-------------+---------------------------------------------------------
    before92 |    350,494    .0001455    .0120618          0          1

. log off
      name:  <unnamed>
       log:  /share/home/clafuent/MCVL/UVD_ABS_code/results/descriptive_stats_part2_BC.log
  log type:  text
 paused on:  27 Apr 2021, 14:24:33
----------------------------------------------------------------------------------------------------------------------
----------------------------------------------------------------------------------------------------------------------
      name:  <unnamed>
       log:  /share/home/clafuent/MCVL/UVD_ABS_code/results/descriptive_stats_part2_BC.log
  log type:  text
resumed on:  27 Apr 2021, 14:24:33

. sum real_days_1 days_past age sex_d college year_in past_T past_P past_A before84 before92

    Variable |        Obs        Mean    Std. Dev.       Min        Max
-------------+---------------------------------------------------------
 real_days_1 |    350,494    199.4144    274.2688          1      11668
   days_past |    350,492    334.1297    640.4408          1      11861
         age |    350,494    34.72025    7.075717         25         50
       sex_d |    350,494    .5549995    .4969666          0          1
     college |    350,494    .1343646    .3410442          0          1
-------------+---------------------------------------------------------
     year_in |    350,494    2009.175    1.869844       1985       2013
      past_T |    350,494    .6651697    .4719318          0          1
      past_P |    350,494    .2773657    .4476991          0          1
      past_A |    350,494    .0559467    .2298192          0          1
    before84 |    350,494           0           0          0          0
-------------+---------------------------------------------------------
    before92 |    350,494    .0001712    .0130827          0          1

. log off
      name:  <unnamed>
       log:  /share/home/clafuent/MCVL/UVD_ABS_code/results/descriptive_stats_part2_BC.log
  log type:  text
 paused on:  27 Apr 2021, 14:24:34
----------------------------------------------------------------------------------------------------------------------
----------------------------------------------------------------------------------------------------------------------
      name:  <unnamed>
       log:  /share/home/clafuent/MCVL/UVD_ABS_code/results/descriptive_stats_part2_BC.log
  log type:  text
resumed on:  27 Apr 2021, 14:24:38

. sum real_days_1 days_past age sex_d college year_in past_T past_P past_A before84 before92

    Variable |        Obs        Mean    Std. Dev.       Min        Max
-------------+---------------------------------------------------------
 real_days_1 |    415,596    174.0638    260.7239          1       8500
   days_past |    415,414    328.2539    635.1749          1      12367
         age |    415,596    34.45436    7.153686         25         50
       sex_d |    415,596    .5338983    .4988502          0          1
     college |    415,596    .1470226    .3541289          0          1
-------------+---------------------------------------------------------
     year_in |    415,596    2009.062    1.901938       1985       2013
      past_T |    415,596    .6859691    .4641293          0          1
      past_P |    415,596     .263708    .4406434          0          1
      past_A |    415,596    .0485038    .2148286          0          1
    before84 |    415,596           0           0          0          0
-------------+---------------------------------------------------------
    before92 |    415,596    .0002093     .014467          0          1

. log off
      name:  <unnamed>
       log:  /share/home/clafuent/MCVL/UVD_ABS_code/results/descriptive_stats_part2_BC.log
  log type:  text
 paused on:  27 Apr 2021, 14:24:39
----------------------------------------------------------------------------------------------------------------------
----------------------------------------------------------------------------------------------------------------------
      name:  <unnamed>
       log:  /share/home/clafuent/MCVL/UVD_ABS_code/results/descriptive_stats_part2_BC.log
  log type:  text
resumed on:  27 Apr 2021, 14:24:45

. sum Bdays days_past age sex_d college year_in past_T past_P past_A before84 before92

    Variable |        Obs        Mean    Std. Dev.       Min        Max
-------------+---------------------------------------------------------
       Bdays |    442,419    202.7147    284.2483          1      11668
   days_past |    442,307    329.7279      628.03          1      12367
         age |    442,496     34.7629    7.181759         25         50
       sex_d |    442,496     .532624    .4989351          0          1
     college |    442,496      .14839    .3554866          0          1
-------------+---------------------------------------------------------
     year_in |    442,496    2009.382    1.971434       1985       2013
      past_T |    442,496    .6836265    .4650611          0          1
      past_P |    442,496    .2725697    .4452818          0          1
      past_A |    442,496    .0399506    .1958435          0          1
    before84 |    442,496           0           0          0          0
-------------+---------------------------------------------------------
    before92 |    442,496    .0002034    .0142601          0          1

. log off
      name:  <unnamed>
       log:  /share/home/clafuent/MCVL/UVD_ABS_code/results/descriptive_stats_part2_BC.log
  log type:  text
 paused on:  27 Apr 2021, 14:24:46
----------------------------------------------------------------------------------------------------------------------
----------------------------------------------------------------------------------------------------------------------
      name:  <unnamed>
       log:  /share/home/clafuent/MCVL/UVD_ABS_code/results/descriptive_stats_part2_BC.log
  log type:  text
resumed on:  27 Apr 2021, 14:24:47

. sum real_days_1 days_past age sex_d college year_in past_T past_P past_A before84 before92

    Variable |        Obs        Mean    Std. Dev.       Min        Max
-------------+---------------------------------------------------------
 real_days_1 |    442,496    170.9412     260.693          1       8500
   days_past |    442,307    341.1358    643.9466          1      12367
         age |    442,496    34.34816    7.160921         25         50
       sex_d |    442,496     .532624    .4989351          0          1
     college |    442,496      .14839    .3554866          0          1
-------------+---------------------------------------------------------
     year_in |    442,496    2008.967    1.943633       1985       2013
      past_T |    442,496    .6765327    .4677999          0          1
      past_P |    442,496    .2740838    .4460519          0          1
      past_A |    442,496    .0469202    .2114682          0          1
    before84 |    442,496           0           0          0          0
-------------+---------------------------------------------------------
    before92 |    442,496    .0002305    .0151808          0          1

. log off
      name:  <unnamed>
       log:  /share/home/clafuent/MCVL/UVD_ABS_code/results/descriptive_stats_part2_BC.log
  log type:  text
 paused on:  27 Apr 2021, 14:24:48
----------------------------------------------------------------------------------------------------------------------
