----------------------------------------------------------------------------------------------------------------------
      name:  <unnamed>
       log:  /share/home/clafuent/MCVL/UVD_ABS_code/results/descriptive_stats_part2_noA.log
  log type:  text
 opened on:   6 May 2021, 17:19:09

. log off
      name:  <unnamed>
       log:  /share/home/clafuent/MCVL/UVD_ABS_code/results/descriptive_stats_part2_noA.log
  log type:  text
 paused on:   6 May 2021, 17:19:09
----------------------------------------------------------------------------------------------------------------------
----------------------------------------------------------------------------------------------------------------------
      name:  <unnamed>
       log:  /share/home/clafuent/MCVL/UVD_ABS_code/results/descriptive_stats_part2_noA.log
  log type:  text
resumed on:   6 May 2021, 17:19:11

. sum LLdays days_past age sex_d college year_in past_T past_P past_A before84 before92

    Variable |        Obs        Mean    Std. Dev.       Min        Max
-------------+---------------------------------------------------------
      LLdays |    430,272    190.7582    257.3261          1      11667
   days_past |    430,256    363.0519    685.1125          1      12550
         age |    430,272    33.70517    6.827981         25         50
       sex_d |    430,272     .449102    .4974032          0          1
     college |    430,272    .1234428    .3289452          0          1
-------------+---------------------------------------------------------
     year_in |    430,272    2004.283    5.085985       1996       2013
      past_T |    430,272    .7085867     .454414          0          1
      past_P |    430,272    .2849639    .4513978          0          1
      past_A |    430,272    .0059032    .0766055          0          1
    before84 |    430,272           0           0          0          0
-------------+---------------------------------------------------------
    before92 |    430,272           0           0          0          0

. log off
      name:  <unnamed>
       log:  /share/home/clafuent/MCVL/UVD_ABS_code/results/descriptive_stats_part2_noA.log
  log type:  text
 paused on:   6 May 2021, 17:19:12
----------------------------------------------------------------------------------------------------------------------
----------------------------------------------------------------------------------------------------------------------
      name:  <unnamed>
       log:  /share/home/clafuent/MCVL/UVD_ABS_code/results/descriptive_stats_part2_noA.log
  log type:  text
resumed on:   6 May 2021, 17:19:12

. sum Ldays days_past age sex_d college year_in past_T past_P past_A before84 before92

    Variable |        Obs        Mean    Std. Dev.       Min        Max
-------------+---------------------------------------------------------
       Ldays |    430,272    245.1106     363.388          1      11668
   days_past |    430,256    363.0519    685.1125          1      12550
         age |    430,272    33.70517    6.827981         25         50
       sex_d |    430,272     .449102    .4974032          0          1
     college |    430,272    .1234428    .3289452          0          1
-------------+---------------------------------------------------------
     year_in |    430,272    2004.283    5.085985       1996       2013
      past_T |    430,272    .7085867     .454414          0          1
      past_P |    430,272    .2849639    .4513978          0          1
      past_A |    430,272    .0059032    .0766055          0          1
    before84 |    430,272           0           0          0          0
-------------+---------------------------------------------------------
    before92 |    430,272           0           0          0          0

. log off
      name:  <unnamed>
       log:  /share/home/clafuent/MCVL/UVD_ABS_code/results/descriptive_stats_part2_noA.log
  log type:  text
 paused on:   6 May 2021, 17:19:13
----------------------------------------------------------------------------------------------------------------------
----------------------------------------------------------------------------------------------------------------------
      name:  <unnamed>
       log:  /share/home/clafuent/MCVL/UVD_ABS_code/results/descriptive_stats_part2_noA.log
  log type:  text
resumed on:   6 May 2021, 17:19:18

. sum Bdays days_past age sex_d college year_in past_T past_P past_A before84 before92

    Variable |        Obs        Mean    Std. Dev.       Min        Max
-------------+---------------------------------------------------------
       Bdays |    656,600    248.3083    402.3314          1      11668
   days_past |    656,577    352.5111    668.6201          1      12550
         age |    656,600    33.26797    6.958151         25         50
       sex_d |    656,600    .4551782    .4979873          0          1
     college |    656,600    .1515626    .3585967          0          1
-------------+---------------------------------------------------------
     year_in |    656,600    2004.374    5.021938       1996       2013
      past_T |    656,600    .6858057    .4641946          0          1
      past_P |    656,600     .308014    .4616727          0          1
      past_A |    656,600    .0041502     .064288          0          1
    before84 |    656,600           0           0          0          0
-------------+---------------------------------------------------------
    before92 |    656,600           0           0          0          0

. log off
      name:  <unnamed>
       log:  /share/home/clafuent/MCVL/UVD_ABS_code/results/descriptive_stats_part2_noA.log
  log type:  text
 paused on:   6 May 2021, 17:19:19
----------------------------------------------------------------------------------------------------------------------
----------------------------------------------------------------------------------------------------------------------
      name:  <unnamed>
       log:  /share/home/clafuent/MCVL/UVD_ABS_code/results/descriptive_stats_part2_noA.log
  log type:  text
resumed on:   6 May 2021, 17:19:20

. sum real_days_1 days_past age sex_d college year_in past_T past_P past_A before84 before92

    Variable |        Obs        Mean    Std. Dev.       Min        Max
-------------+---------------------------------------------------------
 real_days_1 |    656,600    215.7076    395.2447          1      11668
   days_past |    656,577    330.6003    661.9956          1      12550
         age |    656,600    32.15936    6.800797         25         50
       sex_d |    656,600    .4551782    .4979873          0          1
     college |    656,600    .1515626    .3585967          0          1
-------------+---------------------------------------------------------
     year_in |    656,600    2003.383    4.932887       1996       2013
      past_T |    656,600    .6816875    .4658218          0          1
      past_P |    656,600    .3142583    .4642202          0          1
      past_A |    656,600      .00295    .0542342          0          1
    before84 |    656,600           0           0          0          0
-------------+---------------------------------------------------------
    before92 |    656,600           0           0          0          0

. log off
      name:  <unnamed>
       log:  /share/home/clafuent/MCVL/UVD_ABS_code/results/descriptive_stats_part2_noA.log
  log type:  text
 paused on:   6 May 2021, 17:19:21
----------------------------------------------------------------------------------------------------------------------
----------------------------------------------------------------------------------------------------------------------
      name:  <unnamed>
       log:  /share/home/clafuent/MCVL/UVD_ABS_code/results/descriptive_stats_part2_noA.log
  log type:  text
resumed on:   6 May 2021, 17:19:25

. sum real_days_1 days_past age sex_d college year_in past_T past_P past_A before84 before92

    Variable |        Obs        Mean    Std. Dev.       Min        Max
-------------+---------------------------------------------------------
 real_days_1 |    794,578    171.7619    350.3861          1       6348
   days_past |    793,587    336.7826    677.9489          1      12550
         age |    794,578    31.88286    6.891706         25         50
       sex_d |    794,578    .4665294    .4988788          0          1
     college |    794,578    .1600548    .3666571          0          1
-------------+---------------------------------------------------------
     year_in |    794,578    2002.934     4.99125       1996       2013
      past_T |    794,578    .6875776    .4634813          0          1
      past_P |    794,578    .3082315    .4617631          0          1
      past_A |    794,578    .0021533    .0463542          0          1
    before84 |    794,578           0           0          0          0
-------------+---------------------------------------------------------
    before92 |    794,578           0           0          0          0

. log off
      name:  <unnamed>
       log:  /share/home/clafuent/MCVL/UVD_ABS_code/results/descriptive_stats_part2_noA.log
  log type:  text
 paused on:   6 May 2021, 17:19:26
----------------------------------------------------------------------------------------------------------------------
----------------------------------------------------------------------------------------------------------------------
      name:  <unnamed>
       log:  /share/home/clafuent/MCVL/UVD_ABS_code/results/descriptive_stats_part2_noA.log
  log type:  text
resumed on:   6 May 2021, 17:19:33

. sum Bdays days_past age sex_d college year_in past_T past_P past_A before84 before92

    Variable |        Obs        Mean    Std. Dev.       Min        Max
-------------+---------------------------------------------------------
       Bdays |    844,369    230.6247    407.9557          1      11668
   days_past |    843,663    377.6156    707.2729          1      12550
         age |    844,674    33.22917     7.16489         25         50
       sex_d |    844,674    .4650575    .4987778          0          1
     college |    844,674    .1604619    .3670341          0          1
-------------+---------------------------------------------------------
     year_in |    844,674    2004.132    5.118795       1996       2013
      past_T |    844,674    .6751184    .4683309          0          1
      past_P |    844,674    .3175592    .4655272          0          1
      past_A |    844,674    .0033457     .057745          0          1
    before84 |    844,674           0           0          0          0
-------------+---------------------------------------------------------
    before92 |    844,674           0           0          0          0

. log off
      name:  <unnamed>
       log:  /share/home/clafuent/MCVL/UVD_ABS_code/results/descriptive_stats_part2_noA.log
  log type:  text
 paused on:   6 May 2021, 17:19:34
----------------------------------------------------------------------------------------------------------------------
----------------------------------------------------------------------------------------------------------------------
      name:  <unnamed>
       log:  /share/home/clafuent/MCVL/UVD_ABS_code/results/descriptive_stats_part2_noA.log
  log type:  text
resumed on:   6 May 2021, 17:19:35

. sum real_days_1 days_past age sex_d college year_in past_T past_P past_A before84 before92

    Variable |        Obs        Mean    Std. Dev.       Min        Max
-------------+---------------------------------------------------------
 real_days_1 |    844,674    172.9079    360.3297          1       6348
   days_past |    843,663    352.2255    696.1128          1      12550
         age |    844,674    31.76575    6.907013         25         50
       sex_d |    844,674    .4650575    .4987778          0          1
     college |    844,674    .1604619    .3670341          0          1
-------------+---------------------------------------------------------
     year_in |    844,674    2002.837    4.997955       1996       2013
      past_T |    844,674    .6774211    .4674634          0          1
      past_P |    844,674    .3182683    .4658045          0          1
      past_A |    844,674    .0018848    .0433728          0          1
    before84 |    844,674           0           0          0          0
-------------+---------------------------------------------------------
    before92 |    844,674           0           0          0          0

. log off
      name:  <unnamed>
       log:  /share/home/clafuent/MCVL/UVD_ABS_code/results/descriptive_stats_part2_noA.log
  log type:  text
 paused on:   6 May 2021, 17:19:37
----------------------------------------------------------------------------------------------------------------------
