--------------------------------------------------------------------------------------------------------------------------------------------------
      name:  <unnamed>
       log:  /home/clafuente/MS/table_ne.log
  log type:  text
 opened on:  19 Mar 2019, 15:48:52

. sum sig_y sig_c sig_e sig_b lsig_y lsig_c lsig_e lsig_b psig_c psig_e psig_b plsig_c plsig_e plsig_b lsig_y2 sig_x lsig_c lsig_e2 lsig_b2 lpsig_
> x lpsig_e lpsig_b

    Variable |        Obs        Mean    Std. Dev.       Min        Max
-------------+---------------------------------------------------------
       sig_y |  1,125,832    415237.6           0   415237.6   415237.6
       sig_c |  1,125,832    146820.6           0   146820.6   146820.6
       sig_e |  1,125,832    231987.5           0   231987.5   231987.5
       sig_b |  1,125,832    37135.86           0   37135.86   37135.86
      lsig_y |  1,125,832    3.185081           0   3.185081   3.185081
-------------+---------------------------------------------------------
      lsig_c |  1,125,832    1.644934           0   1.644934   1.644934
      lsig_e |  1,125,832    .6763085           0   .6763085   .6763085
      lsig_b |  1,125,832    .8638385           0   .8638385   .8638385
      psig_c |  1,125,832    .3535822           0   .3535822   .3535822
      psig_e |  1,125,832    .5586862           0   .5586862   .5586862
-------------+---------------------------------------------------------
      psig_b |  1,125,832    .0894328           0   .0894328   .0894328
     plsig_c |  1,125,832    .5164496           0   .5164496   .5164496
     plsig_e |  1,125,832    .2123363           0   .2123363   .2123363
     plsig_b |  1,125,832    .2712139           0   .2712139   .2712139
     lsig_y2 |  1,125,832    3.185082           0   3.185082   3.185082
-------------+---------------------------------------------------------
       sig_x |  1,125,832     -.00365           0    -.00365    -.00365
      lsig_c |  1,125,832    1.644934           0   1.644934   1.644934
     lsig_e2 |  1,125,832    .6792449           0   .6792449   .6792449
     lsig_b2 |  1,125,832    .8645535           0   .8645535   .8645535
     lpsig_x |  1,125,832    -.001146           0   -.001146   -.001146
-------------+---------------------------------------------------------
     lpsig_e |  1,125,832    .2132582           0   .2132582   .2132582
     lpsig_b |  1,125,832    .2714383           0   .2714383   .2714383

. log close
      name:  <unnamed>
       log:  /home/clafuente/MS/table_ne.log
  log type:  text
 closed on:  19 Mar 2019, 15:48:53
--------------------------------------------------------------------------------------------------------------------------------------------------
