-------------------------------------------------------------------------------------------------
      name:  <unnamed>
       log:  /home/clafuente/table_lower.log
  log type:  text
 opened on:  20 Mar 2019, 11:05:12

. sum sig_y sig_c sig_e sig_b lsig_y lsig_c lsig_e lsig_b psig_c psig_e psig_b plsig_c plsig_e pl
> sig_b lsig_y2 sig_x lsig_c lsig_e2 lsig_b2 lpsig_x lpsig_e lpsig_b

    Variable |        Obs        Mean    Std. Dev.       Min        Max
-------------+---------------------------------------------------------
       sig_y |    574,500    309566.3           0   309566.3   309566.3
       sig_c |    574,500    149897.8           0   149897.8   149897.8
       sig_e |    574,500    124282.2           0   124282.2   124282.2
       sig_b |    574,500    35386.36           0   35386.36   35386.36
      lsig_y |    574,500    1.639935           0   1.639935   1.639935
-------------+---------------------------------------------------------
      lsig_c |    574,500    1.644934           0   1.644934   1.644934
      lsig_e |    574,500   -.3830975           0  -.3830975  -.3830975
      lsig_b |    574,500    .3780982           0   .3780982   .3780982
      psig_c |    574,500    .4842187           0   .4842187   .4842187
      psig_e |    574,500    .4014719           0   .4014719   .4014719
-------------+---------------------------------------------------------
      psig_b |    574,500    .1143095           0   .1143095   .1143095
     plsig_c |    574,500    1.003048           0   1.003048   1.003048
     plsig_e |    574,500   -.2336053           0  -.2336053  -.2336053
     plsig_b |    574,500    .2305569           0   .2305569   .2305569
     lsig_y2 |    574,500    1.639934           0   1.639934   1.639934
-------------+---------------------------------------------------------
       sig_x |    574,500    .0129187           0   .0129187   .0129187
      lsig_c |    574,500    1.644934           0   1.644934   1.644934
     lsig_e2 |    574,500   -.4089361           0  -.4089361  -.4089361
     lsig_b2 |    574,500    .3910171           0   .3910171   .3910171
     lpsig_x |    574,500    .0078776           0   .0078776   .0078776
-------------+---------------------------------------------------------
     lpsig_e |    574,500   -.2493614           0  -.2493614  -.2493614
     lpsig_b |    574,500    .2384347           0   .2384347   .2384347

. log close
      name:  <unnamed>
       log:  /home/clafuente/table_lower.log
  log type:  text
 closed on:  20 Mar 2019, 11:05:13
-------------------------------------------------------------------------------------------------
