------------------------------------------------------------------------------------------------------------
      name:  <unnamed>
       log:  /Users/cristina/Documents/MS/UVD_ABS_code/UVD_ABS_code/results/table_recalls.log
  log type:  text
 opened on:   5 Nov 2021, 12:39:51

. // log on
. ****** NE + Spell Adj *****************************
. sum mu_y sig_y sig_c sig_e sig_b lsig_y lsig_c lsig_e lsig_b psig_c psig_e psig_b plsig_c plsig_e plsig_b 
> lsig_y2 sig_x lsig_c lsig_e2 lsig_b2 lpsig_x lpsig_e lpsig_b

    Variable |        Obs        Mean    Std. Dev.       Min        Max
-------------+---------------------------------------------------------
        mu_y |    132,376    54.32779           0   54.32779   54.32779
       sig_y |    132,376    17793.31           0   17793.31   17793.31
       sig_c |    132,376    7563.066           0   7563.066   7563.066
       sig_e |    132,376    5618.557           0   5618.557   5618.557
       sig_b |    132,376    4611.692           0   4611.692   4611.692
-------------+---------------------------------------------------------
      lsig_y |    132,376    2.506614           0   2.506614   2.506614
      lsig_c |    132,376    1.644934           0   1.644934   1.644934
      lsig_e |    132,376   -.3697141           0  -.3697141  -.3697141
      lsig_b |    132,376    1.231394           0   1.231394   1.231394
      psig_c |    132,376     .425051           0    .425051    .425051
-------------+---------------------------------------------------------
      psig_e |    132,376    .3157679           0   .3157679   .3157679
      psig_b |    132,376    .2591812           0   .2591812   .2591812
     plsig_c |    132,376    .6562375           0   .6562375   .6562375
     plsig_e |    132,376   -.1474954           0  -.1474954  -.1474954
     plsig_b |    132,376     .491258           0    .491258    .491258
-------------+---------------------------------------------------------
     lsig_y2 |    132,376    2.506614           0   2.506614   2.506614
       sig_x |    132,376    .0006225           0   .0006225   .0006225
      lsig_c |    132,376    1.644934           0   1.644934   1.644934
     lsig_e2 |    132,376   -.3709779           0  -.3709779  -.3709779
     lsig_b2 |    132,376    1.232036           0   1.232036   1.232036
-------------+---------------------------------------------------------
     lpsig_x |    132,376    .0002483           0   .0002483   .0002483
     lpsig_e |    132,376   -.1479996           0  -.1479996  -.1479996
     lpsig_b |    132,376    .4915139           0   .4915139   .4915139

. log off
      name:  <unnamed>
       log:  /Users/cristina/Documents/MS/UVD_ABS_code/UVD_ABS_code/results/table_recalls.log
  log type:  text
 paused on:   5 Nov 2021, 12:39:51
------------------------------------------------------------------------------------------------------------
