--------------------------------------------------------------------------------------------------------------------------------------------------
      name:  <unnamed>
       log:  /home/clafuente/MS/table_upper.log
  log type:  text
 opened on:  19 Mar 2019, 15:29:00

. sum sig_y sig_c sig_e sig_b lsig_y lsig_c lsig_e lsig_b psig_c psig_e psig_b plsig_c plsig_e plsig_b lsig_y2 sig_x lsig_c lsig_e2 lsig_b2 lpsig_
> x lpsig_e lpsig_b

    Variable |        Obs        Mean    Std. Dev.       Min        Max
-------------+---------------------------------------------------------
       sig_y |    906,320    420386.2           0   420386.2   420386.2
       sig_c |    906,320    153610.8           0   153610.8   153610.8
       sig_e |    906,320    219256.8           0   219256.8   219256.8
       sig_b |    906,320     47518.6           0    47518.6    47518.6
      lsig_y |    906,320    3.179135           0   3.179135   3.179135
-------------+---------------------------------------------------------
      lsig_c |    906,320    1.644934           0   1.644934   1.644934
      lsig_e |    906,320    .9100188           0   .9100188   .9100188
      lsig_b |    906,320    .6241823           0   .6241823   .6241823
      psig_c |    906,320     .365404           0    .365404    .365404
      psig_e |    906,320    .5215604           0   .5215604   .5215604
-------------+---------------------------------------------------------
      psig_b |    906,320    .1130356           0   .1130356   .1130356
     plsig_c |    906,320    .5174156           0   .5174156   .5174156
     plsig_e |    906,320    .2862473           0   .2862473   .2862473
     plsig_b |    906,320    .1963372           0   .1963372   .1963372
     lsig_y2 |    906,320    3.179136           0   3.179136   3.179136
-------------+---------------------------------------------------------
       sig_x |    906,320    .0194538           0   .0194538   .0194538
      lsig_c |    906,320    1.644934           0   1.644934   1.644934
     lsig_e2 |    906,320    .8711096           0   .8711096   .8711096
     lsig_b2 |    906,320    .6436386           0   .6436386   .6436386
     lpsig_x |    906,320    .0061192           0   .0061192   .0061192
-------------+---------------------------------------------------------
     lpsig_e |    906,320    .2740083           0   .2740083   .2740083
     lpsig_b |    906,320    .2024571           0   .2024571   .2024571

. log close
      name:  <unnamed>
       log:  /home/clafuente/MS/table_upper.log
  log type:  text
 closed on:  19 Mar 2019, 15:29:00
--------------------------------------------------------------------------------------------------------------------------------------------------
