--------------------------------------------------------------------------------------------------------------------------------------------------
      name:  <unnamed>
       log:  /home/clafuente/MS/table_lower_plus.log
  log type:  text
 opened on:  19 Mar 2019, 15:29:20

. sum sig_y sig_c sig_e sig_b lsig_y lsig_c lsig_e lsig_b psig_c psig_e psig_b plsig_c plsig_e plsig_b lsig_y2 sig_x lsig_c lsig_e2 lsig_b2 lpsig_
> x lpsig_e lpsig_b

    Variable |        Obs        Mean    Std. Dev.       Min        Max
-------------+---------------------------------------------------------
       sig_y |    906,320    405330.4           0   405330.4   405330.4
       sig_c |    906,320    168666.2           0   168666.2   168666.2
       sig_e |    906,320    193037.8           0   193037.8   193037.8
       sig_b |    906,320    43626.41           0   43626.41   43626.41
      lsig_y |    906,320    2.505571           0   2.505571   2.505571
-------------+---------------------------------------------------------
      lsig_c |    906,320    1.644934           0   1.644934   1.644934
      lsig_e |    906,320    .3567148           0   .3567148   .3567148
      lsig_b |    906,320    .5039225           0   .5039225   .5039225
      psig_c |    906,320    .4161203           0   .4161203   .4161203
      psig_e |    906,320     .476248           0    .476248    .476248
-------------+---------------------------------------------------------
      psig_b |    906,320    .1076317           0   .1076317   .1076317
     plsig_c |    906,320    .6565105           0   .6565105   .6565105
     plsig_e |    906,320    .1423687           0   .1423687   .1423687
     plsig_b |    906,320    .2011208           0   .2011208   .2011208
     lsig_y2 |    906,320    2.505573           0   2.505573   2.505573
-------------+---------------------------------------------------------
       sig_x |    906,320    .0044706           0   .0044706   .0044706
      lsig_c |    906,320    1.644934           0   1.644934   1.644934
     lsig_e2 |    906,320    .3477725           0   .3477725   .3477725
     lsig_b2 |    906,320    .5083961           0   .5083961   .5083961
     lpsig_x |    906,320    .0017843           0   .0017843   .0017843
-------------+---------------------------------------------------------
     lpsig_e |    906,320    .1387996           0   .1387996   .1387996
     lpsig_b |    906,320    .2029061           0   .2029061   .2029061

. log close
      name:  <unnamed>
       log:  /home/clafuente/MS/table_lower_plus.log
  log type:  text
 closed on:  19 Mar 2019, 15:29:20
--------------------------------------------------------------------------------------------------------------------------------------------------
