------------------------------------------------------------------------------------------------------------------------------------------
      name:  <unnamed>
       log:  /home/clafuente/table_ne07.log
  log type:  text
 opened on:  19 Mar 2019, 19:22:26

. sum sig_y sig_c sig_e sig_b lsig_y lsig_c lsig_e lsig_b psig_c psig_e psig_b plsig_c plsig_e plsig_b lsig_y2 sig_x lsig_c lsig_e2 lsig_b
> 2 lpsig_x lpsig_e lpsig_b

    Variable |        Obs        Mean    Std. Dev.       Min        Max
-------------+---------------------------------------------------------
       sig_y |    359,100    37343.54           0   37343.54   37343.54
       sig_c |    359,100    15446.33           0   15446.33   15446.33
       sig_e |    359,100    18587.77           0   18587.77   18587.77
       sig_b |    359,100    3309.448           0   3309.448   3309.448
      lsig_y |    359,100    2.910544           0   2.910544   2.910544
-------------+---------------------------------------------------------
      lsig_c |    359,100    1.644934           0   1.644934   1.644934
      lsig_e |    359,100    .6736802           0   .6736802   .6736802
      lsig_b |    359,100    .5919302           0   .5919302   .5919302
      psig_c |    359,100    .4136279           0   .4136279   .4136279
      psig_e |    359,100    .4977505           0   .4977505   .4977505
-------------+---------------------------------------------------------
      psig_b |    359,100    .0886217           0   .0886217   .0886217
     plsig_c |    359,100    .5651637           0   .5651637   .5651637
     plsig_e |    359,100    .2314619           0   .2314619   .2314619
     plsig_b |    359,100    .2033744           0   .2033744   .2033744
     lsig_y2 |    359,100    2.910545           0   2.910545   2.910545
-------------+---------------------------------------------------------
       sig_x |    359,100    .0246787           0   .0246787   .0246787
      lsig_c |    359,100    1.644934           0   1.644934   1.644934
     lsig_e2 |    359,100    .6243192           0   .6243192   .6243192
     lsig_b2 |    359,100    .6166127           0   .6166127   .6166127
     lpsig_x |    359,100    .0084791           0   .0084791   .0084791
-------------+---------------------------------------------------------
     lpsig_e |    359,100    .2145025           0   .2145025   .2145025
     lpsig_b |    359,100    .2118547           0   .2118547   .2118547

. log close
      name:  <unnamed>
       log:  /home/clafuente/table_ne07.log
  log type:  text
 closed on:  19 Mar 2019, 19:22:30
------------------------------------------------------------------------------------------------------------------------------------------
