--------------------------------------------------------------------------------------------------------------------------------------------------
      name:  <unnamed>
       log:  /home/clafuente/MS/table_lowest.log
  log type:  text
 opened on:  19 Mar 2019, 15:28:44

. sum sig_y sig_c sig_e sig_b lsig_y lsig_c lsig_e lsig_b psig_c psig_e psig_b plsig_c plsig_e plsig_b lsig_y2 sig_x lsig_c lsig_e2 lsig_b2 lpsig_
> x lpsig_e lpsig_b

    Variable |        Obs        Mean    Std. Dev.       Min        Max
-------------+---------------------------------------------------------
       sig_y |    574,500    105595.8           0   105595.8   105595.8
       sig_c |    574,500    68248.98           0   68248.98   68248.98
       sig_e |    574,500    26473.84           0   26473.84   26473.84
       sig_b |    574,500    10872.97           0   10872.97   10872.97
      lsig_y |    574,500    1.366008           0   1.366008   1.366008
-------------+---------------------------------------------------------
      lsig_c |    574,500    1.644934           0   1.644934   1.644934
      lsig_e |    574,500     -.54671           0    -.54671    -.54671
      lsig_b |    574,500    .2677844           0   .2677844   .2677844
      psig_c |    574,500     .646323           0    .646323    .646323
      psig_e |    574,500    .2507092           0   .2507092   .2507092
-------------+---------------------------------------------------------
      psig_b |    574,500    .1029678           0   .1029678   .1029678
     plsig_c |    574,500     1.20419           0    1.20419    1.20419
     plsig_e |    574,500   -.4002245           0  -.4002245  -.4002245
     plsig_b |    574,500    .1960342           0   .1960342   .1960342
     lsig_y2 |    574,500    1.366009           0   1.366009   1.366009
-------------+---------------------------------------------------------
       sig_x |    574,500    .0160388           0   .0160388   .0160388
      lsig_c |    574,500    1.644934           0   1.644934   1.644934
     lsig_e2 |    574,500   -.5787885           0  -.5787885  -.5787885
     lsig_b2 |    574,500    .2838249           0   .2838249   .2838249
     lpsig_x |    574,500    .0117413           0   .0117413   .0117413
-------------+---------------------------------------------------------
     lpsig_e |    574,500   -.4237076           0  -.4237076  -.4237076
     lpsig_b |    574,500    .2077767           0   .2077767   .2077767

. log close
      name:  <unnamed>
       log:  /home/clafuente/MS/table_lowest.log
  log type:  text
 closed on:  19 Mar 2019, 15:28:44
--------------------------------------------------------------------------------------------------------------------------------------------------
