------------------------------------------------------------------------------------------------------------------------------------------
      name:  <unnamed>
       log:  /home/clafuente/table_ne13.log
  log type:  text
 opened on:  19 Mar 2019, 19:23:03

. sum sig_y sig_c sig_e sig_b lsig_y lsig_c lsig_e lsig_b psig_c psig_e psig_b plsig_c plsig_e plsig_b lsig_y2 sig_x lsig_c lsig_e2 lsig_b
> 2 lpsig_x lpsig_e lpsig_b

    Variable |        Obs        Mean    Std. Dev.       Min        Max
-------------+---------------------------------------------------------
       sig_y |    423,308    60001.54           0   60001.54   60001.54
       sig_c |    423,308    31062.14           0   31062.14   31062.14
       sig_e |    423,308     25299.3           0    25299.3    25299.3
       sig_b |    423,308    3640.103           0   3640.103   3640.103
      lsig_y |    423,308    2.811914           0   2.811914   2.811914
-------------+---------------------------------------------------------
      lsig_c |    423,308    1.644934           0   1.644934   1.644934
      lsig_e |    423,308    .6823372           0   .6823372   .6823372
      lsig_b |    423,308    .4846424           0   .4846424   .4846424
      psig_c |    423,308     .517689           0    .517689    .517689
      psig_e |    423,308    .4216441           0   .4216441   .4216441
-------------+---------------------------------------------------------
      psig_b |    423,308    .0606668           0   .0606668   .0606668
     plsig_c |    423,308    .5849874           0   .5849874   .5849874
     plsig_e |    423,308    .2426593           0   .2426593   .2426593
     plsig_b |    423,308    .1723532           0   .1723532   .1723532
     lsig_y2 |    423,308    2.811913           0   2.811913   2.811913
-------------+---------------------------------------------------------
       sig_x |    423,308    .0225971           0   .0225971   .0225971
      lsig_c |    423,308    1.644934           0   1.644934   1.644934
     lsig_e2 |    423,308    .6371409           0   .6371409   .6371409
     lsig_b2 |    423,308    .5072412           0   .5072412   .5072412
     lpsig_x |    423,308    .0080362           0   .0080362   .0080362
-------------+---------------------------------------------------------
     lpsig_e |    423,308    .2265863           0   .2265863   .2265863
     lpsig_b |    423,308    .1803901           0   .1803901   .1803901

. log close
      name:  <unnamed>
       log:  /home/clafuente/table_ne13.log
  log type:  text
 closed on:  19 Mar 2019, 19:23:07
------------------------------------------------------------------------------------------------------------------------------------------
