------------------------------------------------------------------------------------------------------------------------------------------
      name:  <unnamed>
       log:  /home/clafuente/table_upper07.log
  log type:  text
 opened on:  19 Mar 2019, 19:22:15

. sum sig_y sig_c sig_e sig_b lsig_y lsig_c lsig_e lsig_b psig_c psig_e psig_b plsig_c plsig_e plsig_b lsig_y2 sig_x lsig_c lsig_e2 lsig_b
> 2 lpsig_x lpsig_e lpsig_b

    Variable |        Obs        Mean    Std. Dev.       Min        Max
-------------+---------------------------------------------------------
       sig_y |    252,306    31676.21           0   31676.21   31676.21
       sig_c |    252,306    17294.53           0   17294.53   17294.53
       sig_e |    252,306     11594.7           0    11594.7    11594.7
       sig_b |    252,306     2786.97           0    2786.97    2786.97
      lsig_y |    252,306    2.396217           0   2.396217   2.396217
-------------+---------------------------------------------------------
      lsig_c |    252,306    1.644934           0   1.644934   1.644934
      lsig_e |    252,306    .3411951           0   .3411951   .3411951
      lsig_b |    252,306     .410088           0    .410088    .410088
      psig_c |    252,306    .5459787           0   .5459787   .5459787
      psig_e |    252,306    .3660383           0   .3660383   .3660383
-------------+---------------------------------------------------------
      psig_b |    252,306    .0879831           0   .0879831   .0879831
     plsig_c |    252,306    .6864712           0   .6864712   .6864712
     plsig_e |    252,306    .1423891           0   .1423891   .1423891
     plsig_b |    252,306    .1711397           0   .1711397   .1711397
     lsig_y2 |    252,306    2.396217           0   2.396217   2.396217
-------------+---------------------------------------------------------
       sig_x |    252,306    .0178807           0   .0178807   .0178807
      lsig_c |    252,306    1.644934           0   1.644934   1.644934
     lsig_e2 |    252,306    .3054305           0   .3054305   .3054305
     lsig_b2 |    252,306    .4279721           0   .4279721   .4279721
     lpsig_x |    252,306     .007462           0    .007462    .007462
-------------+---------------------------------------------------------
     lpsig_e |    252,306    .1274636           0   .1274636   .1274636
     lpsig_b |    252,306    .1786032           0   .1786032   .1786032

. log close
      name:  <unnamed>
       log:  /home/clafuente/table_upper07.log
  log type:  text
 closed on:  19 Mar 2019, 19:22:18
------------------------------------------------------------------------------------------------------------------------------------------
