------------------------------------------------------------------------------------------------------------------------------------------
      name:  <unnamed>
       log:  /home/clafuente/table_upper13.log
  log type:  text
 opened on:  19 Mar 2019, 19:22:41

. sum sig_y sig_c sig_e sig_b lsig_y lsig_c lsig_e lsig_b psig_c psig_e psig_b plsig_c plsig_e plsig_b lsig_y2 sig_x lsig_c lsig_e2 lsig_b
> 2 lpsig_x lpsig_e lpsig_b

    Variable |        Obs        Mean    Std. Dev.       Min        Max
-------------+---------------------------------------------------------
       sig_y |    332,764     54546.4           0    54546.4    54546.4
       sig_c |    332,764     34890.4           0    34890.4    34890.4
       sig_e |    332,764    16272.55           0   16272.55   16272.55
       sig_b |    332,764    3383.445           0   3383.445   3383.445
      lsig_y |    332,764    2.295584           0   2.295584   2.295584
-------------+---------------------------------------------------------
      lsig_c |    332,764    1.644934           0   1.644934   1.644934
      lsig_e |    332,764    .3419765           0   .3419765   .3419765
      lsig_b |    332,764    .3086739           0   .3086739   .3086739
      psig_c |    332,764    .6396463           0   .6396463   .6396463
      psig_e |    332,764    .2983249           0   .2983249   .2983249
-------------+---------------------------------------------------------
      psig_b |    332,764    .0620288           0   .0620288   .0620288
     plsig_c |    332,764    .7165644           0   .7165644   .7165644
     plsig_e |    332,764    .1489714           0   .1489714   .1489714
     plsig_b |    332,764    .1344642           0   .1344642   .1344642
     lsig_y2 |    332,764    2.295583           0   2.295583   2.295583
-------------+---------------------------------------------------------
       sig_x |    332,764    .0026507           0   .0026507   .0026507
      lsig_c |    332,764    1.644934           0   1.644934   1.644934
     lsig_e2 |    332,764    .3366735           0   .3366735   .3366735
     lsig_b2 |    332,764    .3113247           0   .3113247   .3113247
     lpsig_x |    332,764    .0011547           0   .0011547   .0011547
-------------+---------------------------------------------------------
     lpsig_e |    332,764    .1466614           0   .1466614   .1466614
     lpsig_b |    332,764     .135619           0    .135619    .135619

. log close
      name:  <unnamed>
       log:  /home/clafuente/table_upper13.log
  log type:  text
 closed on:  19 Mar 2019, 19:22:45
------------------------------------------------------------------------------------------------------------------------------------------
